[1.820s] Invoking command in '/home/chelse/ros2_ws/src/rob599_hw2': PYTHONPATH=/home/chelse/ros2_ws/build/rob599_hw2/prefix_override:/home/chelse/ros2_ws/install/rob599_hw2/lib/python3.10/site-packages:${PYTHONPATH} /usr/bin/python3 setup.py egg_info --egg-base ../../build/rob599_hw2 build --build-base /home/chelse/ros2_ws/build/rob599_hw2/build install --record /home/chelse/ros2_ws/build/rob599_hw2/install.log --single-version-externally-managed
[2.266s] running egg_info
[2.267s] writing ../../build/rob599_hw2/rob599_hw2.egg-info/PKG-INFO
[2.268s] writing dependency_links to ../../build/rob599_hw2/rob599_hw2.egg-info/dependency_links.txt
[2.268s] writing entry points to ../../build/rob599_hw2/rob599_hw2.egg-info/entry_points.txt
[2.269s] writing requirements to ../../build/rob599_hw2/rob599_hw2.egg-info/requires.txt
[2.269s] writing top-level names to ../../build/rob599_hw2/rob599_hw2.egg-info/top_level.txt
[2.273s] reading manifest file '../../build/rob599_hw2/rob599_hw2.egg-info/SOURCES.txt'
[2.275s] writing manifest file '../../build/rob599_hw2/rob599_hw2.egg-info/SOURCES.txt'
[2.275s] running build
[2.275s] running build_py
[2.276s] running install
[2.276s] /usr/lib/python3/dist-packages/setuptools/command/install.py:34: SetuptoolsDeprecationWarning: setup.py install is deprecated. Use build and pip and other standards-based tools.
[2.276s]   warnings.warn(
[2.277s] running install_lib
[2.279s] running install_data
[2.281s] running install_egg_info
[2.284s] removing '/home/chelse/ros2_ws/install/rob599_hw2/lib/python3.10/site-packages/rob599_hw2-0.0.0-py3.10.egg-info' (and everything under it)
[2.284s] Copying ../../build/rob599_hw2/rob599_hw2.egg-info to /home/chelse/ros2_ws/install/rob599_hw2/lib/python3.10/site-packages/rob599_hw2-0.0.0-py3.10.egg-info
[2.286s] running install_scripts
[2.327s] Installing nasa script to /home/chelse/ros2_ws/install/rob599_hw2/lib/rob599_hw2
[2.327s] Installing nasa_client script to /home/chelse/ros2_ws/install/rob599_hw2/lib/rob599_hw2
[2.328s] Installing speed_limiter script to /home/chelse/ros2_ws/install/rob599_hw2/lib/rob599_hw2
[2.328s] Installing speed_publisher script to /home/chelse/ros2_ws/install/rob599_hw2/lib/rob599_hw2
[2.328s] Installing twist_tester script to /home/chelse/ros2_ws/install/rob599_hw2/lib/rob599_hw2
[2.329s] writing list of installed files to '/home/chelse/ros2_ws/build/rob599_hw2/install.log'
[2.368s] Invoked command in '/home/chelse/ros2_ws/src/rob599_hw2' returned '0': PYTHONPATH=/home/chelse/ros2_ws/build/rob599_hw2/prefix_override:/home/chelse/ros2_ws/install/rob599_hw2/lib/python3.10/site-packages:${PYTHONPATH} /usr/bin/python3 setup.py egg_info --egg-base ../../build/rob599_hw2 build --build-base /home/chelse/ros2_ws/build/rob599_hw2/build install --record /home/chelse/ros2_ws/build/rob599_hw2/install.log --single-version-externally-managed
