[0.929s] DEBUG:colcon:Command line arguments: ['/home/chelse/.local/bin/colcon', 'build']
[0.929s] DEBUG:colcon:Parsed command line arguments: Namespace(log_base=None, log_level=None, verb_name='build', build_base='build', install_base='install', merge_install=False, symlink_install=False, test_result_base=None, continue_on_error=False, executor='parallel', parallel_workers=12, event_handlers=None, ignore_user_meta=False, metas=['./colcon.meta'], base_paths=['.'], packages_ignore=None, packages_ignore_regex=None, paths=None, packages_up_to=None, packages_up_to_regex=None, packages_above=None, packages_above_and_dependencies=None, packages_above_depth=None, packages_select_by_dep=None, packages_skip_by_dep=None, packages_skip_up_to=None, packages_select_build_failed=False, packages_skip_build_finished=False, packages_select_test_failures=False, packages_skip_test_passed=False, packages_select=None, packages_skip=None, packages_select_regex=None, packages_skip_regex=None, packages_start=None, packages_end=None, cmake_args=None, cmake_target=None, cmake_target_skip_unavailable=False, cmake_clean_cache=False, cmake_clean_first=False, cmake_force_configure=False, ament_cmake_args=None, catkin_cmake_args=None, catkin_skip_building_tests=False, verb_parser=<colcon_defaults.argument_parser.defaults.DefaultArgumentsDecorator object at 0x7f58cc23bfd0>, verb_extension=<colcon_core.verb.build.BuildVerb object at 0x7f58cc23a890>, main=<bound method BuildVerb.main of <colcon_core.verb.build.BuildVerb object at 0x7f58cc23a890>>)
[0.973s] Level 1:colcon.colcon_core.package_discovery:discover_packages(colcon_meta) check parameters
[0.973s] Level 1:colcon.colcon_core.package_discovery:discover_packages(recursive) check parameters
[0.973s] Level 1:colcon.colcon_core.package_discovery:discover_packages(ignore) check parameters
[0.973s] Level 1:colcon.colcon_core.package_discovery:discover_packages(path) check parameters
[0.973s] Level 1:colcon.colcon_core.package_discovery:discover_packages(colcon_meta) discover
[0.973s] Level 1:colcon.colcon_core.package_discovery:discover_packages(recursive) discover
[0.973s] INFO:colcon.colcon_core.package_discovery:Crawling recursively for packages in '/home/chelse/ros2_ws'
[0.973s] Level 1:colcon.colcon_core.package_identification:_identify(.) by extensions ['ignore', 'ignore_ament_install']
[0.973s] Level 1:colcon.colcon_core.package_identification:_identify(.) by extension 'ignore'
[0.973s] Level 1:colcon.colcon_core.package_identification:_identify(.) by extension 'ignore_ament_install'
[0.973s] Level 1:colcon.colcon_core.package_identification:_identify(.) by extensions ['colcon_pkg']
[0.973s] Level 1:colcon.colcon_core.package_identification:_identify(.) by extension 'colcon_pkg'
[0.973s] Level 1:colcon.colcon_core.package_identification:_identify(.) by extensions ['colcon_meta']
[0.973s] Level 1:colcon.colcon_core.package_identification:_identify(.) by extension 'colcon_meta'
[0.973s] Level 1:colcon.colcon_core.package_identification:_identify(.) by extensions ['ros']
[0.973s] Level 1:colcon.colcon_core.package_identification:_identify(.) by extension 'ros'
[0.983s] Level 1:colcon.colcon_core.package_identification:_identify(.) by extensions ['cmake', 'python']
[0.983s] Level 1:colcon.colcon_core.package_identification:_identify(.) by extension 'cmake'
[0.983s] Level 1:colcon.colcon_core.package_identification:_identify(.) by extension 'python'
[0.983s] Level 1:colcon.colcon_core.package_identification:_identify(.) by extensions ['python_setup_py']
[0.984s] Level 1:colcon.colcon_core.package_identification:_identify(.) by extension 'python_setup_py'
[0.984s] Level 1:colcon.colcon_core.package_identification:_identify(build) by extensions ['ignore', 'ignore_ament_install']
[0.984s] Level 1:colcon.colcon_core.package_identification:_identify(build) by extension 'ignore'
[0.984s] Level 1:colcon.colcon_core.package_identification:_identify(build) ignored
[0.984s] Level 1:colcon.colcon_core.package_identification:_identify(install) by extensions ['ignore', 'ignore_ament_install']
[0.984s] Level 1:colcon.colcon_core.package_identification:_identify(install) by extension 'ignore'
[0.984s] Level 1:colcon.colcon_core.package_identification:_identify(install) ignored
[0.984s] Level 1:colcon.colcon_core.package_identification:_identify(log) by extensions ['ignore', 'ignore_ament_install']
[0.984s] Level 1:colcon.colcon_core.package_identification:_identify(log) by extension 'ignore'
[0.984s] Level 1:colcon.colcon_core.package_identification:_identify(log) ignored
[0.984s] Level 1:colcon.colcon_core.package_identification:_identify(src) by extensions ['ignore', 'ignore_ament_install']
[0.985s] Level 1:colcon.colcon_core.package_identification:_identify(src) by extension 'ignore'
[0.985s] Level 1:colcon.colcon_core.package_identification:_identify(src) by extension 'ignore_ament_install'
[0.985s] Level 1:colcon.colcon_core.package_identification:_identify(src) by extensions ['colcon_pkg']
[0.985s] Level 1:colcon.colcon_core.package_identification:_identify(src) by extension 'colcon_pkg'
[0.985s] Level 1:colcon.colcon_core.package_identification:_identify(src) by extensions ['colcon_meta']
[0.985s] Level 1:colcon.colcon_core.package_identification:_identify(src) by extension 'colcon_meta'
[0.985s] Level 1:colcon.colcon_core.package_identification:_identify(src) by extensions ['ros']
[0.985s] Level 1:colcon.colcon_core.package_identification:_identify(src) by extension 'ros'
[0.985s] Level 1:colcon.colcon_core.package_identification:_identify(src) by extensions ['cmake', 'python']
[0.985s] Level 1:colcon.colcon_core.package_identification:_identify(src) by extension 'cmake'
[0.985s] Level 1:colcon.colcon_core.package_identification:_identify(src) by extension 'python'
[0.985s] Level 1:colcon.colcon_core.package_identification:_identify(src) by extensions ['python_setup_py']
[0.985s] Level 1:colcon.colcon_core.package_identification:_identify(src) by extension 'python_setup_py'
[0.985s] Level 1:colcon.colcon_core.package_identification:_identify(src/rob599_hw2) by extensions ['ignore', 'ignore_ament_install']
[0.985s] Level 1:colcon.colcon_core.package_identification:_identify(src/rob599_hw2) by extension 'ignore'
[0.985s] Level 1:colcon.colcon_core.package_identification:_identify(src/rob599_hw2) by extension 'ignore_ament_install'
[0.985s] Level 1:colcon.colcon_core.package_identification:_identify(src/rob599_hw2) by extensions ['colcon_pkg']
[0.985s] Level 1:colcon.colcon_core.package_identification:_identify(src/rob599_hw2) by extension 'colcon_pkg'
[0.985s] Level 1:colcon.colcon_core.package_identification:_identify(src/rob599_hw2) by extensions ['colcon_meta']
[0.985s] Level 1:colcon.colcon_core.package_identification:_identify(src/rob599_hw2) by extension 'colcon_meta'
[0.985s] Level 1:colcon.colcon_core.package_identification:_identify(src/rob599_hw2) by extensions ['ros']
[0.985s] Level 1:colcon.colcon_core.package_identification:_identify(src/rob599_hw2) by extension 'ros'
[0.988s] DEBUG:colcon.colcon_core.package_identification:Package 'src/rob599_hw2' with type 'ros.ament_python' and name 'rob599_hw2'
[0.988s] Level 1:colcon.colcon_core.package_identification:_identify(src/rob599_hw2_msgs) by extensions ['ignore', 'ignore_ament_install']
[0.988s] Level 1:colcon.colcon_core.package_identification:_identify(src/rob599_hw2_msgs) by extension 'ignore'
[0.988s] Level 1:colcon.colcon_core.package_identification:_identify(src/rob599_hw2_msgs) by extension 'ignore_ament_install'
[0.988s] Level 1:colcon.colcon_core.package_identification:_identify(src/rob599_hw2_msgs) by extensions ['colcon_pkg']
[0.988s] Level 1:colcon.colcon_core.package_identification:_identify(src/rob599_hw2_msgs) by extension 'colcon_pkg'
[0.988s] Level 1:colcon.colcon_core.package_identification:_identify(src/rob599_hw2_msgs) by extensions ['colcon_meta']
[0.988s] Level 1:colcon.colcon_core.package_identification:_identify(src/rob599_hw2_msgs) by extension 'colcon_meta'
[0.988s] Level 1:colcon.colcon_core.package_identification:_identify(src/rob599_hw2_msgs) by extensions ['ros']
[0.988s] Level 1:colcon.colcon_core.package_identification:_identify(src/rob599_hw2_msgs) by extension 'ros'
[0.988s] DEBUG:colcon.colcon_core.package_identification:Package 'src/rob599_hw2_msgs' with type 'ros.ament_cmake' and name 'rob599_hw2_msgs'
[0.989s] Level 1:colcon.colcon_core.package_identification:_identify(src/rob599r2) by extensions ['ignore', 'ignore_ament_install']
[0.989s] Level 1:colcon.colcon_core.package_identification:_identify(src/rob599r2) by extension 'ignore'
[0.989s] Level 1:colcon.colcon_core.package_identification:_identify(src/rob599r2) by extension 'ignore_ament_install'
[0.989s] Level 1:colcon.colcon_core.package_identification:_identify(src/rob599r2) by extensions ['colcon_pkg']
[0.989s] Level 1:colcon.colcon_core.package_identification:_identify(src/rob599r2) by extension 'colcon_pkg'
[0.989s] Level 1:colcon.colcon_core.package_identification:_identify(src/rob599r2) by extensions ['colcon_meta']
[0.989s] Level 1:colcon.colcon_core.package_identification:_identify(src/rob599r2) by extension 'colcon_meta'
[0.989s] Level 1:colcon.colcon_core.package_identification:_identify(src/rob599r2) by extensions ['ros']
[0.989s] Level 1:colcon.colcon_core.package_identification:_identify(src/rob599r2) by extension 'ros'
[0.989s] Level 1:colcon.colcon_core.package_identification:_identify(src/rob599r2) by extensions ['cmake', 'python']
[0.989s] Level 1:colcon.colcon_core.package_identification:_identify(src/rob599r2) by extension 'cmake'
[0.989s] Level 1:colcon.colcon_core.package_identification:_identify(src/rob599r2) by extension 'python'
[0.989s] Level 1:colcon.colcon_core.package_identification:_identify(src/rob599r2) by extensions ['python_setup_py']
[0.989s] Level 1:colcon.colcon_core.package_identification:_identify(src/rob599r2) by extension 'python_setup_py'
[0.989s] Level 1:colcon.colcon_core.package_identification:_identify(src/rob599r2/rob599_basic) by extensions ['ignore', 'ignore_ament_install']
[0.989s] Level 1:colcon.colcon_core.package_identification:_identify(src/rob599r2/rob599_basic) by extension 'ignore'
[0.989s] Level 1:colcon.colcon_core.package_identification:_identify(src/rob599r2/rob599_basic) by extension 'ignore_ament_install'
[0.989s] Level 1:colcon.colcon_core.package_identification:_identify(src/rob599r2/rob599_basic) by extensions ['colcon_pkg']
[0.990s] Level 1:colcon.colcon_core.package_identification:_identify(src/rob599r2/rob599_basic) by extension 'colcon_pkg'
[0.990s] Level 1:colcon.colcon_core.package_identification:_identify(src/rob599r2/rob599_basic) by extensions ['colcon_meta']
[0.990s] Level 1:colcon.colcon_core.package_identification:_identify(src/rob599r2/rob599_basic) by extension 'colcon_meta'
[0.990s] Level 1:colcon.colcon_core.package_identification:_identify(src/rob599r2/rob599_basic) by extensions ['ros']
[0.990s] Level 1:colcon.colcon_core.package_identification:_identify(src/rob599r2/rob599_basic) by extension 'ros'
[0.990s] DEBUG:colcon.colcon_core.package_identification:Package 'src/rob599r2/rob599_basic' with type 'ros.ament_python' and name 'rob599_basic'
[0.990s] Level 1:colcon.colcon_core.package_identification:_identify(src/rob599r2/rob599_msgs) by extensions ['ignore', 'ignore_ament_install']
[0.990s] Level 1:colcon.colcon_core.package_identification:_identify(src/rob599r2/rob599_msgs) by extension 'ignore'
[0.990s] Level 1:colcon.colcon_core.package_identification:_identify(src/rob599r2/rob599_msgs) by extension 'ignore_ament_install'
[0.990s] Level 1:colcon.colcon_core.package_identification:_identify(src/rob599r2/rob599_msgs) by extensions ['colcon_pkg']
[0.991s] Level 1:colcon.colcon_core.package_identification:_identify(src/rob599r2/rob599_msgs) by extension 'colcon_pkg'
[0.991s] Level 1:colcon.colcon_core.package_identification:_identify(src/rob599r2/rob599_msgs) by extensions ['colcon_meta']
[0.991s] Level 1:colcon.colcon_core.package_identification:_identify(src/rob599r2/rob599_msgs) by extension 'colcon_meta'
[0.991s] Level 1:colcon.colcon_core.package_identification:_identify(src/rob599r2/rob599_msgs) by extensions ['ros']
[0.991s] Level 1:colcon.colcon_core.package_identification:_identify(src/rob599r2/rob599_msgs) by extension 'ros'
[0.991s] DEBUG:colcon.colcon_core.package_identification:Package 'src/rob599r2/rob599_msgs' with type 'ros.ament_cmake' and name 'rob599_msgs'
[0.991s] Level 1:colcon.colcon_core.package_identification:_identify(src/ros_tutorials) by extensions ['ignore', 'ignore_ament_install']
[0.991s] Level 1:colcon.colcon_core.package_identification:_identify(src/ros_tutorials) by extension 'ignore'
[0.991s] Level 1:colcon.colcon_core.package_identification:_identify(src/ros_tutorials) by extension 'ignore_ament_install'
[0.991s] Level 1:colcon.colcon_core.package_identification:_identify(src/ros_tutorials) by extensions ['colcon_pkg']
[0.992s] Level 1:colcon.colcon_core.package_identification:_identify(src/ros_tutorials) by extension 'colcon_pkg'
[0.992s] Level 1:colcon.colcon_core.package_identification:_identify(src/ros_tutorials) by extensions ['colcon_meta']
[0.992s] Level 1:colcon.colcon_core.package_identification:_identify(src/ros_tutorials) by extension 'colcon_meta'
[0.992s] Level 1:colcon.colcon_core.package_identification:_identify(src/ros_tutorials) by extensions ['ros']
[0.992s] Level 1:colcon.colcon_core.package_identification:_identify(src/ros_tutorials) by extension 'ros'
[0.992s] Level 1:colcon.colcon_core.package_identification:_identify(src/ros_tutorials) by extensions ['cmake', 'python']
[0.992s] Level 1:colcon.colcon_core.package_identification:_identify(src/ros_tutorials) by extension 'cmake'
[0.992s] Level 1:colcon.colcon_core.package_identification:_identify(src/ros_tutorials) by extension 'python'
[0.992s] Level 1:colcon.colcon_core.package_identification:_identify(src/ros_tutorials) by extensions ['python_setup_py']
[0.992s] Level 1:colcon.colcon_core.package_identification:_identify(src/ros_tutorials) by extension 'python_setup_py'
[0.992s] Level 1:colcon.colcon_core.package_identification:_identify(src/ros_tutorials/ros_tutorials) by extensions ['ignore', 'ignore_ament_install']
[0.992s] Level 1:colcon.colcon_core.package_identification:_identify(src/ros_tutorials/ros_tutorials) by extension 'ignore'
[0.992s] Level 1:colcon.colcon_core.package_identification:_identify(src/ros_tutorials/ros_tutorials) ignored
[0.992s] Level 1:colcon.colcon_core.package_identification:_identify(src/ros_tutorials/roscpp_tutorials) by extensions ['ignore', 'ignore_ament_install']
[0.992s] Level 1:colcon.colcon_core.package_identification:_identify(src/ros_tutorials/roscpp_tutorials) by extension 'ignore'
[0.992s] Level 1:colcon.colcon_core.package_identification:_identify(src/ros_tutorials/roscpp_tutorials) ignored
[0.993s] Level 1:colcon.colcon_core.package_identification:_identify(src/ros_tutorials/rospy_tutorials) by extensions ['ignore', 'ignore_ament_install']
[0.993s] Level 1:colcon.colcon_core.package_identification:_identify(src/ros_tutorials/rospy_tutorials) by extension 'ignore'
[0.993s] Level 1:colcon.colcon_core.package_identification:_identify(src/ros_tutorials/rospy_tutorials) ignored
[0.993s] Level 1:colcon.colcon_core.package_identification:_identify(src/ros_tutorials/turtlesim) by extensions ['ignore', 'ignore_ament_install']
[0.993s] Level 1:colcon.colcon_core.package_identification:_identify(src/ros_tutorials/turtlesim) by extension 'ignore'
[0.993s] Level 1:colcon.colcon_core.package_identification:_identify(src/ros_tutorials/turtlesim) by extension 'ignore_ament_install'
[0.993s] Level 1:colcon.colcon_core.package_identification:_identify(src/ros_tutorials/turtlesim) by extensions ['colcon_pkg']
[0.993s] Level 1:colcon.colcon_core.package_identification:_identify(src/ros_tutorials/turtlesim) by extension 'colcon_pkg'
[0.993s] Level 1:colcon.colcon_core.package_identification:_identify(src/ros_tutorials/turtlesim) by extensions ['colcon_meta']
[0.993s] Level 1:colcon.colcon_core.package_identification:_identify(src/ros_tutorials/turtlesim) by extension 'colcon_meta'
[0.993s] Level 1:colcon.colcon_core.package_identification:_identify(src/ros_tutorials/turtlesim) by extensions ['ros']
[0.993s] Level 1:colcon.colcon_core.package_identification:_identify(src/ros_tutorials/turtlesim) by extension 'ros'
[0.994s] DEBUG:colcon.colcon_core.package_identification:Package 'src/ros_tutorials/turtlesim' with type 'ros.ament_cmake' and name 'turtlesim'
[0.994s] Level 1:colcon.colcon_core.package_discovery:discover_packages(recursive) using defaults
[0.994s] Level 1:colcon.colcon_core.package_discovery:discover_packages(ignore) discover
[0.994s] Level 1:colcon.colcon_core.package_discovery:discover_packages(ignore) using defaults
[0.994s] Level 1:colcon.colcon_core.package_discovery:discover_packages(path) discover
[0.994s] Level 1:colcon.colcon_core.package_discovery:discover_packages(path) using defaults
[1.068s] Level 5:colcon.colcon_core.verb:set package 'rob599_hw2_msgs' build argument 'cmake_args' from command line to 'None'
[1.068s] Level 5:colcon.colcon_core.verb:set package 'rob599_hw2_msgs' build argument 'cmake_target' from command line to 'None'
[1.068s] Level 5:colcon.colcon_core.verb:set package 'rob599_hw2_msgs' build argument 'cmake_target_skip_unavailable' from command line to 'False'
[1.068s] Level 5:colcon.colcon_core.verb:set package 'rob599_hw2_msgs' build argument 'cmake_clean_cache' from command line to 'False'
[1.068s] Level 5:colcon.colcon_core.verb:set package 'rob599_hw2_msgs' build argument 'cmake_clean_first' from command line to 'False'
[1.068s] Level 5:colcon.colcon_core.verb:set package 'rob599_hw2_msgs' build argument 'cmake_force_configure' from command line to 'False'
[1.068s] Level 5:colcon.colcon_core.verb:set package 'rob599_hw2_msgs' build argument 'ament_cmake_args' from command line to 'None'
[1.068s] Level 5:colcon.colcon_core.verb:set package 'rob599_hw2_msgs' build argument 'catkin_cmake_args' from command line to 'None'
[1.068s] Level 5:colcon.colcon_core.verb:set package 'rob599_hw2_msgs' build argument 'catkin_skip_building_tests' from command line to 'False'
[1.069s] DEBUG:colcon.colcon_core.verb:Building package 'rob599_hw2_msgs' with the following arguments: {'ament_cmake_args': None, 'build_base': '/home/chelse/ros2_ws/build/rob599_hw2_msgs', 'catkin_cmake_args': None, 'catkin_skip_building_tests': False, 'cmake_args': None, 'cmake_clean_cache': False, 'cmake_clean_first': False, 'cmake_force_configure': False, 'cmake_target': None, 'cmake_target_skip_unavailable': False, 'install_base': '/home/chelse/ros2_ws/install/rob599_hw2_msgs', 'merge_install': False, 'path': '/home/chelse/ros2_ws/src/rob599_hw2_msgs', 'symlink_install': False, 'test_result_base': None}
[1.083s] Level 5:colcon.colcon_core.verb:set package 'rob599_msgs' build argument 'cmake_args' from command line to 'None'
[1.083s] Level 5:colcon.colcon_core.verb:set package 'rob599_msgs' build argument 'cmake_target' from command line to 'None'
[1.083s] Level 5:colcon.colcon_core.verb:set package 'rob599_msgs' build argument 'cmake_target_skip_unavailable' from command line to 'False'
[1.083s] Level 5:colcon.colcon_core.verb:set package 'rob599_msgs' build argument 'cmake_clean_cache' from command line to 'False'
[1.083s] Level 5:colcon.colcon_core.verb:set package 'rob599_msgs' build argument 'cmake_clean_first' from command line to 'False'
[1.083s] Level 5:colcon.colcon_core.verb:set package 'rob599_msgs' build argument 'cmake_force_configure' from command line to 'False'
[1.083s] Level 5:colcon.colcon_core.verb:set package 'rob599_msgs' build argument 'ament_cmake_args' from command line to 'None'
[1.083s] Level 5:colcon.colcon_core.verb:set package 'rob599_msgs' build argument 'catkin_cmake_args' from command line to 'None'
[1.083s] Level 5:colcon.colcon_core.verb:set package 'rob599_msgs' build argument 'catkin_skip_building_tests' from command line to 'False'
[1.083s] DEBUG:colcon.colcon_core.verb:Building package 'rob599_msgs' with the following arguments: {'ament_cmake_args': None, 'build_base': '/home/chelse/ros2_ws/build/rob599_msgs', 'catkin_cmake_args': None, 'catkin_skip_building_tests': False, 'cmake_args': None, 'cmake_clean_cache': False, 'cmake_clean_first': False, 'cmake_force_configure': False, 'cmake_target': None, 'cmake_target_skip_unavailable': False, 'install_base': '/home/chelse/ros2_ws/install/rob599_msgs', 'merge_install': False, 'path': '/home/chelse/ros2_ws/src/rob599r2/rob599_msgs', 'symlink_install': False, 'test_result_base': None}
[1.097s] Level 5:colcon.colcon_core.verb:set package 'turtlesim' build argument 'cmake_args' from command line to 'None'
[1.097s] Level 5:colcon.colcon_core.verb:set package 'turtlesim' build argument 'cmake_target' from command line to 'None'
[1.097s] Level 5:colcon.colcon_core.verb:set package 'turtlesim' build argument 'cmake_target_skip_unavailable' from command line to 'False'
[1.097s] Level 5:colcon.colcon_core.verb:set package 'turtlesim' build argument 'cmake_clean_cache' from command line to 'False'
[1.097s] Level 5:colcon.colcon_core.verb:set package 'turtlesim' build argument 'cmake_clean_first' from command line to 'False'
[1.097s] Level 5:colcon.colcon_core.verb:set package 'turtlesim' build argument 'cmake_force_configure' from command line to 'False'
[1.097s] Level 5:colcon.colcon_core.verb:set package 'turtlesim' build argument 'ament_cmake_args' from command line to 'None'
[1.097s] Level 5:colcon.colcon_core.verb:set package 'turtlesim' build argument 'catkin_cmake_args' from command line to 'None'
[1.097s] Level 5:colcon.colcon_core.verb:set package 'turtlesim' build argument 'catkin_skip_building_tests' from command line to 'False'
[1.097s] DEBUG:colcon.colcon_core.verb:Building package 'turtlesim' with the following arguments: {'ament_cmake_args': None, 'build_base': '/home/chelse/ros2_ws/build/turtlesim', 'catkin_cmake_args': None, 'catkin_skip_building_tests': False, 'cmake_args': None, 'cmake_clean_cache': False, 'cmake_clean_first': False, 'cmake_force_configure': False, 'cmake_target': None, 'cmake_target_skip_unavailable': False, 'install_base': '/home/chelse/ros2_ws/install/turtlesim', 'merge_install': False, 'path': '/home/chelse/ros2_ws/src/ros_tutorials/turtlesim', 'symlink_install': False, 'test_result_base': None}
[1.110s] Level 5:colcon.colcon_core.verb:set package 'rob599_basic' build argument 'cmake_args' from command line to 'None'
[1.111s] Level 5:colcon.colcon_core.verb:set package 'rob599_basic' build argument 'cmake_target' from command line to 'None'
[1.111s] Level 5:colcon.colcon_core.verb:set package 'rob599_basic' build argument 'cmake_target_skip_unavailable' from command line to 'False'
[1.111s] Level 5:colcon.colcon_core.verb:set package 'rob599_basic' build argument 'cmake_clean_cache' from command line to 'False'
[1.111s] Level 5:colcon.colcon_core.verb:set package 'rob599_basic' build argument 'cmake_clean_first' from command line to 'False'
[1.111s] Level 5:colcon.colcon_core.verb:set package 'rob599_basic' build argument 'cmake_force_configure' from command line to 'False'
[1.111s] Level 5:colcon.colcon_core.verb:set package 'rob599_basic' build argument 'ament_cmake_args' from command line to 'None'
[1.111s] Level 5:colcon.colcon_core.verb:set package 'rob599_basic' build argument 'catkin_cmake_args' from command line to 'None'
[1.111s] Level 5:colcon.colcon_core.verb:set package 'rob599_basic' build argument 'catkin_skip_building_tests' from command line to 'False'
[1.111s] DEBUG:colcon.colcon_core.verb:Building package 'rob599_basic' with the following arguments: {'ament_cmake_args': None, 'build_base': '/home/chelse/ros2_ws/build/rob599_basic', 'catkin_cmake_args': None, 'catkin_skip_building_tests': False, 'cmake_args': None, 'cmake_clean_cache': False, 'cmake_clean_first': False, 'cmake_force_configure': False, 'cmake_target': None, 'cmake_target_skip_unavailable': False, 'install_base': '/home/chelse/ros2_ws/install/rob599_basic', 'merge_install': False, 'path': '/home/chelse/ros2_ws/src/rob599r2/rob599_basic', 'symlink_install': False, 'test_result_base': None}
[1.125s] Level 5:colcon.colcon_core.verb:set package 'rob599_hw2' build argument 'cmake_args' from command line to 'None'
[1.125s] Level 5:colcon.colcon_core.verb:set package 'rob599_hw2' build argument 'cmake_target' from command line to 'None'
[1.125s] Level 5:colcon.colcon_core.verb:set package 'rob599_hw2' build argument 'cmake_target_skip_unavailable' from command line to 'False'
[1.125s] Level 5:colcon.colcon_core.verb:set package 'rob599_hw2' build argument 'cmake_clean_cache' from command line to 'False'
[1.125s] Level 5:colcon.colcon_core.verb:set package 'rob599_hw2' build argument 'cmake_clean_first' from command line to 'False'
[1.125s] Level 5:colcon.colcon_core.verb:set package 'rob599_hw2' build argument 'cmake_force_configure' from command line to 'False'
[1.125s] Level 5:colcon.colcon_core.verb:set package 'rob599_hw2' build argument 'ament_cmake_args' from command line to 'None'
[1.125s] Level 5:colcon.colcon_core.verb:set package 'rob599_hw2' build argument 'catkin_cmake_args' from command line to 'None'
[1.125s] Level 5:colcon.colcon_core.verb:set package 'rob599_hw2' build argument 'catkin_skip_building_tests' from command line to 'False'
[1.125s] DEBUG:colcon.colcon_core.verb:Building package 'rob599_hw2' with the following arguments: {'ament_cmake_args': None, 'build_base': '/home/chelse/ros2_ws/build/rob599_hw2', 'catkin_cmake_args': None, 'catkin_skip_building_tests': False, 'cmake_args': None, 'cmake_clean_cache': False, 'cmake_clean_first': False, 'cmake_force_configure': False, 'cmake_target': None, 'cmake_target_skip_unavailable': False, 'install_base': '/home/chelse/ros2_ws/install/rob599_hw2', 'merge_install': False, 'path': '/home/chelse/ros2_ws/src/rob599_hw2', 'symlink_install': False, 'test_result_base': None}
[1.140s] INFO:colcon.colcon_core.executor:Executing jobs using 'parallel' executor
[1.155s] DEBUG:colcon.colcon_parallel_executor.executor.parallel:run_until_complete
[1.156s] INFO:colcon.colcon_ros.task.ament_cmake.build:Building ROS package in '/home/chelse/ros2_ws/src/rob599_hw2_msgs' with build type 'ament_cmake'
[1.156s] INFO:colcon.colcon_cmake.task.cmake.build:Building CMake package in '/home/chelse/ros2_ws/src/rob599_hw2_msgs'
[1.171s] INFO:colcon.colcon_core.plugin_system:Skipping extension 'colcon_core.shell.bat': Not used on non-Windows systems
[1.172s] INFO:colcon.colcon_core.shell:Skip shell extension 'powershell' for command environment: Not usable outside of PowerShell
[1.172s] DEBUG:colcon.colcon_core.shell:Skip shell extension 'dsv' for command environment
[1.220s] INFO:colcon.colcon_ros.task.ament_cmake.build:Building ROS package in '/home/chelse/ros2_ws/src/rob599r2/rob599_msgs' with build type 'ament_cmake'
[1.220s] INFO:colcon.colcon_cmake.task.cmake.build:Building CMake package in '/home/chelse/ros2_ws/src/rob599r2/rob599_msgs'
[1.234s] INFO:colcon.colcon_core.shell:Skip shell extension 'powershell' for command environment: Not usable outside of PowerShell
[1.234s] DEBUG:colcon.colcon_core.shell:Skip shell extension 'dsv' for command environment
[1.276s] INFO:colcon.colcon_ros.task.ament_cmake.build:Building ROS package in '/home/chelse/ros2_ws/src/ros_tutorials/turtlesim' with build type 'ament_cmake'
[1.276s] INFO:colcon.colcon_cmake.task.cmake.build:Building CMake package in '/home/chelse/ros2_ws/src/ros_tutorials/turtlesim'
[1.290s] INFO:colcon.colcon_core.shell:Skip shell extension 'powershell' for command environment: Not usable outside of PowerShell
[1.290s] DEBUG:colcon.colcon_core.shell:Skip shell extension 'dsv' for command environment
[1.337s] DEBUG:colcon.colcon_core.event_handler.log_command:Invoking command in '/home/chelse/ros2_ws/build/rob599_hw2_msgs': CMAKE_PREFIX_PATH=${CMAKE_PREFIX_PATH}:/opt/ros/humble:/home/chelse/ros2_ws/install/rob599_basic /usr/bin/cmake --build /home/chelse/ros2_ws/build/rob599_hw2_msgs -- -j12 -l12
[1.341s] DEBUG:colcon.colcon_core.event_handler.log_command:Invoking command in '/home/chelse/ros2_ws/build/rob599_msgs': CMAKE_PREFIX_PATH=${CMAKE_PREFIX_PATH}:/opt/ros/humble:/home/chelse/ros2_ws/install/rob599_basic /usr/bin/cmake --build /home/chelse/ros2_ws/build/rob599_msgs -- -j12 -l12
[1.345s] DEBUG:colcon.colcon_core.event_handler.log_command:Invoking command in '/home/chelse/ros2_ws/build/turtlesim': CMAKE_PREFIX_PATH=${CMAKE_PREFIX_PATH}:/opt/ros/humble:/home/chelse/ros2_ws/install/rob599_basic /usr/bin/cmake --build /home/chelse/ros2_ws/build/turtlesim -- -j12 -l12
[1.806s] DEBUG:colcon.colcon_core.event_handler.log_command:Invoked command in '/home/chelse/ros2_ws/build/rob599_hw2_msgs' returned '0': CMAKE_PREFIX_PATH=${CMAKE_PREFIX_PATH}:/opt/ros/humble:/home/chelse/ros2_ws/install/rob599_basic /usr/bin/cmake --build /home/chelse/ros2_ws/build/rob599_hw2_msgs -- -j12 -l12
[1.815s] DEBUG:colcon.colcon_core.event_handler.log_command:Invoked command in '/home/chelse/ros2_ws/build/rob599_msgs' returned '0': CMAKE_PREFIX_PATH=${CMAKE_PREFIX_PATH}:/opt/ros/humble:/home/chelse/ros2_ws/install/rob599_basic /usr/bin/cmake --build /home/chelse/ros2_ws/build/rob599_msgs -- -j12 -l12
[1.825s] DEBUG:colcon.colcon_core.event_handler.log_command:Invoked command in '/home/chelse/ros2_ws/build/turtlesim' returned '0': CMAKE_PREFIX_PATH=${CMAKE_PREFIX_PATH}:/opt/ros/humble:/home/chelse/ros2_ws/install/rob599_basic /usr/bin/cmake --build /home/chelse/ros2_ws/build/turtlesim -- -j12 -l12
[1.894s] DEBUG:colcon.colcon_core.event_handler.log_command:Invoking command in '/home/chelse/ros2_ws/build/rob599_hw2_msgs': CMAKE_PREFIX_PATH=${CMAKE_PREFIX_PATH}:/opt/ros/humble:/home/chelse/ros2_ws/install/rob599_basic /usr/bin/cmake --install /home/chelse/ros2_ws/build/rob599_hw2_msgs
[1.916s] DEBUG:colcon.colcon_core.event_handler.log_command:Invoking command in '/home/chelse/ros2_ws/build/rob599_msgs': CMAKE_PREFIX_PATH=${CMAKE_PREFIX_PATH}:/opt/ros/humble:/home/chelse/ros2_ws/install/rob599_basic /usr/bin/cmake --install /home/chelse/ros2_ws/build/rob599_msgs
[1.959s] Level 1:colcon.colcon_core.environment:create_environment_scripts_only(rob599_hw2_msgs)
[1.960s] DEBUG:colcon.colcon_core.event_handler.log_command:Invoked command in '/home/chelse/ros2_ws/build/rob599_hw2_msgs' returned '0': CMAKE_PREFIX_PATH=${CMAKE_PREFIX_PATH}:/opt/ros/humble:/home/chelse/ros2_ws/install/rob599_basic /usr/bin/cmake --install /home/chelse/ros2_ws/build/rob599_hw2_msgs
[1.983s] Level 1:colcon.colcon_core.environment:checking '/home/chelse/ros2_ws/install/rob599_hw2_msgs' for CMake module files
[1.984s] Level 1:colcon.colcon_core.environment:checking '/home/chelse/ros2_ws/install/rob599_hw2_msgs' for CMake config files
[1.984s] Level 1:colcon.colcon_core.shell:create_environment_hook('rob599_hw2_msgs', 'cmake_prefix_path')
[2.001s] INFO:colcon.colcon_core.shell:Creating environment hook '/home/chelse/ros2_ws/install/rob599_hw2_msgs/share/rob599_hw2_msgs/hook/cmake_prefix_path.ps1'
[2.002s] INFO:colcon.colcon_core.shell:Creating environment descriptor '/home/chelse/ros2_ws/install/rob599_hw2_msgs/share/rob599_hw2_msgs/hook/cmake_prefix_path.dsv'
[2.002s] INFO:colcon.colcon_core.shell:Creating environment hook '/home/chelse/ros2_ws/install/rob599_hw2_msgs/share/rob599_hw2_msgs/hook/cmake_prefix_path.sh'
[2.003s] Level 1:colcon.colcon_core.environment:checking '/home/chelse/ros2_ws/install/rob599_hw2_msgs/lib'
[2.003s] Level 1:colcon.colcon_core.shell:create_environment_hook('rob599_hw2_msgs', 'ld_library_path_lib')
[2.017s] INFO:colcon.colcon_core.shell:Creating environment hook '/home/chelse/ros2_ws/install/rob599_hw2_msgs/share/rob599_hw2_msgs/hook/ld_library_path_lib.ps1'
[2.018s] INFO:colcon.colcon_core.shell:Creating environment descriptor '/home/chelse/ros2_ws/install/rob599_hw2_msgs/share/rob599_hw2_msgs/hook/ld_library_path_lib.dsv'
[2.018s] INFO:colcon.colcon_core.shell:Creating environment hook '/home/chelse/ros2_ws/install/rob599_hw2_msgs/share/rob599_hw2_msgs/hook/ld_library_path_lib.sh'
[2.018s] Level 1:colcon.colcon_core.environment:checking '/home/chelse/ros2_ws/install/rob599_hw2_msgs/bin'
[2.018s] Level 1:colcon.colcon_core.environment:checking '/home/chelse/ros2_ws/install/rob599_hw2_msgs/lib/pkgconfig/rob599_hw2_msgs.pc'
[2.020s] Level 1:colcon.colcon_core.environment:checking '/home/chelse/ros2_ws/install/rob599_hw2_msgs/lib/python3.10/site-packages'
[2.021s] Level 1:colcon.colcon_core.environment:checking '/home/chelse/ros2_ws/install/rob599_hw2_msgs/bin'
[2.037s] INFO:colcon.colcon_core.shell:Creating package script '/home/chelse/ros2_ws/install/rob599_hw2_msgs/share/rob599_hw2_msgs/package.ps1'
[2.038s] INFO:colcon.colcon_core.shell:Creating package descriptor '/home/chelse/ros2_ws/install/rob599_hw2_msgs/share/rob599_hw2_msgs/package.dsv'
[2.039s] INFO:colcon.colcon_core.shell:Creating package script '/home/chelse/ros2_ws/install/rob599_hw2_msgs/share/rob599_hw2_msgs/package.sh'
[2.040s] INFO:colcon.colcon_core.shell:Creating package script '/home/chelse/ros2_ws/install/rob599_hw2_msgs/share/rob599_hw2_msgs/package.bash'
[2.040s] INFO:colcon.colcon_core.shell:Creating package script '/home/chelse/ros2_ws/install/rob599_hw2_msgs/share/rob599_hw2_msgs/package.zsh'
[2.041s] Level 1:colcon.colcon_core.environment:create_file_with_runtime_dependencies(/home/chelse/ros2_ws/install/rob599_hw2_msgs/share/colcon-core/packages/rob599_hw2_msgs)
[2.044s] Level 1:colcon.colcon_core.environment:create_environment_scripts_only(rob599_msgs)
[2.044s] DEBUG:colcon.colcon_core.event_handler.log_command:Invoking command in '/home/chelse/ros2_ws/build/turtlesim': CMAKE_PREFIX_PATH=${CMAKE_PREFIX_PATH}:/opt/ros/humble:/home/chelse/ros2_ws/install/rob599_basic /usr/bin/cmake --install /home/chelse/ros2_ws/build/turtlesim
[2.045s] DEBUG:colcon.colcon_core.event_handler.log_command:Invoked command in '/home/chelse/ros2_ws/build/rob599_msgs' returned '0': CMAKE_PREFIX_PATH=${CMAKE_PREFIX_PATH}:/opt/ros/humble:/home/chelse/ros2_ws/install/rob599_basic /usr/bin/cmake --install /home/chelse/ros2_ws/build/rob599_msgs
[2.075s] Level 1:colcon.colcon_core.environment:checking '/home/chelse/ros2_ws/install/rob599_msgs' for CMake module files
[2.077s] Level 1:colcon.colcon_core.environment:checking '/home/chelse/ros2_ws/install/rob599_msgs' for CMake config files
[2.079s] Level 1:colcon.colcon_core.shell:create_environment_hook('rob599_msgs', 'cmake_prefix_path')
[2.121s] INFO:colcon.colcon_core.shell:Creating environment hook '/home/chelse/ros2_ws/install/rob599_msgs/share/rob599_msgs/hook/cmake_prefix_path.ps1'
[2.122s] INFO:colcon.colcon_core.shell:Creating environment descriptor '/home/chelse/ros2_ws/install/rob599_msgs/share/rob599_msgs/hook/cmake_prefix_path.dsv'
[2.122s] INFO:colcon.colcon_core.shell:Creating environment hook '/home/chelse/ros2_ws/install/rob599_msgs/share/rob599_msgs/hook/cmake_prefix_path.sh'
[2.123s] Level 1:colcon.colcon_core.environment:checking '/home/chelse/ros2_ws/install/rob599_msgs/lib'
[2.123s] Level 1:colcon.colcon_core.shell:create_environment_hook('rob599_msgs', 'ld_library_path_lib')
[2.142s] INFO:colcon.colcon_core.shell:Creating environment hook '/home/chelse/ros2_ws/install/rob599_msgs/share/rob599_msgs/hook/ld_library_path_lib.ps1'
[2.142s] INFO:colcon.colcon_core.shell:Creating environment descriptor '/home/chelse/ros2_ws/install/rob599_msgs/share/rob599_msgs/hook/ld_library_path_lib.dsv'
[2.143s] INFO:colcon.colcon_core.shell:Creating environment hook '/home/chelse/ros2_ws/install/rob599_msgs/share/rob599_msgs/hook/ld_library_path_lib.sh'
[2.143s] Level 1:colcon.colcon_core.environment:checking '/home/chelse/ros2_ws/install/rob599_msgs/bin'
[2.143s] Level 1:colcon.colcon_core.environment:checking '/home/chelse/ros2_ws/install/rob599_msgs/lib/pkgconfig/rob599_msgs.pc'
[2.143s] Level 1:colcon.colcon_core.environment:checking '/home/chelse/ros2_ws/install/rob599_msgs/lib/python3.10/site-packages'
[2.143s] Level 1:colcon.colcon_core.environment:checking '/home/chelse/ros2_ws/install/rob599_msgs/bin'
[2.157s] INFO:colcon.colcon_core.shell:Creating package script '/home/chelse/ros2_ws/install/rob599_msgs/share/rob599_msgs/package.ps1'
[2.157s] INFO:colcon.colcon_core.shell:Creating package descriptor '/home/chelse/ros2_ws/install/rob599_msgs/share/rob599_msgs/package.dsv'
[2.157s] INFO:colcon.colcon_core.shell:Creating package script '/home/chelse/ros2_ws/install/rob599_msgs/share/rob599_msgs/package.sh'
[2.158s] INFO:colcon.colcon_core.shell:Creating package script '/home/chelse/ros2_ws/install/rob599_msgs/share/rob599_msgs/package.bash'
[2.158s] INFO:colcon.colcon_core.shell:Creating package script '/home/chelse/ros2_ws/install/rob599_msgs/share/rob599_msgs/package.zsh'
[2.158s] Level 1:colcon.colcon_core.environment:create_file_with_runtime_dependencies(/home/chelse/ros2_ws/install/rob599_msgs/share/colcon-core/packages/rob599_msgs)
[2.174s] Level 1:colcon.colcon_core.environment:create_environment_scripts_only(rob599_hw2_msgs)
[2.195s] Level 1:colcon.colcon_core.environment:checking '/home/chelse/ros2_ws/install/rob599_hw2_msgs' for CMake module files
[2.196s] Level 1:colcon.colcon_core.environment:checking '/home/chelse/ros2_ws/install/rob599_hw2_msgs' for CMake config files
[2.197s] Level 1:colcon.colcon_core.shell:create_environment_hook('rob599_hw2_msgs', 'cmake_prefix_path')
[2.212s] INFO:colcon.colcon_core.shell:Creating environment hook '/home/chelse/ros2_ws/install/rob599_hw2_msgs/share/rob599_hw2_msgs/hook/cmake_prefix_path.ps1'
[2.212s] INFO:colcon.colcon_core.shell:Creating environment descriptor '/home/chelse/ros2_ws/install/rob599_hw2_msgs/share/rob599_hw2_msgs/hook/cmake_prefix_path.dsv'
[2.213s] INFO:colcon.colcon_core.shell:Creating environment hook '/home/chelse/ros2_ws/install/rob599_hw2_msgs/share/rob599_hw2_msgs/hook/cmake_prefix_path.sh'
[2.213s] Level 1:colcon.colcon_core.environment:checking '/home/chelse/ros2_ws/install/rob599_hw2_msgs/lib'
[2.213s] Level 1:colcon.colcon_core.shell:create_environment_hook('rob599_hw2_msgs', 'ld_library_path_lib')
[2.226s] INFO:colcon.colcon_core.shell:Creating environment hook '/home/chelse/ros2_ws/install/rob599_hw2_msgs/share/rob599_hw2_msgs/hook/ld_library_path_lib.ps1'
[2.226s] INFO:colcon.colcon_core.shell:Creating environment descriptor '/home/chelse/ros2_ws/install/rob599_hw2_msgs/share/rob599_hw2_msgs/hook/ld_library_path_lib.dsv'
[2.227s] INFO:colcon.colcon_core.shell:Creating environment hook '/home/chelse/ros2_ws/install/rob599_hw2_msgs/share/rob599_hw2_msgs/hook/ld_library_path_lib.sh'
[2.227s] Level 1:colcon.colcon_core.environment:checking '/home/chelse/ros2_ws/install/rob599_hw2_msgs/bin'
[2.227s] Level 1:colcon.colcon_core.environment:checking '/home/chelse/ros2_ws/install/rob599_hw2_msgs/lib/pkgconfig/rob599_hw2_msgs.pc'
[2.227s] Level 1:colcon.colcon_core.environment:checking '/home/chelse/ros2_ws/install/rob599_hw2_msgs/lib/python3.10/site-packages'
[2.227s] Level 1:colcon.colcon_core.environment:checking '/home/chelse/ros2_ws/install/rob599_hw2_msgs/bin'
[2.241s] INFO:colcon.colcon_core.shell:Creating package script '/home/chelse/ros2_ws/install/rob599_hw2_msgs/share/rob599_hw2_msgs/package.ps1'
[2.241s] INFO:colcon.colcon_core.shell:Creating package descriptor '/home/chelse/ros2_ws/install/rob599_hw2_msgs/share/rob599_hw2_msgs/package.dsv'
[2.242s] INFO:colcon.colcon_core.shell:Creating package script '/home/chelse/ros2_ws/install/rob599_hw2_msgs/share/rob599_hw2_msgs/package.sh'
[2.242s] INFO:colcon.colcon_core.shell:Creating package script '/home/chelse/ros2_ws/install/rob599_hw2_msgs/share/rob599_hw2_msgs/package.bash'
[2.242s] INFO:colcon.colcon_core.shell:Creating package script '/home/chelse/ros2_ws/install/rob599_hw2_msgs/share/rob599_hw2_msgs/package.zsh'
[2.243s] Level 1:colcon.colcon_core.environment:create_file_with_runtime_dependencies(/home/chelse/ros2_ws/install/rob599_hw2_msgs/share/colcon-core/packages/rob599_hw2_msgs)
[2.243s] INFO:colcon.colcon_ros.task.ament_python.build:Building ROS package in '/home/chelse/ros2_ws/src/rob599_hw2' with build type 'ament_python'
[2.243s] Level 1:colcon.colcon_core.shell:create_environment_hook('rob599_hw2', 'ament_prefix_path')
[2.257s] INFO:colcon.colcon_core.shell:Creating environment hook '/home/chelse/ros2_ws/install/rob599_hw2/share/rob599_hw2/hook/ament_prefix_path.ps1'
[2.257s] INFO:colcon.colcon_core.shell:Creating environment descriptor '/home/chelse/ros2_ws/install/rob599_hw2/share/rob599_hw2/hook/ament_prefix_path.dsv'
[2.258s] INFO:colcon.colcon_core.shell:Creating environment hook '/home/chelse/ros2_ws/install/rob599_hw2/share/rob599_hw2/hook/ament_prefix_path.sh'
[2.271s] INFO:colcon.colcon_core.shell:Skip shell extension 'powershell' for command environment: Not usable outside of PowerShell
[2.271s] DEBUG:colcon.colcon_core.shell:Skip shell extension 'dsv' for command environment
[2.313s] Level 1:colcon.colcon_core.environment:create_environment_scripts_only(turtlesim)
[2.313s] DEBUG:colcon.colcon_core.event_handler.log_command:Invoked command in '/home/chelse/ros2_ws/build/turtlesim' returned '0': CMAKE_PREFIX_PATH=${CMAKE_PREFIX_PATH}:/opt/ros/humble:/home/chelse/ros2_ws/install/rob599_basic /usr/bin/cmake --install /home/chelse/ros2_ws/build/turtlesim
[2.327s] Level 1:colcon.colcon_core.environment:checking '/home/chelse/ros2_ws/install/turtlesim' for CMake module files
[2.328s] Level 1:colcon.colcon_core.environment:checking '/home/chelse/ros2_ws/install/turtlesim' for CMake config files
[2.329s] Level 1:colcon.colcon_core.shell:create_environment_hook('turtlesim', 'cmake_prefix_path')
[2.341s] INFO:colcon.colcon_core.shell:Creating environment hook '/home/chelse/ros2_ws/install/turtlesim/share/turtlesim/hook/cmake_prefix_path.ps1'
[2.342s] INFO:colcon.colcon_core.shell:Creating environment descriptor '/home/chelse/ros2_ws/install/turtlesim/share/turtlesim/hook/cmake_prefix_path.dsv'
[2.342s] INFO:colcon.colcon_core.shell:Creating environment hook '/home/chelse/ros2_ws/install/turtlesim/share/turtlesim/hook/cmake_prefix_path.sh'
[2.342s] Level 1:colcon.colcon_core.environment:checking '/home/chelse/ros2_ws/install/turtlesim/lib'
[2.342s] Level 1:colcon.colcon_core.shell:create_environment_hook('turtlesim', 'ld_library_path_lib')
[2.355s] INFO:colcon.colcon_core.shell:Creating environment hook '/home/chelse/ros2_ws/install/turtlesim/share/turtlesim/hook/ld_library_path_lib.ps1'
[2.355s] INFO:colcon.colcon_core.shell:Creating environment descriptor '/home/chelse/ros2_ws/install/turtlesim/share/turtlesim/hook/ld_library_path_lib.dsv'
[2.356s] INFO:colcon.colcon_core.shell:Creating environment hook '/home/chelse/ros2_ws/install/turtlesim/share/turtlesim/hook/ld_library_path_lib.sh'
[2.356s] Level 1:colcon.colcon_core.environment:checking '/home/chelse/ros2_ws/install/turtlesim/bin'
[2.356s] Level 1:colcon.colcon_core.environment:checking '/home/chelse/ros2_ws/install/turtlesim/lib/pkgconfig/turtlesim.pc'
[2.356s] Level 1:colcon.colcon_core.environment:checking '/home/chelse/ros2_ws/install/turtlesim/lib/python3.10/site-packages'
[2.356s] Level 1:colcon.colcon_core.environment:checking '/home/chelse/ros2_ws/install/turtlesim/bin'
[2.369s] INFO:colcon.colcon_core.shell:Creating package script '/home/chelse/ros2_ws/install/turtlesim/share/turtlesim/package.ps1'
[2.370s] INFO:colcon.colcon_core.shell:Creating package descriptor '/home/chelse/ros2_ws/install/turtlesim/share/turtlesim/package.dsv'
[2.370s] INFO:colcon.colcon_core.shell:Creating package script '/home/chelse/ros2_ws/install/turtlesim/share/turtlesim/package.sh'
[2.370s] INFO:colcon.colcon_core.shell:Creating package script '/home/chelse/ros2_ws/install/turtlesim/share/turtlesim/package.bash'
[2.370s] INFO:colcon.colcon_core.shell:Creating package script '/home/chelse/ros2_ws/install/turtlesim/share/turtlesim/package.zsh'
[2.371s] Level 1:colcon.colcon_core.environment:create_file_with_runtime_dependencies(/home/chelse/ros2_ws/install/turtlesim/share/colcon-core/packages/turtlesim)
[2.385s] Level 1:colcon.colcon_core.environment:create_environment_scripts_only(rob599_msgs)
[2.398s] Level 1:colcon.colcon_core.environment:checking '/home/chelse/ros2_ws/install/rob599_msgs' for CMake module files
[2.399s] Level 1:colcon.colcon_core.environment:checking '/home/chelse/ros2_ws/install/rob599_msgs' for CMake config files
[2.399s] Level 1:colcon.colcon_core.shell:create_environment_hook('rob599_msgs', 'cmake_prefix_path')
[2.412s] INFO:colcon.colcon_core.shell:Creating environment hook '/home/chelse/ros2_ws/install/rob599_msgs/share/rob599_msgs/hook/cmake_prefix_path.ps1'
[2.412s] INFO:colcon.colcon_core.shell:Creating environment descriptor '/home/chelse/ros2_ws/install/rob599_msgs/share/rob599_msgs/hook/cmake_prefix_path.dsv'
[2.413s] INFO:colcon.colcon_core.shell:Creating environment hook '/home/chelse/ros2_ws/install/rob599_msgs/share/rob599_msgs/hook/cmake_prefix_path.sh'
[2.413s] Level 1:colcon.colcon_core.environment:checking '/home/chelse/ros2_ws/install/rob599_msgs/lib'
[2.413s] Level 1:colcon.colcon_core.shell:create_environment_hook('rob599_msgs', 'ld_library_path_lib')
[2.426s] INFO:colcon.colcon_core.shell:Creating environment hook '/home/chelse/ros2_ws/install/rob599_msgs/share/rob599_msgs/hook/ld_library_path_lib.ps1'
[2.426s] INFO:colcon.colcon_core.shell:Creating environment descriptor '/home/chelse/ros2_ws/install/rob599_msgs/share/rob599_msgs/hook/ld_library_path_lib.dsv'
[2.427s] INFO:colcon.colcon_core.shell:Creating environment hook '/home/chelse/ros2_ws/install/rob599_msgs/share/rob599_msgs/hook/ld_library_path_lib.sh'
[2.427s] Level 1:colcon.colcon_core.environment:checking '/home/chelse/ros2_ws/install/rob599_msgs/bin'
[2.427s] Level 1:colcon.colcon_core.environment:checking '/home/chelse/ros2_ws/install/rob599_msgs/lib/pkgconfig/rob599_msgs.pc'
[2.427s] Level 1:colcon.colcon_core.environment:checking '/home/chelse/ros2_ws/install/rob599_msgs/lib/python3.10/site-packages'
[2.427s] Level 1:colcon.colcon_core.environment:checking '/home/chelse/ros2_ws/install/rob599_msgs/bin'
[2.440s] INFO:colcon.colcon_core.shell:Creating package script '/home/chelse/ros2_ws/install/rob599_msgs/share/rob599_msgs/package.ps1'
[2.441s] INFO:colcon.colcon_core.shell:Creating package descriptor '/home/chelse/ros2_ws/install/rob599_msgs/share/rob599_msgs/package.dsv'
[2.441s] INFO:colcon.colcon_core.shell:Creating package script '/home/chelse/ros2_ws/install/rob599_msgs/share/rob599_msgs/package.sh'
[2.442s] INFO:colcon.colcon_core.shell:Creating package script '/home/chelse/ros2_ws/install/rob599_msgs/share/rob599_msgs/package.bash'
[2.442s] INFO:colcon.colcon_core.shell:Creating package script '/home/chelse/ros2_ws/install/rob599_msgs/share/rob599_msgs/package.zsh'
[2.442s] Level 1:colcon.colcon_core.environment:create_file_with_runtime_dependencies(/home/chelse/ros2_ws/install/rob599_msgs/share/colcon-core/packages/rob599_msgs)
[2.672s] INFO:colcon.colcon_core.task.python.build:Building Python package in '/home/chelse/ros2_ws/src/rob599_hw2'
[2.685s] INFO:colcon.colcon_core.shell:Skip shell extension 'powershell' for command environment: Not usable outside of PowerShell
[2.685s] DEBUG:colcon.colcon_core.shell:Skip shell extension 'dsv' for command environment
[2.725s] INFO:colcon.colcon_ros.task.ament_python.build:Building ROS package in '/home/chelse/ros2_ws/src/rob599r2/rob599_basic' with build type 'ament_python'
[2.726s] Level 1:colcon.colcon_core.shell:create_environment_hook('rob599_basic', 'ament_prefix_path')
[2.739s] INFO:colcon.colcon_core.shell:Creating environment hook '/home/chelse/ros2_ws/install/rob599_basic/share/rob599_basic/hook/ament_prefix_path.ps1'
[2.739s] INFO:colcon.colcon_core.shell:Creating environment descriptor '/home/chelse/ros2_ws/install/rob599_basic/share/rob599_basic/hook/ament_prefix_path.dsv'
[2.739s] INFO:colcon.colcon_core.shell:Creating environment hook '/home/chelse/ros2_ws/install/rob599_basic/share/rob599_basic/hook/ament_prefix_path.sh'
[2.752s] INFO:colcon.colcon_core.shell:Skip shell extension 'powershell' for command environment: Not usable outside of PowerShell
[2.752s] DEBUG:colcon.colcon_core.shell:Skip shell extension 'dsv' for command environment
[2.807s] Level 1:colcon.colcon_core.environment:create_environment_scripts_only(turtlesim)
[2.820s] Level 1:colcon.colcon_core.environment:checking '/home/chelse/ros2_ws/install/turtlesim' for CMake module files
[2.820s] Level 1:colcon.colcon_core.environment:checking '/home/chelse/ros2_ws/install/turtlesim' for CMake config files
[2.821s] Level 1:colcon.colcon_core.shell:create_environment_hook('turtlesim', 'cmake_prefix_path')
[2.843s] INFO:colcon.colcon_core.shell:Creating environment hook '/home/chelse/ros2_ws/install/turtlesim/share/turtlesim/hook/cmake_prefix_path.ps1'
[2.844s] INFO:colcon.colcon_core.shell:Creating environment descriptor '/home/chelse/ros2_ws/install/turtlesim/share/turtlesim/hook/cmake_prefix_path.dsv'
[2.844s] INFO:colcon.colcon_core.shell:Creating environment hook '/home/chelse/ros2_ws/install/turtlesim/share/turtlesim/hook/cmake_prefix_path.sh'
[2.845s] Level 1:colcon.colcon_core.environment:checking '/home/chelse/ros2_ws/install/turtlesim/lib'
[2.845s] Level 1:colcon.colcon_core.shell:create_environment_hook('turtlesim', 'ld_library_path_lib')
[2.858s] INFO:colcon.colcon_core.shell:Creating environment hook '/home/chelse/ros2_ws/install/turtlesim/share/turtlesim/hook/ld_library_path_lib.ps1'
[2.859s] INFO:colcon.colcon_core.shell:Creating environment descriptor '/home/chelse/ros2_ws/install/turtlesim/share/turtlesim/hook/ld_library_path_lib.dsv'
[2.859s] INFO:colcon.colcon_core.shell:Creating environment hook '/home/chelse/ros2_ws/install/turtlesim/share/turtlesim/hook/ld_library_path_lib.sh'
[2.859s] Level 1:colcon.colcon_core.environment:checking '/home/chelse/ros2_ws/install/turtlesim/bin'
[2.860s] Level 1:colcon.colcon_core.environment:checking '/home/chelse/ros2_ws/install/turtlesim/lib/pkgconfig/turtlesim.pc'
[2.860s] Level 1:colcon.colcon_core.environment:checking '/home/chelse/ros2_ws/install/turtlesim/lib/python3.10/site-packages'
[2.860s] Level 1:colcon.colcon_core.environment:checking '/home/chelse/ros2_ws/install/turtlesim/bin'
[2.873s] INFO:colcon.colcon_core.shell:Creating package script '/home/chelse/ros2_ws/install/turtlesim/share/turtlesim/package.ps1'
[2.874s] INFO:colcon.colcon_core.shell:Creating package descriptor '/home/chelse/ros2_ws/install/turtlesim/share/turtlesim/package.dsv'
[2.874s] INFO:colcon.colcon_core.shell:Creating package script '/home/chelse/ros2_ws/install/turtlesim/share/turtlesim/package.sh'
[2.875s] INFO:colcon.colcon_core.shell:Creating package script '/home/chelse/ros2_ws/install/turtlesim/share/turtlesim/package.bash'
[2.875s] INFO:colcon.colcon_core.shell:Creating package script '/home/chelse/ros2_ws/install/turtlesim/share/turtlesim/package.zsh'
[2.876s] Level 1:colcon.colcon_core.environment:create_file_with_runtime_dependencies(/home/chelse/ros2_ws/install/turtlesim/share/colcon-core/packages/turtlesim)
[3.111s] INFO:colcon.colcon_core.task.python.build:Building Python package in '/home/chelse/ros2_ws/src/rob599r2/rob599_basic'
[3.125s] INFO:colcon.colcon_core.shell:Skip shell extension 'powershell' for command environment: Not usable outside of PowerShell
[3.125s] DEBUG:colcon.colcon_core.shell:Skip shell extension 'dsv' for command environment
[3.171s] DEBUG:colcon.colcon_core.event_handler.log_command:Invoking command in '/home/chelse/ros2_ws/src/rob599_hw2': CMAKE_PREFIX_PATH=/home/chelse/ros2_ws/install/rob599_hw2_msgs:/home/chelse/ros2_ws/install/turtlesim:/home/chelse/ros2_ws/install/rob599_msgs:/home/chelse/ros2_ws/install/rob599_hw2 LD_LIBRARY_PATH=/home/chelse/ros2_ws/install/rob599_hw2_msgs/lib:/opt/ros/humble/opt/rviz_ogre_vendor/lib:/opt/ros/humble/lib/x86_64-linux-gnu:/opt/ros/humble/lib:/home/chelse/ros2_ws/install/turtlesim/lib:/home/chelse/ros2_ws/install/rob599_msgs/lib PYTHONPATH=/home/chelse/ros2_ws/build/rob599_hw2/prefix_override:/home/chelse/ros2_ws/install/rob599_hw2/lib/python3.10/site-packages:${PYTHONPATH} /usr/bin/python3 setup.py egg_info --egg-base ../../build/rob599_hw2 build --build-base /home/chelse/ros2_ws/build/rob599_hw2/build install --record /home/chelse/ros2_ws/build/rob599_hw2/install.log --single-version-externally-managed
[3.428s] DEBUG:colcon.colcon_core.event_handler.log_command:Invoked command in '/home/chelse/ros2_ws/src/rob599_hw2' returned '0': CMAKE_PREFIX_PATH=/home/chelse/ros2_ws/install/rob599_hw2_msgs:/home/chelse/ros2_ws/install/turtlesim:/home/chelse/ros2_ws/install/rob599_msgs:/home/chelse/ros2_ws/install/rob599_hw2 LD_LIBRARY_PATH=/home/chelse/ros2_ws/install/rob599_hw2_msgs/lib:/opt/ros/humble/opt/rviz_ogre_vendor/lib:/opt/ros/humble/lib/x86_64-linux-gnu:/opt/ros/humble/lib:/home/chelse/ros2_ws/install/turtlesim/lib:/home/chelse/ros2_ws/install/rob599_msgs/lib PYTHONPATH=/home/chelse/ros2_ws/build/rob599_hw2/prefix_override:/home/chelse/ros2_ws/install/rob599_hw2/lib/python3.10/site-packages:${PYTHONPATH} /usr/bin/python3 setup.py egg_info --egg-base ../../build/rob599_hw2 build --build-base /home/chelse/ros2_ws/build/rob599_hw2/build install --record /home/chelse/ros2_ws/build/rob599_hw2/install.log --single-version-externally-managed
[3.442s] Level 1:colcon.colcon_core.environment:checking '/home/chelse/ros2_ws/install/rob599_hw2' for CMake module files
[3.443s] Level 1:colcon.colcon_core.environment:checking '/home/chelse/ros2_ws/install/rob599_hw2' for CMake config files
[3.443s] Level 1:colcon.colcon_core.shell:create_environment_hook('rob599_hw2', 'cmake_prefix_path')
[3.457s] INFO:colcon.colcon_core.shell:Creating environment hook '/home/chelse/ros2_ws/install/rob599_hw2/share/rob599_hw2/hook/cmake_prefix_path.ps1'
[3.458s] INFO:colcon.colcon_core.shell:Creating environment descriptor '/home/chelse/ros2_ws/install/rob599_hw2/share/rob599_hw2/hook/cmake_prefix_path.dsv'
[3.458s] INFO:colcon.colcon_core.shell:Creating environment hook '/home/chelse/ros2_ws/install/rob599_hw2/share/rob599_hw2/hook/cmake_prefix_path.sh'
[3.458s] Level 1:colcon.colcon_core.environment:checking '/home/chelse/ros2_ws/install/rob599_hw2/lib'
[3.459s] Level 1:colcon.colcon_core.environment:checking '/home/chelse/ros2_ws/install/rob599_hw2/bin'
[3.459s] Level 1:colcon.colcon_core.environment:checking '/home/chelse/ros2_ws/install/rob599_hw2/lib/pkgconfig/rob599_hw2.pc'
[3.459s] Level 1:colcon.colcon_core.environment:checking '/home/chelse/ros2_ws/install/rob599_hw2/lib/python3.10/site-packages'
[3.459s] Level 1:colcon.colcon_core.shell:create_environment_hook('rob599_hw2', 'pythonpath')
[3.473s] INFO:colcon.colcon_core.shell:Creating environment hook '/home/chelse/ros2_ws/install/rob599_hw2/share/rob599_hw2/hook/pythonpath.ps1'
[3.473s] INFO:colcon.colcon_core.shell:Creating environment descriptor '/home/chelse/ros2_ws/install/rob599_hw2/share/rob599_hw2/hook/pythonpath.dsv'
[3.473s] INFO:colcon.colcon_core.shell:Creating environment hook '/home/chelse/ros2_ws/install/rob599_hw2/share/rob599_hw2/hook/pythonpath.sh'
[3.474s] Level 1:colcon.colcon_core.environment:checking '/home/chelse/ros2_ws/install/rob599_hw2/bin'
[3.474s] Level 1:colcon.colcon_core.environment:create_environment_scripts_only(rob599_hw2)
[3.487s] INFO:colcon.colcon_core.shell:Creating package script '/home/chelse/ros2_ws/install/rob599_hw2/share/rob599_hw2/package.ps1'
[3.488s] INFO:colcon.colcon_core.shell:Creating package descriptor '/home/chelse/ros2_ws/install/rob599_hw2/share/rob599_hw2/package.dsv'
[3.488s] INFO:colcon.colcon_core.shell:Creating package script '/home/chelse/ros2_ws/install/rob599_hw2/share/rob599_hw2/package.sh'
[3.488s] INFO:colcon.colcon_core.shell:Creating package script '/home/chelse/ros2_ws/install/rob599_hw2/share/rob599_hw2/package.bash'
[3.489s] INFO:colcon.colcon_core.shell:Creating package script '/home/chelse/ros2_ws/install/rob599_hw2/share/rob599_hw2/package.zsh'
[3.489s] Level 1:colcon.colcon_core.environment:create_file_with_runtime_dependencies(/home/chelse/ros2_ws/install/rob599_hw2/share/colcon-core/packages/rob599_hw2)
[3.492s] DEBUG:colcon.colcon_core.event_handler.log_command:Invoking command in '/home/chelse/ros2_ws/src/rob599r2/rob599_basic': CMAKE_PREFIX_PATH=/home/chelse/ros2_ws/install/rob599_msgs:/home/chelse/ros2_ws/install/turtlesim:/home/chelse/ros2_ws/install/rob599_hw2:/home/chelse/ros2_ws/install/rob599_hw2_msgs LD_LIBRARY_PATH=/home/chelse/ros2_ws/install/rob599_msgs/lib:/opt/ros/humble/opt/rviz_ogre_vendor/lib:/opt/ros/humble/lib/x86_64-linux-gnu:/opt/ros/humble/lib:/home/chelse/ros2_ws/install/turtlesim/lib:/home/chelse/ros2_ws/install/rob599_hw2_msgs/lib PYTHONPATH=/home/chelse/ros2_ws/build/rob599_basic/prefix_override:/home/chelse/ros2_ws/install/rob599_basic/lib/python3.10/site-packages:${PYTHONPATH} /usr/bin/python3 setup.py egg_info --egg-base ../../../build/rob599_basic build --build-base /home/chelse/ros2_ws/build/rob599_basic/build install --record /home/chelse/ros2_ws/build/rob599_basic/install.log --install-scripts $base/lib/rob599_basic --single-version-externally-managed
[3.746s] DEBUG:colcon.colcon_core.event_handler.log_command:Invoked command in '/home/chelse/ros2_ws/src/rob599r2/rob599_basic' returned '0': CMAKE_PREFIX_PATH=/home/chelse/ros2_ws/install/rob599_msgs:/home/chelse/ros2_ws/install/turtlesim:/home/chelse/ros2_ws/install/rob599_hw2:/home/chelse/ros2_ws/install/rob599_hw2_msgs LD_LIBRARY_PATH=/home/chelse/ros2_ws/install/rob599_msgs/lib:/opt/ros/humble/opt/rviz_ogre_vendor/lib:/opt/ros/humble/lib/x86_64-linux-gnu:/opt/ros/humble/lib:/home/chelse/ros2_ws/install/turtlesim/lib:/home/chelse/ros2_ws/install/rob599_hw2_msgs/lib PYTHONPATH=/home/chelse/ros2_ws/build/rob599_basic/prefix_override:/home/chelse/ros2_ws/install/rob599_basic/lib/python3.10/site-packages:${PYTHONPATH} /usr/bin/python3 setup.py egg_info --egg-base ../../../build/rob599_basic build --build-base /home/chelse/ros2_ws/build/rob599_basic/build install --record /home/chelse/ros2_ws/build/rob599_basic/install.log --install-scripts $base/lib/rob599_basic --single-version-externally-managed
[3.760s] Level 1:colcon.colcon_core.environment:checking '/home/chelse/ros2_ws/install/rob599_basic' for CMake module files
[3.760s] Level 1:colcon.colcon_core.environment:checking '/home/chelse/ros2_ws/install/rob599_basic' for CMake config files
[3.761s] Level 1:colcon.colcon_core.environment:checking '/home/chelse/ros2_ws/install/rob599_basic/lib'
[3.761s] Level 1:colcon.colcon_core.environment:checking '/home/chelse/ros2_ws/install/rob599_basic/bin'
[3.761s] Level 1:colcon.colcon_core.environment:checking '/home/chelse/ros2_ws/install/rob599_basic/lib/pkgconfig/rob599_basic.pc'
[3.761s] Level 1:colcon.colcon_core.environment:checking '/home/chelse/ros2_ws/install/rob599_basic/lib/python3.10/site-packages'
[3.761s] Level 1:colcon.colcon_core.shell:create_environment_hook('rob599_basic', 'pythonpath')
[3.774s] INFO:colcon.colcon_core.shell:Creating environment hook '/home/chelse/ros2_ws/install/rob599_basic/share/rob599_basic/hook/pythonpath.ps1'
[3.774s] INFO:colcon.colcon_core.shell:Creating environment descriptor '/home/chelse/ros2_ws/install/rob599_basic/share/rob599_basic/hook/pythonpath.dsv'
[3.775s] INFO:colcon.colcon_core.shell:Creating environment hook '/home/chelse/ros2_ws/install/rob599_basic/share/rob599_basic/hook/pythonpath.sh'
[3.775s] Level 1:colcon.colcon_core.environment:checking '/home/chelse/ros2_ws/install/rob599_basic/bin'
[3.775s] Level 1:colcon.colcon_core.environment:create_environment_scripts_only(rob599_basic)
[3.788s] INFO:colcon.colcon_core.shell:Creating package script '/home/chelse/ros2_ws/install/rob599_basic/share/rob599_basic/package.ps1'
[3.788s] INFO:colcon.colcon_core.shell:Creating package descriptor '/home/chelse/ros2_ws/install/rob599_basic/share/rob599_basic/package.dsv'
[3.789s] INFO:colcon.colcon_core.shell:Creating package script '/home/chelse/ros2_ws/install/rob599_basic/share/rob599_basic/package.sh'
[3.789s] INFO:colcon.colcon_core.shell:Creating package script '/home/chelse/ros2_ws/install/rob599_basic/share/rob599_basic/package.bash'
[3.789s] INFO:colcon.colcon_core.shell:Creating package script '/home/chelse/ros2_ws/install/rob599_basic/share/rob599_basic/package.zsh'
[3.790s] Level 1:colcon.colcon_core.environment:create_file_with_runtime_dependencies(/home/chelse/ros2_ws/install/rob599_basic/share/colcon-core/packages/rob599_basic)
[3.790s] DEBUG:colcon.colcon_parallel_executor.executor.parallel:closing loop
[3.790s] DEBUG:colcon.colcon_parallel_executor.executor.parallel:loop closed
[3.790s] DEBUG:colcon.colcon_parallel_executor.executor.parallel:run_until_complete finished with '0'
[3.790s] DEBUG:colcon.colcon_core.event_reactor:joining thread
[3.808s] INFO:colcon.colcon_core.plugin_system:Skipping extension 'colcon_notification.desktop_notification.terminal_notifier': Not used on non-Darwin systems
[3.809s] INFO:colcon.colcon_core.plugin_system:Skipping extension 'colcon_notification.desktop_notification.win32': Not used on non-Windows systems
[3.809s] INFO:colcon.colcon_notification.desktop_notification:Sending desktop notification using 'notify2'
[3.815s] DEBUG:colcon.colcon_core.event_reactor:joined thread
[3.829s] INFO:colcon.colcon_core.shell:Creating prefix script '/home/chelse/ros2_ws/install/local_setup.ps1'
[3.830s] INFO:colcon.colcon_core.shell:Creating prefix util module '/home/chelse/ros2_ws/install/_local_setup_util_ps1.py'
[3.831s] INFO:colcon.colcon_core.shell:Creating prefix chain script '/home/chelse/ros2_ws/install/setup.ps1'
[3.845s] INFO:colcon.colcon_core.shell:Creating prefix script '/home/chelse/ros2_ws/install/local_setup.sh'
[3.845s] INFO:colcon.colcon_core.shell:Creating prefix util module '/home/chelse/ros2_ws/install/_local_setup_util_sh.py'
[3.846s] INFO:colcon.colcon_core.shell:Creating prefix chain script '/home/chelse/ros2_ws/install/setup.sh'
[3.859s] INFO:colcon.colcon_core.shell:Creating prefix script '/home/chelse/ros2_ws/install/local_setup.bash'
[3.860s] INFO:colcon.colcon_core.shell:Creating prefix chain script '/home/chelse/ros2_ws/install/setup.bash'
[3.873s] INFO:colcon.colcon_core.shell:Creating prefix script '/home/chelse/ros2_ws/install/local_setup.zsh'
[3.874s] INFO:colcon.colcon_core.shell:Creating prefix chain script '/home/chelse/ros2_ws/install/setup.zsh'
