[0.123s] Invoking command in '/home/chelse/ros2_ws/build/rob599_msgs': CMAKE_PREFIX_PATH=${CMAKE_PREFIX_PATH}:/opt/ros/humble:/home/chelse/ros2_ws/install/rob599_basic /usr/bin/cmake --build /home/chelse/ros2_ws/build/rob599_msgs -- -j12 -l12
[0.172s] [  2%] Built target rob599_msgs__cpp
[0.181s] [ 12%] Built target rob599_msgs__rosidl_generator_c
[0.197s] [ 12%] Built target ament_cmake_python_copy_rob599_msgs
[0.220s] [ 23%] Built target rob599_msgs__rosidl_typesupport_cpp
[0.233s] [ 34%] Built target rob599_msgs__rosidl_typesupport_introspection_c
[0.245s] [ 44%] Built target rob599_msgs__rosidl_typesupport_fastrtps_c
[0.254s] [ 55%] Built target rob599_msgs__rosidl_typesupport_fastrtps_cpp
[0.259s] [ 68%] Built target rob599_msgs__rosidl_typesupport_c
[0.260s] [ 76%] Built target rob599_msgs__rosidl_typesupport_introspection_cpp
[0.292s] [ 76%] Built target rob599_msgs
[0.321s] [ 78%] Built target rob599_msgs__py
[0.346s] [ 87%] Built target rob599_msgs__rosidl_generator_py
[0.378s] [ 95%] Built target rob599_msgs__rosidl_typesupport_c__pyext
[0.378s] [ 95%] Built target rob599_msgs__rosidl_typesupport_fastrtps_c__pyext
[0.381s] [100%] Built target rob599_msgs__rosidl_typesupport_introspection_c__pyext
[0.538s] running egg_info
[0.539s] writing rob599_msgs.egg-info/PKG-INFO
[0.539s] writing dependency_links to rob599_msgs.egg-info/dependency_links.txt
[0.539s] writing top-level names to rob599_msgs.egg-info/top_level.txt
[0.542s] reading manifest file 'rob599_msgs.egg-info/SOURCES.txt'
[0.542s] writing manifest file 'rob599_msgs.egg-info/SOURCES.txt'
[0.577s] [100%] Built target ament_cmake_python_build_rob599_msgs_egg
[0.592s] Invoked command in '/home/chelse/ros2_ws/build/rob599_msgs' returned '0': CMAKE_PREFIX_PATH=${CMAKE_PREFIX_PATH}:/opt/ros/humble:/home/chelse/ros2_ws/install/rob599_basic /usr/bin/cmake --build /home/chelse/ros2_ws/build/rob599_msgs -- -j12 -l12
[0.702s] Invoking command in '/home/chelse/ros2_ws/build/rob599_msgs': CMAKE_PREFIX_PATH=${CMAKE_PREFIX_PATH}:/opt/ros/humble:/home/chelse/ros2_ws/install/rob599_basic /usr/bin/cmake --install /home/chelse/ros2_ws/build/rob599_msgs
[0.710s] -- Install configuration: ""
[0.710s] -- Up-to-date: /home/chelse/ros2_ws/install/rob599_msgs/share/ament_index/resource_index/rosidl_interfaces/rob599_msgs
[0.710s] -- Up-to-date: /home/chelse/ros2_ws/install/rob599_msgs/include/rob599_msgs/rob599_msgs
[0.710s] -- Up-to-date: /home/chelse/ros2_ws/install/rob599_msgs/include/rob599_msgs/rob599_msgs/action
[0.710s] -- Up-to-date: /home/chelse/ros2_ws/install/rob599_msgs/include/rob599_msgs/rob599_msgs/action/detail
[0.711s] -- Up-to-date: /home/chelse/ros2_ws/install/rob599_msgs/include/rob599_msgs/rob599_msgs/action/detail/fibonacci__functions.h
[0.711s] -- Up-to-date: /home/chelse/ros2_ws/install/rob599_msgs/include/rob599_msgs/rob599_msgs/action/detail/fibonacci__type_support.h
[0.711s] -- Up-to-date: /home/chelse/ros2_ws/install/rob599_msgs/include/rob599_msgs/rob599_msgs/action/detail/fibonacci__functions.c
[0.711s] -- Up-to-date: /home/chelse/ros2_ws/install/rob599_msgs/include/rob599_msgs/rob599_msgs/action/detail/fibonacci__struct.h
[0.711s] -- Up-to-date: /home/chelse/ros2_ws/install/rob599_msgs/include/rob599_msgs/rob599_msgs/action/fibonacci.h
[0.711s] -- Up-to-date: /home/chelse/ros2_ws/install/rob599_msgs/include/rob599_msgs/rob599_msgs/msg
[0.711s] -- Up-to-date: /home/chelse/ros2_ws/install/rob599_msgs/include/rob599_msgs/rob599_msgs/msg/rosidl_generator_c__visibility_control.h
[0.711s] -- Up-to-date: /home/chelse/ros2_ws/install/rob599_msgs/include/rob599_msgs/rob599_msgs/srv
[0.711s] -- Up-to-date: /home/chelse/ros2_ws/install/rob599_msgs/include/rob599_msgs/rob599_msgs/srv/fib_service.h
[0.712s] -- Up-to-date: /home/chelse/ros2_ws/install/rob599_msgs/include/rob599_msgs/rob599_msgs/srv/detail
[0.712s] -- Up-to-date: /home/chelse/ros2_ws/install/rob599_msgs/include/rob599_msgs/rob599_msgs/srv/detail/doubler__functions.h
[0.712s] -- Up-to-date: /home/chelse/ros2_ws/install/rob599_msgs/include/rob599_msgs/rob599_msgs/srv/detail/fib_service__type_support.h
[0.712s] -- Up-to-date: /home/chelse/ros2_ws/install/rob599_msgs/include/rob599_msgs/rob599_msgs/srv/detail/doubler__functions.c
[0.712s] -- Up-to-date: /home/chelse/ros2_ws/install/rob599_msgs/include/rob599_msgs/rob599_msgs/srv/detail/fib_service__functions.c
[0.713s] -- Up-to-date: /home/chelse/ros2_ws/install/rob599_msgs/include/rob599_msgs/rob599_msgs/srv/detail/fib_service__functions.h
[0.713s] -- Up-to-date: /home/chelse/ros2_ws/install/rob599_msgs/include/rob599_msgs/rob599_msgs/srv/detail/doubler__struct.h
[0.713s] -- Up-to-date: /home/chelse/ros2_ws/install/rob599_msgs/include/rob599_msgs/rob599_msgs/srv/detail/doubler__type_support.h
[0.713s] -- Up-to-date: /home/chelse/ros2_ws/install/rob599_msgs/include/rob599_msgs/rob599_msgs/srv/detail/fib_service__struct.h
[0.714s] -- Up-to-date: /home/chelse/ros2_ws/install/rob599_msgs/include/rob599_msgs/rob599_msgs/srv/doubler.h
[0.714s] -- Up-to-date: /home/chelse/ros2_ws/install/rob599_msgs/share/rob599_msgs/environment/library_path.sh
[0.714s] -- Up-to-date: /home/chelse/ros2_ws/install/rob599_msgs/share/rob599_msgs/environment/library_path.dsv
[0.714s] -- Up-to-date: /home/chelse/ros2_ws/install/rob599_msgs/lib/librob599_msgs__rosidl_generator_c.so
[0.714s] -- Up-to-date: /home/chelse/ros2_ws/install/rob599_msgs/include/rob599_msgs/rob599_msgs
[0.715s] -- Up-to-date: /home/chelse/ros2_ws/install/rob599_msgs/include/rob599_msgs/rob599_msgs/action
[0.715s] -- Up-to-date: /home/chelse/ros2_ws/install/rob599_msgs/include/rob599_msgs/rob599_msgs/action/detail
[0.715s] -- Up-to-date: /home/chelse/ros2_ws/install/rob599_msgs/include/rob599_msgs/rob599_msgs/action/detail/fibonacci__rosidl_typesupport_fastrtps_c.h
[0.715s] -- Up-to-date: /home/chelse/ros2_ws/install/rob599_msgs/include/rob599_msgs/rob599_msgs/msg
[0.715s] -- Up-to-date: /home/chelse/ros2_ws/install/rob599_msgs/include/rob599_msgs/rob599_msgs/msg/rosidl_typesupport_fastrtps_c__visibility_control.h
[0.716s] -- Up-to-date: /home/chelse/ros2_ws/install/rob599_msgs/include/rob599_msgs/rob599_msgs/srv
[0.716s] -- Up-to-date: /home/chelse/ros2_ws/install/rob599_msgs/include/rob599_msgs/rob599_msgs/srv/detail
[0.716s] -- Up-to-date: /home/chelse/ros2_ws/install/rob599_msgs/include/rob599_msgs/rob599_msgs/srv/detail/fib_service__rosidl_typesupport_fastrtps_c.h
[0.716s] -- Up-to-date: /home/chelse/ros2_ws/install/rob599_msgs/include/rob599_msgs/rob599_msgs/srv/detail/doubler__rosidl_typesupport_fastrtps_c.h
[0.716s] -- Up-to-date: /home/chelse/ros2_ws/install/rob599_msgs/lib/librob599_msgs__rosidl_typesupport_fastrtps_c.so
[0.717s] -- Up-to-date: /home/chelse/ros2_ws/install/rob599_msgs/include/rob599_msgs/rob599_msgs
[0.717s] -- Up-to-date: /home/chelse/ros2_ws/install/rob599_msgs/include/rob599_msgs/rob599_msgs/action
[0.717s] -- Up-to-date: /home/chelse/ros2_ws/install/rob599_msgs/include/rob599_msgs/rob599_msgs/action/detail
[0.718s] -- Up-to-date: /home/chelse/ros2_ws/install/rob599_msgs/include/rob599_msgs/rob599_msgs/action/detail/fibonacci__rosidl_typesupport_introspection_c.h
[0.718s] -- Up-to-date: /home/chelse/ros2_ws/install/rob599_msgs/include/rob599_msgs/rob599_msgs/action/detail/fibonacci__type_support.c
[0.718s] -- Up-to-date: /home/chelse/ros2_ws/install/rob599_msgs/include/rob599_msgs/rob599_msgs/msg
[0.718s] -- Up-to-date: /home/chelse/ros2_ws/install/rob599_msgs/include/rob599_msgs/rob599_msgs/msg/rosidl_typesupport_introspection_c__visibility_control.h
[0.718s] -- Up-to-date: /home/chelse/ros2_ws/install/rob599_msgs/include/rob599_msgs/rob599_msgs/srv
[0.718s] -- Up-to-date: /home/chelse/ros2_ws/install/rob599_msgs/include/rob599_msgs/rob599_msgs/srv/detail
[0.718s] -- Up-to-date: /home/chelse/ros2_ws/install/rob599_msgs/include/rob599_msgs/rob599_msgs/srv/detail/fib_service__type_support.c
[0.719s] -- Up-to-date: /home/chelse/ros2_ws/install/rob599_msgs/include/rob599_msgs/rob599_msgs/srv/detail/doubler__rosidl_typesupport_introspection_c.h
[0.719s] -- Up-to-date: /home/chelse/ros2_ws/install/rob599_msgs/include/rob599_msgs/rob599_msgs/srv/detail/fib_service__rosidl_typesupport_introspection_c.h
[0.719s] -- Up-to-date: /home/chelse/ros2_ws/install/rob599_msgs/include/rob599_msgs/rob599_msgs/srv/detail/doubler__type_support.c
[0.720s] -- Up-to-date: /home/chelse/ros2_ws/install/rob599_msgs/lib/librob599_msgs__rosidl_typesupport_introspection_c.so
[0.722s] -- Up-to-date: /home/chelse/ros2_ws/install/rob599_msgs/lib/librob599_msgs__rosidl_typesupport_c.so
[0.722s] -- Up-to-date: /home/chelse/ros2_ws/install/rob599_msgs/include/rob599_msgs/rob599_msgs
[0.722s] -- Up-to-date: /home/chelse/ros2_ws/install/rob599_msgs/include/rob599_msgs/rob599_msgs/action
[0.722s] -- Up-to-date: /home/chelse/ros2_ws/install/rob599_msgs/include/rob599_msgs/rob599_msgs/action/detail
[0.722s] -- Up-to-date: /home/chelse/ros2_ws/install/rob599_msgs/include/rob599_msgs/rob599_msgs/action/detail/fibonacci__builder.hpp
[0.722s] -- Up-to-date: /home/chelse/ros2_ws/install/rob599_msgs/include/rob599_msgs/rob599_msgs/action/detail/fibonacci__traits.hpp
[0.722s] -- Up-to-date: /home/chelse/ros2_ws/install/rob599_msgs/include/rob599_msgs/rob599_msgs/action/detail/fibonacci__struct.hpp
[0.723s] -- Up-to-date: /home/chelse/ros2_ws/install/rob599_msgs/include/rob599_msgs/rob599_msgs/action/fibonacci.hpp
[0.723s] -- Up-to-date: /home/chelse/ros2_ws/install/rob599_msgs/include/rob599_msgs/rob599_msgs/srv
[0.723s] -- Up-to-date: /home/chelse/ros2_ws/install/rob599_msgs/include/rob599_msgs/rob599_msgs/srv/detail
[0.723s] -- Up-to-date: /home/chelse/ros2_ws/install/rob599_msgs/include/rob599_msgs/rob599_msgs/srv/detail/fib_service__struct.hpp
[0.723s] -- Up-to-date: /home/chelse/ros2_ws/install/rob599_msgs/include/rob599_msgs/rob599_msgs/srv/detail/fib_service__traits.hpp
[0.723s] -- Up-to-date: /home/chelse/ros2_ws/install/rob599_msgs/include/rob599_msgs/rob599_msgs/srv/detail/doubler__struct.hpp
[0.723s] -- Up-to-date: /home/chelse/ros2_ws/install/rob599_msgs/include/rob599_msgs/rob599_msgs/srv/detail/doubler__builder.hpp
[0.723s] -- Up-to-date: /home/chelse/ros2_ws/install/rob599_msgs/include/rob599_msgs/rob599_msgs/srv/detail/fib_service__builder.hpp
[0.724s] -- Up-to-date: /home/chelse/ros2_ws/install/rob599_msgs/include/rob599_msgs/rob599_msgs/srv/detail/doubler__traits.hpp
[0.724s] -- Up-to-date: /home/chelse/ros2_ws/install/rob599_msgs/include/rob599_msgs/rob599_msgs/srv/fib_service.hpp
[0.724s] -- Up-to-date: /home/chelse/ros2_ws/install/rob599_msgs/include/rob599_msgs/rob599_msgs/srv/doubler.hpp
[0.724s] -- Up-to-date: /home/chelse/ros2_ws/install/rob599_msgs/include/rob599_msgs/rob599_msgs
[0.724s] -- Up-to-date: /home/chelse/ros2_ws/install/rob599_msgs/include/rob599_msgs/rob599_msgs/action
[0.724s] -- Up-to-date: /home/chelse/ros2_ws/install/rob599_msgs/include/rob599_msgs/rob599_msgs/action/detail
[0.724s] -- Up-to-date: /home/chelse/ros2_ws/install/rob599_msgs/include/rob599_msgs/rob599_msgs/action/detail/fibonacci__rosidl_typesupport_fastrtps_cpp.hpp
[0.724s] -- Up-to-date: /home/chelse/ros2_ws/install/rob599_msgs/include/rob599_msgs/rob599_msgs/action/detail/dds_fastrtps
[0.724s] -- Up-to-date: /home/chelse/ros2_ws/install/rob599_msgs/include/rob599_msgs/rob599_msgs/msg
[0.724s] -- Up-to-date: /home/chelse/ros2_ws/install/rob599_msgs/include/rob599_msgs/rob599_msgs/msg/rosidl_typesupport_fastrtps_cpp__visibility_control.h
[0.724s] -- Up-to-date: /home/chelse/ros2_ws/install/rob599_msgs/include/rob599_msgs/rob599_msgs/srv
[0.724s] -- Up-to-date: /home/chelse/ros2_ws/install/rob599_msgs/include/rob599_msgs/rob599_msgs/srv/detail
[0.725s] -- Up-to-date: /home/chelse/ros2_ws/install/rob599_msgs/include/rob599_msgs/rob599_msgs/srv/detail/doubler__rosidl_typesupport_fastrtps_cpp.hpp
[0.725s] -- Up-to-date: /home/chelse/ros2_ws/install/rob599_msgs/include/rob599_msgs/rob599_msgs/srv/detail/dds_fastrtps
[0.725s] -- Up-to-date: /home/chelse/ros2_ws/install/rob599_msgs/include/rob599_msgs/rob599_msgs/srv/detail/fib_service__rosidl_typesupport_fastrtps_cpp.hpp
[0.725s] -- Up-to-date: /home/chelse/ros2_ws/install/rob599_msgs/lib/librob599_msgs__rosidl_typesupport_fastrtps_cpp.so
[0.726s] -- Up-to-date: /home/chelse/ros2_ws/install/rob599_msgs/include/rob599_msgs/rob599_msgs
[0.726s] -- Up-to-date: /home/chelse/ros2_ws/install/rob599_msgs/include/rob599_msgs/rob599_msgs/action
[0.726s] -- Up-to-date: /home/chelse/ros2_ws/install/rob599_msgs/include/rob599_msgs/rob599_msgs/action/detail
[0.726s] -- Up-to-date: /home/chelse/ros2_ws/install/rob599_msgs/include/rob599_msgs/rob599_msgs/action/detail/fibonacci__rosidl_typesupport_introspection_cpp.hpp
[0.726s] -- Up-to-date: /home/chelse/ros2_ws/install/rob599_msgs/include/rob599_msgs/rob599_msgs/action/detail/fibonacci__type_support.cpp
[0.726s] -- Up-to-date: /home/chelse/ros2_ws/install/rob599_msgs/include/rob599_msgs/rob599_msgs/srv
[0.726s] -- Up-to-date: /home/chelse/ros2_ws/install/rob599_msgs/include/rob599_msgs/rob599_msgs/srv/detail
[0.726s] -- Up-to-date: /home/chelse/ros2_ws/install/rob599_msgs/include/rob599_msgs/rob599_msgs/srv/detail/doubler__type_support.cpp
[0.726s] -- Up-to-date: /home/chelse/ros2_ws/install/rob599_msgs/include/rob599_msgs/rob599_msgs/srv/detail/fib_service__rosidl_typesupport_introspection_cpp.hpp
[0.726s] -- Up-to-date: /home/chelse/ros2_ws/install/rob599_msgs/include/rob599_msgs/rob599_msgs/srv/detail/fib_service__type_support.cpp
[0.726s] -- Up-to-date: /home/chelse/ros2_ws/install/rob599_msgs/include/rob599_msgs/rob599_msgs/srv/detail/doubler__rosidl_typesupport_introspection_cpp.hpp
[0.726s] -- Up-to-date: /home/chelse/ros2_ws/install/rob599_msgs/lib/librob599_msgs__rosidl_typesupport_introspection_cpp.so
[0.727s] -- Up-to-date: /home/chelse/ros2_ws/install/rob599_msgs/lib/librob599_msgs__rosidl_typesupport_cpp.so
[0.728s] -- Up-to-date: /home/chelse/ros2_ws/install/rob599_msgs/share/rob599_msgs/environment/pythonpath.sh
[0.728s] -- Up-to-date: /home/chelse/ros2_ws/install/rob599_msgs/share/rob599_msgs/environment/pythonpath.dsv
[0.728s] -- Up-to-date: /home/chelse/ros2_ws/install/rob599_msgs/local/lib/python3.10/dist-packages/rob599_msgs-0.1.0-py3.10.egg-info
[0.728s] -- Installing: /home/chelse/ros2_ws/install/rob599_msgs/local/lib/python3.10/dist-packages/rob599_msgs-0.1.0-py3.10.egg-info/SOURCES.txt
[0.729s] -- Installing: /home/chelse/ros2_ws/install/rob599_msgs/local/lib/python3.10/dist-packages/rob599_msgs-0.1.0-py3.10.egg-info/PKG-INFO
[0.729s] -- Installing: /home/chelse/ros2_ws/install/rob599_msgs/local/lib/python3.10/dist-packages/rob599_msgs-0.1.0-py3.10.egg-info/top_level.txt
[0.729s] -- Installing: /home/chelse/ros2_ws/install/rob599_msgs/local/lib/python3.10/dist-packages/rob599_msgs-0.1.0-py3.10.egg-info/dependency_links.txt
[0.729s] -- Up-to-date: /home/chelse/ros2_ws/install/rob599_msgs/local/lib/python3.10/dist-packages/rob599_msgs
[0.729s] -- Up-to-date: /home/chelse/ros2_ws/install/rob599_msgs/local/lib/python3.10/dist-packages/rob599_msgs/action
[0.729s] -- Up-to-date: /home/chelse/ros2_ws/install/rob599_msgs/local/lib/python3.10/dist-packages/rob599_msgs/action/_fibonacci_s.c
[0.729s] -- Up-to-date: /home/chelse/ros2_ws/install/rob599_msgs/local/lib/python3.10/dist-packages/rob599_msgs/action/__init__.py
[0.729s] -- Up-to-date: /home/chelse/ros2_ws/install/rob599_msgs/local/lib/python3.10/dist-packages/rob599_msgs/action/_fibonacci.py
[0.729s] -- Up-to-date: /home/chelse/ros2_ws/install/rob599_msgs/local/lib/python3.10/dist-packages/rob599_msgs/rob599_msgs_s__rosidl_typesupport_fastrtps_c.cpython-310-x86_64-linux-gnu.so
[0.729s] -- Up-to-date: /home/chelse/ros2_ws/install/rob599_msgs/local/lib/python3.10/dist-packages/rob599_msgs/librob599_msgs__rosidl_generator_py.so
[0.730s] -- Up-to-date: /home/chelse/ros2_ws/install/rob599_msgs/local/lib/python3.10/dist-packages/rob599_msgs/_rob599_msgs_s.ep.rosidl_typesupport_c.c
[0.730s] -- Up-to-date: /home/chelse/ros2_ws/install/rob599_msgs/local/lib/python3.10/dist-packages/rob599_msgs/rob599_msgs_s__rosidl_typesupport_c.cpython-310-x86_64-linux-gnu.so
[0.730s] -- Up-to-date: /home/chelse/ros2_ws/install/rob599_msgs/local/lib/python3.10/dist-packages/rob599_msgs/__init__.py
[0.730s] -- Up-to-date: /home/chelse/ros2_ws/install/rob599_msgs/local/lib/python3.10/dist-packages/rob599_msgs/rob599_msgs_s__rosidl_typesupport_introspection_c.cpython-310-x86_64-linux-gnu.so
[0.730s] -- Up-to-date: /home/chelse/ros2_ws/install/rob599_msgs/local/lib/python3.10/dist-packages/rob599_msgs/_rob599_msgs_s.ep.rosidl_typesupport_fastrtps_c.c
[0.730s] -- Up-to-date: /home/chelse/ros2_ws/install/rob599_msgs/local/lib/python3.10/dist-packages/rob599_msgs/srv
[0.731s] -- Up-to-date: /home/chelse/ros2_ws/install/rob599_msgs/local/lib/python3.10/dist-packages/rob599_msgs/srv/_doubler.py
[0.731s] -- Up-to-date: /home/chelse/ros2_ws/install/rob599_msgs/local/lib/python3.10/dist-packages/rob599_msgs/srv/__init__.py
[0.731s] -- Up-to-date: /home/chelse/ros2_ws/install/rob599_msgs/local/lib/python3.10/dist-packages/rob599_msgs/srv/_fib_service_s.c
[0.731s] -- Up-to-date: /home/chelse/ros2_ws/install/rob599_msgs/local/lib/python3.10/dist-packages/rob599_msgs/srv/_doubler_s.c
[0.731s] -- Up-to-date: /home/chelse/ros2_ws/install/rob599_msgs/local/lib/python3.10/dist-packages/rob599_msgs/srv/_fib_service.py
[0.731s] -- Up-to-date: /home/chelse/ros2_ws/install/rob599_msgs/local/lib/python3.10/dist-packages/rob599_msgs/_rob599_msgs_s.ep.rosidl_typesupport_introspection_c.c
[0.749s] Listing '/home/chelse/ros2_ws/install/rob599_msgs/local/lib/python3.10/dist-packages/rob599_msgs'...
[0.749s] Listing '/home/chelse/ros2_ws/install/rob599_msgs/local/lib/python3.10/dist-packages/rob599_msgs/action'...
[0.749s] Listing '/home/chelse/ros2_ws/install/rob599_msgs/local/lib/python3.10/dist-packages/rob599_msgs/srv'...
[0.754s] -- Up-to-date: /home/chelse/ros2_ws/install/rob599_msgs/local/lib/python3.10/dist-packages/rob599_msgs/rob599_msgs_s__rosidl_typesupport_fastrtps_c.cpython-310-x86_64-linux-gnu.so
[0.754s] -- Up-to-date: /home/chelse/ros2_ws/install/rob599_msgs/local/lib/python3.10/dist-packages/rob599_msgs/rob599_msgs_s__rosidl_typesupport_introspection_c.cpython-310-x86_64-linux-gnu.so
[0.755s] -- Up-to-date: /home/chelse/ros2_ws/install/rob599_msgs/local/lib/python3.10/dist-packages/rob599_msgs/rob599_msgs_s__rosidl_typesupport_c.cpython-310-x86_64-linux-gnu.so
[0.756s] -- Up-to-date: /home/chelse/ros2_ws/install/rob599_msgs/lib/librob599_msgs__rosidl_generator_py.so
[0.756s] -- Up-to-date: /home/chelse/ros2_ws/install/rob599_msgs/share/rob599_msgs/srv/Doubler.idl
[0.756s] -- Up-to-date: /home/chelse/ros2_ws/install/rob599_msgs/share/rob599_msgs/srv/FibService.idl
[0.756s] -- Up-to-date: /home/chelse/ros2_ws/install/rob599_msgs/share/rob599_msgs/action/Fibonacci.idl
[0.756s] -- Up-to-date: /home/chelse/ros2_ws/install/rob599_msgs/share/rob599_msgs/srv/Doubler.srv
[0.757s] -- Up-to-date: /home/chelse/ros2_ws/install/rob599_msgs/share/rob599_msgs/srv/Doubler_Request.msg
[0.757s] -- Up-to-date: /home/chelse/ros2_ws/install/rob599_msgs/share/rob599_msgs/srv/Doubler_Response.msg
[0.757s] -- Up-to-date: /home/chelse/ros2_ws/install/rob599_msgs/share/rob599_msgs/srv/FibService.srv
[0.757s] -- Up-to-date: /home/chelse/ros2_ws/install/rob599_msgs/share/rob599_msgs/srv/FibService_Request.msg
[0.757s] -- Up-to-date: /home/chelse/ros2_ws/install/rob599_msgs/share/rob599_msgs/srv/FibService_Response.msg
[0.757s] -- Up-to-date: /home/chelse/ros2_ws/install/rob599_msgs/share/rob599_msgs/action/Fibonacci.action
[0.758s] -- Up-to-date: /home/chelse/ros2_ws/install/rob599_msgs/share/ament_index/resource_index/package_run_dependencies/rob599_msgs
[0.758s] -- Up-to-date: /home/chelse/ros2_ws/install/rob599_msgs/share/ament_index/resource_index/parent_prefix_path/rob599_msgs
[0.758s] -- Up-to-date: /home/chelse/ros2_ws/install/rob599_msgs/share/rob599_msgs/environment/ament_prefix_path.sh
[0.758s] -- Up-to-date: /home/chelse/ros2_ws/install/rob599_msgs/share/rob599_msgs/environment/ament_prefix_path.dsv
[0.758s] -- Up-to-date: /home/chelse/ros2_ws/install/rob599_msgs/share/rob599_msgs/environment/path.sh
[0.758s] -- Up-to-date: /home/chelse/ros2_ws/install/rob599_msgs/share/rob599_msgs/environment/path.dsv
[0.758s] -- Up-to-date: /home/chelse/ros2_ws/install/rob599_msgs/share/rob599_msgs/local_setup.bash
[0.758s] -- Up-to-date: /home/chelse/ros2_ws/install/rob599_msgs/share/rob599_msgs/local_setup.sh
[0.759s] -- Up-to-date: /home/chelse/ros2_ws/install/rob599_msgs/share/rob599_msgs/local_setup.zsh
[0.759s] -- Up-to-date: /home/chelse/ros2_ws/install/rob599_msgs/share/rob599_msgs/local_setup.dsv
[0.759s] -- Installing: /home/chelse/ros2_ws/install/rob599_msgs/share/rob599_msgs/package.dsv
[0.759s] -- Up-to-date: /home/chelse/ros2_ws/install/rob599_msgs/share/ament_index/resource_index/packages/rob599_msgs
[0.759s] -- Up-to-date: /home/chelse/ros2_ws/install/rob599_msgs/share/rob599_msgs/cmake/export_rob599_msgs__rosidl_generator_cExport.cmake
[0.759s] -- Up-to-date: /home/chelse/ros2_ws/install/rob599_msgs/share/rob599_msgs/cmake/export_rob599_msgs__rosidl_generator_cExport-noconfig.cmake
[0.759s] -- Up-to-date: /home/chelse/ros2_ws/install/rob599_msgs/share/rob599_msgs/cmake/export_rob599_msgs__rosidl_typesupport_fastrtps_cExport.cmake
[0.759s] -- Up-to-date: /home/chelse/ros2_ws/install/rob599_msgs/share/rob599_msgs/cmake/export_rob599_msgs__rosidl_typesupport_fastrtps_cExport-noconfig.cmake
[0.760s] -- Up-to-date: /home/chelse/ros2_ws/install/rob599_msgs/share/rob599_msgs/cmake/rob599_msgs__rosidl_typesupport_introspection_cExport.cmake
[0.760s] -- Up-to-date: /home/chelse/ros2_ws/install/rob599_msgs/share/rob599_msgs/cmake/rob599_msgs__rosidl_typesupport_introspection_cExport-noconfig.cmake
[0.760s] -- Up-to-date: /home/chelse/ros2_ws/install/rob599_msgs/share/rob599_msgs/cmake/rob599_msgs__rosidl_typesupport_cExport.cmake
[0.760s] -- Up-to-date: /home/chelse/ros2_ws/install/rob599_msgs/share/rob599_msgs/cmake/rob599_msgs__rosidl_typesupport_cExport-noconfig.cmake
[0.760s] -- Up-to-date: /home/chelse/ros2_ws/install/rob599_msgs/share/rob599_msgs/cmake/export_rob599_msgs__rosidl_generator_cppExport.cmake
[0.760s] -- Up-to-date: /home/chelse/ros2_ws/install/rob599_msgs/share/rob599_msgs/cmake/export_rob599_msgs__rosidl_typesupport_fastrtps_cppExport.cmake
[0.760s] -- Up-to-date: /home/chelse/ros2_ws/install/rob599_msgs/share/rob599_msgs/cmake/export_rob599_msgs__rosidl_typesupport_fastrtps_cppExport-noconfig.cmake
[0.760s] -- Up-to-date: /home/chelse/ros2_ws/install/rob599_msgs/share/rob599_msgs/cmake/rob599_msgs__rosidl_typesupport_introspection_cppExport.cmake
[0.761s] -- Up-to-date: /home/chelse/ros2_ws/install/rob599_msgs/share/rob599_msgs/cmake/rob599_msgs__rosidl_typesupport_introspection_cppExport-noconfig.cmake
[0.761s] -- Up-to-date: /home/chelse/ros2_ws/install/rob599_msgs/share/rob599_msgs/cmake/rob599_msgs__rosidl_typesupport_cppExport.cmake
[0.761s] -- Up-to-date: /home/chelse/ros2_ws/install/rob599_msgs/share/rob599_msgs/cmake/rob599_msgs__rosidl_typesupport_cppExport-noconfig.cmake
[0.761s] -- Up-to-date: /home/chelse/ros2_ws/install/rob599_msgs/share/rob599_msgs/cmake/export_rob599_msgs__rosidl_generator_pyExport.cmake
[0.761s] -- Up-to-date: /home/chelse/ros2_ws/install/rob599_msgs/share/rob599_msgs/cmake/export_rob599_msgs__rosidl_generator_pyExport-noconfig.cmake
[0.761s] -- Up-to-date: /home/chelse/ros2_ws/install/rob599_msgs/share/rob599_msgs/cmake/rosidl_cmake-extras.cmake
[0.761s] -- Up-to-date: /home/chelse/ros2_ws/install/rob599_msgs/share/rob599_msgs/cmake/ament_cmake_export_dependencies-extras.cmake
[0.761s] -- Up-to-date: /home/chelse/ros2_ws/install/rob599_msgs/share/rob599_msgs/cmake/ament_cmake_export_include_directories-extras.cmake
[0.761s] -- Up-to-date: /home/chelse/ros2_ws/install/rob599_msgs/share/rob599_msgs/cmake/ament_cmake_export_libraries-extras.cmake
[0.761s] -- Up-to-date: /home/chelse/ros2_ws/install/rob599_msgs/share/rob599_msgs/cmake/ament_cmake_export_targets-extras.cmake
[0.761s] -- Up-to-date: /home/chelse/ros2_ws/install/rob599_msgs/share/rob599_msgs/cmake/rosidl_cmake_export_typesupport_targets-extras.cmake
[0.761s] -- Up-to-date: /home/chelse/ros2_ws/install/rob599_msgs/share/rob599_msgs/cmake/rosidl_cmake_export_typesupport_libraries-extras.cmake
[0.761s] -- Up-to-date: /home/chelse/ros2_ws/install/rob599_msgs/share/rob599_msgs/cmake/rob599_msgsConfig.cmake
[0.761s] -- Up-to-date: /home/chelse/ros2_ws/install/rob599_msgs/share/rob599_msgs/cmake/rob599_msgsConfig-version.cmake
[0.762s] -- Up-to-date: /home/chelse/ros2_ws/install/rob599_msgs/share/rob599_msgs/package.xml
[0.763s] Invoked command in '/home/chelse/ros2_ws/build/rob599_msgs' returned '0': CMAKE_PREFIX_PATH=${CMAKE_PREFIX_PATH}:/opt/ros/humble:/home/chelse/ros2_ws/install/rob599_basic /usr/bin/cmake --install /home/chelse/ros2_ws/build/rob599_msgs
