[1.712s] Invoking command in '/home/chelse/ros2_ws/src/rob599_hw2': PYTHONPATH=/home/chelse/ros2_ws/build/rob599_hw2/prefix_override:/home/chelse/ros2_ws/install/rob599_hw2/lib/python3.10/site-packages:${PYTHONPATH} /usr/bin/python3 setup.py egg_info --egg-base ../../build/rob599_hw2 build --build-base /home/chelse/ros2_ws/build/rob599_hw2/build install --record /home/chelse/ros2_ws/build/rob599_hw2/install.log --single-version-externally-managed
[2.204s] running egg_info
[2.205s] writing ../../build/rob599_hw2/rob599_hw2.egg-info/PKG-INFO
[2.207s] writing dependency_links to ../../build/rob599_hw2/rob599_hw2.egg-info/dependency_links.txt
[2.208s] writing entry points to ../../build/rob599_hw2/rob599_hw2.egg-info/entry_points.txt
[2.209s] writing requirements to ../../build/rob599_hw2/rob599_hw2.egg-info/requires.txt
[2.210s] writing top-level names to ../../build/rob599_hw2/rob599_hw2.egg-info/top_level.txt
[2.211s] reading manifest file '../../build/rob599_hw2/rob599_hw2.egg-info/SOURCES.txt'
[2.212s] adding license file 'LICENSE'
[2.214s] writing manifest file '../../build/rob599_hw2/rob599_hw2.egg-info/SOURCES.txt'
[2.217s] running build
[2.218s] running build_py
[2.219s] copying rob599_hw2/speed_limiter.py -> /home/chelse/ros2_ws/build/rob599_hw2/build/lib/rob599_hw2
[2.220s] /usr/lib/python3/dist-packages/setuptools/command/install.py:34: SetuptoolsDeprecationWarning: setup.py install is deprecated. Use build and pip and other standards-based tools.
[2.221s]   warnings.warn(
[2.222s] running install
[2.222s] running install_lib
[2.223s] copying /home/chelse/ros2_ws/build/rob599_hw2/build/lib/rob599_hw2/speed_limiter.py -> /home/chelse/ros2_ws/install/rob599_hw2/lib/python3.10/site-packages/rob599_hw2
[2.224s] byte-compiling /home/chelse/ros2_ws/install/rob599_hw2/lib/python3.10/site-packages/rob599_hw2/speed_limiter.py to speed_limiter.cpython-310.pyc
[2.224s] running install_data
[2.225s] running install_egg_info
[2.227s] removing '/home/chelse/ros2_ws/install/rob599_hw2/lib/python3.10/site-packages/rob599_hw2-0.0.0-py3.10.egg-info' (and everything under it)
[2.228s] Copying ../../build/rob599_hw2/rob599_hw2.egg-info to /home/chelse/ros2_ws/install/rob599_hw2/lib/python3.10/site-packages/rob599_hw2-0.0.0-py3.10.egg-info
[2.230s] running install_scripts
[2.280s] Installing speed_limiter script to /home/chelse/ros2_ws/install/rob599_hw2/lib/rob599_hw2
[2.281s] Installing speed_publisher script to /home/chelse/ros2_ws/install/rob599_hw2/lib/rob599_hw2
[2.281s] Installing twist_tester script to /home/chelse/ros2_ws/install/rob599_hw2/lib/rob599_hw2
[2.282s] writing list of installed files to '/home/chelse/ros2_ws/build/rob599_hw2/install.log'
[2.830s] Invoked command in '/home/chelse/ros2_ws/src/rob599_hw2' returned '0': PYTHONPATH=/home/chelse/ros2_ws/build/rob599_hw2/prefix_override:/home/chelse/ros2_ws/install/rob599_hw2/lib/python3.10/site-packages:${PYTHONPATH} /usr/bin/python3 setup.py egg_info --egg-base ../../build/rob599_hw2 build --build-base /home/chelse/ros2_ws/build/rob599_hw2/build install --record /home/chelse/ros2_ws/build/rob599_hw2/install.log --single-version-externally-managed
