[0.640s] Invoking command in '/home/chelse/ros2_ws/src/rob599r2/rob599_basic': AMENT_PREFIX_PATH=/home/chelse/ros2_ws/install/rob599_msgs:${AMENT_PREFIX_PATH} CMAKE_PREFIX_PATH=/home/chelse/ros2_ws/install/rob599_msgs LD_LIBRARY_PATH=/home/chelse/ros2_ws/install/rob599_msgs/lib:${LD_LIBRARY_PATH} PYTHONPATH=/home/chelse/ros2_ws/build/rob599_basic/prefix_override:/home/chelse/ros2_ws/install/rob599_basic/lib/python3.10/site-packages:/home/chelse/ros2_ws/install/rob599_msgs/local/lib/python3.10/dist-packages:${PYTHONPATH} /usr/bin/python3 setup.py egg_info --egg-base ../../../build/rob599_basic build --build-base /home/chelse/ros2_ws/build/rob599_basic/build install --record /home/chelse/ros2_ws/build/rob599_basic/install.log --install-scripts $base/lib/rob599_basic --single-version-externally-managed
[0.829s] /usr/lib/python3/dist-packages/setuptools/dist.py:723: UserWarning: Usage of dash-separated 'script-dir' will not be supported in future versions. Please use the underscore name 'script_dir' instead
[0.829s]   warnings.warn(
[0.836s] running egg_info
[0.836s] writing ../../../build/rob599_basic/rob599_basic.egg-info/PKG-INFO
[0.836s] writing dependency_links to ../../../build/rob599_basic/rob599_basic.egg-info/dependency_links.txt
[0.837s] writing entry points to ../../../build/rob599_basic/rob599_basic.egg-info/entry_points.txt
[0.837s] writing requirements to ../../../build/rob599_basic/rob599_basic.egg-info/requires.txt
[0.837s] writing top-level names to ../../../build/rob599_basic/rob599_basic.egg-info/top_level.txt
[0.838s] reading manifest file '../../../build/rob599_basic/rob599_basic.egg-info/SOURCES.txt'
[0.838s] adding license file 'LICENSE'
[0.839s] writing manifest file '../../../build/rob599_basic/rob599_basic.egg-info/SOURCES.txt'
[0.839s] running build
[0.839s] running build_py
[0.840s] running install
[0.840s] /usr/lib/python3/dist-packages/setuptools/command/install.py:34: SetuptoolsDeprecationWarning: setup.py install is deprecated. Use build and pip and other standards-based tools.
[0.840s]   warnings.warn(
[0.840s] running install_lib
[0.841s] running install_data
[0.842s] running install_egg_info
[0.843s] removing '/home/chelse/ros2_ws/install/rob599_basic/lib/python3.10/site-packages/rob599_basic-0.0.0-py3.10.egg-info' (and everything under it)
[0.844s] Copying ../../../build/rob599_basic/rob599_basic.egg-info to /home/chelse/ros2_ws/install/rob599_basic/lib/python3.10/site-packages/rob599_basic-0.0.0-py3.10.egg-info
[0.844s] running install_scripts
[0.862s] Installing action_client script to /home/chelse/ros2_ws/install/rob599_basic/lib/rob599_basic
[0.862s] Installing action_server script to /home/chelse/ros2_ws/install/rob599_basic/lib/rob599_basic
[0.862s] Installing client script to /home/chelse/ros2_ws/install/rob599_basic/lib/rob599_basic
[0.862s] Installing doubler script to /home/chelse/ros2_ws/install/rob599_basic/lib/rob599_basic
[0.862s] Installing noiser script to /home/chelse/ros2_ws/install/rob599_basic/lib/rob599_basic
[0.862s] Installing parameter_demo script to /home/chelse/ros2_ws/install/rob599_basic/lib/rob599_basic
[0.862s] Installing publisher script to /home/chelse/ros2_ws/install/rob599_basic/lib/rob599_basic
[0.862s] Installing service script to /home/chelse/ros2_ws/install/rob599_basic/lib/rob599_basic
[0.863s] Installing subscriber script to /home/chelse/ros2_ws/install/rob599_basic/lib/rob599_basic
[0.863s] writing list of installed files to '/home/chelse/ros2_ws/build/rob599_basic/install.log'
[0.881s] Invoked command in '/home/chelse/ros2_ws/src/rob599r2/rob599_basic' returned '0': AMENT_PREFIX_PATH=/home/chelse/ros2_ws/install/rob599_msgs:${AMENT_PREFIX_PATH} CMAKE_PREFIX_PATH=/home/chelse/ros2_ws/install/rob599_msgs LD_LIBRARY_PATH=/home/chelse/ros2_ws/install/rob599_msgs/lib:${LD_LIBRARY_PATH} PYTHONPATH=/home/chelse/ros2_ws/build/rob599_basic/prefix_override:/home/chelse/ros2_ws/install/rob599_basic/lib/python3.10/site-packages:/home/chelse/ros2_ws/install/rob599_msgs/local/lib/python3.10/dist-packages:${PYTHONPATH} /usr/bin/python3 setup.py egg_info --egg-base ../../../build/rob599_basic build --build-base /home/chelse/ros2_ws/build/rob599_basic/build install --record /home/chelse/ros2_ws/build/rob599_basic/install.log --install-scripts $base/lib/rob599_basic --single-version-externally-managed
