running egg_info
writing ../../build/rob599_hw2/rob599_hw2.egg-info/PKG-INFO
writing dependency_links to ../../build/rob599_hw2/rob599_hw2.egg-info/dependency_links.txt
writing entry points to ../../build/rob599_hw2/rob599_hw2.egg-info/entry_points.txt
writing requirements to ../../build/rob599_hw2/rob599_hw2.egg-info/requires.txt
writing top-level names to ../../build/rob599_hw2/rob599_hw2.egg-info/top_level.txt
reading manifest file '../../build/rob599_hw2/rob599_hw2.egg-info/SOURCES.txt'
adding license file 'LICENSE'
writing manifest file '../../build/rob599_hw2/rob599_hw2.egg-info/SOURCES.txt'
running build
running build_py
copying rob599_hw2/twist_tester.py -> /home/chelse/ros2_ws/build/rob599_hw2/build/lib/rob599_hw2
running install
/usr/lib/python3/dist-packages/setuptools/command/install.py:34: SetuptoolsDeprecationWarning: setup.py install is deprecated. Use build and pip and other standards-based tools.
  warnings.warn(
running install_lib
copying /home/chelse/ros2_ws/build/rob599_hw2/build/lib/rob599_hw2/twist_tester.py -> /home/chelse/ros2_ws/install/rob599_hw2/lib/python3.10/site-packages/rob599_hw2
byte-compiling /home/chelse/ros2_ws/install/rob599_hw2/lib/python3.10/site-packages/rob599_hw2/twist_tester.py to twist_tester.cpython-310.pyc
running install_data
running install_egg_info
removing '/home/chelse/ros2_ws/install/rob599_hw2/lib/python3.10/site-packages/rob599_hw2-0.0.0-py3.10.egg-info' (and everything under it)
Copying ../../build/rob599_hw2/rob599_hw2.egg-info to /home/chelse/ros2_ws/install/rob599_hw2/lib/python3.10/site-packages/rob599_hw2-0.0.0-py3.10.egg-info
running install_scripts
Installing speed_limiter script to /home/chelse/ros2_ws/install/rob599_hw2/lib/rob599_hw2
Installing speed_publisher script to /home/chelse/ros2_ws/install/rob599_hw2/lib/rob599_hw2
Installing twist_tester script to /home/chelse/ros2_ws/install/rob599_hw2/lib/rob599_hw2
writing list of installed files to '/home/chelse/ros2_ws/build/rob599_hw2/install.log'
