[0.781s] Invoking command in '/home/chelse/ros2_ws/src/rob599_hw2': PYTHONPATH=/home/chelse/ros2_ws/build/rob599_hw2/prefix_override:/home/chelse/ros2_ws/install/rob599_hw2/lib/python3.10/site-packages:${PYTHONPATH} /usr/bin/python3 setup.py egg_info --egg-base ../../build/rob599_hw2 build --build-base /home/chelse/ros2_ws/build/rob599_hw2/build install --record /home/chelse/ros2_ws/build/rob599_hw2/install.log --single-version-externally-managed
[0.994s] running egg_info
[0.995s] writing ../../build/rob599_hw2/rob599_hw2.egg-info/PKG-INFO
[0.995s] writing dependency_links to ../../build/rob599_hw2/rob599_hw2.egg-info/dependency_links.txt
[0.995s] writing entry points to ../../build/rob599_hw2/rob599_hw2.egg-info/entry_points.txt
[0.995s] writing requirements to ../../build/rob599_hw2/rob599_hw2.egg-info/requires.txt
[0.995s] writing top-level names to ../../build/rob599_hw2/rob599_hw2.egg-info/top_level.txt
[0.997s] reading manifest file '../../build/rob599_hw2/rob599_hw2.egg-info/SOURCES.txt'
[0.997s] adding license file 'LICENSE'
[0.998s] writing manifest file '../../build/rob599_hw2/rob599_hw2.egg-info/SOURCES.txt'
[0.998s] running build
[0.998s] running build_py
[0.999s] copying rob599_hw2/speed_publisher.py -> /home/chelse/ros2_ws/build/rob599_hw2/build/lib/rob599_hw2
[0.999s] copying rob599_hw2/twist_tester.py -> /home/chelse/ros2_ws/build/rob599_hw2/build/lib/rob599_hw2
[0.999s] running install
[0.999s] /usr/lib/python3/dist-packages/setuptools/command/install.py:34: SetuptoolsDeprecationWarning: setup.py install is deprecated. Use build and pip and other standards-based tools.
[0.999s]   warnings.warn(
[1.000s] running install_lib
[1.000s] copying /home/chelse/ros2_ws/build/rob599_hw2/build/lib/rob599_hw2/speed_publisher.py -> /home/chelse/ros2_ws/install/rob599_hw2/lib/python3.10/site-packages/rob599_hw2
[1.001s] copying /home/chelse/ros2_ws/build/rob599_hw2/build/lib/rob599_hw2/twist_tester.py -> /home/chelse/ros2_ws/install/rob599_hw2/lib/python3.10/site-packages/rob599_hw2
[1.001s] byte-compiling /home/chelse/ros2_ws/install/rob599_hw2/lib/python3.10/site-packages/rob599_hw2/speed_publisher.py to speed_publisher.cpython-310.pyc
[1.002s] byte-compiling /home/chelse/ros2_ws/install/rob599_hw2/lib/python3.10/site-packages/rob599_hw2/twist_tester.py to twist_tester.cpython-310.pyc
[1.003s] running install_data
[1.003s] running install_egg_info
[1.005s] removing '/home/chelse/ros2_ws/install/rob599_hw2/lib/python3.10/site-packages/rob599_hw2-0.0.0-py3.10.egg-info' (and everything under it)
[1.005s] Copying ../../build/rob599_hw2/rob599_hw2.egg-info to /home/chelse/ros2_ws/install/rob599_hw2/lib/python3.10/site-packages/rob599_hw2-0.0.0-py3.10.egg-info
[1.006s] running install_scripts
[1.024s] Installing speed_limiter script to /home/chelse/ros2_ws/install/rob599_hw2/lib/rob599_hw2
[1.024s] Installing speed_publisher script to /home/chelse/ros2_ws/install/rob599_hw2/lib/rob599_hw2
[1.024s] Installing twist_tester script to /home/chelse/ros2_ws/install/rob599_hw2/lib/rob599_hw2
[1.024s] writing list of installed files to '/home/chelse/ros2_ws/build/rob599_hw2/install.log'
[1.225s] Invoked command in '/home/chelse/ros2_ws/src/rob599_hw2' returned '0': PYTHONPATH=/home/chelse/ros2_ws/build/rob599_hw2/prefix_override:/home/chelse/ros2_ws/install/rob599_hw2/lib/python3.10/site-packages:${PYTHONPATH} /usr/bin/python3 setup.py egg_info --egg-base ../../build/rob599_hw2 build --build-base /home/chelse/ros2_ws/build/rob599_hw2/build install --record /home/chelse/ros2_ws/build/rob599_hw2/install.log --single-version-externally-managed
