[1.682s] Invoking command in '/home/chelse/ros2_ws/src/rob599_hw2': PYTHONPATH=/home/chelse/ros2_ws/build/rob599_hw2/prefix_override:/home/chelse/ros2_ws/install/rob599_hw2/lib/python3.10/site-packages:${PYTHONPATH} /usr/bin/python3 setup.py egg_info --egg-base ../../build/rob599_hw2 build --build-base /home/chelse/ros2_ws/build/rob599_hw2/build install --record /home/chelse/ros2_ws/build/rob599_hw2/install.log --single-version-externally-managed
[2.287s] running egg_info
[2.289s] writing ../../build/rob599_hw2/rob599_hw2.egg-info/PKG-INFO
[2.289s] writing dependency_links to ../../build/rob599_hw2/rob599_hw2.egg-info/dependency_links.txt
[2.290s] writing entry points to ../../build/rob599_hw2/rob599_hw2.egg-info/entry_points.txt
[2.290s] writing requirements to ../../build/rob599_hw2/rob599_hw2.egg-info/requires.txt
[2.291s] writing top-level names to ../../build/rob599_hw2/rob599_hw2.egg-info/top_level.txt
[2.295s] reading manifest file '../../build/rob599_hw2/rob599_hw2.egg-info/SOURCES.txt'
[2.297s] writing manifest file '../../build/rob599_hw2/rob599_hw2.egg-info/SOURCES.txt'
[2.297s] running build
[2.298s] running build_py
[2.299s] running install
[2.300s] /usr/lib/python3/dist-packages/setuptools/command/install.py:34: SetuptoolsDeprecationWarning: setup.py install is deprecated. Use build and pip and other standards-based tools.
[2.300s]   warnings.warn(
[2.300s] running install_lib
[2.304s] running install_data
[2.305s] running install_egg_info
[2.310s] removing '/home/chelse/ros2_ws/install/rob599_hw2/lib/python3.10/site-packages/rob599_hw2-0.0.0-py3.10.egg-info' (and everything under it)
[2.311s] Copying ../../build/rob599_hw2/rob599_hw2.egg-info to /home/chelse/ros2_ws/install/rob599_hw2/lib/python3.10/site-packages/rob599_hw2-0.0.0-py3.10.egg-info
[2.313s] running install_scripts
[2.363s] Installing nasa script to /home/chelse/ros2_ws/install/rob599_hw2/lib/rob599_hw2
[2.364s] Installing nasa_client script to /home/chelse/ros2_ws/install/rob599_hw2/lib/rob599_hw2
[2.364s] Installing speed_limiter script to /home/chelse/ros2_ws/install/rob599_hw2/lib/rob599_hw2
[2.365s] Installing speed_publisher script to /home/chelse/ros2_ws/install/rob599_hw2/lib/rob599_hw2
[2.365s] Installing twist_tester script to /home/chelse/ros2_ws/install/rob599_hw2/lib/rob599_hw2
[2.366s] writing list of installed files to '/home/chelse/ros2_ws/build/rob599_hw2/install.log'
[2.413s] Invoked command in '/home/chelse/ros2_ws/src/rob599_hw2' returned '0': PYTHONPATH=/home/chelse/ros2_ws/build/rob599_hw2/prefix_override:/home/chelse/ros2_ws/install/rob599_hw2/lib/python3.10/site-packages:${PYTHONPATH} /usr/bin/python3 setup.py egg_info --egg-base ../../build/rob599_hw2 build --build-base /home/chelse/ros2_ws/build/rob599_hw2/build install --record /home/chelse/ros2_ws/build/rob599_hw2/install.log --single-version-externally-managed
