[0.186s] Invoking command in '/home/chelse/ros2_ws/build/rob599_hw2_msgs': CMAKE_PREFIX_PATH=${CMAKE_PREFIX_PATH}:/opt/ros/humble:/home/chelse/ros2_ws/install/rob599_basic /usr/bin/cmake --build /home/chelse/ros2_ws/build/rob599_hw2_msgs -- -j12 -l12
[0.240s] [  3%] Built target rob599_hw2_msgs__cpp
[0.241s] [ 12%] Built target rob599_hw2_msgs__rosidl_generator_c
[0.259s] [ 12%] Built target ament_cmake_python_copy_rob599_hw2_msgs
[0.285s] [ 22%] Built target rob599_hw2_msgs__rosidl_typesupport_cpp
[0.302s] [ 32%] Built target rob599_hw2_msgs__rosidl_typesupport_introspection_cpp
[0.305s] [ 41%] Built target rob599_hw2_msgs__rosidl_typesupport_fastrtps_cpp
[0.307s] [ 51%] Built target rob599_hw2_msgs__rosidl_typesupport_fastrtps_c
[0.313s] [ 61%] Built target rob599_hw2_msgs__rosidl_typesupport_introspection_c
[0.333s] [ 70%] Built target rob599_hw2_msgs__rosidl_typesupport_c
[0.380s] [ 70%] Built target rob599_hw2_msgs
[0.399s] [ 74%] Built target rob599_hw2_msgs__py
[0.425s] [ 80%] Built target rob599_hw2_msgs__rosidl_generator_py
[0.462s] [ 93%] Built target rob599_hw2_msgs__rosidl_typesupport_introspection_c__pyext
[0.462s] [ 93%] Built target rob599_hw2_msgs__rosidl_typesupport_fastrtps_c__pyext
[0.462s] [100%] Built target rob599_hw2_msgs__rosidl_typesupport_c__pyext
[0.597s] running egg_info
[0.597s] writing rob599_hw2_msgs.egg-info/PKG-INFO
[0.598s] writing dependency_links to rob599_hw2_msgs.egg-info/dependency_links.txt
[0.598s] writing top-level names to rob599_hw2_msgs.egg-info/top_level.txt
[0.600s] reading manifest file 'rob599_hw2_msgs.egg-info/SOURCES.txt'
[0.600s] writing manifest file 'rob599_hw2_msgs.egg-info/SOURCES.txt'
[0.634s] [100%] Built target ament_cmake_python_build_rob599_hw2_msgs_egg
[0.645s] Invoked command in '/home/chelse/ros2_ws/build/rob599_hw2_msgs' returned '0': CMAKE_PREFIX_PATH=${CMAKE_PREFIX_PATH}:/opt/ros/humble:/home/chelse/ros2_ws/install/rob599_basic /usr/bin/cmake --build /home/chelse/ros2_ws/build/rob599_hw2_msgs -- -j12 -l12
[0.716s] Invoking command in '/home/chelse/ros2_ws/build/rob599_hw2_msgs': CMAKE_PREFIX_PATH=${CMAKE_PREFIX_PATH}:/opt/ros/humble:/home/chelse/ros2_ws/install/rob599_basic /usr/bin/cmake --install /home/chelse/ros2_ws/build/rob599_hw2_msgs
[0.724s] -- Install configuration: ""
[0.724s] -- Up-to-date: /home/chelse/ros2_ws/install/rob599_hw2_msgs/share/ament_index/resource_index/rosidl_interfaces/rob599_hw2_msgs
[0.725s] -- Up-to-date: /home/chelse/ros2_ws/install/rob599_hw2_msgs/include/rob599_hw2_msgs/rob599_hw2_msgs
[0.725s] -- Up-to-date: /home/chelse/ros2_ws/install/rob599_hw2_msgs/include/rob599_hw2_msgs/rob599_hw2_msgs/msg
[0.725s] -- Up-to-date: /home/chelse/ros2_ws/install/rob599_hw2_msgs/include/rob599_hw2_msgs/rob599_hw2_msgs/msg/rosidl_generator_c__visibility_control.h
[0.725s] -- Up-to-date: /home/chelse/ros2_ws/install/rob599_hw2_msgs/include/rob599_hw2_msgs/rob599_hw2_msgs/srv
[0.725s] -- Up-to-date: /home/chelse/ros2_ws/install/rob599_hw2_msgs/include/rob599_hw2_msgs/rob599_hw2_msgs/srv/detail
[0.725s] -- Up-to-date: /home/chelse/ros2_ws/install/rob599_hw2_msgs/include/rob599_hw2_msgs/rob599_hw2_msgs/srv/detail/apply_brakes__type_support.h
[0.725s] -- Up-to-date: /home/chelse/ros2_ws/install/rob599_hw2_msgs/include/rob599_hw2_msgs/rob599_hw2_msgs/srv/detail/apply_brakes__struct.h
[0.726s] -- Up-to-date: /home/chelse/ros2_ws/install/rob599_hw2_msgs/include/rob599_hw2_msgs/rob599_hw2_msgs/srv/detail/apply_brakes__functions.c
[0.726s] -- Up-to-date: /home/chelse/ros2_ws/install/rob599_hw2_msgs/include/rob599_hw2_msgs/rob599_hw2_msgs/srv/detail/apply_brakes__functions.h
[0.726s] -- Up-to-date: /home/chelse/ros2_ws/install/rob599_hw2_msgs/include/rob599_hw2_msgs/rob599_hw2_msgs/srv/apply_brakes.h
[0.726s] -- Up-to-date: /home/chelse/ros2_ws/install/rob599_hw2_msgs/share/rob599_hw2_msgs/environment/library_path.sh
[0.726s] -- Up-to-date: /home/chelse/ros2_ws/install/rob599_hw2_msgs/share/rob599_hw2_msgs/environment/library_path.dsv
[0.726s] -- Up-to-date: /home/chelse/ros2_ws/install/rob599_hw2_msgs/lib/librob599_hw2_msgs__rosidl_generator_c.so
[0.727s] -- Up-to-date: /home/chelse/ros2_ws/install/rob599_hw2_msgs/include/rob599_hw2_msgs/rob599_hw2_msgs
[0.727s] -- Up-to-date: /home/chelse/ros2_ws/install/rob599_hw2_msgs/include/rob599_hw2_msgs/rob599_hw2_msgs/msg
[0.727s] -- Up-to-date: /home/chelse/ros2_ws/install/rob599_hw2_msgs/include/rob599_hw2_msgs/rob599_hw2_msgs/msg/rosidl_typesupport_fastrtps_c__visibility_control.h
[0.727s] -- Up-to-date: /home/chelse/ros2_ws/install/rob599_hw2_msgs/include/rob599_hw2_msgs/rob599_hw2_msgs/srv
[0.727s] -- Up-to-date: /home/chelse/ros2_ws/install/rob599_hw2_msgs/include/rob599_hw2_msgs/rob599_hw2_msgs/srv/detail
[0.727s] -- Up-to-date: /home/chelse/ros2_ws/install/rob599_hw2_msgs/include/rob599_hw2_msgs/rob599_hw2_msgs/srv/detail/apply_brakes__rosidl_typesupport_fastrtps_c.h
[0.727s] -- Up-to-date: /home/chelse/ros2_ws/install/rob599_hw2_msgs/lib/librob599_hw2_msgs__rosidl_typesupport_fastrtps_c.so
[0.728s] -- Up-to-date: /home/chelse/ros2_ws/install/rob599_hw2_msgs/include/rob599_hw2_msgs/rob599_hw2_msgs
[0.728s] -- Up-to-date: /home/chelse/ros2_ws/install/rob599_hw2_msgs/include/rob599_hw2_msgs/rob599_hw2_msgs/msg
[0.728s] -- Up-to-date: /home/chelse/ros2_ws/install/rob599_hw2_msgs/include/rob599_hw2_msgs/rob599_hw2_msgs/msg/rosidl_typesupport_introspection_c__visibility_control.h
[0.728s] -- Up-to-date: /home/chelse/ros2_ws/install/rob599_hw2_msgs/include/rob599_hw2_msgs/rob599_hw2_msgs/srv
[0.728s] -- Up-to-date: /home/chelse/ros2_ws/install/rob599_hw2_msgs/include/rob599_hw2_msgs/rob599_hw2_msgs/srv/detail
[0.728s] -- Up-to-date: /home/chelse/ros2_ws/install/rob599_hw2_msgs/include/rob599_hw2_msgs/rob599_hw2_msgs/srv/detail/apply_brakes__rosidl_typesupport_introspection_c.h
[0.729s] -- Up-to-date: /home/chelse/ros2_ws/install/rob599_hw2_msgs/include/rob599_hw2_msgs/rob599_hw2_msgs/srv/detail/apply_brakes__type_support.c
[0.729s] -- Up-to-date: /home/chelse/ros2_ws/install/rob599_hw2_msgs/lib/librob599_hw2_msgs__rosidl_typesupport_introspection_c.so
[0.729s] -- Up-to-date: /home/chelse/ros2_ws/install/rob599_hw2_msgs/lib/librob599_hw2_msgs__rosidl_typesupport_c.so
[0.729s] -- Up-to-date: /home/chelse/ros2_ws/install/rob599_hw2_msgs/include/rob599_hw2_msgs/rob599_hw2_msgs
[0.729s] -- Up-to-date: /home/chelse/ros2_ws/install/rob599_hw2_msgs/include/rob599_hw2_msgs/rob599_hw2_msgs/srv
[0.729s] -- Up-to-date: /home/chelse/ros2_ws/install/rob599_hw2_msgs/include/rob599_hw2_msgs/rob599_hw2_msgs/srv/detail
[0.729s] -- Up-to-date: /home/chelse/ros2_ws/install/rob599_hw2_msgs/include/rob599_hw2_msgs/rob599_hw2_msgs/srv/detail/apply_brakes__struct.hpp
[0.729s] -- Up-to-date: /home/chelse/ros2_ws/install/rob599_hw2_msgs/include/rob599_hw2_msgs/rob599_hw2_msgs/srv/detail/apply_brakes__traits.hpp
[0.730s] -- Up-to-date: /home/chelse/ros2_ws/install/rob599_hw2_msgs/include/rob599_hw2_msgs/rob599_hw2_msgs/srv/detail/apply_brakes__builder.hpp
[0.730s] -- Up-to-date: /home/chelse/ros2_ws/install/rob599_hw2_msgs/include/rob599_hw2_msgs/rob599_hw2_msgs/srv/apply_brakes.hpp
[0.730s] -- Up-to-date: /home/chelse/ros2_ws/install/rob599_hw2_msgs/include/rob599_hw2_msgs/rob599_hw2_msgs
[0.730s] -- Up-to-date: /home/chelse/ros2_ws/install/rob599_hw2_msgs/include/rob599_hw2_msgs/rob599_hw2_msgs/msg
[0.730s] -- Up-to-date: /home/chelse/ros2_ws/install/rob599_hw2_msgs/include/rob599_hw2_msgs/rob599_hw2_msgs/msg/rosidl_typesupport_fastrtps_cpp__visibility_control.h
[0.731s] -- Up-to-date: /home/chelse/ros2_ws/install/rob599_hw2_msgs/include/rob599_hw2_msgs/rob599_hw2_msgs/srv
[0.731s] -- Up-to-date: /home/chelse/ros2_ws/install/rob599_hw2_msgs/include/rob599_hw2_msgs/rob599_hw2_msgs/srv/detail
[0.731s] -- Up-to-date: /home/chelse/ros2_ws/install/rob599_hw2_msgs/include/rob599_hw2_msgs/rob599_hw2_msgs/srv/detail/apply_brakes__rosidl_typesupport_fastrtps_cpp.hpp
[0.731s] -- Up-to-date: /home/chelse/ros2_ws/install/rob599_hw2_msgs/include/rob599_hw2_msgs/rob599_hw2_msgs/srv/detail/dds_fastrtps
[0.731s] -- Up-to-date: /home/chelse/ros2_ws/install/rob599_hw2_msgs/lib/librob599_hw2_msgs__rosidl_typesupport_fastrtps_cpp.so
[0.731s] -- Up-to-date: /home/chelse/ros2_ws/install/rob599_hw2_msgs/include/rob599_hw2_msgs/rob599_hw2_msgs
[0.731s] -- Up-to-date: /home/chelse/ros2_ws/install/rob599_hw2_msgs/include/rob599_hw2_msgs/rob599_hw2_msgs/srv
[0.732s] -- Up-to-date: /home/chelse/ros2_ws/install/rob599_hw2_msgs/include/rob599_hw2_msgs/rob599_hw2_msgs/srv/detail
[0.732s] -- Up-to-date: /home/chelse/ros2_ws/install/rob599_hw2_msgs/include/rob599_hw2_msgs/rob599_hw2_msgs/srv/detail/apply_brakes__rosidl_typesupport_introspection_cpp.hpp
[0.732s] -- Up-to-date: /home/chelse/ros2_ws/install/rob599_hw2_msgs/include/rob599_hw2_msgs/rob599_hw2_msgs/srv/detail/apply_brakes__type_support.cpp
[0.732s] -- Up-to-date: /home/chelse/ros2_ws/install/rob599_hw2_msgs/lib/librob599_hw2_msgs__rosidl_typesupport_introspection_cpp.so
[0.732s] -- Up-to-date: /home/chelse/ros2_ws/install/rob599_hw2_msgs/lib/librob599_hw2_msgs__rosidl_typesupport_cpp.so
[0.732s] -- Up-to-date: /home/chelse/ros2_ws/install/rob599_hw2_msgs/share/rob599_hw2_msgs/environment/pythonpath.sh
[0.732s] -- Up-to-date: /home/chelse/ros2_ws/install/rob599_hw2_msgs/share/rob599_hw2_msgs/environment/pythonpath.dsv
[0.732s] -- Up-to-date: /home/chelse/ros2_ws/install/rob599_hw2_msgs/local/lib/python3.10/dist-packages/rob599_hw2_msgs-0.0.0-py3.10.egg-info
[0.732s] -- Installing: /home/chelse/ros2_ws/install/rob599_hw2_msgs/local/lib/python3.10/dist-packages/rob599_hw2_msgs-0.0.0-py3.10.egg-info/SOURCES.txt
[0.733s] -- Installing: /home/chelse/ros2_ws/install/rob599_hw2_msgs/local/lib/python3.10/dist-packages/rob599_hw2_msgs-0.0.0-py3.10.egg-info/PKG-INFO
[0.733s] -- Installing: /home/chelse/ros2_ws/install/rob599_hw2_msgs/local/lib/python3.10/dist-packages/rob599_hw2_msgs-0.0.0-py3.10.egg-info/top_level.txt
[0.733s] -- Installing: /home/chelse/ros2_ws/install/rob599_hw2_msgs/local/lib/python3.10/dist-packages/rob599_hw2_msgs-0.0.0-py3.10.egg-info/dependency_links.txt
[0.733s] -- Up-to-date: /home/chelse/ros2_ws/install/rob599_hw2_msgs/local/lib/python3.10/dist-packages/rob599_hw2_msgs
[0.733s] -- Up-to-date: /home/chelse/ros2_ws/install/rob599_hw2_msgs/local/lib/python3.10/dist-packages/rob599_hw2_msgs/rob599_hw2_msgs_s__rosidl_typesupport_c.cpython-310-x86_64-linux-gnu.so
[0.733s] -- Up-to-date: /home/chelse/ros2_ws/install/rob599_hw2_msgs/local/lib/python3.10/dist-packages/rob599_hw2_msgs/_rob599_hw2_msgs_s.ep.rosidl_typesupport_introspection_c.c
[0.733s] -- Up-to-date: /home/chelse/ros2_ws/install/rob599_hw2_msgs/local/lib/python3.10/dist-packages/rob599_hw2_msgs/__init__.py
[0.733s] -- Up-to-date: /home/chelse/ros2_ws/install/rob599_hw2_msgs/local/lib/python3.10/dist-packages/rob599_hw2_msgs/rob599_hw2_msgs_s__rosidl_typesupport_introspection_c.cpython-310-x86_64-linux-gnu.so
[0.733s] -- Up-to-date: /home/chelse/ros2_ws/install/rob599_hw2_msgs/local/lib/python3.10/dist-packages/rob599_hw2_msgs/librob599_hw2_msgs__rosidl_generator_py.so
[0.734s] -- Up-to-date: /home/chelse/ros2_ws/install/rob599_hw2_msgs/local/lib/python3.10/dist-packages/rob599_hw2_msgs/_rob599_hw2_msgs_s.ep.rosidl_typesupport_fastrtps_c.c
[0.734s] -- Up-to-date: /home/chelse/ros2_ws/install/rob599_hw2_msgs/local/lib/python3.10/dist-packages/rob599_hw2_msgs/rob599_hw2_msgs_s__rosidl_typesupport_fastrtps_c.cpython-310-x86_64-linux-gnu.so
[0.734s] -- Up-to-date: /home/chelse/ros2_ws/install/rob599_hw2_msgs/local/lib/python3.10/dist-packages/rob599_hw2_msgs/srv
[0.734s] -- Up-to-date: /home/chelse/ros2_ws/install/rob599_hw2_msgs/local/lib/python3.10/dist-packages/rob599_hw2_msgs/srv/_apply_brakes_s.c
[0.734s] -- Up-to-date: /home/chelse/ros2_ws/install/rob599_hw2_msgs/local/lib/python3.10/dist-packages/rob599_hw2_msgs/srv/__init__.py
[0.734s] -- Up-to-date: /home/chelse/ros2_ws/install/rob599_hw2_msgs/local/lib/python3.10/dist-packages/rob599_hw2_msgs/srv/_apply_brakes.py
[0.734s] -- Up-to-date: /home/chelse/ros2_ws/install/rob599_hw2_msgs/local/lib/python3.10/dist-packages/rob599_hw2_msgs/_rob599_hw2_msgs_s.ep.rosidl_typesupport_c.c
[0.768s] Listing '/home/chelse/ros2_ws/install/rob599_hw2_msgs/local/lib/python3.10/dist-packages/rob599_hw2_msgs'...
[0.768s] Listing '/home/chelse/ros2_ws/install/rob599_hw2_msgs/local/lib/python3.10/dist-packages/rob599_hw2_msgs/srv'...
[0.776s] -- Up-to-date: /home/chelse/ros2_ws/install/rob599_hw2_msgs/local/lib/python3.10/dist-packages/rob599_hw2_msgs/rob599_hw2_msgs_s__rosidl_typesupport_fastrtps_c.cpython-310-x86_64-linux-gnu.so
[0.777s] -- Up-to-date: /home/chelse/ros2_ws/install/rob599_hw2_msgs/local/lib/python3.10/dist-packages/rob599_hw2_msgs/rob599_hw2_msgs_s__rosidl_typesupport_introspection_c.cpython-310-x86_64-linux-gnu.so
[0.778s] -- Up-to-date: /home/chelse/ros2_ws/install/rob599_hw2_msgs/local/lib/python3.10/dist-packages/rob599_hw2_msgs/rob599_hw2_msgs_s__rosidl_typesupport_c.cpython-310-x86_64-linux-gnu.so
[0.779s] -- Up-to-date: /home/chelse/ros2_ws/install/rob599_hw2_msgs/lib/librob599_hw2_msgs__rosidl_generator_py.so
[0.780s] -- Up-to-date: /home/chelse/ros2_ws/install/rob599_hw2_msgs/share/rob599_hw2_msgs/srv/ApplyBrakes.idl
[0.781s] -- Up-to-date: /home/chelse/ros2_ws/install/rob599_hw2_msgs/share/rob599_hw2_msgs/srv/ApplyBrakes.srv
[0.782s] -- Up-to-date: /home/chelse/ros2_ws/install/rob599_hw2_msgs/share/rob599_hw2_msgs/srv/ApplyBrakes_Request.msg
[0.782s] -- Up-to-date: /home/chelse/ros2_ws/install/rob599_hw2_msgs/share/rob599_hw2_msgs/srv/ApplyBrakes_Response.msg
[0.783s] -- Up-to-date: /home/chelse/ros2_ws/install/rob599_hw2_msgs/share/ament_index/resource_index/package_run_dependencies/rob599_hw2_msgs
[0.783s] -- Up-to-date: /home/chelse/ros2_ws/install/rob599_hw2_msgs/share/ament_index/resource_index/parent_prefix_path/rob599_hw2_msgs
[0.783s] -- Up-to-date: /home/chelse/ros2_ws/install/rob599_hw2_msgs/share/rob599_hw2_msgs/environment/ament_prefix_path.sh
[0.783s] -- Up-to-date: /home/chelse/ros2_ws/install/rob599_hw2_msgs/share/rob599_hw2_msgs/environment/ament_prefix_path.dsv
[0.783s] -- Up-to-date: /home/chelse/ros2_ws/install/rob599_hw2_msgs/share/rob599_hw2_msgs/environment/path.sh
[0.783s] -- Up-to-date: /home/chelse/ros2_ws/install/rob599_hw2_msgs/share/rob599_hw2_msgs/environment/path.dsv
[0.784s] -- Up-to-date: /home/chelse/ros2_ws/install/rob599_hw2_msgs/share/rob599_hw2_msgs/local_setup.bash
[0.784s] -- Up-to-date: /home/chelse/ros2_ws/install/rob599_hw2_msgs/share/rob599_hw2_msgs/local_setup.sh
[0.784s] -- Up-to-date: /home/chelse/ros2_ws/install/rob599_hw2_msgs/share/rob599_hw2_msgs/local_setup.zsh
[0.784s] -- Up-to-date: /home/chelse/ros2_ws/install/rob599_hw2_msgs/share/rob599_hw2_msgs/local_setup.dsv
[0.784s] -- Installing: /home/chelse/ros2_ws/install/rob599_hw2_msgs/share/rob599_hw2_msgs/package.dsv
[0.784s] -- Up-to-date: /home/chelse/ros2_ws/install/rob599_hw2_msgs/share/ament_index/resource_index/packages/rob599_hw2_msgs
[0.785s] -- Up-to-date: /home/chelse/ros2_ws/install/rob599_hw2_msgs/share/rob599_hw2_msgs/cmake/export_rob599_hw2_msgs__rosidl_generator_cExport.cmake
[0.785s] -- Up-to-date: /home/chelse/ros2_ws/install/rob599_hw2_msgs/share/rob599_hw2_msgs/cmake/export_rob599_hw2_msgs__rosidl_generator_cExport-noconfig.cmake
[0.785s] -- Up-to-date: /home/chelse/ros2_ws/install/rob599_hw2_msgs/share/rob599_hw2_msgs/cmake/export_rob599_hw2_msgs__rosidl_typesupport_fastrtps_cExport.cmake
[0.785s] -- Up-to-date: /home/chelse/ros2_ws/install/rob599_hw2_msgs/share/rob599_hw2_msgs/cmake/export_rob599_hw2_msgs__rosidl_typesupport_fastrtps_cExport-noconfig.cmake
[0.785s] -- Up-to-date: /home/chelse/ros2_ws/install/rob599_hw2_msgs/share/rob599_hw2_msgs/cmake/rob599_hw2_msgs__rosidl_typesupport_introspection_cExport.cmake
[0.785s] -- Up-to-date: /home/chelse/ros2_ws/install/rob599_hw2_msgs/share/rob599_hw2_msgs/cmake/rob599_hw2_msgs__rosidl_typesupport_introspection_cExport-noconfig.cmake
[0.785s] -- Up-to-date: /home/chelse/ros2_ws/install/rob599_hw2_msgs/share/rob599_hw2_msgs/cmake/rob599_hw2_msgs__rosidl_typesupport_cExport.cmake
[0.786s] -- Up-to-date: /home/chelse/ros2_ws/install/rob599_hw2_msgs/share/rob599_hw2_msgs/cmake/rob599_hw2_msgs__rosidl_typesupport_cExport-noconfig.cmake
[0.786s] -- Up-to-date: /home/chelse/ros2_ws/install/rob599_hw2_msgs/share/rob599_hw2_msgs/cmake/export_rob599_hw2_msgs__rosidl_generator_cppExport.cmake
[0.786s] -- Up-to-date: /home/chelse/ros2_ws/install/rob599_hw2_msgs/share/rob599_hw2_msgs/cmake/export_rob599_hw2_msgs__rosidl_typesupport_fastrtps_cppExport.cmake
[0.786s] -- Up-to-date: /home/chelse/ros2_ws/install/rob599_hw2_msgs/share/rob599_hw2_msgs/cmake/export_rob599_hw2_msgs__rosidl_typesupport_fastrtps_cppExport-noconfig.cmake
[0.786s] -- Up-to-date: /home/chelse/ros2_ws/install/rob599_hw2_msgs/share/rob599_hw2_msgs/cmake/rob599_hw2_msgs__rosidl_typesupport_introspection_cppExport.cmake
[0.786s] -- Up-to-date: /home/chelse/ros2_ws/install/rob599_hw2_msgs/share/rob599_hw2_msgs/cmake/rob599_hw2_msgs__rosidl_typesupport_introspection_cppExport-noconfig.cmake
[0.786s] -- Up-to-date: /home/chelse/ros2_ws/install/rob599_hw2_msgs/share/rob599_hw2_msgs/cmake/rob599_hw2_msgs__rosidl_typesupport_cppExport.cmake
[0.787s] -- Up-to-date: /home/chelse/ros2_ws/install/rob599_hw2_msgs/share/rob599_hw2_msgs/cmake/rob599_hw2_msgs__rosidl_typesupport_cppExport-noconfig.cmake
[0.787s] -- Up-to-date: /home/chelse/ros2_ws/install/rob599_hw2_msgs/share/rob599_hw2_msgs/cmake/export_rob599_hw2_msgs__rosidl_generator_pyExport.cmake
[0.787s] -- Up-to-date: /home/chelse/ros2_ws/install/rob599_hw2_msgs/share/rob599_hw2_msgs/cmake/export_rob599_hw2_msgs__rosidl_generator_pyExport-noconfig.cmake
[0.787s] -- Up-to-date: /home/chelse/ros2_ws/install/rob599_hw2_msgs/share/rob599_hw2_msgs/cmake/rosidl_cmake-extras.cmake
[0.787s] -- Up-to-date: /home/chelse/ros2_ws/install/rob599_hw2_msgs/share/rob599_hw2_msgs/cmake/ament_cmake_export_include_directories-extras.cmake
[0.787s] -- Up-to-date: /home/chelse/ros2_ws/install/rob599_hw2_msgs/share/rob599_hw2_msgs/cmake/ament_cmake_export_libraries-extras.cmake
[0.787s] -- Up-to-date: /home/chelse/ros2_ws/install/rob599_hw2_msgs/share/rob599_hw2_msgs/cmake/ament_cmake_export_targets-extras.cmake
[0.788s] -- Up-to-date: /home/chelse/ros2_ws/install/rob599_hw2_msgs/share/rob599_hw2_msgs/cmake/rosidl_cmake_export_typesupport_targets-extras.cmake
[0.788s] -- Up-to-date: /home/chelse/ros2_ws/install/rob599_hw2_msgs/share/rob599_hw2_msgs/cmake/ament_cmake_export_dependencies-extras.cmake
[0.788s] -- Up-to-date: /home/chelse/ros2_ws/install/rob599_hw2_msgs/share/rob599_hw2_msgs/cmake/rosidl_cmake_export_typesupport_libraries-extras.cmake
[0.788s] -- Up-to-date: /home/chelse/ros2_ws/install/rob599_hw2_msgs/share/rob599_hw2_msgs/cmake/rob599_hw2_msgsConfig.cmake
[0.788s] -- Up-to-date: /home/chelse/ros2_ws/install/rob599_hw2_msgs/share/rob599_hw2_msgs/cmake/rob599_hw2_msgsConfig-version.cmake
[0.789s] -- Up-to-date: /home/chelse/ros2_ws/install/rob599_hw2_msgs/share/rob599_hw2_msgs/package.xml
[0.789s] Invoked command in '/home/chelse/ros2_ws/build/rob599_hw2_msgs' returned '0': CMAKE_PREFIX_PATH=${CMAKE_PREFIX_PATH}:/opt/ros/humble:/home/chelse/ros2_ws/install/rob599_basic /usr/bin/cmake --install /home/chelse/ros2_ws/build/rob599_hw2_msgs
