[0.733s] Invoking command in '/home/chelse/ros2_ws/src/rob599r2/rob599_basic': CMAKE_PREFIX_PATH=/home/chelse/ros2_ws/install/rob599_msgs:/home/chelse/ros2_ws/install/turtlesim:/home/chelse/ros2_ws/install/rob599_hw2:/home/chelse/ros2_ws/install/rob599_hw2_msgs LD_LIBRARY_PATH=/home/chelse/ros2_ws/install/rob599_msgs/lib:/opt/ros/humble/opt/rviz_ogre_vendor/lib:/opt/ros/humble/lib/x86_64-linux-gnu:/opt/ros/humble/lib:/home/chelse/ros2_ws/install/turtlesim/lib:/home/chelse/ros2_ws/install/rob599_hw2_msgs/lib PYTHONPATH=/home/chelse/ros2_ws/build/rob599_basic/prefix_override:/home/chelse/ros2_ws/install/rob599_basic/lib/python3.10/site-packages:${PYTHONPATH} /usr/bin/python3 setup.py egg_info --egg-base ../../../build/rob599_basic build --build-base /home/chelse/ros2_ws/build/rob599_basic/build install --record /home/chelse/ros2_ws/build/rob599_basic/install.log --install-scripts $base/lib/rob599_basic --single-version-externally-managed
[0.937s] /usr/lib/python3/dist-packages/setuptools/dist.py:723: UserWarning: Usage of dash-separated 'script-dir' will not be supported in future versions. Please use the underscore name 'script_dir' instead
[0.937s]   warnings.warn(
[0.944s] running egg_info
[0.945s] writing ../../../build/rob599_basic/rob599_basic.egg-info/PKG-INFO
[0.945s] writing dependency_links to ../../../build/rob599_basic/rob599_basic.egg-info/dependency_links.txt
[0.945s] writing entry points to ../../../build/rob599_basic/rob599_basic.egg-info/entry_points.txt
[0.945s] writing requirements to ../../../build/rob599_basic/rob599_basic.egg-info/requires.txt
[0.945s] writing top-level names to ../../../build/rob599_basic/rob599_basic.egg-info/top_level.txt
[0.947s] reading manifest file '../../../build/rob599_basic/rob599_basic.egg-info/SOURCES.txt'
[0.947s] adding license file 'LICENSE'
[0.948s] writing manifest file '../../../build/rob599_basic/rob599_basic.egg-info/SOURCES.txt'
[0.948s] running build
[0.948s] running build_py
[0.949s] running install
[0.949s] /usr/lib/python3/dist-packages/setuptools/command/install.py:34: SetuptoolsDeprecationWarning: setup.py install is deprecated. Use build and pip and other standards-based tools.
[0.949s]   warnings.warn(
[0.949s] running install_lib
[0.950s] running install_data
[0.951s] running install_egg_info
[0.952s] removing '/home/chelse/ros2_ws/install/rob599_basic/lib/python3.10/site-packages/rob599_basic-0.0.0-py3.10.egg-info' (and everything under it)
[0.952s] Copying ../../../build/rob599_basic/rob599_basic.egg-info to /home/chelse/ros2_ws/install/rob599_basic/lib/python3.10/site-packages/rob599_basic-0.0.0-py3.10.egg-info
[0.953s] running install_scripts
[0.972s] Installing action_client script to /home/chelse/ros2_ws/install/rob599_basic/lib/rob599_basic
[0.972s] Installing action_server script to /home/chelse/ros2_ws/install/rob599_basic/lib/rob599_basic
[0.972s] Installing client script to /home/chelse/ros2_ws/install/rob599_basic/lib/rob599_basic
[0.973s] Installing doubler script to /home/chelse/ros2_ws/install/rob599_basic/lib/rob599_basic
[0.973s] Installing noiser script to /home/chelse/ros2_ws/install/rob599_basic/lib/rob599_basic
[0.973s] Installing parameter_demo script to /home/chelse/ros2_ws/install/rob599_basic/lib/rob599_basic
[0.973s] Installing publisher script to /home/chelse/ros2_ws/install/rob599_basic/lib/rob599_basic
[0.973s] Installing service script to /home/chelse/ros2_ws/install/rob599_basic/lib/rob599_basic
[0.973s] Installing subscriber script to /home/chelse/ros2_ws/install/rob599_basic/lib/rob599_basic
[0.974s] writing list of installed files to '/home/chelse/ros2_ws/build/rob599_basic/install.log'
[0.994s] Invoked command in '/home/chelse/ros2_ws/src/rob599r2/rob599_basic' returned '0': CMAKE_PREFIX_PATH=/home/chelse/ros2_ws/install/rob599_msgs:/home/chelse/ros2_ws/install/turtlesim:/home/chelse/ros2_ws/install/rob599_hw2:/home/chelse/ros2_ws/install/rob599_hw2_msgs LD_LIBRARY_PATH=/home/chelse/ros2_ws/install/rob599_msgs/lib:/opt/ros/humble/opt/rviz_ogre_vendor/lib:/opt/ros/humble/lib/x86_64-linux-gnu:/opt/ros/humble/lib:/home/chelse/ros2_ws/install/turtlesim/lib:/home/chelse/ros2_ws/install/rob599_hw2_msgs/lib PYTHONPATH=/home/chelse/ros2_ws/build/rob599_basic/prefix_override:/home/chelse/ros2_ws/install/rob599_basic/lib/python3.10/site-packages:${PYTHONPATH} /usr/bin/python3 setup.py egg_info --egg-base ../../../build/rob599_basic build --build-base /home/chelse/ros2_ws/build/rob599_basic/build install --record /home/chelse/ros2_ws/build/rob599_basic/install.log --install-scripts $base/lib/rob599_basic --single-version-externally-managed
