[0.364s] Invoking command in '/home/chelse/ros2_ws/build/turtlesim': CMAKE_PREFIX_PATH=${CMAKE_PREFIX_PATH}:/home/chelse/ros2_ws/install/rob599_basic:/opt/ros/humble /usr/bin/cmake --build /home/chelse/ros2_ws/build/turtlesim -- -j12 -l12
[0.412s] [  1%] Built target turtlesim__cpp
[0.412s] [ 11%] Built target turtlesim__rosidl_generator_c
[0.424s] [ 11%] Built target ament_cmake_python_copy_turtlesim
[0.445s] [ 24%] Built target turtlesim__rosidl_typesupport_cpp
[0.446s] [ 31%] Built target turtlesim__rosidl_typesupport_fastrtps_cpp
[0.450s] [ 41%] Built target turtlesim__rosidl_typesupport_introspection_cpp
[0.459s] [ 51%] Built target turtlesim__rosidl_typesupport_c
[0.462s] [ 61%] Built target turtlesim__rosidl_typesupport_introspection_c
[0.469s] [ 71%] Built target turtlesim__rosidl_typesupport_fastrtps_c
[0.486s] [ 74%] Built target turtle_teleop_key
[0.486s] [ 75%] Built target draw_square
[0.486s] [ 77%] Built target mimic
[0.494s] [ 83%] Built target turtlesim_node
[0.495s] [ 83%] Built target turtlesim
[0.515s] [ 84%] Built target turtlesim__py
[0.545s] [ 93%] Built target turtlesim__rosidl_generator_py
[0.570s] [ 95%] Built target turtlesim__rosidl_typesupport_fastrtps_c__pyext
[0.570s] [ 97%] Built target turtlesim__rosidl_typesupport_c__pyext
[0.573s] [100%] Built target turtlesim__rosidl_typesupport_introspection_c__pyext
[0.701s] running egg_info
[0.702s] writing turtlesim.egg-info/PKG-INFO
[0.702s] writing dependency_links to turtlesim.egg-info/dependency_links.txt
[0.703s] writing top-level names to turtlesim.egg-info/top_level.txt
[0.707s] reading manifest file 'turtlesim.egg-info/SOURCES.txt'
[0.707s] writing manifest file 'turtlesim.egg-info/SOURCES.txt'
[0.739s] [100%] Built target ament_cmake_python_build_turtlesim_egg
