[0.049s] Invoking command in '/home/chelse/ros2_ws/build/turtlesim': CMAKE_PREFIX_PATH=/opt/ros/humble /usr/bin/cmake --build /home/chelse/ros2_ws/build/turtlesim -- -j12 -l12
[0.101s] [  1%] Built target turtlesim__cpp
[0.107s] [ 11%] Built target turtlesim__rosidl_generator_c
[0.134s] [ 11%] Built target ament_cmake_python_copy_turtlesim
[0.146s] [ 21%] Built target turtlesim__rosidl_typesupport_cpp
[0.147s] [ 31%] Built target turtlesim__rosidl_typesupport_introspection_c
[0.147s] [ 41%] Built target turtlesim__rosidl_typesupport_fastrtps_cpp
[0.150s] [ 54%] Built target turtlesim__rosidl_typesupport_fastrtps_c
[0.150s] [ 61%] Built target turtlesim__rosidl_typesupport_introspection_cpp
[0.155s] [ 71%] Built target turtlesim__rosidl_typesupport_c
[0.178s] [ 73%] Built target mimic
[0.180s] [ 75%] Built target draw_square
[0.182s] [ 75%] Built target turtlesim
[0.183s] [ 77%] Built target turtle_teleop_key
[0.187s] [ 83%] Built target turtlesim_node
[0.203s] [ 84%] Built target turtlesim__py
[0.226s] [ 93%] Built target turtlesim__rosidl_generator_py
[0.251s] [ 95%] Built target turtlesim__rosidl_typesupport_c__pyext
[0.252s] [100%] Built target turtlesim__rosidl_typesupport_introspection_c__pyext
[0.252s] [100%] Built target turtlesim__rosidl_typesupport_fastrtps_c__pyext
[0.365s] running egg_info
[0.366s] writing turtlesim.egg-info/PKG-INFO
[0.366s] writing dependency_links to turtlesim.egg-info/dependency_links.txt
[0.366s] writing top-level names to turtlesim.egg-info/top_level.txt
[0.369s] reading manifest file 'turtlesim.egg-info/SOURCES.txt'
[0.369s] writing manifest file 'turtlesim.egg-info/SOURCES.txt'
[0.393s] [100%] Built target ament_cmake_python_build_turtlesim_egg
