[0.700s] Invoking command in '/home/chelse/ros2_ws/build/turtlesim': CMAKE_PREFIX_PATH=${CMAKE_PREFIX_PATH}:/home/chelse/ros2_ws/install/rob599_basic:/opt/ros/humble /usr/bin/cmake --build /home/chelse/ros2_ws/build/turtlesim -- -j12 -l12
[0.808s] [  1%] Built target turtlesim__cpp
[0.815s] [ 11%] Built target turtlesim__rosidl_generator_c
[0.848s] [ 11%] Built target ament_cmake_python_copy_turtlesim
[0.891s] [ 31%] Built target turtlesim__rosidl_typesupport_cpp
[0.891s] [ 31%] Built target turtlesim__rosidl_typesupport_c
[0.897s] [ 41%] Built target turtlesim__rosidl_typesupport_introspection_c
[0.900s] [ 51%] Built target turtlesim__rosidl_typesupport_fastrtps_cpp
[0.907s] [ 61%] Built target turtlesim__rosidl_typesupport_introspection_cpp
[0.912s] [ 71%] Built target turtlesim__rosidl_typesupport_fastrtps_c
[1.025s] [ 73%] Built target mimic
[1.035s] [ 75%] Built target turtle_teleop_key
[1.067s] [ 77%] Built target draw_square
[1.068s] [ 83%] Built target turtlesim_node
[1.082s] [ 83%] Built target turtlesim
[1.184s] [ 84%] Built target turtlesim__py
[1.199s] [ 93%] Built target turtlesim__rosidl_generator_py
[1.265s] [ 95%] Built target turtlesim__rosidl_typesupport_fastrtps_c__pyext
[1.266s] [ 97%] Built target turtlesim__rosidl_typesupport_c__pyext
[1.267s] [100%] Built target turtlesim__rosidl_typesupport_introspection_c__pyext
[1.494s] running egg_info
[1.496s] writing turtlesim.egg-info/PKG-INFO
[1.496s] writing dependency_links to turtlesim.egg-info/dependency_links.txt
[1.497s] writing top-level names to turtlesim.egg-info/top_level.txt
[1.501s] reading manifest file 'turtlesim.egg-info/SOURCES.txt'
[1.503s] writing manifest file 'turtlesim.egg-info/SOURCES.txt'
[1.551s] [100%] Built target ament_cmake_python_build_turtlesim_egg
[1.579s] Invoked command in '/home/chelse/ros2_ws/build/turtlesim' returned '0': CMAKE_PREFIX_PATH=${CMAKE_PREFIX_PATH}:/home/chelse/ros2_ws/install/rob599_basic:/opt/ros/humble /usr/bin/cmake --build /home/chelse/ros2_ws/build/turtlesim -- -j12 -l12
[2.075s] Invoking command in '/home/chelse/ros2_ws/build/turtlesim': CMAKE_PREFIX_PATH=${CMAKE_PREFIX_PATH}:/home/chelse/ros2_ws/install/rob599_basic:/opt/ros/humble /usr/bin/cmake --install /home/chelse/ros2_ws/build/turtlesim
[2.091s] -- Install configuration: ""
[2.092s] -- Up-to-date: /home/chelse/ros2_ws/install/turtlesim/share/ament_index/resource_index/rosidl_interfaces/turtlesim
[2.093s] -- Up-to-date: /home/chelse/ros2_ws/install/turtlesim/include/turtlesim/turtlesim
[2.093s] -- Up-to-date: /home/chelse/ros2_ws/install/turtlesim/include/turtlesim/turtlesim/action
[2.093s] -- Up-to-date: /home/chelse/ros2_ws/install/turtlesim/include/turtlesim/turtlesim/action/detail
[2.094s] -- Up-to-date: /home/chelse/ros2_ws/install/turtlesim/include/turtlesim/turtlesim/action/detail/rotate_absolute__struct.h
[2.095s] -- Up-to-date: /home/chelse/ros2_ws/install/turtlesim/include/turtlesim/turtlesim/action/detail/rotate_absolute__type_support.h
[2.095s] -- Up-to-date: /home/chelse/ros2_ws/install/turtlesim/include/turtlesim/turtlesim/action/detail/rotate_absolute__functions.h
[2.095s] -- Up-to-date: /home/chelse/ros2_ws/install/turtlesim/include/turtlesim/turtlesim/action/detail/rotate_absolute__functions.c
[2.096s] -- Up-to-date: /home/chelse/ros2_ws/install/turtlesim/include/turtlesim/turtlesim/action/rotate_absolute.h
[2.096s] -- Up-to-date: /home/chelse/ros2_ws/install/turtlesim/include/turtlesim/turtlesim/msg
[2.096s] -- Up-to-date: /home/chelse/ros2_ws/install/turtlesim/include/turtlesim/turtlesim/msg/detail
[2.096s] -- Up-to-date: /home/chelse/ros2_ws/install/turtlesim/include/turtlesim/turtlesim/msg/detail/pose__functions.h
[2.096s] -- Up-to-date: /home/chelse/ros2_ws/install/turtlesim/include/turtlesim/turtlesim/msg/detail/color__type_support.h
[2.096s] -- Up-to-date: /home/chelse/ros2_ws/install/turtlesim/include/turtlesim/turtlesim/msg/detail/pose__struct.h
[2.097s] -- Up-to-date: /home/chelse/ros2_ws/install/turtlesim/include/turtlesim/turtlesim/msg/detail/color__struct.h
[2.097s] -- Up-to-date: /home/chelse/ros2_ws/install/turtlesim/include/turtlesim/turtlesim/msg/detail/pose__type_support.h
[2.097s] -- Up-to-date: /home/chelse/ros2_ws/install/turtlesim/include/turtlesim/turtlesim/msg/detail/pose__functions.c
[2.097s] -- Up-to-date: /home/chelse/ros2_ws/install/turtlesim/include/turtlesim/turtlesim/msg/detail/color__functions.c
[2.097s] -- Up-to-date: /home/chelse/ros2_ws/install/turtlesim/include/turtlesim/turtlesim/msg/detail/color__functions.h
[2.098s] -- Up-to-date: /home/chelse/ros2_ws/install/turtlesim/include/turtlesim/turtlesim/msg/rosidl_generator_c__visibility_control.h
[2.098s] -- Up-to-date: /home/chelse/ros2_ws/install/turtlesim/include/turtlesim/turtlesim/msg/color.h
[2.098s] -- Up-to-date: /home/chelse/ros2_ws/install/turtlesim/include/turtlesim/turtlesim/msg/pose.h
[2.099s] -- Up-to-date: /home/chelse/ros2_ws/install/turtlesim/include/turtlesim/turtlesim/srv
[2.099s] -- Up-to-date: /home/chelse/ros2_ws/install/turtlesim/include/turtlesim/turtlesim/srv/spawn.h
[2.099s] -- Up-to-date: /home/chelse/ros2_ws/install/turtlesim/include/turtlesim/turtlesim/srv/detail
[2.099s] -- Up-to-date: /home/chelse/ros2_ws/install/turtlesim/include/turtlesim/turtlesim/srv/detail/teleport_relative__type_support.h
[2.099s] -- Up-to-date: /home/chelse/ros2_ws/install/turtlesim/include/turtlesim/turtlesim/srv/detail/spawn__type_support.h
[2.099s] -- Up-to-date: /home/chelse/ros2_ws/install/turtlesim/include/turtlesim/turtlesim/srv/detail/set_pen__functions.c
[2.099s] -- Up-to-date: /home/chelse/ros2_ws/install/turtlesim/include/turtlesim/turtlesim/srv/detail/teleport_absolute__type_support.h
[2.100s] -- Up-to-date: /home/chelse/ros2_ws/install/turtlesim/include/turtlesim/turtlesim/srv/detail/teleport_absolute__functions.h
[2.100s] -- Up-to-date: /home/chelse/ros2_ws/install/turtlesim/include/turtlesim/turtlesim/srv/detail/spawn__functions.c
[2.100s] -- Up-to-date: /home/chelse/ros2_ws/install/turtlesim/include/turtlesim/turtlesim/srv/detail/kill__functions.h
[2.101s] -- Up-to-date: /home/chelse/ros2_ws/install/turtlesim/include/turtlesim/turtlesim/srv/detail/kill__struct.h
[2.101s] -- Up-to-date: /home/chelse/ros2_ws/install/turtlesim/include/turtlesim/turtlesim/srv/detail/teleport_relative__struct.h
[2.101s] -- Up-to-date: /home/chelse/ros2_ws/install/turtlesim/include/turtlesim/turtlesim/srv/detail/kill__functions.c
[2.102s] -- Up-to-date: /home/chelse/ros2_ws/install/turtlesim/include/turtlesim/turtlesim/srv/detail/set_pen__functions.h
[2.102s] -- Up-to-date: /home/chelse/ros2_ws/install/turtlesim/include/turtlesim/turtlesim/srv/detail/set_pen__struct.h
[2.102s] -- Up-to-date: /home/chelse/ros2_ws/install/turtlesim/include/turtlesim/turtlesim/srv/detail/spawn__struct.h
[2.102s] -- Up-to-date: /home/chelse/ros2_ws/install/turtlesim/include/turtlesim/turtlesim/srv/detail/set_pen__type_support.h
[2.103s] -- Up-to-date: /home/chelse/ros2_ws/install/turtlesim/include/turtlesim/turtlesim/srv/detail/kill__type_support.h
[2.103s] -- Up-to-date: /home/chelse/ros2_ws/install/turtlesim/include/turtlesim/turtlesim/srv/detail/spawn__functions.h
[2.103s] -- Up-to-date: /home/chelse/ros2_ws/install/turtlesim/include/turtlesim/turtlesim/srv/detail/teleport_absolute__functions.c
[2.103s] -- Up-to-date: /home/chelse/ros2_ws/install/turtlesim/include/turtlesim/turtlesim/srv/detail/teleport_relative__functions.c
[2.104s] -- Up-to-date: /home/chelse/ros2_ws/install/turtlesim/include/turtlesim/turtlesim/srv/detail/teleport_relative__functions.h
[2.104s] -- Up-to-date: /home/chelse/ros2_ws/install/turtlesim/include/turtlesim/turtlesim/srv/detail/teleport_absolute__struct.h
[2.104s] -- Up-to-date: /home/chelse/ros2_ws/install/turtlesim/include/turtlesim/turtlesim/srv/teleport_absolute.h
[2.104s] -- Up-to-date: /home/chelse/ros2_ws/install/turtlesim/include/turtlesim/turtlesim/srv/kill.h
[2.104s] -- Up-to-date: /home/chelse/ros2_ws/install/turtlesim/include/turtlesim/turtlesim/srv/teleport_relative.h
[2.105s] -- Up-to-date: /home/chelse/ros2_ws/install/turtlesim/include/turtlesim/turtlesim/srv/set_pen.h
[2.105s] -- Up-to-date: /home/chelse/ros2_ws/install/turtlesim/share/turtlesim/environment/library_path.sh
[2.105s] -- Up-to-date: /home/chelse/ros2_ws/install/turtlesim/share/turtlesim/environment/library_path.dsv
[2.105s] -- Up-to-date: /home/chelse/ros2_ws/install/turtlesim/lib/libturtlesim__rosidl_generator_c.so
[2.105s] -- Up-to-date: /home/chelse/ros2_ws/install/turtlesim/include/turtlesim/turtlesim
[2.105s] -- Up-to-date: /home/chelse/ros2_ws/install/turtlesim/include/turtlesim/turtlesim/action
[2.106s] -- Up-to-date: /home/chelse/ros2_ws/install/turtlesim/include/turtlesim/turtlesim/action/detail
[2.106s] -- Up-to-date: /home/chelse/ros2_ws/install/turtlesim/include/turtlesim/turtlesim/action/detail/rotate_absolute__rosidl_typesupport_fastrtps_c.h
[2.107s] -- Up-to-date: /home/chelse/ros2_ws/install/turtlesim/include/turtlesim/turtlesim/msg
[2.107s] -- Up-to-date: /home/chelse/ros2_ws/install/turtlesim/include/turtlesim/turtlesim/msg/detail
[2.107s] -- Up-to-date: /home/chelse/ros2_ws/install/turtlesim/include/turtlesim/turtlesim/msg/detail/pose__rosidl_typesupport_fastrtps_c.h
[2.107s] -- Up-to-date: /home/chelse/ros2_ws/install/turtlesim/include/turtlesim/turtlesim/msg/detail/color__rosidl_typesupport_fastrtps_c.h
[2.107s] -- Up-to-date: /home/chelse/ros2_ws/install/turtlesim/include/turtlesim/turtlesim/msg/rosidl_typesupport_fastrtps_c__visibility_control.h
[2.108s] -- Up-to-date: /home/chelse/ros2_ws/install/turtlesim/include/turtlesim/turtlesim/srv
[2.108s] -- Up-to-date: /home/chelse/ros2_ws/install/turtlesim/include/turtlesim/turtlesim/srv/detail
[2.108s] -- Up-to-date: /home/chelse/ros2_ws/install/turtlesim/include/turtlesim/turtlesim/srv/detail/teleport_absolute__rosidl_typesupport_fastrtps_c.h
[2.108s] -- Up-to-date: /home/chelse/ros2_ws/install/turtlesim/include/turtlesim/turtlesim/srv/detail/kill__rosidl_typesupport_fastrtps_c.h
[2.108s] -- Up-to-date: /home/chelse/ros2_ws/install/turtlesim/include/turtlesim/turtlesim/srv/detail/spawn__rosidl_typesupport_fastrtps_c.h
[2.108s] -- Up-to-date: /home/chelse/ros2_ws/install/turtlesim/include/turtlesim/turtlesim/srv/detail/teleport_relative__rosidl_typesupport_fastrtps_c.h
[2.109s] -- Up-to-date: /home/chelse/ros2_ws/install/turtlesim/include/turtlesim/turtlesim/srv/detail/set_pen__rosidl_typesupport_fastrtps_c.h
[2.109s] -- Up-to-date: /home/chelse/ros2_ws/install/turtlesim/lib/libturtlesim__rosidl_typesupport_fastrtps_c.so
[2.109s] -- Up-to-date: /home/chelse/ros2_ws/install/turtlesim/include/turtlesim/turtlesim
[2.110s] -- Up-to-date: /home/chelse/ros2_ws/install/turtlesim/include/turtlesim/turtlesim/action
[2.110s] -- Up-to-date: /home/chelse/ros2_ws/install/turtlesim/include/turtlesim/turtlesim/action/detail
[2.110s] -- Up-to-date: /home/chelse/ros2_ws/install/turtlesim/include/turtlesim/turtlesim/action/detail/rotate_absolute__traits.hpp
[2.110s] -- Up-to-date: /home/chelse/ros2_ws/install/turtlesim/include/turtlesim/turtlesim/action/detail/rotate_absolute__builder.hpp
[2.111s] -- Up-to-date: /home/chelse/ros2_ws/install/turtlesim/include/turtlesim/turtlesim/action/detail/rotate_absolute__struct.hpp
[2.111s] -- Up-to-date: /home/chelse/ros2_ws/install/turtlesim/include/turtlesim/turtlesim/action/rotate_absolute.hpp
[2.111s] -- Up-to-date: /home/chelse/ros2_ws/install/turtlesim/include/turtlesim/turtlesim/msg
[2.111s] -- Up-to-date: /home/chelse/ros2_ws/install/turtlesim/include/turtlesim/turtlesim/msg/detail
[2.111s] -- Up-to-date: /home/chelse/ros2_ws/install/turtlesim/include/turtlesim/turtlesim/msg/detail/pose__struct.hpp
[2.111s] -- Up-to-date: /home/chelse/ros2_ws/install/turtlesim/include/turtlesim/turtlesim/msg/detail/color__struct.hpp
[2.112s] -- Up-to-date: /home/chelse/ros2_ws/install/turtlesim/include/turtlesim/turtlesim/msg/detail/pose__builder.hpp
[2.112s] -- Up-to-date: /home/chelse/ros2_ws/install/turtlesim/include/turtlesim/turtlesim/msg/detail/pose__traits.hpp
[2.112s] -- Up-to-date: /home/chelse/ros2_ws/install/turtlesim/include/turtlesim/turtlesim/msg/detail/color__traits.hpp
[2.112s] -- Up-to-date: /home/chelse/ros2_ws/install/turtlesim/include/turtlesim/turtlesim/msg/detail/color__builder.hpp
[2.112s] -- Up-to-date: /home/chelse/ros2_ws/install/turtlesim/include/turtlesim/turtlesim/msg/pose.hpp
[2.113s] -- Up-to-date: /home/chelse/ros2_ws/install/turtlesim/include/turtlesim/turtlesim/msg/color.hpp
[2.113s] -- Up-to-date: /home/chelse/ros2_ws/install/turtlesim/include/turtlesim/turtlesim/srv
[2.113s] -- Up-to-date: /home/chelse/ros2_ws/install/turtlesim/include/turtlesim/turtlesim/srv/detail
[2.113s] -- Up-to-date: /home/chelse/ros2_ws/install/turtlesim/include/turtlesim/turtlesim/srv/detail/kill__struct.hpp
[2.113s] -- Up-to-date: /home/chelse/ros2_ws/install/turtlesim/include/turtlesim/turtlesim/srv/detail/spawn__struct.hpp
[2.113s] -- Up-to-date: /home/chelse/ros2_ws/install/turtlesim/include/turtlesim/turtlesim/srv/detail/set_pen__struct.hpp
[2.114s] -- Up-to-date: /home/chelse/ros2_ws/install/turtlesim/include/turtlesim/turtlesim/srv/detail/spawn__builder.hpp
[2.114s] -- Up-to-date: /home/chelse/ros2_ws/install/turtlesim/include/turtlesim/turtlesim/srv/detail/teleport_relative__traits.hpp
[2.114s] -- Up-to-date: /home/chelse/ros2_ws/install/turtlesim/include/turtlesim/turtlesim/srv/detail/teleport_relative__struct.hpp
[2.114s] -- Up-to-date: /home/chelse/ros2_ws/install/turtlesim/include/turtlesim/turtlesim/srv/detail/teleport_absolute__traits.hpp
[2.114s] -- Up-to-date: /home/chelse/ros2_ws/install/turtlesim/include/turtlesim/turtlesim/srv/detail/teleport_absolute__struct.hpp
[2.115s] -- Up-to-date: /home/chelse/ros2_ws/install/turtlesim/include/turtlesim/turtlesim/srv/detail/spawn__traits.hpp
[2.115s] -- Up-to-date: /home/chelse/ros2_ws/install/turtlesim/include/turtlesim/turtlesim/srv/detail/kill__traits.hpp
[2.115s] -- Up-to-date: /home/chelse/ros2_ws/install/turtlesim/include/turtlesim/turtlesim/srv/detail/teleport_relative__builder.hpp
[2.116s] -- Up-to-date: /home/chelse/ros2_ws/install/turtlesim/include/turtlesim/turtlesim/srv/detail/teleport_absolute__builder.hpp
[2.116s] -- Up-to-date: /home/chelse/ros2_ws/install/turtlesim/include/turtlesim/turtlesim/srv/detail/kill__builder.hpp
[2.116s] -- Up-to-date: /home/chelse/ros2_ws/install/turtlesim/include/turtlesim/turtlesim/srv/detail/set_pen__traits.hpp
[2.117s] -- Up-to-date: /home/chelse/ros2_ws/install/turtlesim/include/turtlesim/turtlesim/srv/detail/set_pen__builder.hpp
[2.117s] -- Up-to-date: /home/chelse/ros2_ws/install/turtlesim/include/turtlesim/turtlesim/srv/set_pen.hpp
[2.117s] -- Up-to-date: /home/chelse/ros2_ws/install/turtlesim/include/turtlesim/turtlesim/srv/spawn.hpp
[2.117s] -- Up-to-date: /home/chelse/ros2_ws/install/turtlesim/include/turtlesim/turtlesim/srv/kill.hpp
[2.118s] -- Up-to-date: /home/chelse/ros2_ws/install/turtlesim/include/turtlesim/turtlesim/srv/teleport_relative.hpp
[2.118s] -- Up-to-date: /home/chelse/ros2_ws/install/turtlesim/include/turtlesim/turtlesim/srv/teleport_absolute.hpp
[2.118s] -- Up-to-date: /home/chelse/ros2_ws/install/turtlesim/include/turtlesim/turtlesim
[2.118s] -- Up-to-date: /home/chelse/ros2_ws/install/turtlesim/include/turtlesim/turtlesim/action
[2.119s] -- Up-to-date: /home/chelse/ros2_ws/install/turtlesim/include/turtlesim/turtlesim/action/detail
[2.119s] -- Up-to-date: /home/chelse/ros2_ws/install/turtlesim/include/turtlesim/turtlesim/action/detail/rotate_absolute__rosidl_typesupport_fastrtps_cpp.hpp
[2.119s] -- Up-to-date: /home/chelse/ros2_ws/install/turtlesim/include/turtlesim/turtlesim/action/detail/dds_fastrtps
[2.119s] -- Up-to-date: /home/chelse/ros2_ws/install/turtlesim/include/turtlesim/turtlesim/msg
[2.119s] -- Up-to-date: /home/chelse/ros2_ws/install/turtlesim/include/turtlesim/turtlesim/msg/detail
[2.120s] -- Up-to-date: /home/chelse/ros2_ws/install/turtlesim/include/turtlesim/turtlesim/msg/detail/color__rosidl_typesupport_fastrtps_cpp.hpp
[2.120s] -- Up-to-date: /home/chelse/ros2_ws/install/turtlesim/include/turtlesim/turtlesim/msg/detail/dds_fastrtps
[2.120s] -- Up-to-date: /home/chelse/ros2_ws/install/turtlesim/include/turtlesim/turtlesim/msg/detail/pose__rosidl_typesupport_fastrtps_cpp.hpp
[2.120s] -- Up-to-date: /home/chelse/ros2_ws/install/turtlesim/include/turtlesim/turtlesim/msg/rosidl_typesupport_fastrtps_cpp__visibility_control.h
[2.121s] -- Up-to-date: /home/chelse/ros2_ws/install/turtlesim/include/turtlesim/turtlesim/srv
[2.121s] -- Up-to-date: /home/chelse/ros2_ws/install/turtlesim/include/turtlesim/turtlesim/srv/detail
[2.121s] -- Up-to-date: /home/chelse/ros2_ws/install/turtlesim/include/turtlesim/turtlesim/srv/detail/teleport_relative__rosidl_typesupport_fastrtps_cpp.hpp
[2.121s] -- Up-to-date: /home/chelse/ros2_ws/install/turtlesim/include/turtlesim/turtlesim/srv/detail/set_pen__rosidl_typesupport_fastrtps_cpp.hpp
[2.121s] -- Up-to-date: /home/chelse/ros2_ws/install/turtlesim/include/turtlesim/turtlesim/srv/detail/spawn__rosidl_typesupport_fastrtps_cpp.hpp
[2.122s] -- Up-to-date: /home/chelse/ros2_ws/install/turtlesim/include/turtlesim/turtlesim/srv/detail/teleport_absolute__rosidl_typesupport_fastrtps_cpp.hpp
[2.122s] -- Up-to-date: /home/chelse/ros2_ws/install/turtlesim/include/turtlesim/turtlesim/srv/detail/dds_fastrtps
[2.122s] -- Up-to-date: /home/chelse/ros2_ws/install/turtlesim/include/turtlesim/turtlesim/srv/detail/kill__rosidl_typesupport_fastrtps_cpp.hpp
[2.123s] -- Up-to-date: /home/chelse/ros2_ws/install/turtlesim/lib/libturtlesim__rosidl_typesupport_fastrtps_cpp.so
[2.123s] -- Up-to-date: /home/chelse/ros2_ws/install/turtlesim/include/turtlesim/turtlesim
[2.123s] -- Up-to-date: /home/chelse/ros2_ws/install/turtlesim/include/turtlesim/turtlesim/action
[2.124s] -- Up-to-date: /home/chelse/ros2_ws/install/turtlesim/include/turtlesim/turtlesim/action/detail
[2.124s] -- Up-to-date: /home/chelse/ros2_ws/install/turtlesim/include/turtlesim/turtlesim/action/detail/rotate_absolute__rosidl_typesupport_introspection_c.h
[2.124s] -- Up-to-date: /home/chelse/ros2_ws/install/turtlesim/include/turtlesim/turtlesim/action/detail/rotate_absolute__type_support.c
[2.124s] -- Up-to-date: /home/chelse/ros2_ws/install/turtlesim/include/turtlesim/turtlesim/msg
[2.124s] -- Up-to-date: /home/chelse/ros2_ws/install/turtlesim/include/turtlesim/turtlesim/msg/rosidl_typesupport_introspection_c__visibility_control.h
[2.125s] -- Up-to-date: /home/chelse/ros2_ws/install/turtlesim/include/turtlesim/turtlesim/msg/detail
[2.125s] -- Up-to-date: /home/chelse/ros2_ws/install/turtlesim/include/turtlesim/turtlesim/msg/detail/color__type_support.c
[2.125s] -- Up-to-date: /home/chelse/ros2_ws/install/turtlesim/include/turtlesim/turtlesim/msg/detail/pose__rosidl_typesupport_introspection_c.h
[2.125s] -- Up-to-date: /home/chelse/ros2_ws/install/turtlesim/include/turtlesim/turtlesim/msg/detail/pose__type_support.c
[2.126s] -- Up-to-date: /home/chelse/ros2_ws/install/turtlesim/include/turtlesim/turtlesim/msg/detail/color__rosidl_typesupport_introspection_c.h
[2.126s] -- Up-to-date: /home/chelse/ros2_ws/install/turtlesim/include/turtlesim/turtlesim/srv
[2.126s] -- Up-to-date: /home/chelse/ros2_ws/install/turtlesim/include/turtlesim/turtlesim/srv/detail
[2.126s] -- Up-to-date: /home/chelse/ros2_ws/install/turtlesim/include/turtlesim/turtlesim/srv/detail/teleport_absolute__type_support.c
[2.126s] -- Up-to-date: /home/chelse/ros2_ws/install/turtlesim/include/turtlesim/turtlesim/srv/detail/spawn__type_support.c
[2.127s] -- Up-to-date: /home/chelse/ros2_ws/install/turtlesim/include/turtlesim/turtlesim/srv/detail/kill__type_support.c
[2.127s] -- Up-to-date: /home/chelse/ros2_ws/install/turtlesim/include/turtlesim/turtlesim/srv/detail/teleport_absolute__rosidl_typesupport_introspection_c.h
[2.127s] -- Up-to-date: /home/chelse/ros2_ws/install/turtlesim/include/turtlesim/turtlesim/srv/detail/kill__rosidl_typesupport_introspection_c.h
[2.127s] -- Up-to-date: /home/chelse/ros2_ws/install/turtlesim/include/turtlesim/turtlesim/srv/detail/spawn__rosidl_typesupport_introspection_c.h
[2.127s] -- Up-to-date: /home/chelse/ros2_ws/install/turtlesim/include/turtlesim/turtlesim/srv/detail/set_pen__type_support.c
[2.127s] -- Up-to-date: /home/chelse/ros2_ws/install/turtlesim/include/turtlesim/turtlesim/srv/detail/teleport_relative__type_support.c
[2.128s] -- Up-to-date: /home/chelse/ros2_ws/install/turtlesim/include/turtlesim/turtlesim/srv/detail/set_pen__rosidl_typesupport_introspection_c.h
[2.128s] -- Up-to-date: /home/chelse/ros2_ws/install/turtlesim/include/turtlesim/turtlesim/srv/detail/teleport_relative__rosidl_typesupport_introspection_c.h
[2.128s] -- Up-to-date: /home/chelse/ros2_ws/install/turtlesim/lib/libturtlesim__rosidl_typesupport_introspection_c.so
[2.128s] -- Up-to-date: /home/chelse/ros2_ws/install/turtlesim/lib/libturtlesim__rosidl_typesupport_c.so
[2.128s] -- Up-to-date: /home/chelse/ros2_ws/install/turtlesim/include/turtlesim/turtlesim
[2.128s] -- Up-to-date: /home/chelse/ros2_ws/install/turtlesim/include/turtlesim/turtlesim/action
[2.128s] -- Up-to-date: /home/chelse/ros2_ws/install/turtlesim/include/turtlesim/turtlesim/action/detail
[2.129s] -- Up-to-date: /home/chelse/ros2_ws/install/turtlesim/include/turtlesim/turtlesim/action/detail/rotate_absolute__rosidl_typesupport_introspection_cpp.hpp
[2.129s] -- Up-to-date: /home/chelse/ros2_ws/install/turtlesim/include/turtlesim/turtlesim/action/detail/rotate_absolute__type_support.cpp
[2.129s] -- Up-to-date: /home/chelse/ros2_ws/install/turtlesim/include/turtlesim/turtlesim/msg
[2.129s] -- Up-to-date: /home/chelse/ros2_ws/install/turtlesim/include/turtlesim/turtlesim/msg/detail
[2.129s] -- Up-to-date: /home/chelse/ros2_ws/install/turtlesim/include/turtlesim/turtlesim/msg/detail/pose__rosidl_typesupport_introspection_cpp.hpp
[2.129s] -- Up-to-date: /home/chelse/ros2_ws/install/turtlesim/include/turtlesim/turtlesim/msg/detail/color__type_support.cpp
[2.129s] -- Up-to-date: /home/chelse/ros2_ws/install/turtlesim/include/turtlesim/turtlesim/msg/detail/color__rosidl_typesupport_introspection_cpp.hpp
[2.129s] -- Up-to-date: /home/chelse/ros2_ws/install/turtlesim/include/turtlesim/turtlesim/msg/detail/pose__type_support.cpp
[2.130s] -- Up-to-date: /home/chelse/ros2_ws/install/turtlesim/include/turtlesim/turtlesim/srv
[2.130s] -- Up-to-date: /home/chelse/ros2_ws/install/turtlesim/include/turtlesim/turtlesim/srv/detail
[2.130s] -- Up-to-date: /home/chelse/ros2_ws/install/turtlesim/include/turtlesim/turtlesim/srv/detail/teleport_relative__rosidl_typesupport_introspection_cpp.hpp
[2.130s] -- Up-to-date: /home/chelse/ros2_ws/install/turtlesim/include/turtlesim/turtlesim/srv/detail/teleport_absolute__type_support.cpp
[2.130s] -- Up-to-date: /home/chelse/ros2_ws/install/turtlesim/include/turtlesim/turtlesim/srv/detail/spawn__rosidl_typesupport_introspection_cpp.hpp
[2.130s] -- Up-to-date: /home/chelse/ros2_ws/install/turtlesim/include/turtlesim/turtlesim/srv/detail/teleport_relative__type_support.cpp
[2.130s] -- Up-to-date: /home/chelse/ros2_ws/install/turtlesim/include/turtlesim/turtlesim/srv/detail/set_pen__type_support.cpp
[2.131s] -- Up-to-date: /home/chelse/ros2_ws/install/turtlesim/include/turtlesim/turtlesim/srv/detail/teleport_absolute__rosidl_typesupport_introspection_cpp.hpp
[2.131s] -- Up-to-date: /home/chelse/ros2_ws/install/turtlesim/include/turtlesim/turtlesim/srv/detail/set_pen__rosidl_typesupport_introspection_cpp.hpp
[2.131s] -- Up-to-date: /home/chelse/ros2_ws/install/turtlesim/include/turtlesim/turtlesim/srv/detail/kill__rosidl_typesupport_introspection_cpp.hpp
[2.131s] -- Up-to-date: /home/chelse/ros2_ws/install/turtlesim/include/turtlesim/turtlesim/srv/detail/kill__type_support.cpp
[2.131s] -- Up-to-date: /home/chelse/ros2_ws/install/turtlesim/include/turtlesim/turtlesim/srv/detail/spawn__type_support.cpp
[2.131s] -- Up-to-date: /home/chelse/ros2_ws/install/turtlesim/lib/libturtlesim__rosidl_typesupport_introspection_cpp.so
[2.131s] -- Up-to-date: /home/chelse/ros2_ws/install/turtlesim/lib/libturtlesim__rosidl_typesupport_cpp.so
[2.132s] -- Up-to-date: /home/chelse/ros2_ws/install/turtlesim/share/turtlesim/environment/pythonpath.sh
[2.132s] -- Up-to-date: /home/chelse/ros2_ws/install/turtlesim/share/turtlesim/environment/pythonpath.dsv
[2.132s] -- Up-to-date: /home/chelse/ros2_ws/install/turtlesim/local/lib/python3.10/dist-packages/turtlesim-1.4.2-py3.10.egg-info
[2.132s] -- Installing: /home/chelse/ros2_ws/install/turtlesim/local/lib/python3.10/dist-packages/turtlesim-1.4.2-py3.10.egg-info/SOURCES.txt
[2.132s] -- Installing: /home/chelse/ros2_ws/install/turtlesim/local/lib/python3.10/dist-packages/turtlesim-1.4.2-py3.10.egg-info/PKG-INFO
[2.132s] -- Installing: /home/chelse/ros2_ws/install/turtlesim/local/lib/python3.10/dist-packages/turtlesim-1.4.2-py3.10.egg-info/top_level.txt
[2.132s] -- Installing: /home/chelse/ros2_ws/install/turtlesim/local/lib/python3.10/dist-packages/turtlesim-1.4.2-py3.10.egg-info/dependency_links.txt
[2.132s] -- Up-to-date: /home/chelse/ros2_ws/install/turtlesim/local/lib/python3.10/dist-packages/turtlesim
[2.133s] -- Up-to-date: /home/chelse/ros2_ws/install/turtlesim/local/lib/python3.10/dist-packages/turtlesim/action
[2.133s] -- Up-to-date: /home/chelse/ros2_ws/install/turtlesim/local/lib/python3.10/dist-packages/turtlesim/action/__init__.py
[2.133s] -- Up-to-date: /home/chelse/ros2_ws/install/turtlesim/local/lib/python3.10/dist-packages/turtlesim/action/_rotate_absolute.py
[2.133s] -- Up-to-date: /home/chelse/ros2_ws/install/turtlesim/local/lib/python3.10/dist-packages/turtlesim/action/_rotate_absolute_s.c
[2.133s] -- Up-to-date: /home/chelse/ros2_ws/install/turtlesim/local/lib/python3.10/dist-packages/turtlesim/_turtlesim_s.ep.rosidl_typesupport_fastrtps_c.c
[2.133s] -- Up-to-date: /home/chelse/ros2_ws/install/turtlesim/local/lib/python3.10/dist-packages/turtlesim/msg
[2.133s] -- Up-to-date: /home/chelse/ros2_ws/install/turtlesim/local/lib/python3.10/dist-packages/turtlesim/msg/_color.py
[2.133s] -- Up-to-date: /home/chelse/ros2_ws/install/turtlesim/local/lib/python3.10/dist-packages/turtlesim/msg/_color_s.c
[2.134s] -- Up-to-date: /home/chelse/ros2_ws/install/turtlesim/local/lib/python3.10/dist-packages/turtlesim/msg/__init__.py
[2.134s] -- Up-to-date: /home/chelse/ros2_ws/install/turtlesim/local/lib/python3.10/dist-packages/turtlesim/msg/_pose_s.c
[2.134s] -- Up-to-date: /home/chelse/ros2_ws/install/turtlesim/local/lib/python3.10/dist-packages/turtlesim/msg/_pose.py
[2.134s] -- Up-to-date: /home/chelse/ros2_ws/install/turtlesim/local/lib/python3.10/dist-packages/turtlesim/__init__.py
[2.134s] -- Up-to-date: /home/chelse/ros2_ws/install/turtlesim/local/lib/python3.10/dist-packages/turtlesim/_turtlesim_s.ep.rosidl_typesupport_c.c
[2.134s] -- Up-to-date: /home/chelse/ros2_ws/install/turtlesim/local/lib/python3.10/dist-packages/turtlesim/turtlesim_s__rosidl_typesupport_c.cpython-310-x86_64-linux-gnu.so
[2.134s] -- Up-to-date: /home/chelse/ros2_ws/install/turtlesim/local/lib/python3.10/dist-packages/turtlesim/srv
[2.135s] -- Up-to-date: /home/chelse/ros2_ws/install/turtlesim/local/lib/python3.10/dist-packages/turtlesim/srv/_spawn.py
[2.135s] -- Up-to-date: /home/chelse/ros2_ws/install/turtlesim/local/lib/python3.10/dist-packages/turtlesim/srv/_kill_s.c
[2.135s] -- Up-to-date: /home/chelse/ros2_ws/install/turtlesim/local/lib/python3.10/dist-packages/turtlesim/srv/_kill.py
[2.135s] -- Up-to-date: /home/chelse/ros2_ws/install/turtlesim/local/lib/python3.10/dist-packages/turtlesim/srv/__init__.py
[2.135s] -- Up-to-date: /home/chelse/ros2_ws/install/turtlesim/local/lib/python3.10/dist-packages/turtlesim/srv/_teleport_absolute.py
[2.135s] -- Up-to-date: /home/chelse/ros2_ws/install/turtlesim/local/lib/python3.10/dist-packages/turtlesim/srv/_set_pen_s.c
[2.135s] -- Up-to-date: /home/chelse/ros2_ws/install/turtlesim/local/lib/python3.10/dist-packages/turtlesim/srv/_teleport_relative_s.c
[2.135s] -- Up-to-date: /home/chelse/ros2_ws/install/turtlesim/local/lib/python3.10/dist-packages/turtlesim/srv/_teleport_relative.py
[2.135s] -- Up-to-date: /home/chelse/ros2_ws/install/turtlesim/local/lib/python3.10/dist-packages/turtlesim/srv/_teleport_absolute_s.c
[2.136s] -- Up-to-date: /home/chelse/ros2_ws/install/turtlesim/local/lib/python3.10/dist-packages/turtlesim/srv/_spawn_s.c
[2.136s] -- Up-to-date: /home/chelse/ros2_ws/install/turtlesim/local/lib/python3.10/dist-packages/turtlesim/srv/_set_pen.py
[2.136s] -- Up-to-date: /home/chelse/ros2_ws/install/turtlesim/local/lib/python3.10/dist-packages/turtlesim/libturtlesim__rosidl_generator_py.so
[2.136s] -- Up-to-date: /home/chelse/ros2_ws/install/turtlesim/local/lib/python3.10/dist-packages/turtlesim/turtlesim_s__rosidl_typesupport_fastrtps_c.cpython-310-x86_64-linux-gnu.so
[2.136s] -- Up-to-date: /home/chelse/ros2_ws/install/turtlesim/local/lib/python3.10/dist-packages/turtlesim/turtlesim_s__rosidl_typesupport_introspection_c.cpython-310-x86_64-linux-gnu.so
[2.136s] -- Up-to-date: /home/chelse/ros2_ws/install/turtlesim/local/lib/python3.10/dist-packages/turtlesim/_turtlesim_s.ep.rosidl_typesupport_introspection_c.c
[2.179s] Listing '/home/chelse/ros2_ws/install/turtlesim/local/lib/python3.10/dist-packages/turtlesim'...
[2.179s] Listing '/home/chelse/ros2_ws/install/turtlesim/local/lib/python3.10/dist-packages/turtlesim/action'...
[2.180s] Listing '/home/chelse/ros2_ws/install/turtlesim/local/lib/python3.10/dist-packages/turtlesim/msg'...
[2.180s] Listing '/home/chelse/ros2_ws/install/turtlesim/local/lib/python3.10/dist-packages/turtlesim/srv'...
[2.187s] -- Up-to-date: /home/chelse/ros2_ws/install/turtlesim/local/lib/python3.10/dist-packages/turtlesim/turtlesim_s__rosidl_typesupport_fastrtps_c.cpython-310-x86_64-linux-gnu.so
[2.187s] -- Up-to-date: /home/chelse/ros2_ws/install/turtlesim/local/lib/python3.10/dist-packages/turtlesim/turtlesim_s__rosidl_typesupport_introspection_c.cpython-310-x86_64-linux-gnu.so
[2.188s] -- Up-to-date: /home/chelse/ros2_ws/install/turtlesim/local/lib/python3.10/dist-packages/turtlesim/turtlesim_s__rosidl_typesupport_c.cpython-310-x86_64-linux-gnu.so
[2.189s] -- Up-to-date: /home/chelse/ros2_ws/install/turtlesim/lib/libturtlesim__rosidl_generator_py.so
[2.190s] -- Up-to-date: /home/chelse/ros2_ws/install/turtlesim/share/turtlesim/action/RotateAbsolute.idl
[2.190s] -- Up-to-date: /home/chelse/ros2_ws/install/turtlesim/share/turtlesim/msg/Color.idl
[2.190s] -- Up-to-date: /home/chelse/ros2_ws/install/turtlesim/share/turtlesim/msg/Pose.idl
[2.191s] -- Up-to-date: /home/chelse/ros2_ws/install/turtlesim/share/turtlesim/srv/Kill.idl
[2.191s] -- Up-to-date: /home/chelse/ros2_ws/install/turtlesim/share/turtlesim/srv/SetPen.idl
[2.192s] -- Up-to-date: /home/chelse/ros2_ws/install/turtlesim/share/turtlesim/srv/Spawn.idl
[2.192s] -- Up-to-date: /home/chelse/ros2_ws/install/turtlesim/share/turtlesim/srv/TeleportAbsolute.idl
[2.192s] -- Up-to-date: /home/chelse/ros2_ws/install/turtlesim/share/turtlesim/srv/TeleportRelative.idl
[2.192s] -- Up-to-date: /home/chelse/ros2_ws/install/turtlesim/share/turtlesim/action/RotateAbsolute.action
[2.193s] -- Up-to-date: /home/chelse/ros2_ws/install/turtlesim/share/turtlesim/msg/Color.msg
[2.193s] -- Up-to-date: /home/chelse/ros2_ws/install/turtlesim/share/turtlesim/msg/Pose.msg
[2.193s] -- Up-to-date: /home/chelse/ros2_ws/install/turtlesim/share/turtlesim/srv/Kill.srv
[2.194s] -- Up-to-date: /home/chelse/ros2_ws/install/turtlesim/share/turtlesim/srv/Kill_Request.msg
[2.194s] -- Up-to-date: /home/chelse/ros2_ws/install/turtlesim/share/turtlesim/srv/Kill_Response.msg
[2.194s] -- Up-to-date: /home/chelse/ros2_ws/install/turtlesim/share/turtlesim/srv/SetPen.srv
[2.195s] -- Up-to-date: /home/chelse/ros2_ws/install/turtlesim/share/turtlesim/srv/SetPen_Request.msg
[2.195s] -- Up-to-date: /home/chelse/ros2_ws/install/turtlesim/share/turtlesim/srv/SetPen_Response.msg
[2.195s] -- Up-to-date: /home/chelse/ros2_ws/install/turtlesim/share/turtlesim/srv/Spawn.srv
[2.196s] -- Up-to-date: /home/chelse/ros2_ws/install/turtlesim/share/turtlesim/srv/Spawn_Request.msg
[2.196s] -- Up-to-date: /home/chelse/ros2_ws/install/turtlesim/share/turtlesim/srv/Spawn_Response.msg
[2.197s] -- Up-to-date: /home/chelse/ros2_ws/install/turtlesim/share/turtlesim/srv/TeleportAbsolute.srv
[2.197s] -- Up-to-date: /home/chelse/ros2_ws/install/turtlesim/share/turtlesim/srv/TeleportAbsolute_Request.msg
[2.197s] -- Up-to-date: /home/chelse/ros2_ws/install/turtlesim/share/turtlesim/srv/TeleportAbsolute_Response.msg
[2.198s] -- Up-to-date: /home/chelse/ros2_ws/install/turtlesim/share/turtlesim/srv/TeleportRelative.srv
[2.198s] -- Up-to-date: /home/chelse/ros2_ws/install/turtlesim/share/turtlesim/srv/TeleportRelative_Request.msg
[2.199s] -- Up-to-date: /home/chelse/ros2_ws/install/turtlesim/share/turtlesim/srv/TeleportRelative_Response.msg
[2.199s] -- Up-to-date: /home/chelse/ros2_ws/install/turtlesim/lib/turtlesim/turtlesim_node
[2.199s] -- Up-to-date: /home/chelse/ros2_ws/install/turtlesim/lib/turtlesim/turtle_teleop_key
[2.200s] -- Up-to-date: /home/chelse/ros2_ws/install/turtlesim/lib/turtlesim/draw_square
[2.200s] -- Up-to-date: /home/chelse/ros2_ws/install/turtlesim/lib/turtlesim/mimic
[2.200s] -- Up-to-date: /home/chelse/ros2_ws/install/turtlesim/share/turtlesim/images
[2.201s] -- Up-to-date: /home/chelse/ros2_ws/install/turtlesim/share/turtlesim/images/ardent.png
[2.201s] -- Up-to-date: /home/chelse/ros2_ws/install/turtlesim/share/turtlesim/images/eloquent.png
[2.202s] -- Up-to-date: /home/chelse/ros2_ws/install/turtlesim/share/turtlesim/images/dashing.png
[2.202s] -- Up-to-date: /home/chelse/ros2_ws/install/turtlesim/share/turtlesim/images/foxy.png
[2.202s] -- Up-to-date: /home/chelse/ros2_ws/install/turtlesim/share/turtlesim/images/rolling.png
[2.202s] -- Up-to-date: /home/chelse/ros2_ws/install/turtlesim/share/turtlesim/images/bouncy.png
[2.203s] -- Up-to-date: /home/chelse/ros2_ws/install/turtlesim/share/turtlesim/images/crystal.png
[2.203s] -- Up-to-date: /home/chelse/ros2_ws/install/turtlesim/share/turtlesim/images/galactic.png
[2.203s] -- Up-to-date: /home/chelse/ros2_ws/install/turtlesim/share/turtlesim/images/humble.png
[2.204s] -- Up-to-date: /home/chelse/ros2_ws/install/turtlesim/share/turtlesim/launch
[2.204s] -- Up-to-date: /home/chelse/ros2_ws/install/turtlesim/share/turtlesim/launch/multisim.launch.py
[2.204s] -- Up-to-date: /home/chelse/ros2_ws/install/turtlesim/share/ament_index/resource_index/package_run_dependencies/turtlesim
[2.204s] -- Up-to-date: /home/chelse/ros2_ws/install/turtlesim/share/ament_index/resource_index/parent_prefix_path/turtlesim
[2.205s] -- Up-to-date: /home/chelse/ros2_ws/install/turtlesim/share/turtlesim/environment/ament_prefix_path.sh
[2.205s] -- Up-to-date: /home/chelse/ros2_ws/install/turtlesim/share/turtlesim/environment/ament_prefix_path.dsv
[2.205s] -- Up-to-date: /home/chelse/ros2_ws/install/turtlesim/share/turtlesim/environment/path.sh
[2.205s] -- Up-to-date: /home/chelse/ros2_ws/install/turtlesim/share/turtlesim/environment/path.dsv
[2.206s] -- Up-to-date: /home/chelse/ros2_ws/install/turtlesim/share/turtlesim/local_setup.bash
[2.206s] -- Up-to-date: /home/chelse/ros2_ws/install/turtlesim/share/turtlesim/local_setup.sh
[2.206s] -- Up-to-date: /home/chelse/ros2_ws/install/turtlesim/share/turtlesim/local_setup.zsh
[2.206s] -- Up-to-date: /home/chelse/ros2_ws/install/turtlesim/share/turtlesim/local_setup.dsv
[2.207s] -- Installing: /home/chelse/ros2_ws/install/turtlesim/share/turtlesim/package.dsv
[2.207s] -- Up-to-date: /home/chelse/ros2_ws/install/turtlesim/share/ament_index/resource_index/packages/turtlesim
[2.207s] -- Up-to-date: /home/chelse/ros2_ws/install/turtlesim/share/turtlesim/cmake/export_turtlesim__rosidl_generator_cExport.cmake
[2.207s] -- Up-to-date: /home/chelse/ros2_ws/install/turtlesim/share/turtlesim/cmake/export_turtlesim__rosidl_generator_cExport-noconfig.cmake
[2.208s] -- Up-to-date: /home/chelse/ros2_ws/install/turtlesim/share/turtlesim/cmake/export_turtlesim__rosidl_typesupport_fastrtps_cExport.cmake
[2.208s] -- Up-to-date: /home/chelse/ros2_ws/install/turtlesim/share/turtlesim/cmake/export_turtlesim__rosidl_typesupport_fastrtps_cExport-noconfig.cmake
[2.208s] -- Up-to-date: /home/chelse/ros2_ws/install/turtlesim/share/turtlesim/cmake/export_turtlesim__rosidl_generator_cppExport.cmake
[2.208s] -- Up-to-date: /home/chelse/ros2_ws/install/turtlesim/share/turtlesim/cmake/export_turtlesim__rosidl_typesupport_fastrtps_cppExport.cmake
[2.208s] -- Up-to-date: /home/chelse/ros2_ws/install/turtlesim/share/turtlesim/cmake/export_turtlesim__rosidl_typesupport_fastrtps_cppExport-noconfig.cmake
[2.209s] -- Up-to-date: /home/chelse/ros2_ws/install/turtlesim/share/turtlesim/cmake/turtlesim__rosidl_typesupport_introspection_cExport.cmake
[2.209s] -- Up-to-date: /home/chelse/ros2_ws/install/turtlesim/share/turtlesim/cmake/turtlesim__rosidl_typesupport_introspection_cExport-noconfig.cmake
[2.209s] -- Up-to-date: /home/chelse/ros2_ws/install/turtlesim/share/turtlesim/cmake/turtlesim__rosidl_typesupport_cExport.cmake
[2.209s] -- Up-to-date: /home/chelse/ros2_ws/install/turtlesim/share/turtlesim/cmake/turtlesim__rosidl_typesupport_cExport-noconfig.cmake
[2.209s] -- Up-to-date: /home/chelse/ros2_ws/install/turtlesim/share/turtlesim/cmake/turtlesim__rosidl_typesupport_introspection_cppExport.cmake
[2.210s] -- Up-to-date: /home/chelse/ros2_ws/install/turtlesim/share/turtlesim/cmake/turtlesim__rosidl_typesupport_introspection_cppExport-noconfig.cmake
[2.210s] -- Up-to-date: /home/chelse/ros2_ws/install/turtlesim/share/turtlesim/cmake/turtlesim__rosidl_typesupport_cppExport.cmake
[2.210s] -- Up-to-date: /home/chelse/ros2_ws/install/turtlesim/share/turtlesim/cmake/turtlesim__rosidl_typesupport_cppExport-noconfig.cmake
[2.210s] -- Up-to-date: /home/chelse/ros2_ws/install/turtlesim/share/turtlesim/cmake/export_turtlesim__rosidl_generator_pyExport.cmake
[2.211s] -- Up-to-date: /home/chelse/ros2_ws/install/turtlesim/share/turtlesim/cmake/export_turtlesim__rosidl_generator_pyExport-noconfig.cmake
[2.211s] -- Up-to-date: /home/chelse/ros2_ws/install/turtlesim/share/turtlesim/cmake/rosidl_cmake-extras.cmake
[2.211s] -- Up-to-date: /home/chelse/ros2_ws/install/turtlesim/share/turtlesim/cmake/ament_cmake_export_dependencies-extras.cmake
[2.211s] -- Up-to-date: /home/chelse/ros2_ws/install/turtlesim/share/turtlesim/cmake/ament_cmake_export_include_directories-extras.cmake
[2.212s] -- Up-to-date: /home/chelse/ros2_ws/install/turtlesim/share/turtlesim/cmake/ament_cmake_export_libraries-extras.cmake
[2.212s] -- Up-to-date: /home/chelse/ros2_ws/install/turtlesim/share/turtlesim/cmake/ament_cmake_export_targets-extras.cmake
[2.212s] -- Up-to-date: /home/chelse/ros2_ws/install/turtlesim/share/turtlesim/cmake/rosidl_cmake_export_typesupport_targets-extras.cmake
[2.212s] -- Up-to-date: /home/chelse/ros2_ws/install/turtlesim/share/turtlesim/cmake/rosidl_cmake_export_typesupport_libraries-extras.cmake
[2.212s] -- Up-to-date: /home/chelse/ros2_ws/install/turtlesim/share/turtlesim/cmake/turtlesimConfig.cmake
[2.213s] -- Up-to-date: /home/chelse/ros2_ws/install/turtlesim/share/turtlesim/cmake/turtlesimConfig-version.cmake
[2.213s] -- Up-to-date: /home/chelse/ros2_ws/install/turtlesim/share/turtlesim/package.xml
[2.696s] Invoked command in '/home/chelse/ros2_ws/build/turtlesim' returned '0': CMAKE_PREFIX_PATH=${CMAKE_PREFIX_PATH}:/home/chelse/ros2_ws/install/rob599_basic:/opt/ros/humble /usr/bin/cmake --install /home/chelse/ros2_ws/build/turtlesim
