[0.265s] Invoking command in '/home/chelse/ros2_ws/build/rob599_hw2_msgs': CMAKE_PREFIX_PATH=${CMAKE_PREFIX_PATH}:/home/chelse/ros2_ws/install/rob599_hw3:/home/chelse/ros2_ws/install/rob599_hw2:/opt/ros/humble /usr/bin/cmake --build /home/chelse/ros2_ws/build/rob599_hw2_msgs -- -j12 -l12
[0.381s] [  1%] Built target rob599_hw2_msgs__cpp
[0.390s] [ 12%] Built target rob599_hw2_msgs__rosidl_generator_c
[0.419s] [ 12%] Built target ament_cmake_python_copy_rob599_hw2_msgs
[0.478s] [ 23%] Built target rob599_hw2_msgs__rosidl_typesupport_cpp
[0.501s] [ 35%] Built target rob599_hw2_msgs__rosidl_typesupport_c
[0.507s] [ 46%] Built target rob599_hw2_msgs__rosidl_typesupport_fastrtps_cpp
[0.508s] [ 57%] Built target rob599_hw2_msgs__rosidl_typesupport_introspection_c
[0.515s] [ 69%] Built target rob599_hw2_msgs__rosidl_typesupport_fastrtps_c
[0.527s] [ 80%] Built target rob599_hw2_msgs__rosidl_typesupport_introspection_cpp
[0.632s] [ 80%] Built target rob599_hw2_msgs
[0.716s] [ 81%] Built target rob599_hw2_msgs__py
[0.782s] [ 91%] Built target rob599_hw2_msgs__rosidl_generator_py
[0.848s] [ 94%] Built target rob599_hw2_msgs__rosidl_typesupport_introspection_c__pyext
[0.856s] [ 97%] Built target rob599_hw2_msgs__rosidl_typesupport_c__pyext
[0.869s] [100%] Built target rob599_hw2_msgs__rosidl_typesupport_fastrtps_c__pyext
[1.191s] running egg_info
[1.192s] writing rob599_hw2_msgs.egg-info/PKG-INFO
[1.192s] writing dependency_links to rob599_hw2_msgs.egg-info/dependency_links.txt
[1.192s] writing top-level names to rob599_hw2_msgs.egg-info/top_level.txt
[1.194s] reading manifest file 'rob599_hw2_msgs.egg-info/SOURCES.txt'
[1.200s] writing manifest file 'rob599_hw2_msgs.egg-info/SOURCES.txt'
[1.302s] [100%] Built target ament_cmake_python_build_rob599_hw2_msgs_egg
[1.328s] Invoked command in '/home/chelse/ros2_ws/build/rob599_hw2_msgs' returned '0': CMAKE_PREFIX_PATH=${CMAKE_PREFIX_PATH}:/home/chelse/ros2_ws/install/rob599_hw3:/home/chelse/ros2_ws/install/rob599_hw2:/opt/ros/humble /usr/bin/cmake --build /home/chelse/ros2_ws/build/rob599_hw2_msgs -- -j12 -l12
[1.714s] Invoking command in '/home/chelse/ros2_ws/build/rob599_hw2_msgs': CMAKE_PREFIX_PATH=${CMAKE_PREFIX_PATH}:/home/chelse/ros2_ws/install/rob599_hw3:/home/chelse/ros2_ws/install/rob599_hw2:/opt/ros/humble /usr/bin/cmake --install /home/chelse/ros2_ws/build/rob599_hw2_msgs
[1.730s] -- Install configuration: ""
[1.730s] -- Up-to-date: /home/chelse/ros2_ws/install/rob599_hw2_msgs/share/ament_index/resource_index/rosidl_interfaces/rob599_hw2_msgs
[1.730s] -- Up-to-date: /home/chelse/ros2_ws/install/rob599_hw2_msgs/include/rob599_hw2_msgs/rob599_hw2_msgs
[1.731s] -- Up-to-date: /home/chelse/ros2_ws/install/rob599_hw2_msgs/include/rob599_hw2_msgs/rob599_hw2_msgs/action
[1.731s] -- Up-to-date: /home/chelse/ros2_ws/install/rob599_hw2_msgs/include/rob599_hw2_msgs/rob599_hw2_msgs/action/detail
[1.731s] -- Up-to-date: /home/chelse/ros2_ws/install/rob599_hw2_msgs/include/rob599_hw2_msgs/rob599_hw2_msgs/action/detail/launch_rocket__functions.h
[1.731s] -- Up-to-date: /home/chelse/ros2_ws/install/rob599_hw2_msgs/include/rob599_hw2_msgs/rob599_hw2_msgs/action/detail/launch_rocket__struct.h
[1.731s] -- Up-to-date: /home/chelse/ros2_ws/install/rob599_hw2_msgs/include/rob599_hw2_msgs/rob599_hw2_msgs/action/detail/launch_rocket__functions.c
[1.731s] -- Up-to-date: /home/chelse/ros2_ws/install/rob599_hw2_msgs/include/rob599_hw2_msgs/rob599_hw2_msgs/action/detail/launch_rocket__type_support.h
[1.731s] -- Up-to-date: /home/chelse/ros2_ws/install/rob599_hw2_msgs/include/rob599_hw2_msgs/rob599_hw2_msgs/action/launch_rocket.h
[1.731s] -- Up-to-date: /home/chelse/ros2_ws/install/rob599_hw2_msgs/include/rob599_hw2_msgs/rob599_hw2_msgs/msg
[1.731s] -- Up-to-date: /home/chelse/ros2_ws/install/rob599_hw2_msgs/include/rob599_hw2_msgs/rob599_hw2_msgs/msg/rosidl_generator_c__visibility_control.h
[1.731s] -- Up-to-date: /home/chelse/ros2_ws/install/rob599_hw2_msgs/include/rob599_hw2_msgs/rob599_hw2_msgs/srv
[1.732s] -- Up-to-date: /home/chelse/ros2_ws/install/rob599_hw2_msgs/include/rob599_hw2_msgs/rob599_hw2_msgs/srv/clear_positions.h
[1.732s] -- Up-to-date: /home/chelse/ros2_ws/install/rob599_hw2_msgs/include/rob599_hw2_msgs/rob599_hw2_msgs/srv/detail
[1.732s] -- Up-to-date: /home/chelse/ros2_ws/install/rob599_hw2_msgs/include/rob599_hw2_msgs/rob599_hw2_msgs/srv/detail/save_places__functions.c
[1.732s] -- Up-to-date: /home/chelse/ros2_ws/install/rob599_hw2_msgs/include/rob599_hw2_msgs/rob599_hw2_msgs/srv/detail/load_places__struct.h
[1.732s] -- Up-to-date: /home/chelse/ros2_ws/install/rob599_hw2_msgs/include/rob599_hw2_msgs/rob599_hw2_msgs/srv/detail/save_places__functions.h
[1.733s] -- Up-to-date: /home/chelse/ros2_ws/install/rob599_hw2_msgs/include/rob599_hw2_msgs/rob599_hw2_msgs/srv/detail/clear_positions__type_support.h
[1.733s] -- Up-to-date: /home/chelse/ros2_ws/install/rob599_hw2_msgs/include/rob599_hw2_msgs/rob599_hw2_msgs/srv/detail/apply_brakes__type_support.h
[1.733s] -- Up-to-date: /home/chelse/ros2_ws/install/rob599_hw2_msgs/include/rob599_hw2_msgs/rob599_hw2_msgs/srv/detail/clear_positions__struct.h
[1.733s] -- Up-to-date: /home/chelse/ros2_ws/install/rob599_hw2_msgs/include/rob599_hw2_msgs/rob599_hw2_msgs/srv/detail/load_places__functions.c
[1.733s] -- Up-to-date: /home/chelse/ros2_ws/install/rob599_hw2_msgs/include/rob599_hw2_msgs/rob599_hw2_msgs/srv/detail/memorize_position__functions.c
[1.733s] -- Up-to-date: /home/chelse/ros2_ws/install/rob599_hw2_msgs/include/rob599_hw2_msgs/rob599_hw2_msgs/srv/detail/apply_brakes__struct.h
[1.734s] -- Up-to-date: /home/chelse/ros2_ws/install/rob599_hw2_msgs/include/rob599_hw2_msgs/rob599_hw2_msgs/srv/detail/clear_positions__functions.h
[1.734s] -- Up-to-date: /home/chelse/ros2_ws/install/rob599_hw2_msgs/include/rob599_hw2_msgs/rob599_hw2_msgs/srv/detail/apply_brakes__functions.c
[1.734s] -- Up-to-date: /home/chelse/ros2_ws/install/rob599_hw2_msgs/include/rob599_hw2_msgs/rob599_hw2_msgs/srv/detail/memorize_position__type_support.h
[1.735s] -- Up-to-date: /home/chelse/ros2_ws/install/rob599_hw2_msgs/include/rob599_hw2_msgs/rob599_hw2_msgs/srv/detail/load_places__type_support.h
[1.735s] -- Up-to-date: /home/chelse/ros2_ws/install/rob599_hw2_msgs/include/rob599_hw2_msgs/rob599_hw2_msgs/srv/detail/apply_brakes__functions.h
[1.735s] -- Up-to-date: /home/chelse/ros2_ws/install/rob599_hw2_msgs/include/rob599_hw2_msgs/rob599_hw2_msgs/srv/detail/save_places__struct.h
[1.735s] -- Up-to-date: /home/chelse/ros2_ws/install/rob599_hw2_msgs/include/rob599_hw2_msgs/rob599_hw2_msgs/srv/detail/clear_positions__functions.c
[1.735s] -- Up-to-date: /home/chelse/ros2_ws/install/rob599_hw2_msgs/include/rob599_hw2_msgs/rob599_hw2_msgs/srv/detail/save_places__type_support.h
[1.735s] -- Up-to-date: /home/chelse/ros2_ws/install/rob599_hw2_msgs/include/rob599_hw2_msgs/rob599_hw2_msgs/srv/detail/memorize_position__functions.h
[1.735s] -- Up-to-date: /home/chelse/ros2_ws/install/rob599_hw2_msgs/include/rob599_hw2_msgs/rob599_hw2_msgs/srv/detail/memorize_position__struct.h
[1.736s] -- Up-to-date: /home/chelse/ros2_ws/install/rob599_hw2_msgs/include/rob599_hw2_msgs/rob599_hw2_msgs/srv/detail/load_places__functions.h
[1.736s] -- Up-to-date: /home/chelse/ros2_ws/install/rob599_hw2_msgs/include/rob599_hw2_msgs/rob599_hw2_msgs/srv/memorize_position.h
[1.736s] -- Up-to-date: /home/chelse/ros2_ws/install/rob599_hw2_msgs/include/rob599_hw2_msgs/rob599_hw2_msgs/srv/apply_brakes.h
[1.736s] -- Up-to-date: /home/chelse/ros2_ws/install/rob599_hw2_msgs/include/rob599_hw2_msgs/rob599_hw2_msgs/srv/load_places.h
[1.736s] -- Up-to-date: /home/chelse/ros2_ws/install/rob599_hw2_msgs/include/rob599_hw2_msgs/rob599_hw2_msgs/srv/save_places.h
[1.736s] -- Up-to-date: /home/chelse/ros2_ws/install/rob599_hw2_msgs/share/rob599_hw2_msgs/environment/library_path.sh
[1.736s] -- Up-to-date: /home/chelse/ros2_ws/install/rob599_hw2_msgs/share/rob599_hw2_msgs/environment/library_path.dsv
[1.736s] -- Up-to-date: /home/chelse/ros2_ws/install/rob599_hw2_msgs/lib/librob599_hw2_msgs__rosidl_generator_c.so
[1.737s] -- Up-to-date: /home/chelse/ros2_ws/install/rob599_hw2_msgs/include/rob599_hw2_msgs/rob599_hw2_msgs
[1.737s] -- Up-to-date: /home/chelse/ros2_ws/install/rob599_hw2_msgs/include/rob599_hw2_msgs/rob599_hw2_msgs/action
[1.737s] -- Up-to-date: /home/chelse/ros2_ws/install/rob599_hw2_msgs/include/rob599_hw2_msgs/rob599_hw2_msgs/action/detail
[1.737s] -- Up-to-date: /home/chelse/ros2_ws/install/rob599_hw2_msgs/include/rob599_hw2_msgs/rob599_hw2_msgs/action/detail/launch_rocket__rosidl_typesupport_fastrtps_c.h
[1.737s] -- Up-to-date: /home/chelse/ros2_ws/install/rob599_hw2_msgs/include/rob599_hw2_msgs/rob599_hw2_msgs/msg
[1.738s] -- Up-to-date: /home/chelse/ros2_ws/install/rob599_hw2_msgs/include/rob599_hw2_msgs/rob599_hw2_msgs/msg/rosidl_typesupport_fastrtps_c__visibility_control.h
[1.738s] -- Up-to-date: /home/chelse/ros2_ws/install/rob599_hw2_msgs/include/rob599_hw2_msgs/rob599_hw2_msgs/srv
[1.738s] -- Up-to-date: /home/chelse/ros2_ws/install/rob599_hw2_msgs/include/rob599_hw2_msgs/rob599_hw2_msgs/srv/detail
[1.738s] -- Up-to-date: /home/chelse/ros2_ws/install/rob599_hw2_msgs/include/rob599_hw2_msgs/rob599_hw2_msgs/srv/detail/clear_positions__rosidl_typesupport_fastrtps_c.h
[1.738s] -- Up-to-date: /home/chelse/ros2_ws/install/rob599_hw2_msgs/include/rob599_hw2_msgs/rob599_hw2_msgs/srv/detail/apply_brakes__rosidl_typesupport_fastrtps_c.h
[1.738s] -- Up-to-date: /home/chelse/ros2_ws/install/rob599_hw2_msgs/include/rob599_hw2_msgs/rob599_hw2_msgs/srv/detail/save_places__rosidl_typesupport_fastrtps_c.h
[1.739s] -- Up-to-date: /home/chelse/ros2_ws/install/rob599_hw2_msgs/include/rob599_hw2_msgs/rob599_hw2_msgs/srv/detail/load_places__rosidl_typesupport_fastrtps_c.h
[1.739s] -- Up-to-date: /home/chelse/ros2_ws/install/rob599_hw2_msgs/include/rob599_hw2_msgs/rob599_hw2_msgs/srv/detail/memorize_position__rosidl_typesupport_fastrtps_c.h
[1.739s] -- Up-to-date: /home/chelse/ros2_ws/install/rob599_hw2_msgs/lib/librob599_hw2_msgs__rosidl_typesupport_fastrtps_c.so
[1.739s] -- Up-to-date: /home/chelse/ros2_ws/install/rob599_hw2_msgs/include/rob599_hw2_msgs/rob599_hw2_msgs
[1.739s] -- Up-to-date: /home/chelse/ros2_ws/install/rob599_hw2_msgs/include/rob599_hw2_msgs/rob599_hw2_msgs/action
[1.739s] -- Up-to-date: /home/chelse/ros2_ws/install/rob599_hw2_msgs/include/rob599_hw2_msgs/rob599_hw2_msgs/action/detail
[1.739s] -- Up-to-date: /home/chelse/ros2_ws/install/rob599_hw2_msgs/include/rob599_hw2_msgs/rob599_hw2_msgs/action/detail/launch_rocket__type_support.c
[1.739s] -- Up-to-date: /home/chelse/ros2_ws/install/rob599_hw2_msgs/include/rob599_hw2_msgs/rob599_hw2_msgs/action/detail/launch_rocket__rosidl_typesupport_introspection_c.h
[1.740s] -- Up-to-date: /home/chelse/ros2_ws/install/rob599_hw2_msgs/include/rob599_hw2_msgs/rob599_hw2_msgs/msg
[1.740s] -- Up-to-date: /home/chelse/ros2_ws/install/rob599_hw2_msgs/include/rob599_hw2_msgs/rob599_hw2_msgs/msg/rosidl_typesupport_introspection_c__visibility_control.h
[1.740s] -- Up-to-date: /home/chelse/ros2_ws/install/rob599_hw2_msgs/include/rob599_hw2_msgs/rob599_hw2_msgs/srv
[1.740s] -- Up-to-date: /home/chelse/ros2_ws/install/rob599_hw2_msgs/include/rob599_hw2_msgs/rob599_hw2_msgs/srv/detail
[1.740s] -- Up-to-date: /home/chelse/ros2_ws/install/rob599_hw2_msgs/include/rob599_hw2_msgs/rob599_hw2_msgs/srv/detail/clear_positions__type_support.c
[1.740s] -- Up-to-date: /home/chelse/ros2_ws/install/rob599_hw2_msgs/include/rob599_hw2_msgs/rob599_hw2_msgs/srv/detail/save_places__type_support.c
[1.741s] -- Up-to-date: /home/chelse/ros2_ws/install/rob599_hw2_msgs/include/rob599_hw2_msgs/rob599_hw2_msgs/srv/detail/memorize_position__type_support.c
[1.742s] -- Up-to-date: /home/chelse/ros2_ws/install/rob599_hw2_msgs/include/rob599_hw2_msgs/rob599_hw2_msgs/srv/detail/clear_positions__rosidl_typesupport_introspection_c.h
[1.744s] -- Up-to-date: /home/chelse/ros2_ws/install/rob599_hw2_msgs/include/rob599_hw2_msgs/rob599_hw2_msgs/srv/detail/load_places__type_support.c
[1.745s] -- Up-to-date: /home/chelse/ros2_ws/install/rob599_hw2_msgs/include/rob599_hw2_msgs/rob599_hw2_msgs/srv/detail/memorize_position__rosidl_typesupport_introspection_c.h
[1.746s] -- Up-to-date: /home/chelse/ros2_ws/install/rob599_hw2_msgs/include/rob599_hw2_msgs/rob599_hw2_msgs/srv/detail/apply_brakes__rosidl_typesupport_introspection_c.h
[1.746s] -- Up-to-date: /home/chelse/ros2_ws/install/rob599_hw2_msgs/include/rob599_hw2_msgs/rob599_hw2_msgs/srv/detail/load_places__rosidl_typesupport_introspection_c.h
[1.747s] -- Up-to-date: /home/chelse/ros2_ws/install/rob599_hw2_msgs/include/rob599_hw2_msgs/rob599_hw2_msgs/srv/detail/apply_brakes__type_support.c
[1.747s] -- Up-to-date: /home/chelse/ros2_ws/install/rob599_hw2_msgs/include/rob599_hw2_msgs/rob599_hw2_msgs/srv/detail/save_places__rosidl_typesupport_introspection_c.h
[1.747s] -- Up-to-date: /home/chelse/ros2_ws/install/rob599_hw2_msgs/lib/librob599_hw2_msgs__rosidl_typesupport_introspection_c.so
[1.747s] -- Up-to-date: /home/chelse/ros2_ws/install/rob599_hw2_msgs/lib/librob599_hw2_msgs__rosidl_typesupport_c.so
[1.747s] -- Up-to-date: /home/chelse/ros2_ws/install/rob599_hw2_msgs/include/rob599_hw2_msgs/rob599_hw2_msgs
[1.748s] -- Up-to-date: /home/chelse/ros2_ws/install/rob599_hw2_msgs/include/rob599_hw2_msgs/rob599_hw2_msgs/action
[1.748s] -- Up-to-date: /home/chelse/ros2_ws/install/rob599_hw2_msgs/include/rob599_hw2_msgs/rob599_hw2_msgs/action/detail
[1.748s] -- Up-to-date: /home/chelse/ros2_ws/install/rob599_hw2_msgs/include/rob599_hw2_msgs/rob599_hw2_msgs/action/detail/launch_rocket__traits.hpp
[1.748s] -- Up-to-date: /home/chelse/ros2_ws/install/rob599_hw2_msgs/include/rob599_hw2_msgs/rob599_hw2_msgs/action/detail/launch_rocket__builder.hpp
[1.748s] -- Up-to-date: /home/chelse/ros2_ws/install/rob599_hw2_msgs/include/rob599_hw2_msgs/rob599_hw2_msgs/action/detail/launch_rocket__struct.hpp
[1.748s] -- Up-to-date: /home/chelse/ros2_ws/install/rob599_hw2_msgs/include/rob599_hw2_msgs/rob599_hw2_msgs/action/launch_rocket.hpp
[1.749s] -- Up-to-date: /home/chelse/ros2_ws/install/rob599_hw2_msgs/include/rob599_hw2_msgs/rob599_hw2_msgs/srv
[1.749s] -- Up-to-date: /home/chelse/ros2_ws/install/rob599_hw2_msgs/include/rob599_hw2_msgs/rob599_hw2_msgs/srv/memorize_position.hpp
[1.749s] -- Up-to-date: /home/chelse/ros2_ws/install/rob599_hw2_msgs/include/rob599_hw2_msgs/rob599_hw2_msgs/srv/clear_positions.hpp
[1.749s] -- Up-to-date: /home/chelse/ros2_ws/install/rob599_hw2_msgs/include/rob599_hw2_msgs/rob599_hw2_msgs/srv/save_places.hpp
[1.749s] -- Up-to-date: /home/chelse/ros2_ws/install/rob599_hw2_msgs/include/rob599_hw2_msgs/rob599_hw2_msgs/srv/load_places.hpp
[1.749s] -- Up-to-date: /home/chelse/ros2_ws/install/rob599_hw2_msgs/include/rob599_hw2_msgs/rob599_hw2_msgs/srv/detail
[1.749s] -- Up-to-date: /home/chelse/ros2_ws/install/rob599_hw2_msgs/include/rob599_hw2_msgs/rob599_hw2_msgs/srv/detail/clear_positions__builder.hpp
[1.750s] -- Up-to-date: /home/chelse/ros2_ws/install/rob599_hw2_msgs/include/rob599_hw2_msgs/rob599_hw2_msgs/srv/detail/apply_brakes__struct.hpp
[1.750s] -- Up-to-date: /home/chelse/ros2_ws/install/rob599_hw2_msgs/include/rob599_hw2_msgs/rob599_hw2_msgs/srv/detail/save_places__traits.hpp
[1.750s] -- Up-to-date: /home/chelse/ros2_ws/install/rob599_hw2_msgs/include/rob599_hw2_msgs/rob599_hw2_msgs/srv/detail/apply_brakes__traits.hpp
[1.750s] -- Up-to-date: /home/chelse/ros2_ws/install/rob599_hw2_msgs/include/rob599_hw2_msgs/rob599_hw2_msgs/srv/detail/clear_positions__struct.hpp
[1.750s] -- Up-to-date: /home/chelse/ros2_ws/install/rob599_hw2_msgs/include/rob599_hw2_msgs/rob599_hw2_msgs/srv/detail/load_places__struct.hpp
[1.750s] -- Up-to-date: /home/chelse/ros2_ws/install/rob599_hw2_msgs/include/rob599_hw2_msgs/rob599_hw2_msgs/srv/detail/load_places__traits.hpp
[1.750s] -- Up-to-date: /home/chelse/ros2_ws/install/rob599_hw2_msgs/include/rob599_hw2_msgs/rob599_hw2_msgs/srv/detail/apply_brakes__builder.hpp
[1.750s] -- Up-to-date: /home/chelse/ros2_ws/install/rob599_hw2_msgs/include/rob599_hw2_msgs/rob599_hw2_msgs/srv/detail/memorize_position__builder.hpp
[1.751s] -- Up-to-date: /home/chelse/ros2_ws/install/rob599_hw2_msgs/include/rob599_hw2_msgs/rob599_hw2_msgs/srv/detail/memorize_position__traits.hpp
[1.751s] -- Up-to-date: /home/chelse/ros2_ws/install/rob599_hw2_msgs/include/rob599_hw2_msgs/rob599_hw2_msgs/srv/detail/save_places__struct.hpp
[1.751s] -- Up-to-date: /home/chelse/ros2_ws/install/rob599_hw2_msgs/include/rob599_hw2_msgs/rob599_hw2_msgs/srv/detail/load_places__builder.hpp
[1.751s] -- Up-to-date: /home/chelse/ros2_ws/install/rob599_hw2_msgs/include/rob599_hw2_msgs/rob599_hw2_msgs/srv/detail/clear_positions__traits.hpp
[1.751s] -- Up-to-date: /home/chelse/ros2_ws/install/rob599_hw2_msgs/include/rob599_hw2_msgs/rob599_hw2_msgs/srv/detail/memorize_position__struct.hpp
[1.752s] -- Up-to-date: /home/chelse/ros2_ws/install/rob599_hw2_msgs/include/rob599_hw2_msgs/rob599_hw2_msgs/srv/detail/save_places__builder.hpp
[1.752s] -- Up-to-date: /home/chelse/ros2_ws/install/rob599_hw2_msgs/include/rob599_hw2_msgs/rob599_hw2_msgs/srv/apply_brakes.hpp
[1.752s] -- Up-to-date: /home/chelse/ros2_ws/install/rob599_hw2_msgs/include/rob599_hw2_msgs/rob599_hw2_msgs
[1.752s] -- Up-to-date: /home/chelse/ros2_ws/install/rob599_hw2_msgs/include/rob599_hw2_msgs/rob599_hw2_msgs/action
[1.752s] -- Up-to-date: /home/chelse/ros2_ws/install/rob599_hw2_msgs/include/rob599_hw2_msgs/rob599_hw2_msgs/action/detail
[1.752s] -- Up-to-date: /home/chelse/ros2_ws/install/rob599_hw2_msgs/include/rob599_hw2_msgs/rob599_hw2_msgs/action/detail/dds_fastrtps
[1.752s] -- Up-to-date: /home/chelse/ros2_ws/install/rob599_hw2_msgs/include/rob599_hw2_msgs/rob599_hw2_msgs/action/detail/launch_rocket__rosidl_typesupport_fastrtps_cpp.hpp
[1.752s] -- Up-to-date: /home/chelse/ros2_ws/install/rob599_hw2_msgs/include/rob599_hw2_msgs/rob599_hw2_msgs/msg
[1.753s] -- Up-to-date: /home/chelse/ros2_ws/install/rob599_hw2_msgs/include/rob599_hw2_msgs/rob599_hw2_msgs/msg/rosidl_typesupport_fastrtps_cpp__visibility_control.h
[1.753s] -- Up-to-date: /home/chelse/ros2_ws/install/rob599_hw2_msgs/include/rob599_hw2_msgs/rob599_hw2_msgs/srv
[1.753s] -- Up-to-date: /home/chelse/ros2_ws/install/rob599_hw2_msgs/include/rob599_hw2_msgs/rob599_hw2_msgs/srv/detail
[1.753s] -- Up-to-date: /home/chelse/ros2_ws/install/rob599_hw2_msgs/include/rob599_hw2_msgs/rob599_hw2_msgs/srv/detail/memorize_position__rosidl_typesupport_fastrtps_cpp.hpp
[1.753s] -- Up-to-date: /home/chelse/ros2_ws/install/rob599_hw2_msgs/include/rob599_hw2_msgs/rob599_hw2_msgs/srv/detail/save_places__rosidl_typesupport_fastrtps_cpp.hpp
[1.753s] -- Up-to-date: /home/chelse/ros2_ws/install/rob599_hw2_msgs/include/rob599_hw2_msgs/rob599_hw2_msgs/srv/detail/load_places__rosidl_typesupport_fastrtps_cpp.hpp
[1.753s] -- Up-to-date: /home/chelse/ros2_ws/install/rob599_hw2_msgs/include/rob599_hw2_msgs/rob599_hw2_msgs/srv/detail/apply_brakes__rosidl_typesupport_fastrtps_cpp.hpp
[1.753s] -- Up-to-date: /home/chelse/ros2_ws/install/rob599_hw2_msgs/include/rob599_hw2_msgs/rob599_hw2_msgs/srv/detail/clear_positions__rosidl_typesupport_fastrtps_cpp.hpp
[1.754s] -- Up-to-date: /home/chelse/ros2_ws/install/rob599_hw2_msgs/include/rob599_hw2_msgs/rob599_hw2_msgs/srv/detail/dds_fastrtps
[1.754s] -- Up-to-date: /home/chelse/ros2_ws/install/rob599_hw2_msgs/lib/librob599_hw2_msgs__rosidl_typesupport_fastrtps_cpp.so
[1.754s] -- Up-to-date: /home/chelse/ros2_ws/install/rob599_hw2_msgs/include/rob599_hw2_msgs/rob599_hw2_msgs
[1.754s] -- Up-to-date: /home/chelse/ros2_ws/install/rob599_hw2_msgs/include/rob599_hw2_msgs/rob599_hw2_msgs/action
[1.754s] -- Up-to-date: /home/chelse/ros2_ws/install/rob599_hw2_msgs/include/rob599_hw2_msgs/rob599_hw2_msgs/action/detail
[1.754s] -- Up-to-date: /home/chelse/ros2_ws/install/rob599_hw2_msgs/include/rob599_hw2_msgs/rob599_hw2_msgs/action/detail/launch_rocket__type_support.cpp
[1.754s] -- Up-to-date: /home/chelse/ros2_ws/install/rob599_hw2_msgs/include/rob599_hw2_msgs/rob599_hw2_msgs/action/detail/launch_rocket__rosidl_typesupport_introspection_cpp.hpp
[1.754s] -- Up-to-date: /home/chelse/ros2_ws/install/rob599_hw2_msgs/include/rob599_hw2_msgs/rob599_hw2_msgs/srv
[1.755s] -- Up-to-date: /home/chelse/ros2_ws/install/rob599_hw2_msgs/include/rob599_hw2_msgs/rob599_hw2_msgs/srv/detail
[1.755s] -- Up-to-date: /home/chelse/ros2_ws/install/rob599_hw2_msgs/include/rob599_hw2_msgs/rob599_hw2_msgs/srv/detail/save_places__rosidl_typesupport_introspection_cpp.hpp
[1.755s] -- Up-to-date: /home/chelse/ros2_ws/install/rob599_hw2_msgs/include/rob599_hw2_msgs/rob599_hw2_msgs/srv/detail/save_places__type_support.cpp
[1.755s] -- Up-to-date: /home/chelse/ros2_ws/install/rob599_hw2_msgs/include/rob599_hw2_msgs/rob599_hw2_msgs/srv/detail/clear_positions__rosidl_typesupport_introspection_cpp.hpp
[1.756s] -- Up-to-date: /home/chelse/ros2_ws/install/rob599_hw2_msgs/include/rob599_hw2_msgs/rob599_hw2_msgs/srv/detail/apply_brakes__rosidl_typesupport_introspection_cpp.hpp
[1.756s] -- Up-to-date: /home/chelse/ros2_ws/install/rob599_hw2_msgs/include/rob599_hw2_msgs/rob599_hw2_msgs/srv/detail/clear_positions__type_support.cpp
[1.756s] -- Up-to-date: /home/chelse/ros2_ws/install/rob599_hw2_msgs/include/rob599_hw2_msgs/rob599_hw2_msgs/srv/detail/memorize_position__type_support.cpp
[1.756s] -- Up-to-date: /home/chelse/ros2_ws/install/rob599_hw2_msgs/include/rob599_hw2_msgs/rob599_hw2_msgs/srv/detail/memorize_position__rosidl_typesupport_introspection_cpp.hpp
[1.756s] -- Up-to-date: /home/chelse/ros2_ws/install/rob599_hw2_msgs/include/rob599_hw2_msgs/rob599_hw2_msgs/srv/detail/load_places__type_support.cpp
[1.756s] -- Up-to-date: /home/chelse/ros2_ws/install/rob599_hw2_msgs/include/rob599_hw2_msgs/rob599_hw2_msgs/srv/detail/load_places__rosidl_typesupport_introspection_cpp.hpp
[1.756s] -- Up-to-date: /home/chelse/ros2_ws/install/rob599_hw2_msgs/include/rob599_hw2_msgs/rob599_hw2_msgs/srv/detail/apply_brakes__type_support.cpp
[1.757s] -- Up-to-date: /home/chelse/ros2_ws/install/rob599_hw2_msgs/lib/librob599_hw2_msgs__rosidl_typesupport_introspection_cpp.so
[1.757s] -- Up-to-date: /home/chelse/ros2_ws/install/rob599_hw2_msgs/lib/librob599_hw2_msgs__rosidl_typesupport_cpp.so
[1.757s] -- Up-to-date: /home/chelse/ros2_ws/install/rob599_hw2_msgs/share/rob599_hw2_msgs/environment/pythonpath.sh
[1.757s] -- Up-to-date: /home/chelse/ros2_ws/install/rob599_hw2_msgs/share/rob599_hw2_msgs/environment/pythonpath.dsv
[1.757s] -- Up-to-date: /home/chelse/ros2_ws/install/rob599_hw2_msgs/local/lib/python3.10/dist-packages/rob599_hw2_msgs-0.0.0-py3.10.egg-info
[1.757s] -- Installing: /home/chelse/ros2_ws/install/rob599_hw2_msgs/local/lib/python3.10/dist-packages/rob599_hw2_msgs-0.0.0-py3.10.egg-info/SOURCES.txt
[1.758s] -- Installing: /home/chelse/ros2_ws/install/rob599_hw2_msgs/local/lib/python3.10/dist-packages/rob599_hw2_msgs-0.0.0-py3.10.egg-info/PKG-INFO
[1.758s] -- Installing: /home/chelse/ros2_ws/install/rob599_hw2_msgs/local/lib/python3.10/dist-packages/rob599_hw2_msgs-0.0.0-py3.10.egg-info/top_level.txt
[1.758s] -- Installing: /home/chelse/ros2_ws/install/rob599_hw2_msgs/local/lib/python3.10/dist-packages/rob599_hw2_msgs-0.0.0-py3.10.egg-info/dependency_links.txt
[1.758s] -- Up-to-date: /home/chelse/ros2_ws/install/rob599_hw2_msgs/local/lib/python3.10/dist-packages/rob599_hw2_msgs
[1.758s] -- Up-to-date: /home/chelse/ros2_ws/install/rob599_hw2_msgs/local/lib/python3.10/dist-packages/rob599_hw2_msgs/rob599_hw2_msgs_s__rosidl_typesupport_c.cpython-310-x86_64-linux-gnu.so
[1.758s] -- Up-to-date: /home/chelse/ros2_ws/install/rob599_hw2_msgs/local/lib/python3.10/dist-packages/rob599_hw2_msgs/action
[1.759s] -- Up-to-date: /home/chelse/ros2_ws/install/rob599_hw2_msgs/local/lib/python3.10/dist-packages/rob599_hw2_msgs/action/__init__.py
[1.759s] -- Up-to-date: /home/chelse/ros2_ws/install/rob599_hw2_msgs/local/lib/python3.10/dist-packages/rob599_hw2_msgs/action/_launch_rocket.py
[1.760s] -- Up-to-date: /home/chelse/ros2_ws/install/rob599_hw2_msgs/local/lib/python3.10/dist-packages/rob599_hw2_msgs/action/_launch_rocket_s.c
[1.761s] -- Up-to-date: /home/chelse/ros2_ws/install/rob599_hw2_msgs/local/lib/python3.10/dist-packages/rob599_hw2_msgs/_rob599_hw2_msgs_s.ep.rosidl_typesupport_introspection_c.c
[1.762s] -- Up-to-date: /home/chelse/ros2_ws/install/rob599_hw2_msgs/local/lib/python3.10/dist-packages/rob599_hw2_msgs/__init__.py
[1.763s] -- Up-to-date: /home/chelse/ros2_ws/install/rob599_hw2_msgs/local/lib/python3.10/dist-packages/rob599_hw2_msgs/rob599_hw2_msgs_s__rosidl_typesupport_introspection_c.cpython-310-x86_64-linux-gnu.so
[1.763s] -- Up-to-date: /home/chelse/ros2_ws/install/rob599_hw2_msgs/local/lib/python3.10/dist-packages/rob599_hw2_msgs/librob599_hw2_msgs__rosidl_generator_py.so
[1.764s] -- Up-to-date: /home/chelse/ros2_ws/install/rob599_hw2_msgs/local/lib/python3.10/dist-packages/rob599_hw2_msgs/_rob599_hw2_msgs_s.ep.rosidl_typesupport_fastrtps_c.c
[1.764s] -- Up-to-date: /home/chelse/ros2_ws/install/rob599_hw2_msgs/local/lib/python3.10/dist-packages/rob599_hw2_msgs/rob599_hw2_msgs_s__rosidl_typesupport_fastrtps_c.cpython-310-x86_64-linux-gnu.so
[1.764s] -- Up-to-date: /home/chelse/ros2_ws/install/rob599_hw2_msgs/local/lib/python3.10/dist-packages/rob599_hw2_msgs/srv
[1.764s] -- Up-to-date: /home/chelse/ros2_ws/install/rob599_hw2_msgs/local/lib/python3.10/dist-packages/rob599_hw2_msgs/srv/_load_places_s.c
[1.764s] -- Up-to-date: /home/chelse/ros2_ws/install/rob599_hw2_msgs/local/lib/python3.10/dist-packages/rob599_hw2_msgs/srv/_clear_positions.py
[1.764s] -- Up-to-date: /home/chelse/ros2_ws/install/rob599_hw2_msgs/local/lib/python3.10/dist-packages/rob599_hw2_msgs/srv/_save_places_s.c
[1.764s] -- Up-to-date: /home/chelse/ros2_ws/install/rob599_hw2_msgs/local/lib/python3.10/dist-packages/rob599_hw2_msgs/srv/_load_places.py
[1.764s] -- Up-to-date: /home/chelse/ros2_ws/install/rob599_hw2_msgs/local/lib/python3.10/dist-packages/rob599_hw2_msgs/srv/_apply_brakes_s.c
[1.764s] -- Up-to-date: /home/chelse/ros2_ws/install/rob599_hw2_msgs/local/lib/python3.10/dist-packages/rob599_hw2_msgs/srv/__init__.py
[1.764s] -- Up-to-date: /home/chelse/ros2_ws/install/rob599_hw2_msgs/local/lib/python3.10/dist-packages/rob599_hw2_msgs/srv/_memorize_position.py
[1.764s] -- Up-to-date: /home/chelse/ros2_ws/install/rob599_hw2_msgs/local/lib/python3.10/dist-packages/rob599_hw2_msgs/srv/_clear_positions_s.c
[1.765s] -- Up-to-date: /home/chelse/ros2_ws/install/rob599_hw2_msgs/local/lib/python3.10/dist-packages/rob599_hw2_msgs/srv/_save_places.py
[1.765s] -- Up-to-date: /home/chelse/ros2_ws/install/rob599_hw2_msgs/local/lib/python3.10/dist-packages/rob599_hw2_msgs/srv/_memorize_position_s.c
[1.765s] -- Up-to-date: /home/chelse/ros2_ws/install/rob599_hw2_msgs/local/lib/python3.10/dist-packages/rob599_hw2_msgs/srv/_apply_brakes.py
[1.765s] -- Up-to-date: /home/chelse/ros2_ws/install/rob599_hw2_msgs/local/lib/python3.10/dist-packages/rob599_hw2_msgs/_rob599_hw2_msgs_s.ep.rosidl_typesupport_c.c
[1.848s] Listing '/home/chelse/ros2_ws/install/rob599_hw2_msgs/local/lib/python3.10/dist-packages/rob599_hw2_msgs'...
[1.849s] Listing '/home/chelse/ros2_ws/install/rob599_hw2_msgs/local/lib/python3.10/dist-packages/rob599_hw2_msgs/action'...
[1.849s] Listing '/home/chelse/ros2_ws/install/rob599_hw2_msgs/local/lib/python3.10/dist-packages/rob599_hw2_msgs/srv'...
[1.873s] -- Up-to-date: /home/chelse/ros2_ws/install/rob599_hw2_msgs/local/lib/python3.10/dist-packages/rob599_hw2_msgs/rob599_hw2_msgs_s__rosidl_typesupport_fastrtps_c.cpython-310-x86_64-linux-gnu.so
[1.874s] -- Up-to-date: /home/chelse/ros2_ws/install/rob599_hw2_msgs/local/lib/python3.10/dist-packages/rob599_hw2_msgs/rob599_hw2_msgs_s__rosidl_typesupport_introspection_c.cpython-310-x86_64-linux-gnu.so
[1.874s] -- Up-to-date: /home/chelse/ros2_ws/install/rob599_hw2_msgs/local/lib/python3.10/dist-packages/rob599_hw2_msgs/rob599_hw2_msgs_s__rosidl_typesupport_c.cpython-310-x86_64-linux-gnu.so
[1.875s] -- Up-to-date: /home/chelse/ros2_ws/install/rob599_hw2_msgs/lib/librob599_hw2_msgs__rosidl_generator_py.so
[1.875s] -- Up-to-date: /home/chelse/ros2_ws/install/rob599_hw2_msgs/share/rob599_hw2_msgs/srv/ApplyBrakes.idl
[1.875s] -- Up-to-date: /home/chelse/ros2_ws/install/rob599_hw2_msgs/share/rob599_hw2_msgs/srv/MemorizePosition.idl
[1.875s] -- Up-to-date: /home/chelse/ros2_ws/install/rob599_hw2_msgs/share/rob599_hw2_msgs/srv/ClearPositions.idl
[1.876s] -- Up-to-date: /home/chelse/ros2_ws/install/rob599_hw2_msgs/share/rob599_hw2_msgs/srv/SavePlaces.idl
[1.876s] -- Up-to-date: /home/chelse/ros2_ws/install/rob599_hw2_msgs/share/rob599_hw2_msgs/srv/LoadPlaces.idl
[1.876s] -- Up-to-date: /home/chelse/ros2_ws/install/rob599_hw2_msgs/share/rob599_hw2_msgs/action/LaunchRocket.idl
[1.876s] -- Up-to-date: /home/chelse/ros2_ws/install/rob599_hw2_msgs/share/rob599_hw2_msgs/srv/ApplyBrakes.srv
[1.876s] -- Up-to-date: /home/chelse/ros2_ws/install/rob599_hw2_msgs/share/rob599_hw2_msgs/srv/ApplyBrakes_Request.msg
[1.876s] -- Up-to-date: /home/chelse/ros2_ws/install/rob599_hw2_msgs/share/rob599_hw2_msgs/srv/ApplyBrakes_Response.msg
[1.876s] -- Up-to-date: /home/chelse/ros2_ws/install/rob599_hw2_msgs/share/rob599_hw2_msgs/srv/MemorizePosition.srv
[1.877s] -- Up-to-date: /home/chelse/ros2_ws/install/rob599_hw2_msgs/share/rob599_hw2_msgs/srv/MemorizePosition_Request.msg
[1.877s] -- Up-to-date: /home/chelse/ros2_ws/install/rob599_hw2_msgs/share/rob599_hw2_msgs/srv/MemorizePosition_Response.msg
[1.877s] -- Up-to-date: /home/chelse/ros2_ws/install/rob599_hw2_msgs/share/rob599_hw2_msgs/srv/ClearPositions.srv
[1.877s] -- Up-to-date: /home/chelse/ros2_ws/install/rob599_hw2_msgs/share/rob599_hw2_msgs/srv/ClearPositions_Request.msg
[1.877s] -- Up-to-date: /home/chelse/ros2_ws/install/rob599_hw2_msgs/share/rob599_hw2_msgs/srv/ClearPositions_Response.msg
[1.877s] -- Up-to-date: /home/chelse/ros2_ws/install/rob599_hw2_msgs/share/rob599_hw2_msgs/srv/SavePlaces.srv
[1.877s] -- Up-to-date: /home/chelse/ros2_ws/install/rob599_hw2_msgs/share/rob599_hw2_msgs/srv/SavePlaces_Request.msg
[1.877s] -- Up-to-date: /home/chelse/ros2_ws/install/rob599_hw2_msgs/share/rob599_hw2_msgs/srv/SavePlaces_Response.msg
[1.877s] -- Up-to-date: /home/chelse/ros2_ws/install/rob599_hw2_msgs/share/rob599_hw2_msgs/srv/LoadPlaces.srv
[1.878s] -- Up-to-date: /home/chelse/ros2_ws/install/rob599_hw2_msgs/share/rob599_hw2_msgs/srv/LoadPlaces_Request.msg
[1.878s] -- Up-to-date: /home/chelse/ros2_ws/install/rob599_hw2_msgs/share/rob599_hw2_msgs/srv/LoadPlaces_Response.msg
[1.878s] -- Up-to-date: /home/chelse/ros2_ws/install/rob599_hw2_msgs/share/rob599_hw2_msgs/action/LaunchRocket.action
[1.878s] -- Up-to-date: /home/chelse/ros2_ws/install/rob599_hw2_msgs/share/ament_index/resource_index/package_run_dependencies/rob599_hw2_msgs
[1.878s] -- Up-to-date: /home/chelse/ros2_ws/install/rob599_hw2_msgs/share/ament_index/resource_index/parent_prefix_path/rob599_hw2_msgs
[1.878s] -- Up-to-date: /home/chelse/ros2_ws/install/rob599_hw2_msgs/share/rob599_hw2_msgs/environment/ament_prefix_path.sh
[1.878s] -- Up-to-date: /home/chelse/ros2_ws/install/rob599_hw2_msgs/share/rob599_hw2_msgs/environment/ament_prefix_path.dsv
[1.879s] -- Up-to-date: /home/chelse/ros2_ws/install/rob599_hw2_msgs/share/rob599_hw2_msgs/environment/path.sh
[1.879s] -- Up-to-date: /home/chelse/ros2_ws/install/rob599_hw2_msgs/share/rob599_hw2_msgs/environment/path.dsv
[1.879s] -- Up-to-date: /home/chelse/ros2_ws/install/rob599_hw2_msgs/share/rob599_hw2_msgs/local_setup.bash
[1.880s] -- Up-to-date: /home/chelse/ros2_ws/install/rob599_hw2_msgs/share/rob599_hw2_msgs/local_setup.sh
[1.880s] -- Up-to-date: /home/chelse/ros2_ws/install/rob599_hw2_msgs/share/rob599_hw2_msgs/local_setup.zsh
[1.880s] -- Up-to-date: /home/chelse/ros2_ws/install/rob599_hw2_msgs/share/rob599_hw2_msgs/local_setup.dsv
[1.881s] -- Installing: /home/chelse/ros2_ws/install/rob599_hw2_msgs/share/rob599_hw2_msgs/package.dsv
[1.881s] -- Up-to-date: /home/chelse/ros2_ws/install/rob599_hw2_msgs/share/ament_index/resource_index/packages/rob599_hw2_msgs
[1.881s] -- Up-to-date: /home/chelse/ros2_ws/install/rob599_hw2_msgs/share/rob599_hw2_msgs/cmake/export_rob599_hw2_msgs__rosidl_generator_cExport.cmake
[1.881s] -- Up-to-date: /home/chelse/ros2_ws/install/rob599_hw2_msgs/share/rob599_hw2_msgs/cmake/export_rob599_hw2_msgs__rosidl_generator_cExport-noconfig.cmake
[1.881s] -- Up-to-date: /home/chelse/ros2_ws/install/rob599_hw2_msgs/share/rob599_hw2_msgs/cmake/export_rob599_hw2_msgs__rosidl_typesupport_fastrtps_cExport.cmake
[1.881s] -- Up-to-date: /home/chelse/ros2_ws/install/rob599_hw2_msgs/share/rob599_hw2_msgs/cmake/export_rob599_hw2_msgs__rosidl_typesupport_fastrtps_cExport-noconfig.cmake
[1.881s] -- Up-to-date: /home/chelse/ros2_ws/install/rob599_hw2_msgs/share/rob599_hw2_msgs/cmake/rob599_hw2_msgs__rosidl_typesupport_introspection_cExport.cmake
[1.882s] -- Up-to-date: /home/chelse/ros2_ws/install/rob599_hw2_msgs/share/rob599_hw2_msgs/cmake/rob599_hw2_msgs__rosidl_typesupport_introspection_cExport-noconfig.cmake
[1.882s] -- Up-to-date: /home/chelse/ros2_ws/install/rob599_hw2_msgs/share/rob599_hw2_msgs/cmake/rob599_hw2_msgs__rosidl_typesupport_cExport.cmake
[1.882s] -- Up-to-date: /home/chelse/ros2_ws/install/rob599_hw2_msgs/share/rob599_hw2_msgs/cmake/rob599_hw2_msgs__rosidl_typesupport_cExport-noconfig.cmake
[1.882s] -- Up-to-date: /home/chelse/ros2_ws/install/rob599_hw2_msgs/share/rob599_hw2_msgs/cmake/export_rob599_hw2_msgs__rosidl_generator_cppExport.cmake
[1.882s] -- Up-to-date: /home/chelse/ros2_ws/install/rob599_hw2_msgs/share/rob599_hw2_msgs/cmake/export_rob599_hw2_msgs__rosidl_typesupport_fastrtps_cppExport.cmake
[1.882s] -- Up-to-date: /home/chelse/ros2_ws/install/rob599_hw2_msgs/share/rob599_hw2_msgs/cmake/export_rob599_hw2_msgs__rosidl_typesupport_fastrtps_cppExport-noconfig.cmake
[1.882s] -- Up-to-date: /home/chelse/ros2_ws/install/rob599_hw2_msgs/share/rob599_hw2_msgs/cmake/rob599_hw2_msgs__rosidl_typesupport_introspection_cppExport.cmake
[1.883s] -- Up-to-date: /home/chelse/ros2_ws/install/rob599_hw2_msgs/share/rob599_hw2_msgs/cmake/rob599_hw2_msgs__rosidl_typesupport_introspection_cppExport-noconfig.cmake
[1.883s] -- Up-to-date: /home/chelse/ros2_ws/install/rob599_hw2_msgs/share/rob599_hw2_msgs/cmake/rob599_hw2_msgs__rosidl_typesupport_cppExport.cmake
[1.883s] -- Up-to-date: /home/chelse/ros2_ws/install/rob599_hw2_msgs/share/rob599_hw2_msgs/cmake/rob599_hw2_msgs__rosidl_typesupport_cppExport-noconfig.cmake
[1.883s] -- Up-to-date: /home/chelse/ros2_ws/install/rob599_hw2_msgs/share/rob599_hw2_msgs/cmake/export_rob599_hw2_msgs__rosidl_generator_pyExport.cmake
[1.883s] -- Up-to-date: /home/chelse/ros2_ws/install/rob599_hw2_msgs/share/rob599_hw2_msgs/cmake/export_rob599_hw2_msgs__rosidl_generator_pyExport-noconfig.cmake
[1.883s] -- Up-to-date: /home/chelse/ros2_ws/install/rob599_hw2_msgs/share/rob599_hw2_msgs/cmake/rosidl_cmake-extras.cmake
[1.883s] -- Up-to-date: /home/chelse/ros2_ws/install/rob599_hw2_msgs/share/rob599_hw2_msgs/cmake/ament_cmake_export_dependencies-extras.cmake
[1.883s] -- Up-to-date: /home/chelse/ros2_ws/install/rob599_hw2_msgs/share/rob599_hw2_msgs/cmake/ament_cmake_export_include_directories-extras.cmake
[1.883s] -- Up-to-date: /home/chelse/ros2_ws/install/rob599_hw2_msgs/share/rob599_hw2_msgs/cmake/ament_cmake_export_libraries-extras.cmake
[1.883s] -- Up-to-date: /home/chelse/ros2_ws/install/rob599_hw2_msgs/share/rob599_hw2_msgs/cmake/ament_cmake_export_targets-extras.cmake
[1.883s] -- Up-to-date: /home/chelse/ros2_ws/install/rob599_hw2_msgs/share/rob599_hw2_msgs/cmake/rosidl_cmake_export_typesupport_targets-extras.cmake
[1.884s] -- Up-to-date: /home/chelse/ros2_ws/install/rob599_hw2_msgs/share/rob599_hw2_msgs/cmake/rosidl_cmake_export_typesupport_libraries-extras.cmake
[1.884s] -- Up-to-date: /home/chelse/ros2_ws/install/rob599_hw2_msgs/share/rob599_hw2_msgs/cmake/rob599_hw2_msgsConfig.cmake
[1.884s] -- Up-to-date: /home/chelse/ros2_ws/install/rob599_hw2_msgs/share/rob599_hw2_msgs/cmake/rob599_hw2_msgsConfig-version.cmake
[1.884s] -- Up-to-date: /home/chelse/ros2_ws/install/rob599_hw2_msgs/share/rob599_hw2_msgs/package.xml
[1.886s] Invoked command in '/home/chelse/ros2_ws/build/rob599_hw2_msgs' returned '0': CMAKE_PREFIX_PATH=${CMAKE_PREFIX_PATH}:/home/chelse/ros2_ws/install/rob599_hw3:/home/chelse/ros2_ws/install/rob599_hw2:/opt/ros/humble /usr/bin/cmake --install /home/chelse/ros2_ws/build/rob599_hw2_msgs
