[0.406s] Invoking command in '/home/chelse/ros2_ws/build/rob599_hw2_msgs': CMAKE_PREFIX_PATH=${CMAKE_PREFIX_PATH}:/home/chelse/ros2_ws/install/rob599_basic:/opt/ros/humble /usr/bin/cmake --build /home/chelse/ros2_ws/build/rob599_hw2_msgs -- -j12 -l12
[0.443s] Invoked command in '/home/chelse/ros2_ws/build/rob599_hw2_msgs' returned '0': CMAKE_PREFIX_PATH=${CMAKE_PREFIX_PATH}:/home/chelse/ros2_ws/install/rob599_basic:/opt/ros/humble /usr/bin/cmake --build /home/chelse/ros2_ws/build/rob599_hw2_msgs -- -j12 -l12
[0.477s] Invoking command in '/home/chelse/ros2_ws/build/rob599_hw2_msgs': CMAKE_PREFIX_PATH=${CMAKE_PREFIX_PATH}:/home/chelse/ros2_ws/install/rob599_basic:/opt/ros/humble /usr/bin/cmake --install /home/chelse/ros2_ws/build/rob599_hw2_msgs
[0.490s] -- Install configuration: ""
[0.490s] -- Up-to-date: /home/chelse/ros2_ws/install/rob599_hw2_msgs/share/ament_index/resource_index/package_run_dependencies/rob599_hw2_msgs
[0.490s] -- Up-to-date: /home/chelse/ros2_ws/install/rob599_hw2_msgs/share/ament_index/resource_index/parent_prefix_path/rob599_hw2_msgs
[0.491s] -- Up-to-date: /home/chelse/ros2_ws/install/rob599_hw2_msgs/share/rob599_hw2_msgs/environment/ament_prefix_path.sh
[0.491s] -- Up-to-date: /home/chelse/ros2_ws/install/rob599_hw2_msgs/share/rob599_hw2_msgs/environment/ament_prefix_path.dsv
[0.491s] -- Up-to-date: /home/chelse/ros2_ws/install/rob599_hw2_msgs/share/rob599_hw2_msgs/environment/path.sh
[0.491s] -- Up-to-date: /home/chelse/ros2_ws/install/rob599_hw2_msgs/share/rob599_hw2_msgs/environment/path.dsv
[0.491s] -- Up-to-date: /home/chelse/ros2_ws/install/rob599_hw2_msgs/share/rob599_hw2_msgs/local_setup.bash
[0.492s] -- Up-to-date: /home/chelse/ros2_ws/install/rob599_hw2_msgs/share/rob599_hw2_msgs/local_setup.sh
[0.492s] -- Up-to-date: /home/chelse/ros2_ws/install/rob599_hw2_msgs/share/rob599_hw2_msgs/local_setup.zsh
[0.492s] -- Up-to-date: /home/chelse/ros2_ws/install/rob599_hw2_msgs/share/rob599_hw2_msgs/local_setup.dsv
[0.492s] -- Installing: /home/chelse/ros2_ws/install/rob599_hw2_msgs/share/rob599_hw2_msgs/package.dsv
[0.492s] -- Up-to-date: /home/chelse/ros2_ws/install/rob599_hw2_msgs/share/ament_index/resource_index/packages/rob599_hw2_msgs
[0.492s] -- Up-to-date: /home/chelse/ros2_ws/install/rob599_hw2_msgs/share/rob599_hw2_msgs/cmake/rob599_hw2_msgsConfig.cmake
[0.492s] -- Up-to-date: /home/chelse/ros2_ws/install/rob599_hw2_msgs/share/rob599_hw2_msgs/cmake/rob599_hw2_msgsConfig-version.cmake
[0.493s] -- Up-to-date: /home/chelse/ros2_ws/install/rob599_hw2_msgs/share/rob599_hw2_msgs/package.xml
[0.500s] Invoked command in '/home/chelse/ros2_ws/build/rob599_hw2_msgs' returned '0': CMAKE_PREFIX_PATH=${CMAKE_PREFIX_PATH}:/home/chelse/ros2_ws/install/rob599_basic:/opt/ros/humble /usr/bin/cmake --install /home/chelse/ros2_ws/build/rob599_hw2_msgs
