[0.115s] Invoking command in '/home/chelse/ros2_ws/build/rob599_hw2_msgs': CMAKE_PREFIX_PATH=/opt/ros/humble /usr/bin/cmake --build /home/chelse/ros2_ws/build/rob599_hw2_msgs -- -j12 -l12
[0.163s] [  2%] Built target rob599_hw2_msgs__cpp
[0.163s] [ 12%] Built target rob599_hw2_msgs__rosidl_generator_c
[0.173s] [ 12%] Built target ament_cmake_python_copy_rob599_hw2_msgs
[0.185s] [ 23%] Built target rob599_hw2_msgs__rosidl_typesupport_cpp
[0.189s] [ 33%] Built target rob599_hw2_msgs__rosidl_typesupport_introspection_cpp
[0.189s] [ 43%] Built target rob599_hw2_msgs__rosidl_typesupport_fastrtps_cpp
[0.197s] [ 53%] Built target rob599_hw2_msgs__rosidl_typesupport_introspection_c
[0.201s] [ 74%] Built target rob599_hw2_msgs__rosidl_typesupport_fastrtps_c
[0.201s] [ 74%] Built target rob599_hw2_msgs__rosidl_typesupport_c
[0.221s] [ 74%] Built target rob599_hw2_msgs
[0.240s] [ 76%] Built target rob599_hw2_msgs__py
[0.261s] [ 84%] Built target rob599_hw2_msgs__rosidl_generator_py
[0.283s] [100%] Built target rob599_hw2_msgs__rosidl_typesupport_introspection_c__pyext
[0.283s] [100%] Built target rob599_hw2_msgs__rosidl_typesupport_fastrtps_c__pyext
[0.283s] [100%] Built target rob599_hw2_msgs__rosidl_typesupport_c__pyext
[0.418s] running egg_info
[0.418s] writing rob599_hw2_msgs.egg-info/PKG-INFO
[0.419s] writing dependency_links to rob599_hw2_msgs.egg-info/dependency_links.txt
[0.419s] writing top-level names to rob599_hw2_msgs.egg-info/top_level.txt
[0.422s] reading manifest file 'rob599_hw2_msgs.egg-info/SOURCES.txt'
[0.422s] writing manifest file 'rob599_hw2_msgs.egg-info/SOURCES.txt'
[0.452s] [100%] Built target ament_cmake_python_build_rob599_hw2_msgs_egg
[0.464s] Invoked command in '/home/chelse/ros2_ws/build/rob599_hw2_msgs' returned '0': CMAKE_PREFIX_PATH=/opt/ros/humble /usr/bin/cmake --build /home/chelse/ros2_ws/build/rob599_hw2_msgs -- -j12 -l12
[0.545s] Invoking command in '/home/chelse/ros2_ws/build/rob599_hw2_msgs': CMAKE_PREFIX_PATH=/opt/ros/humble /usr/bin/cmake --install /home/chelse/ros2_ws/build/rob599_hw2_msgs
[0.552s] -- Install configuration: ""
[0.552s] -- Up-to-date: /home/chelse/ros2_ws/install/rob599_hw2_msgs/share/ament_index/resource_index/rosidl_interfaces/rob599_hw2_msgs
[0.553s] -- Up-to-date: /home/chelse/ros2_ws/install/rob599_hw2_msgs/include/rob599_hw2_msgs/rob599_hw2_msgs
[0.553s] -- Up-to-date: /home/chelse/ros2_ws/install/rob599_hw2_msgs/include/rob599_hw2_msgs/rob599_hw2_msgs/action
[0.553s] -- Up-to-date: /home/chelse/ros2_ws/install/rob599_hw2_msgs/include/rob599_hw2_msgs/rob599_hw2_msgs/action/detail
[0.553s] -- Up-to-date: /home/chelse/ros2_ws/install/rob599_hw2_msgs/include/rob599_hw2_msgs/rob599_hw2_msgs/action/detail/launch_rocket__functions.h
[0.553s] -- Up-to-date: /home/chelse/ros2_ws/install/rob599_hw2_msgs/include/rob599_hw2_msgs/rob599_hw2_msgs/action/detail/launch_rocket__struct.h
[0.553s] -- Up-to-date: /home/chelse/ros2_ws/install/rob599_hw2_msgs/include/rob599_hw2_msgs/rob599_hw2_msgs/action/detail/launch_rocket__functions.c
[0.553s] -- Up-to-date: /home/chelse/ros2_ws/install/rob599_hw2_msgs/include/rob599_hw2_msgs/rob599_hw2_msgs/action/detail/launch_rocket__type_support.h
[0.553s] -- Up-to-date: /home/chelse/ros2_ws/install/rob599_hw2_msgs/include/rob599_hw2_msgs/rob599_hw2_msgs/action/launch_rocket.h
[0.553s] -- Up-to-date: /home/chelse/ros2_ws/install/rob599_hw2_msgs/include/rob599_hw2_msgs/rob599_hw2_msgs/msg
[0.553s] -- Up-to-date: /home/chelse/ros2_ws/install/rob599_hw2_msgs/include/rob599_hw2_msgs/rob599_hw2_msgs/msg/rosidl_generator_c__visibility_control.h
[0.553s] -- Up-to-date: /home/chelse/ros2_ws/install/rob599_hw2_msgs/include/rob599_hw2_msgs/rob599_hw2_msgs/srv
[0.554s] -- Up-to-date: /home/chelse/ros2_ws/install/rob599_hw2_msgs/include/rob599_hw2_msgs/rob599_hw2_msgs/srv/detail
[0.554s] -- Up-to-date: /home/chelse/ros2_ws/install/rob599_hw2_msgs/include/rob599_hw2_msgs/rob599_hw2_msgs/srv/detail/apply_brakes__type_support.h
[0.554s] -- Up-to-date: /home/chelse/ros2_ws/install/rob599_hw2_msgs/include/rob599_hw2_msgs/rob599_hw2_msgs/srv/detail/apply_brakes__struct.h
[0.554s] -- Up-to-date: /home/chelse/ros2_ws/install/rob599_hw2_msgs/include/rob599_hw2_msgs/rob599_hw2_msgs/srv/detail/apply_brakes__functions.c
[0.554s] -- Up-to-date: /home/chelse/ros2_ws/install/rob599_hw2_msgs/include/rob599_hw2_msgs/rob599_hw2_msgs/srv/detail/apply_brakes__functions.h
[0.554s] -- Up-to-date: /home/chelse/ros2_ws/install/rob599_hw2_msgs/include/rob599_hw2_msgs/rob599_hw2_msgs/srv/apply_brakes.h
[0.554s] -- Up-to-date: /home/chelse/ros2_ws/install/rob599_hw2_msgs/share/rob599_hw2_msgs/environment/library_path.sh
[0.554s] -- Up-to-date: /home/chelse/ros2_ws/install/rob599_hw2_msgs/share/rob599_hw2_msgs/environment/library_path.dsv
[0.554s] -- Up-to-date: /home/chelse/ros2_ws/install/rob599_hw2_msgs/lib/librob599_hw2_msgs__rosidl_generator_c.so
[0.554s] -- Up-to-date: /home/chelse/ros2_ws/install/rob599_hw2_msgs/include/rob599_hw2_msgs/rob599_hw2_msgs
[0.554s] -- Up-to-date: /home/chelse/ros2_ws/install/rob599_hw2_msgs/include/rob599_hw2_msgs/rob599_hw2_msgs/action
[0.554s] -- Up-to-date: /home/chelse/ros2_ws/install/rob599_hw2_msgs/include/rob599_hw2_msgs/rob599_hw2_msgs/action/detail
[0.554s] -- Up-to-date: /home/chelse/ros2_ws/install/rob599_hw2_msgs/include/rob599_hw2_msgs/rob599_hw2_msgs/action/detail/launch_rocket__rosidl_typesupport_fastrtps_c.h
[0.555s] -- Up-to-date: /home/chelse/ros2_ws/install/rob599_hw2_msgs/include/rob599_hw2_msgs/rob599_hw2_msgs/msg
[0.555s] -- Up-to-date: /home/chelse/ros2_ws/install/rob599_hw2_msgs/include/rob599_hw2_msgs/rob599_hw2_msgs/msg/rosidl_typesupport_fastrtps_c__visibility_control.h
[0.555s] -- Up-to-date: /home/chelse/ros2_ws/install/rob599_hw2_msgs/include/rob599_hw2_msgs/rob599_hw2_msgs/srv
[0.555s] -- Up-to-date: /home/chelse/ros2_ws/install/rob599_hw2_msgs/include/rob599_hw2_msgs/rob599_hw2_msgs/srv/detail
[0.555s] -- Up-to-date: /home/chelse/ros2_ws/install/rob599_hw2_msgs/include/rob599_hw2_msgs/rob599_hw2_msgs/srv/detail/apply_brakes__rosidl_typesupport_fastrtps_c.h
[0.555s] -- Up-to-date: /home/chelse/ros2_ws/install/rob599_hw2_msgs/lib/librob599_hw2_msgs__rosidl_typesupport_fastrtps_c.so
[0.555s] -- Up-to-date: /home/chelse/ros2_ws/install/rob599_hw2_msgs/include/rob599_hw2_msgs/rob599_hw2_msgs
[0.555s] -- Up-to-date: /home/chelse/ros2_ws/install/rob599_hw2_msgs/include/rob599_hw2_msgs/rob599_hw2_msgs/action
[0.555s] -- Up-to-date: /home/chelse/ros2_ws/install/rob599_hw2_msgs/include/rob599_hw2_msgs/rob599_hw2_msgs/action/detail
[0.555s] -- Up-to-date: /home/chelse/ros2_ws/install/rob599_hw2_msgs/include/rob599_hw2_msgs/rob599_hw2_msgs/action/detail/launch_rocket__type_support.c
[0.555s] -- Up-to-date: /home/chelse/ros2_ws/install/rob599_hw2_msgs/include/rob599_hw2_msgs/rob599_hw2_msgs/action/detail/launch_rocket__rosidl_typesupport_introspection_c.h
[0.555s] -- Up-to-date: /home/chelse/ros2_ws/install/rob599_hw2_msgs/include/rob599_hw2_msgs/rob599_hw2_msgs/msg
[0.556s] -- Up-to-date: /home/chelse/ros2_ws/install/rob599_hw2_msgs/include/rob599_hw2_msgs/rob599_hw2_msgs/msg/rosidl_typesupport_introspection_c__visibility_control.h
[0.556s] -- Up-to-date: /home/chelse/ros2_ws/install/rob599_hw2_msgs/include/rob599_hw2_msgs/rob599_hw2_msgs/srv
[0.556s] -- Up-to-date: /home/chelse/ros2_ws/install/rob599_hw2_msgs/include/rob599_hw2_msgs/rob599_hw2_msgs/srv/detail
[0.556s] -- Up-to-date: /home/chelse/ros2_ws/install/rob599_hw2_msgs/include/rob599_hw2_msgs/rob599_hw2_msgs/srv/detail/apply_brakes__rosidl_typesupport_introspection_c.h
[0.556s] -- Up-to-date: /home/chelse/ros2_ws/install/rob599_hw2_msgs/include/rob599_hw2_msgs/rob599_hw2_msgs/srv/detail/apply_brakes__type_support.c
[0.556s] -- Up-to-date: /home/chelse/ros2_ws/install/rob599_hw2_msgs/lib/librob599_hw2_msgs__rosidl_typesupport_introspection_c.so
[0.556s] -- Up-to-date: /home/chelse/ros2_ws/install/rob599_hw2_msgs/lib/librob599_hw2_msgs__rosidl_typesupport_c.so
[0.556s] -- Up-to-date: /home/chelse/ros2_ws/install/rob599_hw2_msgs/include/rob599_hw2_msgs/rob599_hw2_msgs
[0.556s] -- Up-to-date: /home/chelse/ros2_ws/install/rob599_hw2_msgs/include/rob599_hw2_msgs/rob599_hw2_msgs/action
[0.556s] -- Up-to-date: /home/chelse/ros2_ws/install/rob599_hw2_msgs/include/rob599_hw2_msgs/rob599_hw2_msgs/action/detail
[0.556s] -- Up-to-date: /home/chelse/ros2_ws/install/rob599_hw2_msgs/include/rob599_hw2_msgs/rob599_hw2_msgs/action/detail/launch_rocket__traits.hpp
[0.556s] -- Up-to-date: /home/chelse/ros2_ws/install/rob599_hw2_msgs/include/rob599_hw2_msgs/rob599_hw2_msgs/action/detail/launch_rocket__builder.hpp
[0.557s] -- Up-to-date: /home/chelse/ros2_ws/install/rob599_hw2_msgs/include/rob599_hw2_msgs/rob599_hw2_msgs/action/detail/launch_rocket__struct.hpp
[0.557s] -- Up-to-date: /home/chelse/ros2_ws/install/rob599_hw2_msgs/include/rob599_hw2_msgs/rob599_hw2_msgs/action/launch_rocket.hpp
[0.557s] -- Up-to-date: /home/chelse/ros2_ws/install/rob599_hw2_msgs/include/rob599_hw2_msgs/rob599_hw2_msgs/srv
[0.557s] -- Up-to-date: /home/chelse/ros2_ws/install/rob599_hw2_msgs/include/rob599_hw2_msgs/rob599_hw2_msgs/srv/detail
[0.557s] -- Up-to-date: /home/chelse/ros2_ws/install/rob599_hw2_msgs/include/rob599_hw2_msgs/rob599_hw2_msgs/srv/detail/apply_brakes__struct.hpp
[0.557s] -- Up-to-date: /home/chelse/ros2_ws/install/rob599_hw2_msgs/include/rob599_hw2_msgs/rob599_hw2_msgs/srv/detail/apply_brakes__traits.hpp
[0.557s] -- Up-to-date: /home/chelse/ros2_ws/install/rob599_hw2_msgs/include/rob599_hw2_msgs/rob599_hw2_msgs/srv/detail/apply_brakes__builder.hpp
[0.557s] -- Up-to-date: /home/chelse/ros2_ws/install/rob599_hw2_msgs/include/rob599_hw2_msgs/rob599_hw2_msgs/srv/apply_brakes.hpp
[0.557s] -- Up-to-date: /home/chelse/ros2_ws/install/rob599_hw2_msgs/include/rob599_hw2_msgs/rob599_hw2_msgs
[0.557s] -- Up-to-date: /home/chelse/ros2_ws/install/rob599_hw2_msgs/include/rob599_hw2_msgs/rob599_hw2_msgs/action
[0.557s] -- Up-to-date: /home/chelse/ros2_ws/install/rob599_hw2_msgs/include/rob599_hw2_msgs/rob599_hw2_msgs/action/detail
[0.557s] -- Up-to-date: /home/chelse/ros2_ws/install/rob599_hw2_msgs/include/rob599_hw2_msgs/rob599_hw2_msgs/action/detail/dds_fastrtps
[0.557s] -- Up-to-date: /home/chelse/ros2_ws/install/rob599_hw2_msgs/include/rob599_hw2_msgs/rob599_hw2_msgs/action/detail/launch_rocket__rosidl_typesupport_fastrtps_cpp.hpp
[0.557s] -- Up-to-date: /home/chelse/ros2_ws/install/rob599_hw2_msgs/include/rob599_hw2_msgs/rob599_hw2_msgs/msg
[0.558s] -- Up-to-date: /home/chelse/ros2_ws/install/rob599_hw2_msgs/include/rob599_hw2_msgs/rob599_hw2_msgs/msg/rosidl_typesupport_fastrtps_cpp__visibility_control.h
[0.558s] -- Up-to-date: /home/chelse/ros2_ws/install/rob599_hw2_msgs/include/rob599_hw2_msgs/rob599_hw2_msgs/srv
[0.558s] -- Up-to-date: /home/chelse/ros2_ws/install/rob599_hw2_msgs/include/rob599_hw2_msgs/rob599_hw2_msgs/srv/detail
[0.558s] -- Up-to-date: /home/chelse/ros2_ws/install/rob599_hw2_msgs/include/rob599_hw2_msgs/rob599_hw2_msgs/srv/detail/apply_brakes__rosidl_typesupport_fastrtps_cpp.hpp
[0.558s] -- Up-to-date: /home/chelse/ros2_ws/install/rob599_hw2_msgs/include/rob599_hw2_msgs/rob599_hw2_msgs/srv/detail/dds_fastrtps
[0.558s] -- Up-to-date: /home/chelse/ros2_ws/install/rob599_hw2_msgs/lib/librob599_hw2_msgs__rosidl_typesupport_fastrtps_cpp.so
[0.558s] -- Up-to-date: /home/chelse/ros2_ws/install/rob599_hw2_msgs/include/rob599_hw2_msgs/rob599_hw2_msgs
[0.558s] -- Up-to-date: /home/chelse/ros2_ws/install/rob599_hw2_msgs/include/rob599_hw2_msgs/rob599_hw2_msgs/action
[0.558s] -- Up-to-date: /home/chelse/ros2_ws/install/rob599_hw2_msgs/include/rob599_hw2_msgs/rob599_hw2_msgs/action/detail
[0.558s] -- Up-to-date: /home/chelse/ros2_ws/install/rob599_hw2_msgs/include/rob599_hw2_msgs/rob599_hw2_msgs/action/detail/launch_rocket__type_support.cpp
[0.558s] -- Up-to-date: /home/chelse/ros2_ws/install/rob599_hw2_msgs/include/rob599_hw2_msgs/rob599_hw2_msgs/action/detail/launch_rocket__rosidl_typesupport_introspection_cpp.hpp
[0.558s] -- Up-to-date: /home/chelse/ros2_ws/install/rob599_hw2_msgs/include/rob599_hw2_msgs/rob599_hw2_msgs/srv
[0.558s] -- Up-to-date: /home/chelse/ros2_ws/install/rob599_hw2_msgs/include/rob599_hw2_msgs/rob599_hw2_msgs/srv/detail
[0.559s] -- Up-to-date: /home/chelse/ros2_ws/install/rob599_hw2_msgs/include/rob599_hw2_msgs/rob599_hw2_msgs/srv/detail/apply_brakes__rosidl_typesupport_introspection_cpp.hpp
[0.559s] -- Up-to-date: /home/chelse/ros2_ws/install/rob599_hw2_msgs/include/rob599_hw2_msgs/rob599_hw2_msgs/srv/detail/apply_brakes__type_support.cpp
[0.559s] -- Up-to-date: /home/chelse/ros2_ws/install/rob599_hw2_msgs/lib/librob599_hw2_msgs__rosidl_typesupport_introspection_cpp.so
[0.559s] -- Up-to-date: /home/chelse/ros2_ws/install/rob599_hw2_msgs/lib/librob599_hw2_msgs__rosidl_typesupport_cpp.so
[0.559s] -- Up-to-date: /home/chelse/ros2_ws/install/rob599_hw2_msgs/share/rob599_hw2_msgs/environment/pythonpath.sh
[0.559s] -- Up-to-date: /home/chelse/ros2_ws/install/rob599_hw2_msgs/share/rob599_hw2_msgs/environment/pythonpath.dsv
[0.559s] -- Up-to-date: /home/chelse/ros2_ws/install/rob599_hw2_msgs/local/lib/python3.10/dist-packages/rob599_hw2_msgs-0.0.0-py3.10.egg-info
[0.559s] -- Installing: /home/chelse/ros2_ws/install/rob599_hw2_msgs/local/lib/python3.10/dist-packages/rob599_hw2_msgs-0.0.0-py3.10.egg-info/SOURCES.txt
[0.559s] -- Installing: /home/chelse/ros2_ws/install/rob599_hw2_msgs/local/lib/python3.10/dist-packages/rob599_hw2_msgs-0.0.0-py3.10.egg-info/PKG-INFO
[0.559s] -- Installing: /home/chelse/ros2_ws/install/rob599_hw2_msgs/local/lib/python3.10/dist-packages/rob599_hw2_msgs-0.0.0-py3.10.egg-info/top_level.txt
[0.559s] -- Installing: /home/chelse/ros2_ws/install/rob599_hw2_msgs/local/lib/python3.10/dist-packages/rob599_hw2_msgs-0.0.0-py3.10.egg-info/dependency_links.txt
[0.559s] -- Up-to-date: /home/chelse/ros2_ws/install/rob599_hw2_msgs/local/lib/python3.10/dist-packages/rob599_hw2_msgs
[0.559s] -- Up-to-date: /home/chelse/ros2_ws/install/rob599_hw2_msgs/local/lib/python3.10/dist-packages/rob599_hw2_msgs/rob599_hw2_msgs_s__rosidl_typesupport_c.cpython-310-x86_64-linux-gnu.so
[0.559s] -- Up-to-date: /home/chelse/ros2_ws/install/rob599_hw2_msgs/local/lib/python3.10/dist-packages/rob599_hw2_msgs/action
[0.559s] -- Up-to-date: /home/chelse/ros2_ws/install/rob599_hw2_msgs/local/lib/python3.10/dist-packages/rob599_hw2_msgs/action/__init__.py
[0.560s] -- Up-to-date: /home/chelse/ros2_ws/install/rob599_hw2_msgs/local/lib/python3.10/dist-packages/rob599_hw2_msgs/action/_launch_rocket.py
[0.560s] -- Up-to-date: /home/chelse/ros2_ws/install/rob599_hw2_msgs/local/lib/python3.10/dist-packages/rob599_hw2_msgs/action/_launch_rocket_s.c
[0.560s] -- Up-to-date: /home/chelse/ros2_ws/install/rob599_hw2_msgs/local/lib/python3.10/dist-packages/rob599_hw2_msgs/_rob599_hw2_msgs_s.ep.rosidl_typesupport_introspection_c.c
[0.560s] -- Up-to-date: /home/chelse/ros2_ws/install/rob599_hw2_msgs/local/lib/python3.10/dist-packages/rob599_hw2_msgs/__init__.py
[0.560s] -- Up-to-date: /home/chelse/ros2_ws/install/rob599_hw2_msgs/local/lib/python3.10/dist-packages/rob599_hw2_msgs/rob599_hw2_msgs_s__rosidl_typesupport_introspection_c.cpython-310-x86_64-linux-gnu.so
[0.560s] -- Up-to-date: /home/chelse/ros2_ws/install/rob599_hw2_msgs/local/lib/python3.10/dist-packages/rob599_hw2_msgs/librob599_hw2_msgs__rosidl_generator_py.so
[0.560s] -- Up-to-date: /home/chelse/ros2_ws/install/rob599_hw2_msgs/local/lib/python3.10/dist-packages/rob599_hw2_msgs/_rob599_hw2_msgs_s.ep.rosidl_typesupport_fastrtps_c.c
[0.560s] -- Up-to-date: /home/chelse/ros2_ws/install/rob599_hw2_msgs/local/lib/python3.10/dist-packages/rob599_hw2_msgs/rob599_hw2_msgs_s__rosidl_typesupport_fastrtps_c.cpython-310-x86_64-linux-gnu.so
[0.560s] -- Up-to-date: /home/chelse/ros2_ws/install/rob599_hw2_msgs/local/lib/python3.10/dist-packages/rob599_hw2_msgs/srv
[0.560s] -- Up-to-date: /home/chelse/ros2_ws/install/rob599_hw2_msgs/local/lib/python3.10/dist-packages/rob599_hw2_msgs/srv/_apply_brakes_s.c
[0.560s] -- Up-to-date: /home/chelse/ros2_ws/install/rob599_hw2_msgs/local/lib/python3.10/dist-packages/rob599_hw2_msgs/srv/__init__.py
[0.560s] -- Up-to-date: /home/chelse/ros2_ws/install/rob599_hw2_msgs/local/lib/python3.10/dist-packages/rob599_hw2_msgs/srv/_apply_brakes.py
[0.561s] -- Up-to-date: /home/chelse/ros2_ws/install/rob599_hw2_msgs/local/lib/python3.10/dist-packages/rob599_hw2_msgs/_rob599_hw2_msgs_s.ep.rosidl_typesupport_c.c
[0.587s] Listing '/home/chelse/ros2_ws/install/rob599_hw2_msgs/local/lib/python3.10/dist-packages/rob599_hw2_msgs'...
[0.587s] Listing '/home/chelse/ros2_ws/install/rob599_hw2_msgs/local/lib/python3.10/dist-packages/rob599_hw2_msgs/action'...
[0.587s] Listing '/home/chelse/ros2_ws/install/rob599_hw2_msgs/local/lib/python3.10/dist-packages/rob599_hw2_msgs/srv'...
[0.591s] -- Up-to-date: /home/chelse/ros2_ws/install/rob599_hw2_msgs/local/lib/python3.10/dist-packages/rob599_hw2_msgs/rob599_hw2_msgs_s__rosidl_typesupport_fastrtps_c.cpython-310-x86_64-linux-gnu.so
[0.591s] -- Up-to-date: /home/chelse/ros2_ws/install/rob599_hw2_msgs/local/lib/python3.10/dist-packages/rob599_hw2_msgs/rob599_hw2_msgs_s__rosidl_typesupport_introspection_c.cpython-310-x86_64-linux-gnu.so
[0.591s] -- Up-to-date: /home/chelse/ros2_ws/install/rob599_hw2_msgs/local/lib/python3.10/dist-packages/rob599_hw2_msgs/rob599_hw2_msgs_s__rosidl_typesupport_c.cpython-310-x86_64-linux-gnu.so
[0.592s] -- Up-to-date: /home/chelse/ros2_ws/install/rob599_hw2_msgs/lib/librob599_hw2_msgs__rosidl_generator_py.so
[0.592s] -- Up-to-date: /home/chelse/ros2_ws/install/rob599_hw2_msgs/share/rob599_hw2_msgs/srv/ApplyBrakes.idl
[0.592s] -- Up-to-date: /home/chelse/ros2_ws/install/rob599_hw2_msgs/share/rob599_hw2_msgs/action/LaunchRocket.idl
[0.593s] -- Up-to-date: /home/chelse/ros2_ws/install/rob599_hw2_msgs/share/rob599_hw2_msgs/srv/ApplyBrakes.srv
[0.593s] -- Up-to-date: /home/chelse/ros2_ws/install/rob599_hw2_msgs/share/rob599_hw2_msgs/srv/ApplyBrakes_Request.msg
[0.593s] -- Up-to-date: /home/chelse/ros2_ws/install/rob599_hw2_msgs/share/rob599_hw2_msgs/srv/ApplyBrakes_Response.msg
[0.593s] -- Up-to-date: /home/chelse/ros2_ws/install/rob599_hw2_msgs/share/rob599_hw2_msgs/action/LaunchRocket.action
[0.593s] -- Up-to-date: /home/chelse/ros2_ws/install/rob599_hw2_msgs/share/ament_index/resource_index/package_run_dependencies/rob599_hw2_msgs
[0.593s] -- Up-to-date: /home/chelse/ros2_ws/install/rob599_hw2_msgs/share/ament_index/resource_index/parent_prefix_path/rob599_hw2_msgs
[0.593s] -- Up-to-date: /home/chelse/ros2_ws/install/rob599_hw2_msgs/share/rob599_hw2_msgs/environment/ament_prefix_path.sh
[0.593s] -- Up-to-date: /home/chelse/ros2_ws/install/rob599_hw2_msgs/share/rob599_hw2_msgs/environment/ament_prefix_path.dsv
[0.593s] -- Up-to-date: /home/chelse/ros2_ws/install/rob599_hw2_msgs/share/rob599_hw2_msgs/environment/path.sh
[0.593s] -- Up-to-date: /home/chelse/ros2_ws/install/rob599_hw2_msgs/share/rob599_hw2_msgs/environment/path.dsv
[0.593s] -- Up-to-date: /home/chelse/ros2_ws/install/rob599_hw2_msgs/share/rob599_hw2_msgs/local_setup.bash
[0.594s] -- Up-to-date: /home/chelse/ros2_ws/install/rob599_hw2_msgs/share/rob599_hw2_msgs/local_setup.sh
[0.594s] -- Up-to-date: /home/chelse/ros2_ws/install/rob599_hw2_msgs/share/rob599_hw2_msgs/local_setup.zsh
[0.594s] -- Up-to-date: /home/chelse/ros2_ws/install/rob599_hw2_msgs/share/rob599_hw2_msgs/local_setup.dsv
[0.594s] -- Installing: /home/chelse/ros2_ws/install/rob599_hw2_msgs/share/rob599_hw2_msgs/package.dsv
[0.594s] -- Up-to-date: /home/chelse/ros2_ws/install/rob599_hw2_msgs/share/ament_index/resource_index/packages/rob599_hw2_msgs
[0.594s] -- Up-to-date: /home/chelse/ros2_ws/install/rob599_hw2_msgs/share/rob599_hw2_msgs/cmake/export_rob599_hw2_msgs__rosidl_generator_cExport.cmake
[0.594s] -- Up-to-date: /home/chelse/ros2_ws/install/rob599_hw2_msgs/share/rob599_hw2_msgs/cmake/export_rob599_hw2_msgs__rosidl_generator_cExport-noconfig.cmake
[0.594s] -- Up-to-date: /home/chelse/ros2_ws/install/rob599_hw2_msgs/share/rob599_hw2_msgs/cmake/export_rob599_hw2_msgs__rosidl_typesupport_fastrtps_cExport.cmake
[0.594s] -- Up-to-date: /home/chelse/ros2_ws/install/rob599_hw2_msgs/share/rob599_hw2_msgs/cmake/export_rob599_hw2_msgs__rosidl_typesupport_fastrtps_cExport-noconfig.cmake
[0.594s] -- Up-to-date: /home/chelse/ros2_ws/install/rob599_hw2_msgs/share/rob599_hw2_msgs/cmake/rob599_hw2_msgs__rosidl_typesupport_introspection_cExport.cmake
[0.595s] -- Up-to-date: /home/chelse/ros2_ws/install/rob599_hw2_msgs/share/rob599_hw2_msgs/cmake/rob599_hw2_msgs__rosidl_typesupport_introspection_cExport-noconfig.cmake
[0.595s] -- Up-to-date: /home/chelse/ros2_ws/install/rob599_hw2_msgs/share/rob599_hw2_msgs/cmake/rob599_hw2_msgs__rosidl_typesupport_cExport.cmake
[0.595s] -- Up-to-date: /home/chelse/ros2_ws/install/rob599_hw2_msgs/share/rob599_hw2_msgs/cmake/rob599_hw2_msgs__rosidl_typesupport_cExport-noconfig.cmake
[0.595s] -- Up-to-date: /home/chelse/ros2_ws/install/rob599_hw2_msgs/share/rob599_hw2_msgs/cmake/export_rob599_hw2_msgs__rosidl_generator_cppExport.cmake
[0.595s] -- Up-to-date: /home/chelse/ros2_ws/install/rob599_hw2_msgs/share/rob599_hw2_msgs/cmake/export_rob599_hw2_msgs__rosidl_typesupport_fastrtps_cppExport.cmake
[0.595s] -- Up-to-date: /home/chelse/ros2_ws/install/rob599_hw2_msgs/share/rob599_hw2_msgs/cmake/export_rob599_hw2_msgs__rosidl_typesupport_fastrtps_cppExport-noconfig.cmake
[0.595s] -- Up-to-date: /home/chelse/ros2_ws/install/rob599_hw2_msgs/share/rob599_hw2_msgs/cmake/rob599_hw2_msgs__rosidl_typesupport_introspection_cppExport.cmake
[0.595s] -- Up-to-date: /home/chelse/ros2_ws/install/rob599_hw2_msgs/share/rob599_hw2_msgs/cmake/rob599_hw2_msgs__rosidl_typesupport_introspection_cppExport-noconfig.cmake
[0.595s] -- Up-to-date: /home/chelse/ros2_ws/install/rob599_hw2_msgs/share/rob599_hw2_msgs/cmake/rob599_hw2_msgs__rosidl_typesupport_cppExport.cmake
[0.595s] -- Up-to-date: /home/chelse/ros2_ws/install/rob599_hw2_msgs/share/rob599_hw2_msgs/cmake/rob599_hw2_msgs__rosidl_typesupport_cppExport-noconfig.cmake
[0.595s] -- Up-to-date: /home/chelse/ros2_ws/install/rob599_hw2_msgs/share/rob599_hw2_msgs/cmake/export_rob599_hw2_msgs__rosidl_generator_pyExport.cmake
[0.595s] -- Up-to-date: /home/chelse/ros2_ws/install/rob599_hw2_msgs/share/rob599_hw2_msgs/cmake/export_rob599_hw2_msgs__rosidl_generator_pyExport-noconfig.cmake
[0.595s] -- Up-to-date: /home/chelse/ros2_ws/install/rob599_hw2_msgs/share/rob599_hw2_msgs/cmake/rosidl_cmake-extras.cmake
[0.595s] -- Up-to-date: /home/chelse/ros2_ws/install/rob599_hw2_msgs/share/rob599_hw2_msgs/cmake/ament_cmake_export_dependencies-extras.cmake
[0.596s] -- Up-to-date: /home/chelse/ros2_ws/install/rob599_hw2_msgs/share/rob599_hw2_msgs/cmake/ament_cmake_export_include_directories-extras.cmake
[0.596s] -- Up-to-date: /home/chelse/ros2_ws/install/rob599_hw2_msgs/share/rob599_hw2_msgs/cmake/ament_cmake_export_libraries-extras.cmake
[0.596s] -- Up-to-date: /home/chelse/ros2_ws/install/rob599_hw2_msgs/share/rob599_hw2_msgs/cmake/ament_cmake_export_targets-extras.cmake
[0.596s] -- Up-to-date: /home/chelse/ros2_ws/install/rob599_hw2_msgs/share/rob599_hw2_msgs/cmake/rosidl_cmake_export_typesupport_targets-extras.cmake
[0.596s] -- Up-to-date: /home/chelse/ros2_ws/install/rob599_hw2_msgs/share/rob599_hw2_msgs/cmake/rosidl_cmake_export_typesupport_libraries-extras.cmake
[0.596s] -- Up-to-date: /home/chelse/ros2_ws/install/rob599_hw2_msgs/share/rob599_hw2_msgs/cmake/rob599_hw2_msgsConfig.cmake
[0.597s] -- Up-to-date: /home/chelse/ros2_ws/install/rob599_hw2_msgs/share/rob599_hw2_msgs/cmake/rob599_hw2_msgsConfig-version.cmake
[0.597s] -- Up-to-date: /home/chelse/ros2_ws/install/rob599_hw2_msgs/share/rob599_hw2_msgs/package.xml
[0.597s] Invoked command in '/home/chelse/ros2_ws/build/rob599_hw2_msgs' returned '0': CMAKE_PREFIX_PATH=/opt/ros/humble /usr/bin/cmake --install /home/chelse/ros2_ws/build/rob599_hw2_msgs
