running egg_info
creating ../../build/rob599_hw2/rob599_hw2.egg-info
writing ../../build/rob599_hw2/rob599_hw2.egg-info/PKG-INFO
writing dependency_links to ../../build/rob599_hw2/rob599_hw2.egg-info/dependency_links.txt
writing entry points to ../../build/rob599_hw2/rob599_hw2.egg-info/entry_points.txt
writing requirements to ../../build/rob599_hw2/rob599_hw2.egg-info/requires.txt
writing top-level names to ../../build/rob599_hw2/rob599_hw2.egg-info/top_level.txt
writing manifest file '../../build/rob599_hw2/rob599_hw2.egg-info/SOURCES.txt'
reading manifest file '../../build/rob599_hw2/rob599_hw2.egg-info/SOURCES.txt'
adding license file 'LICENSE'
writing manifest file '../../build/rob599_hw2/rob599_hw2.egg-info/SOURCES.txt'
running build
running build_py
creating /home/chelse/ros2_ws/build/rob599_hw2/build
creating /home/chelse/ros2_ws/build/rob599_hw2/build/lib
creating /home/chelse/ros2_ws/build/rob599_hw2/build/lib/rob599_hw2
copying rob599_hw2/__init__.py -> /home/chelse/ros2_ws/build/rob599_hw2/build/lib/rob599_hw2
running install
running install_lib
creating /home/chelse/ros2_ws/install/rob599_hw2/lib/python3.10/site-packages/rob599_hw2
copying /home/chelse/ros2_ws/build/rob599_hw2/build/lib/rob599_hw2/__init__.py -> /home/chelse/ros2_ws/install/rob599_hw2/lib/python3.10/site-packages/rob599_hw2
byte-compiling /home/chelse/ros2_ws/install/rob599_hw2/lib/python3.10/site-packages/rob599_hw2/__init__.py to __init__.cpython-310.pyc
running install_data
copying resource/rob599_hw2 -> /home/chelse/ros2_ws/install/rob599_hw2/share/ament_index/resource_index/packages
copying package.xml -> /home/chelse/ros2_ws/install/rob599_hw2/share/rob599_hw2
running install_egg_info
Copying ../../build/rob599_hw2/rob599_hw2.egg-info to /home/chelse/ros2_ws/install/rob599_hw2/lib/python3.10/site-packages/rob599_hw2-0.0.0-py3.10.egg-info
running install_scripts
writing list of installed files to '/home/chelse/ros2_ws/build/rob599_hw2/install.log'
