[0.169s] Invoking command in '/home/chelse/ros2_ws/build/turtlebot3_gazebo': /usr/bin/cmake /home/chelse/ros2_ws/src/turtlebot3_simulations/turtlebot3_gazebo -DCATKIN_INSTALL_INTO_PREFIX_ROOT=0 -DCMAKE_INSTALL_PREFIX=/home/chelse/ros2_ws/install/turtlebot3_gazebo
[0.177s] [0mCMake Deprecation Warning at CMakeLists.txt:4 (cmake_minimum_required):
[0.177s]   Compatibility with CMake < 2.8.12 will be removed from a future version of
[0.178s]   CMake.
[0.178s] 
[0.178s]   Update the VERSION argument <min> value or use a ...<max> suffix to tell
[0.178s]   CMake that the project does not need compatibility with older versions.
[0.178s] 
[0.178s] [0m
[0.240s] -- The C compiler identification is GNU 11.4.0
[0.311s] -- The CXX compiler identification is GNU 11.4.0
[0.321s] -- Detecting C compiler ABI info
[0.411s] -- Detecting C compiler ABI info - done
[0.419s] -- Check for working C compiler: /usr/bin/cc - skipped
[0.419s] -- Detecting C compile features
[0.420s] -- Detecting C compile features - done
[0.423s] -- Detecting CXX compiler ABI info
[0.500s] -- Detecting CXX compiler ABI info - done
[0.508s] -- Check for working CXX compiler: /usr/bin/c++ - skipped
[0.509s] -- Detecting CXX compile features
[0.509s] -- Detecting CXX compile features - done
[0.520s] [31mCMake Error at CMakeLists.txt:13 (find_package):
[0.521s]   By not providing "Findcatkin.cmake" in CMAKE_MODULE_PATH this project has
[0.521s]   asked CMake to find a package configuration file provided by "catkin", but
[0.521s]   CMake did not find one.
[0.521s] 
[0.521s]   Could not find a package configuration file provided by "catkin" with any
[0.521s]   of the following names:
[0.521s] 
[0.521s]     catkinConfig.cmake
[0.521s]     catkin-config.cmake
[0.521s] 
[0.521s]   Add the installation prefix of "catkin" to CMAKE_PREFIX_PATH or set
[0.521s]   "catkin_DIR" to a directory containing one of the above files.  If "catkin"
[0.521s]   provides a separate development package or SDK, be sure it has been
[0.521s]   installed.
[0.521s] 
[0.522s] [0m
[0.522s] -- Configuring incomplete, errors occurred!
[0.522s] See also "/home/chelse/ros2_ws/build/turtlebot3_gazebo/CMakeFiles/CMakeOutput.log".
[0.526s] Invoked command in '/home/chelse/ros2_ws/build/turtlebot3_gazebo' returned '1': /usr/bin/cmake /home/chelse/ros2_ws/src/turtlebot3_simulations/turtlebot3_gazebo -DCATKIN_INSTALL_INTO_PREFIX_ROOT=0 -DCMAKE_INSTALL_PREFIX=/home/chelse/ros2_ws/install/turtlebot3_gazebo
