[0.118s] Invoking command in '/home/chelse/ros2_ws/src/build/turtlebot3_fake': /usr/bin/cmake /home/chelse/ros2_ws/src/turtlebot3_simulations/turtlebot3_fake -DCATKIN_INSTALL_INTO_PREFIX_ROOT=0 -DCMAKE_INSTALL_PREFIX=/home/chelse/ros2_ws/src/install/turtlebot3_fake
[0.122s] [0mCMake Deprecation Warning at CMakeLists.txt:4 (cmake_minimum_required):
[0.122s]   Compatibility with CMake < 2.8.12 will be removed from a future version of
[0.122s]   CMake.
[0.122s] 
[0.122s]   Update the VERSION argument <min> value or use a ...<max> suffix to tell
[0.122s]   CMake that the project does not need compatibility with older versions.
[0.123s] 
[0.123s] [0m
[0.176s] -- The C compiler identification is GNU 11.4.0
[0.238s] -- The CXX compiler identification is GNU 11.4.0
[0.245s] -- Detecting C compiler ABI info
[0.313s] -- Detecting C compiler ABI info - done
[0.322s] -- Check for working C compiler: /usr/bin/cc - skipped
[0.323s] -- Detecting C compile features
[0.323s] -- Detecting C compile features - done
[0.326s] -- Detecting CXX compiler ABI info
[0.404s] -- Detecting CXX compiler ABI info - done
[0.414s] -- Check for working CXX compiler: /usr/bin/c++ - skipped
[0.414s] -- Detecting CXX compile features
[0.415s] -- Detecting CXX compile features - done
[0.427s] [31mCMake Error at CMakeLists.txt:10 (find_package):
[0.427s]   By not providing "Findcatkin.cmake" in CMAKE_MODULE_PATH this project has
[0.427s]   asked CMake to find a package configuration file provided by "catkin", but
[0.427s]   CMake did not find one.
[0.427s] 
[0.427s]   Could not find a package configuration file provided by "catkin" with any
[0.427s]   of the following names:
[0.427s] 
[0.427s]     catkinConfig.cmake
[0.427s]     catkin-config.cmake
[0.427s] 
[0.427s]   Add the installation prefix of "catkin" to CMAKE_PREFIX_PATH or set
[0.427s]   "catkin_DIR" to a directory containing one of the above files.  If "catkin"
[0.427s]   provides a separate development package or SDK, be sure it has been
[0.427s]   installed.
[0.427s] 
[0.427s] [0m
[0.427s] -- Configuring incomplete, errors occurred!
[0.428s] See also "/home/chelse/ros2_ws/src/build/turtlebot3_fake/CMakeFiles/CMakeOutput.log".
[0.436s] Invoked command in '/home/chelse/ros2_ws/src/build/turtlebot3_fake' returned '1': /usr/bin/cmake /home/chelse/ros2_ws/src/turtlebot3_simulations/turtlebot3_fake -DCATKIN_INSTALL_INTO_PREFIX_ROOT=0 -DCMAKE_INSTALL_PREFIX=/home/chelse/ros2_ws/src/install/turtlebot3_fake
