[0.400s] Invoking command in '/home/chelse/ros2_ws/build/rob599_msgs': CMAKE_PREFIX_PATH=${CMAKE_PREFIX_PATH}:/home/chelse/ros2_ws/install/rob599_basic:/opt/ros/humble /usr/bin/cmake --build /home/chelse/ros2_ws/build/rob599_msgs -- -j12 -l12
[1.010s] [  2%] Built target rob599_msgs__cpp
[1.010s] [ 12%] Built target rob599_msgs__rosidl_generator_c
[1.011s] [ 12%] Built target ament_cmake_python_copy_rob599_msgs
[1.012s] [ 23%] Built target rob599_msgs__rosidl_typesupport_cpp
[1.012s] [ 34%] Built target rob599_msgs__rosidl_typesupport_fastrtps_cpp
[1.012s] [ 51%] Built target rob599_msgs__rosidl_typesupport_c
[1.013s] [ 55%] Built target rob599_msgs__rosidl_typesupport_introspection_cpp
[1.014s] [ 65%] Built target rob599_msgs__rosidl_typesupport_fastrtps_c
[1.017s] [ 76%] Built target rob599_msgs__rosidl_typesupport_introspection_c
[1.017s] [ 76%] Built target rob599_msgs
[1.018s] [ 78%] Built target rob599_msgs__py
[1.019s] [ 87%] Built target rob599_msgs__rosidl_generator_py
[1.020s] [ 91%] Built target rob599_msgs__rosidl_typesupport_introspection_c__pyext
[1.023s] [ 97%] Built target rob599_msgs__rosidl_typesupport_fastrtps_c__pyext
[1.025s] [100%] Built target rob599_msgs__rosidl_typesupport_c__pyext
[1.026s] running egg_info
[1.027s] writing rob599_msgs.egg-info/PKG-INFO
[1.028s] writing dependency_links to rob599_msgs.egg-info/dependency_links.txt
[1.029s] writing top-level names to rob599_msgs.egg-info/top_level.txt
[1.030s] reading manifest file 'rob599_msgs.egg-info/SOURCES.txt'
[1.030s] writing manifest file 'rob599_msgs.egg-info/SOURCES.txt'
[1.033s] [100%] Built target ament_cmake_python_build_rob599_msgs_egg
[1.044s] Invoked command in '/home/chelse/ros2_ws/build/rob599_msgs' returned '0': CMAKE_PREFIX_PATH=${CMAKE_PREFIX_PATH}:/home/chelse/ros2_ws/install/rob599_basic:/opt/ros/humble /usr/bin/cmake --build /home/chelse/ros2_ws/build/rob599_msgs -- -j12 -l12
[1.388s] Invoking command in '/home/chelse/ros2_ws/build/rob599_msgs': CMAKE_PREFIX_PATH=${CMAKE_PREFIX_PATH}:/home/chelse/ros2_ws/install/rob599_basic:/opt/ros/humble /usr/bin/cmake --install /home/chelse/ros2_ws/build/rob599_msgs
[1.406s] -- Install configuration: ""
[1.407s] -- Up-to-date: /home/chelse/ros2_ws/install/rob599_msgs/share/ament_index/resource_index/rosidl_interfaces/rob599_msgs
[1.408s] -- Up-to-date: /home/chelse/ros2_ws/install/rob599_msgs/include/rob599_msgs/rob599_msgs
[1.408s] -- Up-to-date: /home/chelse/ros2_ws/install/rob599_msgs/include/rob599_msgs/rob599_msgs/action
[1.409s] -- Up-to-date: /home/chelse/ros2_ws/install/rob599_msgs/include/rob599_msgs/rob599_msgs/action/detail
[1.409s] -- Up-to-date: /home/chelse/ros2_ws/install/rob599_msgs/include/rob599_msgs/rob599_msgs/action/detail/fibonacci__functions.h
[1.409s] -- Up-to-date: /home/chelse/ros2_ws/install/rob599_msgs/include/rob599_msgs/rob599_msgs/action/detail/fibonacci__type_support.h
[1.409s] -- Up-to-date: /home/chelse/ros2_ws/install/rob599_msgs/include/rob599_msgs/rob599_msgs/action/detail/fibonacci__functions.c
[1.409s] -- Up-to-date: /home/chelse/ros2_ws/install/rob599_msgs/include/rob599_msgs/rob599_msgs/action/detail/fibonacci__struct.h
[1.409s] -- Up-to-date: /home/chelse/ros2_ws/install/rob599_msgs/include/rob599_msgs/rob599_msgs/action/fibonacci.h
[1.409s] -- Up-to-date: /home/chelse/ros2_ws/install/rob599_msgs/include/rob599_msgs/rob599_msgs/msg
[1.410s] -- Up-to-date: /home/chelse/ros2_ws/install/rob599_msgs/include/rob599_msgs/rob599_msgs/msg/rosidl_generator_c__visibility_control.h
[1.412s] -- Up-to-date: /home/chelse/ros2_ws/install/rob599_msgs/include/rob599_msgs/rob599_msgs/srv
[1.412s] -- Up-to-date: /home/chelse/ros2_ws/install/rob599_msgs/include/rob599_msgs/rob599_msgs/srv/fib_service.h
[1.413s] -- Up-to-date: /home/chelse/ros2_ws/install/rob599_msgs/include/rob599_msgs/rob599_msgs/srv/detail
[1.414s] -- Up-to-date: /home/chelse/ros2_ws/install/rob599_msgs/include/rob599_msgs/rob599_msgs/srv/detail/doubler__functions.h
[1.414s] -- Up-to-date: /home/chelse/ros2_ws/install/rob599_msgs/include/rob599_msgs/rob599_msgs/srv/detail/fib_service__type_support.h
[1.414s] -- Up-to-date: /home/chelse/ros2_ws/install/rob599_msgs/include/rob599_msgs/rob599_msgs/srv/detail/doubler__functions.c
[1.415s] -- Up-to-date: /home/chelse/ros2_ws/install/rob599_msgs/include/rob599_msgs/rob599_msgs/srv/detail/fib_service__functions.c
[1.415s] -- Up-to-date: /home/chelse/ros2_ws/install/rob599_msgs/include/rob599_msgs/rob599_msgs/srv/detail/fib_service__functions.h
[1.416s] -- Up-to-date: /home/chelse/ros2_ws/install/rob599_msgs/include/rob599_msgs/rob599_msgs/srv/detail/doubler__struct.h
[1.416s] -- Up-to-date: /home/chelse/ros2_ws/install/rob599_msgs/include/rob599_msgs/rob599_msgs/srv/detail/doubler__type_support.h
[1.417s] -- Up-to-date: /home/chelse/ros2_ws/install/rob599_msgs/include/rob599_msgs/rob599_msgs/srv/detail/fib_service__struct.h
[1.418s] -- Up-to-date: /home/chelse/ros2_ws/install/rob599_msgs/include/rob599_msgs/rob599_msgs/srv/doubler.h
[1.419s] -- Up-to-date: /home/chelse/ros2_ws/install/rob599_msgs/share/rob599_msgs/environment/library_path.sh
[1.419s] -- Up-to-date: /home/chelse/ros2_ws/install/rob599_msgs/share/rob599_msgs/environment/library_path.dsv
[1.420s] -- Up-to-date: /home/chelse/ros2_ws/install/rob599_msgs/lib/librob599_msgs__rosidl_generator_c.so
[1.420s] -- Up-to-date: /home/chelse/ros2_ws/install/rob599_msgs/include/rob599_msgs/rob599_msgs
[1.421s] -- Up-to-date: /home/chelse/ros2_ws/install/rob599_msgs/include/rob599_msgs/rob599_msgs/action
[1.421s] -- Up-to-date: /home/chelse/ros2_ws/install/rob599_msgs/include/rob599_msgs/rob599_msgs/action/detail
[1.422s] -- Up-to-date: /home/chelse/ros2_ws/install/rob599_msgs/include/rob599_msgs/rob599_msgs/action/detail/fibonacci__rosidl_typesupport_fastrtps_c.h
[1.422s] -- Up-to-date: /home/chelse/ros2_ws/install/rob599_msgs/include/rob599_msgs/rob599_msgs/msg
[1.422s] -- Up-to-date: /home/chelse/ros2_ws/install/rob599_msgs/include/rob599_msgs/rob599_msgs/msg/rosidl_typesupport_fastrtps_c__visibility_control.h
[1.423s] -- Up-to-date: /home/chelse/ros2_ws/install/rob599_msgs/include/rob599_msgs/rob599_msgs/srv
[1.423s] -- Up-to-date: /home/chelse/ros2_ws/install/rob599_msgs/include/rob599_msgs/rob599_msgs/srv/detail
[1.423s] -- Up-to-date: /home/chelse/ros2_ws/install/rob599_msgs/include/rob599_msgs/rob599_msgs/srv/detail/fib_service__rosidl_typesupport_fastrtps_c.h
[1.423s] -- Up-to-date: /home/chelse/ros2_ws/install/rob599_msgs/include/rob599_msgs/rob599_msgs/srv/detail/doubler__rosidl_typesupport_fastrtps_c.h
[1.424s] -- Up-to-date: /home/chelse/ros2_ws/install/rob599_msgs/lib/librob599_msgs__rosidl_typesupport_fastrtps_c.so
[1.424s] -- Up-to-date: /home/chelse/ros2_ws/install/rob599_msgs/include/rob599_msgs/rob599_msgs
[1.425s] -- Up-to-date: /home/chelse/ros2_ws/install/rob599_msgs/include/rob599_msgs/rob599_msgs/action
[1.425s] -- Up-to-date: /home/chelse/ros2_ws/install/rob599_msgs/include/rob599_msgs/rob599_msgs/action/detail
[1.426s] -- Up-to-date: /home/chelse/ros2_ws/install/rob599_msgs/include/rob599_msgs/rob599_msgs/action/detail/fibonacci__rosidl_typesupport_introspection_c.h
[1.426s] -- Up-to-date: /home/chelse/ros2_ws/install/rob599_msgs/include/rob599_msgs/rob599_msgs/action/detail/fibonacci__type_support.c
[1.427s] -- Up-to-date: /home/chelse/ros2_ws/install/rob599_msgs/include/rob599_msgs/rob599_msgs/msg
[1.427s] -- Up-to-date: /home/chelse/ros2_ws/install/rob599_msgs/include/rob599_msgs/rob599_msgs/msg/rosidl_typesupport_introspection_c__visibility_control.h
[1.428s] -- Up-to-date: /home/chelse/ros2_ws/install/rob599_msgs/include/rob599_msgs/rob599_msgs/srv
[1.428s] -- Up-to-date: /home/chelse/ros2_ws/install/rob599_msgs/include/rob599_msgs/rob599_msgs/srv/detail
[1.428s] -- Up-to-date: /home/chelse/ros2_ws/install/rob599_msgs/include/rob599_msgs/rob599_msgs/srv/detail/fib_service__type_support.c
[1.429s] -- Up-to-date: /home/chelse/ros2_ws/install/rob599_msgs/include/rob599_msgs/rob599_msgs/srv/detail/doubler__rosidl_typesupport_introspection_c.h
[1.429s] -- Up-to-date: /home/chelse/ros2_ws/install/rob599_msgs/include/rob599_msgs/rob599_msgs/srv/detail/fib_service__rosidl_typesupport_introspection_c.h
[1.430s] -- Up-to-date: /home/chelse/ros2_ws/install/rob599_msgs/include/rob599_msgs/rob599_msgs/srv/detail/doubler__type_support.c
[1.430s] -- Up-to-date: /home/chelse/ros2_ws/install/rob599_msgs/lib/librob599_msgs__rosidl_typesupport_introspection_c.so
[1.430s] -- Up-to-date: /home/chelse/ros2_ws/install/rob599_msgs/lib/librob599_msgs__rosidl_typesupport_c.so
[1.431s] -- Up-to-date: /home/chelse/ros2_ws/install/rob599_msgs/include/rob599_msgs/rob599_msgs
[1.431s] -- Up-to-date: /home/chelse/ros2_ws/install/rob599_msgs/include/rob599_msgs/rob599_msgs/action
[1.431s] -- Up-to-date: /home/chelse/ros2_ws/install/rob599_msgs/include/rob599_msgs/rob599_msgs/action/detail
[1.432s] -- Up-to-date: /home/chelse/ros2_ws/install/rob599_msgs/include/rob599_msgs/rob599_msgs/action/detail/fibonacci__builder.hpp
[1.432s] -- Up-to-date: /home/chelse/ros2_ws/install/rob599_msgs/include/rob599_msgs/rob599_msgs/action/detail/fibonacci__traits.hpp
[1.433s] -- Up-to-date: /home/chelse/ros2_ws/install/rob599_msgs/include/rob599_msgs/rob599_msgs/action/detail/fibonacci__struct.hpp
[1.433s] -- Up-to-date: /home/chelse/ros2_ws/install/rob599_msgs/include/rob599_msgs/rob599_msgs/action/fibonacci.hpp
[1.433s] -- Up-to-date: /home/chelse/ros2_ws/install/rob599_msgs/include/rob599_msgs/rob599_msgs/srv
[1.434s] -- Up-to-date: /home/chelse/ros2_ws/install/rob599_msgs/include/rob599_msgs/rob599_msgs/srv/detail
[1.435s] -- Up-to-date: /home/chelse/ros2_ws/install/rob599_msgs/include/rob599_msgs/rob599_msgs/srv/detail/fib_service__struct.hpp
[1.436s] -- Up-to-date: /home/chelse/ros2_ws/install/rob599_msgs/include/rob599_msgs/rob599_msgs/srv/detail/fib_service__traits.hpp
[1.437s] -- Up-to-date: /home/chelse/ros2_ws/install/rob599_msgs/include/rob599_msgs/rob599_msgs/srv/detail/doubler__struct.hpp
[1.437s] -- Up-to-date: /home/chelse/ros2_ws/install/rob599_msgs/include/rob599_msgs/rob599_msgs/srv/detail/doubler__builder.hpp
[1.438s] -- Up-to-date: /home/chelse/ros2_ws/install/rob599_msgs/include/rob599_msgs/rob599_msgs/srv/detail/fib_service__builder.hpp
[1.439s] -- Up-to-date: /home/chelse/ros2_ws/install/rob599_msgs/include/rob599_msgs/rob599_msgs/srv/detail/doubler__traits.hpp
[1.439s] -- Up-to-date: /home/chelse/ros2_ws/install/rob599_msgs/include/rob599_msgs/rob599_msgs/srv/fib_service.hpp
[1.440s] -- Up-to-date: /home/chelse/ros2_ws/install/rob599_msgs/include/rob599_msgs/rob599_msgs/srv/doubler.hpp
[1.440s] -- Up-to-date: /home/chelse/ros2_ws/install/rob599_msgs/include/rob599_msgs/rob599_msgs
[1.441s] -- Up-to-date: /home/chelse/ros2_ws/install/rob599_msgs/include/rob599_msgs/rob599_msgs/action
[1.442s] -- Up-to-date: /home/chelse/ros2_ws/install/rob599_msgs/include/rob599_msgs/rob599_msgs/action/detail
[1.443s] -- Up-to-date: /home/chelse/ros2_ws/install/rob599_msgs/include/rob599_msgs/rob599_msgs/action/detail/fibonacci__rosidl_typesupport_fastrtps_cpp.hpp
[1.443s] -- Up-to-date: /home/chelse/ros2_ws/install/rob599_msgs/include/rob599_msgs/rob599_msgs/action/detail/dds_fastrtps
[1.444s] -- Up-to-date: /home/chelse/ros2_ws/install/rob599_msgs/include/rob599_msgs/rob599_msgs/msg
[1.445s] -- Up-to-date: /home/chelse/ros2_ws/install/rob599_msgs/include/rob599_msgs/rob599_msgs/msg/rosidl_typesupport_fastrtps_cpp__visibility_control.h
[1.446s] -- Up-to-date: /home/chelse/ros2_ws/install/rob599_msgs/include/rob599_msgs/rob599_msgs/srv
[1.447s] -- Up-to-date: /home/chelse/ros2_ws/install/rob599_msgs/include/rob599_msgs/rob599_msgs/srv/detail
[1.447s] -- Up-to-date: /home/chelse/ros2_ws/install/rob599_msgs/include/rob599_msgs/rob599_msgs/srv/detail/doubler__rosidl_typesupport_fastrtps_cpp.hpp
[1.448s] -- Up-to-date: /home/chelse/ros2_ws/install/rob599_msgs/include/rob599_msgs/rob599_msgs/srv/detail/dds_fastrtps
[1.449s] -- Up-to-date: /home/chelse/ros2_ws/install/rob599_msgs/include/rob599_msgs/rob599_msgs/srv/detail/fib_service__rosidl_typesupport_fastrtps_cpp.hpp
[1.449s] -- Up-to-date: /home/chelse/ros2_ws/install/rob599_msgs/lib/librob599_msgs__rosidl_typesupport_fastrtps_cpp.so
[1.450s] -- Up-to-date: /home/chelse/ros2_ws/install/rob599_msgs/include/rob599_msgs/rob599_msgs
[1.451s] -- Up-to-date: /home/chelse/ros2_ws/install/rob599_msgs/include/rob599_msgs/rob599_msgs/action
[1.452s] -- Up-to-date: /home/chelse/ros2_ws/install/rob599_msgs/include/rob599_msgs/rob599_msgs/action/detail
[1.453s] -- Up-to-date: /home/chelse/ros2_ws/install/rob599_msgs/include/rob599_msgs/rob599_msgs/action/detail/fibonacci__rosidl_typesupport_introspection_cpp.hpp
[1.453s] -- Up-to-date: /home/chelse/ros2_ws/install/rob599_msgs/include/rob599_msgs/rob599_msgs/action/detail/fibonacci__type_support.cpp
[1.454s] -- Up-to-date: /home/chelse/ros2_ws/install/rob599_msgs/include/rob599_msgs/rob599_msgs/srv
[1.454s] -- Up-to-date: /home/chelse/ros2_ws/install/rob599_msgs/include/rob599_msgs/rob599_msgs/srv/detail
[1.455s] -- Up-to-date: /home/chelse/ros2_ws/install/rob599_msgs/include/rob599_msgs/rob599_msgs/srv/detail/doubler__type_support.cpp
[1.456s] -- Up-to-date: /home/chelse/ros2_ws/install/rob599_msgs/include/rob599_msgs/rob599_msgs/srv/detail/fib_service__rosidl_typesupport_introspection_cpp.hpp
[1.456s] -- Up-to-date: /home/chelse/ros2_ws/install/rob599_msgs/include/rob599_msgs/rob599_msgs/srv/detail/fib_service__type_support.cpp
[1.457s] -- Up-to-date: /home/chelse/ros2_ws/install/rob599_msgs/include/rob599_msgs/rob599_msgs/srv/detail/doubler__rosidl_typesupport_introspection_cpp.hpp
[1.457s] -- Up-to-date: /home/chelse/ros2_ws/install/rob599_msgs/lib/librob599_msgs__rosidl_typesupport_introspection_cpp.so
[1.458s] -- Up-to-date: /home/chelse/ros2_ws/install/rob599_msgs/lib/librob599_msgs__rosidl_typesupport_cpp.so
[1.459s] -- Up-to-date: /home/chelse/ros2_ws/install/rob599_msgs/share/rob599_msgs/environment/pythonpath.sh
[1.459s] -- Up-to-date: /home/chelse/ros2_ws/install/rob599_msgs/share/rob599_msgs/environment/pythonpath.dsv
[1.460s] -- Up-to-date: /home/chelse/ros2_ws/install/rob599_msgs/local/lib/python3.10/dist-packages/rob599_msgs-0.1.0-py3.10.egg-info
[1.460s] -- Installing: /home/chelse/ros2_ws/install/rob599_msgs/local/lib/python3.10/dist-packages/rob599_msgs-0.1.0-py3.10.egg-info/SOURCES.txt
[1.461s] -- Installing: /home/chelse/ros2_ws/install/rob599_msgs/local/lib/python3.10/dist-packages/rob599_msgs-0.1.0-py3.10.egg-info/PKG-INFO
[1.462s] -- Installing: /home/chelse/ros2_ws/install/rob599_msgs/local/lib/python3.10/dist-packages/rob599_msgs-0.1.0-py3.10.egg-info/top_level.txt
[1.463s] -- Installing: /home/chelse/ros2_ws/install/rob599_msgs/local/lib/python3.10/dist-packages/rob599_msgs-0.1.0-py3.10.egg-info/dependency_links.txt
[1.464s] -- Up-to-date: /home/chelse/ros2_ws/install/rob599_msgs/local/lib/python3.10/dist-packages/rob599_msgs
[1.465s] -- Up-to-date: /home/chelse/ros2_ws/install/rob599_msgs/local/lib/python3.10/dist-packages/rob599_msgs/action
[1.466s] -- Up-to-date: /home/chelse/ros2_ws/install/rob599_msgs/local/lib/python3.10/dist-packages/rob599_msgs/action/_fibonacci_s.c
[1.467s] -- Up-to-date: /home/chelse/ros2_ws/install/rob599_msgs/local/lib/python3.10/dist-packages/rob599_msgs/action/__init__.py
[1.468s] -- Up-to-date: /home/chelse/ros2_ws/install/rob599_msgs/local/lib/python3.10/dist-packages/rob599_msgs/action/_fibonacci.py
[1.468s] -- Up-to-date: /home/chelse/ros2_ws/install/rob599_msgs/local/lib/python3.10/dist-packages/rob599_msgs/rob599_msgs_s__rosidl_typesupport_fastrtps_c.cpython-310-x86_64-linux-gnu.so
[1.469s] -- Up-to-date: /home/chelse/ros2_ws/install/rob599_msgs/local/lib/python3.10/dist-packages/rob599_msgs/librob599_msgs__rosidl_generator_py.so
[1.470s] -- Up-to-date: /home/chelse/ros2_ws/install/rob599_msgs/local/lib/python3.10/dist-packages/rob599_msgs/_rob599_msgs_s.ep.rosidl_typesupport_c.c
[1.470s] -- Up-to-date: /home/chelse/ros2_ws/install/rob599_msgs/local/lib/python3.10/dist-packages/rob599_msgs/rob599_msgs_s__rosidl_typesupport_c.cpython-310-x86_64-linux-gnu.so
[1.471s] -- Up-to-date: /home/chelse/ros2_ws/install/rob599_msgs/local/lib/python3.10/dist-packages/rob599_msgs/__init__.py
[1.472s] -- Up-to-date: /home/chelse/ros2_ws/install/rob599_msgs/local/lib/python3.10/dist-packages/rob599_msgs/rob599_msgs_s__rosidl_typesupport_introspection_c.cpython-310-x86_64-linux-gnu.so
[1.473s] -- Up-to-date: /home/chelse/ros2_ws/install/rob599_msgs/local/lib/python3.10/dist-packages/rob599_msgs/_rob599_msgs_s.ep.rosidl_typesupport_fastrtps_c.c
[1.474s] -- Up-to-date: /home/chelse/ros2_ws/install/rob599_msgs/local/lib/python3.10/dist-packages/rob599_msgs/srv
[1.474s] -- Up-to-date: /home/chelse/ros2_ws/install/rob599_msgs/local/lib/python3.10/dist-packages/rob599_msgs/srv/_doubler.py
[1.475s] -- Up-to-date: /home/chelse/ros2_ws/install/rob599_msgs/local/lib/python3.10/dist-packages/rob599_msgs/srv/__init__.py
[1.476s] -- Up-to-date: /home/chelse/ros2_ws/install/rob599_msgs/local/lib/python3.10/dist-packages/rob599_msgs/srv/_fib_service_s.c
[1.476s] -- Up-to-date: /home/chelse/ros2_ws/install/rob599_msgs/local/lib/python3.10/dist-packages/rob599_msgs/srv/_doubler_s.c
[1.477s] -- Up-to-date: /home/chelse/ros2_ws/install/rob599_msgs/local/lib/python3.10/dist-packages/rob599_msgs/srv/_fib_service.py
[1.478s] -- Up-to-date: /home/chelse/ros2_ws/install/rob599_msgs/local/lib/python3.10/dist-packages/rob599_msgs/_rob599_msgs_s.ep.rosidl_typesupport_introspection_c.c
[1.526s] Listing '/home/chelse/ros2_ws/install/rob599_msgs/local/lib/python3.10/dist-packages/rob599_msgs'...
[1.526s] Listing '/home/chelse/ros2_ws/install/rob599_msgs/local/lib/python3.10/dist-packages/rob599_msgs/action'...
[1.527s] Listing '/home/chelse/ros2_ws/install/rob599_msgs/local/lib/python3.10/dist-packages/rob599_msgs/srv'...
[1.540s] -- Up-to-date: /home/chelse/ros2_ws/install/rob599_msgs/local/lib/python3.10/dist-packages/rob599_msgs/rob599_msgs_s__rosidl_typesupport_fastrtps_c.cpython-310-x86_64-linux-gnu.so
[1.541s] -- Up-to-date: /home/chelse/ros2_ws/install/rob599_msgs/local/lib/python3.10/dist-packages/rob599_msgs/rob599_msgs_s__rosidl_typesupport_introspection_c.cpython-310-x86_64-linux-gnu.so
[1.542s] -- Up-to-date: /home/chelse/ros2_ws/install/rob599_msgs/local/lib/python3.10/dist-packages/rob599_msgs/rob599_msgs_s__rosidl_typesupport_c.cpython-310-x86_64-linux-gnu.so
[1.544s] -- Up-to-date: /home/chelse/ros2_ws/install/rob599_msgs/lib/librob599_msgs__rosidl_generator_py.so
[1.546s] -- Up-to-date: /home/chelse/ros2_ws/install/rob599_msgs/share/rob599_msgs/srv/Doubler.idl
[1.547s] -- Up-to-date: /home/chelse/ros2_ws/install/rob599_msgs/share/rob599_msgs/srv/FibService.idl
[1.548s] -- Up-to-date: /home/chelse/ros2_ws/install/rob599_msgs/share/rob599_msgs/action/Fibonacci.idl
[1.549s] -- Up-to-date: /home/chelse/ros2_ws/install/rob599_msgs/share/rob599_msgs/srv/Doubler.srv
[1.550s] -- Up-to-date: /home/chelse/ros2_ws/install/rob599_msgs/share/rob599_msgs/srv/Doubler_Request.msg
[1.550s] -- Up-to-date: /home/chelse/ros2_ws/install/rob599_msgs/share/rob599_msgs/srv/Doubler_Response.msg
[1.551s] -- Up-to-date: /home/chelse/ros2_ws/install/rob599_msgs/share/rob599_msgs/srv/FibService.srv
[1.552s] -- Up-to-date: /home/chelse/ros2_ws/install/rob599_msgs/share/rob599_msgs/srv/FibService_Request.msg
[1.553s] -- Up-to-date: /home/chelse/ros2_ws/install/rob599_msgs/share/rob599_msgs/srv/FibService_Response.msg
[1.554s] -- Up-to-date: /home/chelse/ros2_ws/install/rob599_msgs/share/rob599_msgs/action/Fibonacci.action
[1.554s] -- Up-to-date: /home/chelse/ros2_ws/install/rob599_msgs/share/ament_index/resource_index/package_run_dependencies/rob599_msgs
[1.555s] -- Up-to-date: /home/chelse/ros2_ws/install/rob599_msgs/share/ament_index/resource_index/parent_prefix_path/rob599_msgs
[1.556s] -- Up-to-date: /home/chelse/ros2_ws/install/rob599_msgs/share/rob599_msgs/environment/ament_prefix_path.sh
[1.556s] -- Up-to-date: /home/chelse/ros2_ws/install/rob599_msgs/share/rob599_msgs/environment/ament_prefix_path.dsv
[1.557s] -- Up-to-date: /home/chelse/ros2_ws/install/rob599_msgs/share/rob599_msgs/environment/path.sh
[1.557s] -- Up-to-date: /home/chelse/ros2_ws/install/rob599_msgs/share/rob599_msgs/environment/path.dsv
[1.557s] -- Up-to-date: /home/chelse/ros2_ws/install/rob599_msgs/share/rob599_msgs/local_setup.bash
[1.558s] -- Up-to-date: /home/chelse/ros2_ws/install/rob599_msgs/share/rob599_msgs/local_setup.sh
[1.558s] -- Up-to-date: /home/chelse/ros2_ws/install/rob599_msgs/share/rob599_msgs/local_setup.zsh
[1.558s] -- Up-to-date: /home/chelse/ros2_ws/install/rob599_msgs/share/rob599_msgs/local_setup.dsv
[1.558s] -- Installing: /home/chelse/ros2_ws/install/rob599_msgs/share/rob599_msgs/package.dsv
[1.559s] -- Up-to-date: /home/chelse/ros2_ws/install/rob599_msgs/share/ament_index/resource_index/packages/rob599_msgs
[1.559s] -- Up-to-date: /home/chelse/ros2_ws/install/rob599_msgs/share/rob599_msgs/cmake/export_rob599_msgs__rosidl_generator_cExport.cmake
[1.559s] -- Up-to-date: /home/chelse/ros2_ws/install/rob599_msgs/share/rob599_msgs/cmake/export_rob599_msgs__rosidl_generator_cExport-noconfig.cmake
[1.560s] -- Up-to-date: /home/chelse/ros2_ws/install/rob599_msgs/share/rob599_msgs/cmake/export_rob599_msgs__rosidl_typesupport_fastrtps_cExport.cmake
[1.560s] -- Up-to-date: /home/chelse/ros2_ws/install/rob599_msgs/share/rob599_msgs/cmake/export_rob599_msgs__rosidl_typesupport_fastrtps_cExport-noconfig.cmake
[1.560s] -- Up-to-date: /home/chelse/ros2_ws/install/rob599_msgs/share/rob599_msgs/cmake/rob599_msgs__rosidl_typesupport_introspection_cExport.cmake
[1.561s] -- Up-to-date: /home/chelse/ros2_ws/install/rob599_msgs/share/rob599_msgs/cmake/rob599_msgs__rosidl_typesupport_introspection_cExport-noconfig.cmake
[1.561s] -- Up-to-date: /home/chelse/ros2_ws/install/rob599_msgs/share/rob599_msgs/cmake/rob599_msgs__rosidl_typesupport_cExport.cmake
[1.562s] -- Up-to-date: /home/chelse/ros2_ws/install/rob599_msgs/share/rob599_msgs/cmake/rob599_msgs__rosidl_typesupport_cExport-noconfig.cmake
[1.562s] -- Up-to-date: /home/chelse/ros2_ws/install/rob599_msgs/share/rob599_msgs/cmake/export_rob599_msgs__rosidl_generator_cppExport.cmake
[1.563s] -- Up-to-date: /home/chelse/ros2_ws/install/rob599_msgs/share/rob599_msgs/cmake/export_rob599_msgs__rosidl_typesupport_fastrtps_cppExport.cmake
[1.563s] -- Up-to-date: /home/chelse/ros2_ws/install/rob599_msgs/share/rob599_msgs/cmake/export_rob599_msgs__rosidl_typesupport_fastrtps_cppExport-noconfig.cmake
[1.564s] -- Up-to-date: /home/chelse/ros2_ws/install/rob599_msgs/share/rob599_msgs/cmake/rob599_msgs__rosidl_typesupport_introspection_cppExport.cmake
[1.564s] -- Up-to-date: /home/chelse/ros2_ws/install/rob599_msgs/share/rob599_msgs/cmake/rob599_msgs__rosidl_typesupport_introspection_cppExport-noconfig.cmake
[1.564s] -- Up-to-date: /home/chelse/ros2_ws/install/rob599_msgs/share/rob599_msgs/cmake/rob599_msgs__rosidl_typesupport_cppExport.cmake
[1.565s] -- Up-to-date: /home/chelse/ros2_ws/install/rob599_msgs/share/rob599_msgs/cmake/rob599_msgs__rosidl_typesupport_cppExport-noconfig.cmake
[1.565s] -- Up-to-date: /home/chelse/ros2_ws/install/rob599_msgs/share/rob599_msgs/cmake/export_rob599_msgs__rosidl_generator_pyExport.cmake
[1.565s] -- Up-to-date: /home/chelse/ros2_ws/install/rob599_msgs/share/rob599_msgs/cmake/export_rob599_msgs__rosidl_generator_pyExport-noconfig.cmake
[1.566s] -- Up-to-date: /home/chelse/ros2_ws/install/rob599_msgs/share/rob599_msgs/cmake/rosidl_cmake-extras.cmake
[1.567s] -- Up-to-date: /home/chelse/ros2_ws/install/rob599_msgs/share/rob599_msgs/cmake/ament_cmake_export_dependencies-extras.cmake
[1.567s] -- Up-to-date: /home/chelse/ros2_ws/install/rob599_msgs/share/rob599_msgs/cmake/ament_cmake_export_include_directories-extras.cmake
[1.568s] -- Up-to-date: /home/chelse/ros2_ws/install/rob599_msgs/share/rob599_msgs/cmake/ament_cmake_export_libraries-extras.cmake
[1.568s] -- Up-to-date: /home/chelse/ros2_ws/install/rob599_msgs/share/rob599_msgs/cmake/ament_cmake_export_targets-extras.cmake
[1.568s] -- Up-to-date: /home/chelse/ros2_ws/install/rob599_msgs/share/rob599_msgs/cmake/rosidl_cmake_export_typesupport_targets-extras.cmake
[1.569s] -- Up-to-date: /home/chelse/ros2_ws/install/rob599_msgs/share/rob599_msgs/cmake/rosidl_cmake_export_typesupport_libraries-extras.cmake
[1.569s] -- Up-to-date: /home/chelse/ros2_ws/install/rob599_msgs/share/rob599_msgs/cmake/rob599_msgsConfig.cmake
[1.570s] -- Up-to-date: /home/chelse/ros2_ws/install/rob599_msgs/share/rob599_msgs/cmake/rob599_msgsConfig-version.cmake
[1.570s] -- Up-to-date: /home/chelse/ros2_ws/install/rob599_msgs/share/rob599_msgs/package.xml
[1.659s] Invoked command in '/home/chelse/ros2_ws/build/rob599_msgs' returned '0': CMAKE_PREFIX_PATH=${CMAKE_PREFIX_PATH}:/home/chelse/ros2_ws/install/rob599_basic:/opt/ros/humble /usr/bin/cmake --install /home/chelse/ros2_ws/build/rob599_msgs
