[0.734s] Invoking command in '/home/chelse/ros2_ws/src/rob599_hw2': PYTHONPATH=/home/chelse/ros2_ws/build/rob599_hw2/prefix_override:/home/chelse/ros2_ws/install/rob599_hw2/lib/python3.10/site-packages:${PYTHONPATH} /usr/bin/python3 setup.py egg_info --egg-base ../../build/rob599_hw2 build --build-base /home/chelse/ros2_ws/build/rob599_hw2/build install --record /home/chelse/ros2_ws/build/rob599_hw2/install.log --single-version-externally-managed
[0.952s] running egg_info
[0.953s] creating ../../build/rob599_hw2/rob599_hw2.egg-info
[0.953s] writing ../../build/rob599_hw2/rob599_hw2.egg-info/PKG-INFO
[0.953s] writing dependency_links to ../../build/rob599_hw2/rob599_hw2.egg-info/dependency_links.txt
[0.953s] writing entry points to ../../build/rob599_hw2/rob599_hw2.egg-info/entry_points.txt
[0.953s] writing requirements to ../../build/rob599_hw2/rob599_hw2.egg-info/requires.txt
[0.954s] writing top-level names to ../../build/rob599_hw2/rob599_hw2.egg-info/top_level.txt
[0.954s] writing manifest file '../../build/rob599_hw2/rob599_hw2.egg-info/SOURCES.txt'
[0.955s] reading manifest file '../../build/rob599_hw2/rob599_hw2.egg-info/SOURCES.txt'
[0.955s] writing manifest file '../../build/rob599_hw2/rob599_hw2.egg-info/SOURCES.txt'
[0.955s] running build
[0.956s] running build_py
[0.956s] creating /home/chelse/ros2_ws/build/rob599_hw2/build
[0.956s] creating /home/chelse/ros2_ws/build/rob599_hw2/build/lib
[0.956s] creating /home/chelse/ros2_ws/build/rob599_hw2/build/lib/rob599_hw2
[0.956s] copying rob599_hw2/speed_publisher.py -> /home/chelse/ros2_ws/build/rob599_hw2/build/lib/rob599_hw2
[0.957s] copying rob599_hw2/nasa_client.py -> /home/chelse/ros2_ws/build/rob599_hw2/build/lib/rob599_hw2
[0.957s] copying rob599_hw2/speed_limiter.py -> /home/chelse/ros2_ws/build/rob599_hw2/build/lib/rob599_hw2
[0.958s] copying rob599_hw2/__init__.py -> /home/chelse/ros2_ws/build/rob599_hw2/build/lib/rob599_hw2
[0.958s] copying rob599_hw2/twist_tester.py -> /home/chelse/ros2_ws/build/rob599_hw2/build/lib/rob599_hw2
[0.958s] copying rob599_hw2/nasa.py -> /home/chelse/ros2_ws/build/rob599_hw2/build/lib/rob599_hw2
[0.958s] running install
[0.958s] /usr/lib/python3/dist-packages/setuptools/command/install.py:34: SetuptoolsDeprecationWarning: setup.py install is deprecated. Use build and pip and other standards-based tools.
[0.958s]   warnings.warn(
[0.959s] running install_lib
[0.959s] creating /home/chelse/ros2_ws/install/rob599_hw2/lib/python3.10/site-packages/rob599_hw2
[0.959s] copying /home/chelse/ros2_ws/build/rob599_hw2/build/lib/rob599_hw2/speed_publisher.py -> /home/chelse/ros2_ws/install/rob599_hw2/lib/python3.10/site-packages/rob599_hw2
[0.960s] copying /home/chelse/ros2_ws/build/rob599_hw2/build/lib/rob599_hw2/nasa_client.py -> /home/chelse/ros2_ws/install/rob599_hw2/lib/python3.10/site-packages/rob599_hw2
[0.960s] copying /home/chelse/ros2_ws/build/rob599_hw2/build/lib/rob599_hw2/speed_limiter.py -> /home/chelse/ros2_ws/install/rob599_hw2/lib/python3.10/site-packages/rob599_hw2
[0.960s] copying /home/chelse/ros2_ws/build/rob599_hw2/build/lib/rob599_hw2/__init__.py -> /home/chelse/ros2_ws/install/rob599_hw2/lib/python3.10/site-packages/rob599_hw2
[0.960s] copying /home/chelse/ros2_ws/build/rob599_hw2/build/lib/rob599_hw2/twist_tester.py -> /home/chelse/ros2_ws/install/rob599_hw2/lib/python3.10/site-packages/rob599_hw2
[0.960s] copying /home/chelse/ros2_ws/build/rob599_hw2/build/lib/rob599_hw2/nasa.py -> /home/chelse/ros2_ws/install/rob599_hw2/lib/python3.10/site-packages/rob599_hw2
[0.960s] byte-compiling /home/chelse/ros2_ws/install/rob599_hw2/lib/python3.10/site-packages/rob599_hw2/speed_publisher.py to speed_publisher.cpython-310.pyc
[0.961s] byte-compiling /home/chelse/ros2_ws/install/rob599_hw2/lib/python3.10/site-packages/rob599_hw2/nasa_client.py to nasa_client.cpython-310.pyc
[0.962s] byte-compiling /home/chelse/ros2_ws/install/rob599_hw2/lib/python3.10/site-packages/rob599_hw2/speed_limiter.py to speed_limiter.cpython-310.pyc
[0.963s] byte-compiling /home/chelse/ros2_ws/install/rob599_hw2/lib/python3.10/site-packages/rob599_hw2/__init__.py to __init__.cpython-310.pyc
[0.963s] byte-compiling /home/chelse/ros2_ws/install/rob599_hw2/lib/python3.10/site-packages/rob599_hw2/twist_tester.py to twist_tester.cpython-310.pyc
[0.964s] byte-compiling /home/chelse/ros2_ws/install/rob599_hw2/lib/python3.10/site-packages/rob599_hw2/nasa.py to nasa.cpython-310.pyc
[0.964s] running install_data
[0.965s] creating /home/chelse/ros2_ws/install/rob599_hw2/share/ament_index
[0.965s] creating /home/chelse/ros2_ws/install/rob599_hw2/share/ament_index/resource_index
[0.965s] creating /home/chelse/ros2_ws/install/rob599_hw2/share/ament_index/resource_index/packages
[0.965s] copying resource/rob599_hw2 -> /home/chelse/ros2_ws/install/rob599_hw2/share/ament_index/resource_index/packages
[0.965s] copying package.xml -> /home/chelse/ros2_ws/install/rob599_hw2/share/rob599_hw2
[0.966s] creating /home/chelse/ros2_ws/install/rob599_hw2/share/rob599_hw2/launch
[0.966s] copying launch/speed_limit_launch.py -> /home/chelse/ros2_ws/install/rob599_hw2/share/rob599_hw2/launch
[0.966s] running install_egg_info
[0.967s] Copying ../../build/rob599_hw2/rob599_hw2.egg-info to /home/chelse/ros2_ws/install/rob599_hw2/lib/python3.10/site-packages/rob599_hw2-0.0.0-py3.10.egg-info
[0.968s] running install_scripts
[0.988s] Installing nasa script to /home/chelse/ros2_ws/install/rob599_hw2/lib/rob599_hw2
[0.988s] Installing nasa_client script to /home/chelse/ros2_ws/install/rob599_hw2/lib/rob599_hw2
[0.988s] Installing speed_limiter script to /home/chelse/ros2_ws/install/rob599_hw2/lib/rob599_hw2
[0.988s] Installing speed_publisher script to /home/chelse/ros2_ws/install/rob599_hw2/lib/rob599_hw2
[0.988s] Installing twist_tester script to /home/chelse/ros2_ws/install/rob599_hw2/lib/rob599_hw2
[0.988s] writing list of installed files to '/home/chelse/ros2_ws/build/rob599_hw2/install.log'
[1.015s] Invoked command in '/home/chelse/ros2_ws/src/rob599_hw2' returned '0': PYTHONPATH=/home/chelse/ros2_ws/build/rob599_hw2/prefix_override:/home/chelse/ros2_ws/install/rob599_hw2/lib/python3.10/site-packages:${PYTHONPATH} /usr/bin/python3 setup.py egg_info --egg-base ../../build/rob599_hw2 build --build-base /home/chelse/ros2_ws/build/rob599_hw2/build install --record /home/chelse/ros2_ws/build/rob599_hw2/install.log --single-version-externally-managed
