[0.228s] Invoking command in '/home/chelse/ros2_ws/build/rob599_hw2_msgs': CMAKE_PREFIX_PATH=${CMAKE_PREFIX_PATH}:/home/chelse/ros2_ws/install/rob599_hw2:/home/chelse/ros2_ws/install/rob599_hw3:/opt/ros/humble /usr/bin/cmake --build /home/chelse/ros2_ws/build/rob599_hw2_msgs -- -j12 -l12
[0.273s] -- Found ament_cmake: 1.3.7 (/opt/ros/humble/share/ament_cmake/cmake)
[0.514s] -- Found rosidl_default_generators: 1.2.0 (/opt/ros/humble/share/rosidl_default_generators/cmake)
[0.518s] -- Using all available rosidl_typesupport_c: rosidl_typesupport_fastrtps_c;rosidl_typesupport_introspection_c
[0.524s] -- Found rosidl_adapter: 3.1.5 (/opt/ros/humble/share/rosidl_adapter/cmake)
[0.584s] -- Using all available rosidl_typesupport_cpp: rosidl_typesupport_fastrtps_cpp;rosidl_typesupport_introspection_cpp
[1.223s] -- Found ament_cmake_ros: 0.10.0 (/opt/ros/humble/share/ament_cmake_ros/cmake)
[1.544s] -- Using all available rosidl_typesupport_c: rosidl_typesupport_fastrtps_c;rosidl_typesupport_introspection_c
[1.964s] -- Using all available rosidl_typesupport_cpp: rosidl_typesupport_fastrtps_cpp;rosidl_typesupport_introspection_cpp
[1.996s] -- Found python_cmake_module: 0.10.0 (/opt/ros/humble/share/python_cmake_module/cmake)
[2.032s] -- Using PYTHON_EXECUTABLE: /usr/bin/python3
[2.032s] -- Using PYTHON_INCLUDE_DIRS: /usr/include/python3.10
[2.033s] -- Using PYTHON_LIBRARIES: /usr/lib/x86_64-linux-gnu/libpython3.10.so
[2.066s] -- Found ament_lint_auto: 0.12.10 (/opt/ros/humble/share/ament_lint_auto/cmake)
[2.086s] -- Added test 'lint_cmake' to check CMake code style
[2.088s] -- Added test 'xmllint' to check XML markup files
[2.091s] -- Configuring done
[2.158s] -- Generating done
[2.163s] -- Build files have been written to: /home/chelse/ros2_ws/build/rob599_hw2_msgs
[2.205s] [  1%] [34m[1mGenerating C code for ROS interfaces[0m
[2.224s] [  3%] [34m[1mGenerating C++ code for ROS interfaces[0m
[2.247s] [  3%] Built target ament_cmake_python_copy_rob599_hw2_msgs
[2.709s] running egg_info
[2.710s] writing rob599_hw2_msgs.egg-info/PKG-INFO
[2.711s] writing dependency_links to rob599_hw2_msgs.egg-info/dependency_links.txt
[2.711s] writing top-level names to rob599_hw2_msgs.egg-info/top_level.txt
[2.715s] reading manifest file 'rob599_hw2_msgs.egg-info/SOURCES.txt'
[2.716s] writing manifest file 'rob599_hw2_msgs.egg-info/SOURCES.txt'
[2.759s] [  3%] Built target ament_cmake_python_build_rob599_hw2_msgs_egg
[3.330s] [  3%] Built target rob599_hw2_msgs__cpp
[3.354s] [  7%] [34m[1mGenerating C++ type support dispatch for ROS interfaces[0m
[3.355s] [  9%] [34m[1mGenerating C++ introspection for ROS interfaces[0m
[3.358s] [  9%] [34m[1mGenerating C++ type support for eProsima Fast-RTPS[0m
[3.429s] [35m[1mConsolidate compiler generated dependencies of target rob599_hw2_msgs__rosidl_generator_c[0m
[3.457s] [ 10%] [32mBuilding C object CMakeFiles/rob599_hw2_msgs__rosidl_generator_c.dir/rosidl_generator_c/rob599_hw2_msgs/srv/detail/memorize_position__functions.c.o[0m
[3.458s] [ 12%] [32mBuilding C object CMakeFiles/rob599_hw2_msgs__rosidl_generator_c.dir/rosidl_generator_c/rob599_hw2_msgs/srv/detail/apply_brakes__functions.c.o[0m
[3.458s] [ 14%] [32mBuilding C object CMakeFiles/rob599_hw2_msgs__rosidl_generator_c.dir/rosidl_generator_c/rob599_hw2_msgs/srv/detail/clear_positions__functions.c.o[0m
[3.467s] [ 16%] [32mBuilding C object CMakeFiles/rob599_hw2_msgs__rosidl_generator_c.dir/rosidl_generator_c/rob599_hw2_msgs/action/detail/launch_rocket__functions.c.o[0m
[3.783s] [ 18%] [32m[1mLinking C shared library librob599_hw2_msgs__rosidl_generator_c.so[0m
[3.867s] [ 18%] Built target rob599_hw2_msgs__rosidl_generator_c
[3.890s] [ 21%] [34m[1mGenerating C introspection for ROS interfaces[0m
[3.891s] [ 21%] [34m[1mGenerating C type support for eProsima Fast-RTPS[0m
[3.891s] [ 23%] [34m[1mGenerating C type support dispatch for ROS interfaces[0m
[4.263s] [35m[1mConsolidate compiler generated dependencies of target rob599_hw2_msgs__rosidl_typesupport_cpp[0m
[4.299s] [ 25%] [32mBuilding CXX object CMakeFiles/rob599_hw2_msgs__rosidl_typesupport_cpp.dir/rosidl_typesupport_cpp/rob599_hw2_msgs/action/launch_rocket__type_support.cpp.o[0m
[4.302s] [ 27%] [32mBuilding CXX object CMakeFiles/rob599_hw2_msgs__rosidl_typesupport_cpp.dir/rosidl_typesupport_cpp/rob599_hw2_msgs/srv/apply_brakes__type_support.cpp.o[0m
[4.303s] [ 29%] [32mBuilding CXX object CMakeFiles/rob599_hw2_msgs__rosidl_typesupport_cpp.dir/rosidl_typesupport_cpp/rob599_hw2_msgs/srv/clear_positions__type_support.cpp.o[0m
[4.304s] [ 30%] [32mBuilding CXX object CMakeFiles/rob599_hw2_msgs__rosidl_typesupport_cpp.dir/rosidl_typesupport_cpp/rob599_hw2_msgs/srv/memorize_position__type_support.cpp.o[0m
[4.702s] [35m[1mConsolidate compiler generated dependencies of target rob599_hw2_msgs__rosidl_typesupport_introspection_cpp[0m
[4.753s] [ 34%] [32mBuilding CXX object CMakeFiles/rob599_hw2_msgs__rosidl_typesupport_introspection_cpp.dir/rosidl_typesupport_introspection_cpp/rob599_hw2_msgs/srv/detail/memorize_position__type_support.cpp.o[0m
[4.754s] [ 34%] [32mBuilding CXX object CMakeFiles/rob599_hw2_msgs__rosidl_typesupport_introspection_cpp.dir/rosidl_typesupport_introspection_cpp/rob599_hw2_msgs/srv/detail/apply_brakes__type_support.cpp.o[0m
[4.754s] [ 36%] [32mBuilding CXX object CMakeFiles/rob599_hw2_msgs__rosidl_typesupport_introspection_cpp.dir/rosidl_typesupport_introspection_cpp/rob599_hw2_msgs/action/detail/launch_rocket__type_support.cpp.o[0m
[4.758s] [ 38%] [32mBuilding CXX object CMakeFiles/rob599_hw2_msgs__rosidl_typesupport_introspection_cpp.dir/rosidl_typesupport_introspection_cpp/rob599_hw2_msgs/srv/detail/clear_positions__type_support.cpp.o[0m
[5.097s] [35m[1mConsolidate compiler generated dependencies of target rob599_hw2_msgs__rosidl_typesupport_c[0m
[5.152s] [ 40%] [32mBuilding CXX object CMakeFiles/rob599_hw2_msgs__rosidl_typesupport_c.dir/rosidl_typesupport_c/rob599_hw2_msgs/srv/apply_brakes__type_support.cpp.o[0m
[5.289s] [ 41%] [32mBuilding CXX object CMakeFiles/rob599_hw2_msgs__rosidl_typesupport_c.dir/rosidl_typesupport_c/rob599_hw2_msgs/srv/memorize_position__type_support.cpp.o[0m
[5.306s] [ 43%] [32mBuilding CXX object CMakeFiles/rob599_hw2_msgs__rosidl_typesupport_c.dir/rosidl_typesupport_c/rob599_hw2_msgs/srv/clear_positions__type_support.cpp.o[0m
[5.310s] [35m[1mConsolidate compiler generated dependencies of target rob599_hw2_msgs__rosidl_typesupport_fastrtps_cpp[0m
[5.311s] [ 45%] [32mBuilding CXX object CMakeFiles/rob599_hw2_msgs__rosidl_typesupport_c.dir/rosidl_typesupport_c/rob599_hw2_msgs/action/launch_rocket__type_support.cpp.o[0m
[5.364s] [ 47%] [32mBuilding CXX object CMakeFiles/rob599_hw2_msgs__rosidl_typesupport_fastrtps_cpp.dir/rosidl_typesupport_fastrtps_cpp/rob599_hw2_msgs/srv/detail/dds_fastrtps/memorize_position__type_support.cpp.o[0m
[5.366s] [ 49%] [32mBuilding CXX object CMakeFiles/rob599_hw2_msgs__rosidl_typesupport_fastrtps_cpp.dir/rosidl_typesupport_fastrtps_cpp/rob599_hw2_msgs/srv/detail/dds_fastrtps/apply_brakes__type_support.cpp.o[0m
[5.415s] [ 50%] [32mBuilding CXX object CMakeFiles/rob599_hw2_msgs__rosidl_typesupport_fastrtps_cpp.dir/rosidl_typesupport_fastrtps_cpp/rob599_hw2_msgs/srv/detail/dds_fastrtps/clear_positions__type_support.cpp.o[0m
[5.450s] [ 52%] [32mBuilding CXX object CMakeFiles/rob599_hw2_msgs__rosidl_typesupport_fastrtps_cpp.dir/rosidl_typesupport_fastrtps_cpp/rob599_hw2_msgs/action/detail/dds_fastrtps/launch_rocket__type_support.cpp.o[0m
[5.519s] [ 54%] [32m[1mLinking CXX shared library librob599_hw2_msgs__rosidl_typesupport_c.so[0m
[5.694s] [ 54%] Built target rob599_hw2_msgs__rosidl_typesupport_c
[5.994s] [35m[1mConsolidate compiler generated dependencies of target rob599_hw2_msgs__rosidl_typesupport_introspection_c[0m
[6.009s] [ 56%] [32m[1mLinking CXX shared library librob599_hw2_msgs__rosidl_typesupport_cpp.so[0m
[6.046s] [ 58%] [32mBuilding C object CMakeFiles/rob599_hw2_msgs__rosidl_typesupport_introspection_c.dir/rosidl_typesupport_introspection_c/rob599_hw2_msgs/srv/detail/apply_brakes__type_support.c.o[0m
[6.048s] [ 60%] [32mBuilding C object CMakeFiles/rob599_hw2_msgs__rosidl_typesupport_introspection_c.dir/rosidl_typesupport_introspection_c/rob599_hw2_msgs/srv/detail/memorize_position__type_support.c.o[0m
[6.172s] [ 60%] Built target rob599_hw2_msgs__rosidl_typesupport_cpp
[6.192s] [ 61%] [32mBuilding C object CMakeFiles/rob599_hw2_msgs__rosidl_typesupport_introspection_c.dir/rosidl_typesupport_introspection_c/rob599_hw2_msgs/srv/detail/clear_positions__type_support.c.o[0m
[6.209s] [ 63%] [32mBuilding C object CMakeFiles/rob599_hw2_msgs__rosidl_typesupport_introspection_c.dir/rosidl_typesupport_introspection_c/rob599_hw2_msgs/action/detail/launch_rocket__type_support.c.o[0m
[6.234s] [35m[1mConsolidate compiler generated dependencies of target rob599_hw2_msgs__rosidl_typesupport_fastrtps_c[0m
[6.287s] [ 69%] [32mBuilding CXX object CMakeFiles/rob599_hw2_msgs__rosidl_typesupport_fastrtps_c.dir/rosidl_typesupport_fastrtps_c/rob599_hw2_msgs/srv/detail/clear_positions__type_support_c.cpp.o[0m
[6.288s] [ 69%] [32mBuilding CXX object CMakeFiles/rob599_hw2_msgs__rosidl_typesupport_fastrtps_c.dir/rosidl_typesupport_fastrtps_c/rob599_hw2_msgs/srv/detail/memorize_position__type_support_c.cpp.o[0m
[6.288s] [ 69%] [32mBuilding CXX object CMakeFiles/rob599_hw2_msgs__rosidl_typesupport_fastrtps_c.dir/rosidl_typesupport_fastrtps_c/rob599_hw2_msgs/srv/detail/apply_brakes__type_support_c.cpp.o[0m
[6.290s] [ 70%] [32mBuilding CXX object CMakeFiles/rob599_hw2_msgs__rosidl_typesupport_fastrtps_c.dir/rosidl_typesupport_fastrtps_c/rob599_hw2_msgs/action/detail/launch_rocket__type_support_c.cpp.o[0m
[6.388s] [ 72%] [32m[1mLinking C shared library librob599_hw2_msgs__rosidl_typesupport_introspection_c.so[0m
[6.524s] [ 72%] Built target rob599_hw2_msgs__rosidl_typesupport_introspection_c
[6.946s] [ 74%] [32m[1mLinking CXX shared library librob599_hw2_msgs__rosidl_typesupport_introspection_cpp.so[0m
[7.122s] [ 74%] Built target rob599_hw2_msgs__rosidl_typesupport_introspection_cpp
[7.127s] [ 76%] [32m[1mLinking CXX shared library librob599_hw2_msgs__rosidl_typesupport_fastrtps_cpp.so[0m
[7.286s] [ 76%] Built target rob599_hw2_msgs__rosidl_typesupport_fastrtps_cpp
[7.414s] [ 78%] [32m[1mLinking CXX shared library librob599_hw2_msgs__rosidl_typesupport_fastrtps_c.so[0m
[7.515s] [ 78%] Built target rob599_hw2_msgs__rosidl_typesupport_fastrtps_c
[7.547s] [ 78%] Built target rob599_hw2_msgs
[7.586s] [ 80%] [34m[1mGenerating Python code for ROS interfaces[0m
[9.165s] [ 80%] Built target rob599_hw2_msgs__py
[9.180s] [35m[1mConsolidate compiler generated dependencies of target rob599_hw2_msgs__rosidl_generator_py[0m
[9.206s] [ 83%] [32mBuilding C object CMakeFiles/rob599_hw2_msgs__rosidl_generator_py.dir/rosidl_generator_py/rob599_hw2_msgs/srv/_memorize_position_s.c.o[0m
[9.207s] [ 83%] [32mBuilding C object CMakeFiles/rob599_hw2_msgs__rosidl_generator_py.dir/rosidl_generator_py/rob599_hw2_msgs/srv/_apply_brakes_s.c.o[0m
[9.207s] [ 85%] [32mBuilding C object CMakeFiles/rob599_hw2_msgs__rosidl_generator_py.dir/rosidl_generator_py/rob599_hw2_msgs/srv/_clear_positions_s.c.o[0m
[9.208s] [ 87%] [32mBuilding C object CMakeFiles/rob599_hw2_msgs__rosidl_generator_py.dir/rosidl_generator_py/rob599_hw2_msgs/action/_launch_rocket_s.c.o[0m
[9.504s] [ 89%] [32m[1mLinking C shared library rosidl_generator_py/rob599_hw2_msgs/librob599_hw2_msgs__rosidl_generator_py.so[0m
[9.568s] [ 89%] Built target rob599_hw2_msgs__rosidl_generator_py
[9.590s] [35m[1mConsolidate compiler generated dependencies of target rob599_hw2_msgs__rosidl_typesupport_fastrtps_c__pyext[0m
[9.590s] [35m[1mConsolidate compiler generated dependencies of target rob599_hw2_msgs__rosidl_typesupport_introspection_c__pyext[0m
[9.591s] [35m[1mConsolidate compiler generated dependencies of target rob599_hw2_msgs__rosidl_typesupport_c__pyext[0m
[9.619s] [ 92%] [32mBuilding C object CMakeFiles/rob599_hw2_msgs__rosidl_typesupport_fastrtps_c__pyext.dir/rosidl_generator_py/rob599_hw2_msgs/_rob599_hw2_msgs_s.ep.rosidl_typesupport_fastrtps_c.c.o[0m
[9.619s] [ 92%] [32mBuilding C object CMakeFiles/rob599_hw2_msgs__rosidl_typesupport_introspection_c__pyext.dir/rosidl_generator_py/rob599_hw2_msgs/_rob599_hw2_msgs_s.ep.rosidl_typesupport_introspection_c.c.o[0m
[9.619s] [ 94%] [32mBuilding C object CMakeFiles/rob599_hw2_msgs__rosidl_typesupport_c__pyext.dir/rosidl_generator_py/rob599_hw2_msgs/_rob599_hw2_msgs_s.ep.rosidl_typesupport_c.c.o[0m
[9.920s] [ 96%] [32m[1mLinking C shared library rosidl_generator_py/rob599_hw2_msgs/rob599_hw2_msgs_s__rosidl_typesupport_c.cpython-310-x86_64-linux-gnu.so[0m
[9.920s] [ 98%] [32m[1mLinking C shared library rosidl_generator_py/rob599_hw2_msgs/rob599_hw2_msgs_s__rosidl_typesupport_fastrtps_c.cpython-310-x86_64-linux-gnu.so[0m
[9.930s] [100%] [32m[1mLinking C shared library rosidl_generator_py/rob599_hw2_msgs/rob599_hw2_msgs_s__rosidl_typesupport_introspection_c.cpython-310-x86_64-linux-gnu.so[0m
[10.005s] [100%] Built target rob599_hw2_msgs__rosidl_typesupport_fastrtps_c__pyext
[10.006s] [100%] Built target rob599_hw2_msgs__rosidl_typesupport_c__pyext
[10.015s] [100%] Built target rob599_hw2_msgs__rosidl_typesupport_introspection_c__pyext
[10.061s] Invoked command in '/home/chelse/ros2_ws/build/rob599_hw2_msgs' returned '0': CMAKE_PREFIX_PATH=${CMAKE_PREFIX_PATH}:/home/chelse/ros2_ws/install/rob599_hw2:/home/chelse/ros2_ws/install/rob599_hw3:/opt/ros/humble /usr/bin/cmake --build /home/chelse/ros2_ws/build/rob599_hw2_msgs -- -j12 -l12
[10.329s] Invoking command in '/home/chelse/ros2_ws/build/rob599_hw2_msgs': CMAKE_PREFIX_PATH=${CMAKE_PREFIX_PATH}:/home/chelse/ros2_ws/install/rob599_hw2:/home/chelse/ros2_ws/install/rob599_hw3:/opt/ros/humble /usr/bin/cmake --install /home/chelse/ros2_ws/build/rob599_hw2_msgs
[10.352s] -- Install configuration: ""
[10.352s] -- Installing: /home/chelse/ros2_ws/install/rob599_hw2_msgs/share/ament_index/resource_index/rosidl_interfaces/rob599_hw2_msgs
[10.353s] -- Up-to-date: /home/chelse/ros2_ws/install/rob599_hw2_msgs/include/rob599_hw2_msgs/rob599_hw2_msgs
[10.353s] -- Up-to-date: /home/chelse/ros2_ws/install/rob599_hw2_msgs/include/rob599_hw2_msgs/rob599_hw2_msgs/action
[10.354s] -- Up-to-date: /home/chelse/ros2_ws/install/rob599_hw2_msgs/include/rob599_hw2_msgs/rob599_hw2_msgs/action/detail
[10.354s] -- Installing: /home/chelse/ros2_ws/install/rob599_hw2_msgs/include/rob599_hw2_msgs/rob599_hw2_msgs/action/detail/launch_rocket__functions.h
[10.354s] -- Installing: /home/chelse/ros2_ws/install/rob599_hw2_msgs/include/rob599_hw2_msgs/rob599_hw2_msgs/action/detail/launch_rocket__struct.h
[10.355s] -- Installing: /home/chelse/ros2_ws/install/rob599_hw2_msgs/include/rob599_hw2_msgs/rob599_hw2_msgs/action/detail/launch_rocket__functions.c
[10.355s] -- Installing: /home/chelse/ros2_ws/install/rob599_hw2_msgs/include/rob599_hw2_msgs/rob599_hw2_msgs/action/detail/launch_rocket__type_support.h
[10.356s] -- Installing: /home/chelse/ros2_ws/install/rob599_hw2_msgs/include/rob599_hw2_msgs/rob599_hw2_msgs/action/launch_rocket.h
[10.356s] -- Up-to-date: /home/chelse/ros2_ws/install/rob599_hw2_msgs/include/rob599_hw2_msgs/rob599_hw2_msgs/msg
[10.356s] -- Up-to-date: /home/chelse/ros2_ws/install/rob599_hw2_msgs/include/rob599_hw2_msgs/rob599_hw2_msgs/msg/rosidl_generator_c__visibility_control.h
[10.357s] -- Up-to-date: /home/chelse/ros2_ws/install/rob599_hw2_msgs/include/rob599_hw2_msgs/rob599_hw2_msgs/srv
[10.357s] -- Installing: /home/chelse/ros2_ws/install/rob599_hw2_msgs/include/rob599_hw2_msgs/rob599_hw2_msgs/srv/clear_positions.h
[10.357s] -- Up-to-date: /home/chelse/ros2_ws/install/rob599_hw2_msgs/include/rob599_hw2_msgs/rob599_hw2_msgs/srv/detail
[10.357s] -- Installing: /home/chelse/ros2_ws/install/rob599_hw2_msgs/include/rob599_hw2_msgs/rob599_hw2_msgs/srv/detail/clear_positions__type_support.h
[10.357s] -- Installing: /home/chelse/ros2_ws/install/rob599_hw2_msgs/include/rob599_hw2_msgs/rob599_hw2_msgs/srv/detail/apply_brakes__type_support.h
[10.358s] -- Installing: /home/chelse/ros2_ws/install/rob599_hw2_msgs/include/rob599_hw2_msgs/rob599_hw2_msgs/srv/detail/clear_positions__struct.h
[10.358s] -- Installing: /home/chelse/ros2_ws/install/rob599_hw2_msgs/include/rob599_hw2_msgs/rob599_hw2_msgs/srv/detail/memorize_position__functions.c
[10.358s] -- Installing: /home/chelse/ros2_ws/install/rob599_hw2_msgs/include/rob599_hw2_msgs/rob599_hw2_msgs/srv/detail/apply_brakes__struct.h
[10.359s] -- Installing: /home/chelse/ros2_ws/install/rob599_hw2_msgs/include/rob599_hw2_msgs/rob599_hw2_msgs/srv/detail/clear_positions__functions.h
[10.359s] -- Installing: /home/chelse/ros2_ws/install/rob599_hw2_msgs/include/rob599_hw2_msgs/rob599_hw2_msgs/srv/detail/apply_brakes__functions.c
[10.359s] -- Installing: /home/chelse/ros2_ws/install/rob599_hw2_msgs/include/rob599_hw2_msgs/rob599_hw2_msgs/srv/detail/memorize_position__type_support.h
[10.360s] -- Installing: /home/chelse/ros2_ws/install/rob599_hw2_msgs/include/rob599_hw2_msgs/rob599_hw2_msgs/srv/detail/apply_brakes__functions.h
[10.360s] -- Installing: /home/chelse/ros2_ws/install/rob599_hw2_msgs/include/rob599_hw2_msgs/rob599_hw2_msgs/srv/detail/clear_positions__functions.c
[10.361s] -- Installing: /home/chelse/ros2_ws/install/rob599_hw2_msgs/include/rob599_hw2_msgs/rob599_hw2_msgs/srv/detail/memorize_position__functions.h
[10.361s] -- Installing: /home/chelse/ros2_ws/install/rob599_hw2_msgs/include/rob599_hw2_msgs/rob599_hw2_msgs/srv/detail/memorize_position__struct.h
[10.362s] -- Installing: /home/chelse/ros2_ws/install/rob599_hw2_msgs/include/rob599_hw2_msgs/rob599_hw2_msgs/srv/memorize_position.h
[10.362s] -- Installing: /home/chelse/ros2_ws/install/rob599_hw2_msgs/include/rob599_hw2_msgs/rob599_hw2_msgs/srv/apply_brakes.h
[10.362s] -- Up-to-date: /home/chelse/ros2_ws/install/rob599_hw2_msgs/share/rob599_hw2_msgs/environment/library_path.sh
[10.362s] -- Installing: /home/chelse/ros2_ws/install/rob599_hw2_msgs/share/rob599_hw2_msgs/environment/library_path.dsv
[10.363s] -- Installing: /home/chelse/ros2_ws/install/rob599_hw2_msgs/lib/librob599_hw2_msgs__rosidl_generator_c.so
[10.365s] -- Set runtime path of "/home/chelse/ros2_ws/install/rob599_hw2_msgs/lib/librob599_hw2_msgs__rosidl_generator_c.so" to ""
[10.365s] -- Up-to-date: /home/chelse/ros2_ws/install/rob599_hw2_msgs/include/rob599_hw2_msgs/rob599_hw2_msgs
[10.366s] -- Up-to-date: /home/chelse/ros2_ws/install/rob599_hw2_msgs/include/rob599_hw2_msgs/rob599_hw2_msgs/action
[10.366s] -- Up-to-date: /home/chelse/ros2_ws/install/rob599_hw2_msgs/include/rob599_hw2_msgs/rob599_hw2_msgs/action/detail
[10.366s] -- Installing: /home/chelse/ros2_ws/install/rob599_hw2_msgs/include/rob599_hw2_msgs/rob599_hw2_msgs/action/detail/launch_rocket__rosidl_typesupport_fastrtps_c.h
[10.366s] -- Up-to-date: /home/chelse/ros2_ws/install/rob599_hw2_msgs/include/rob599_hw2_msgs/rob599_hw2_msgs/msg
[10.366s] -- Up-to-date: /home/chelse/ros2_ws/install/rob599_hw2_msgs/include/rob599_hw2_msgs/rob599_hw2_msgs/msg/rosidl_typesupport_fastrtps_c__visibility_control.h
[10.367s] -- Up-to-date: /home/chelse/ros2_ws/install/rob599_hw2_msgs/include/rob599_hw2_msgs/rob599_hw2_msgs/srv
[10.367s] -- Up-to-date: /home/chelse/ros2_ws/install/rob599_hw2_msgs/include/rob599_hw2_msgs/rob599_hw2_msgs/srv/detail
[10.367s] -- Installing: /home/chelse/ros2_ws/install/rob599_hw2_msgs/include/rob599_hw2_msgs/rob599_hw2_msgs/srv/detail/clear_positions__rosidl_typesupport_fastrtps_c.h
[10.367s] -- Installing: /home/chelse/ros2_ws/install/rob599_hw2_msgs/include/rob599_hw2_msgs/rob599_hw2_msgs/srv/detail/apply_brakes__rosidl_typesupport_fastrtps_c.h
[10.367s] -- Installing: /home/chelse/ros2_ws/install/rob599_hw2_msgs/include/rob599_hw2_msgs/rob599_hw2_msgs/srv/detail/memorize_position__rosidl_typesupport_fastrtps_c.h
[10.367s] -- Installing: /home/chelse/ros2_ws/install/rob599_hw2_msgs/lib/librob599_hw2_msgs__rosidl_typesupport_fastrtps_c.so
[10.369s] -- Set runtime path of "/home/chelse/ros2_ws/install/rob599_hw2_msgs/lib/librob599_hw2_msgs__rosidl_typesupport_fastrtps_c.so" to ""
[10.369s] -- Up-to-date: /home/chelse/ros2_ws/install/rob599_hw2_msgs/include/rob599_hw2_msgs/rob599_hw2_msgs
[10.369s] -- Up-to-date: /home/chelse/ros2_ws/install/rob599_hw2_msgs/include/rob599_hw2_msgs/rob599_hw2_msgs/action
[10.370s] -- Up-to-date: /home/chelse/ros2_ws/install/rob599_hw2_msgs/include/rob599_hw2_msgs/rob599_hw2_msgs/action/detail
[10.370s] -- Installing: /home/chelse/ros2_ws/install/rob599_hw2_msgs/include/rob599_hw2_msgs/rob599_hw2_msgs/action/detail/launch_rocket__type_support.c
[10.370s] -- Installing: /home/chelse/ros2_ws/install/rob599_hw2_msgs/include/rob599_hw2_msgs/rob599_hw2_msgs/action/detail/launch_rocket__rosidl_typesupport_introspection_c.h
[10.370s] -- Up-to-date: /home/chelse/ros2_ws/install/rob599_hw2_msgs/include/rob599_hw2_msgs/rob599_hw2_msgs/msg
[10.371s] -- Up-to-date: /home/chelse/ros2_ws/install/rob599_hw2_msgs/include/rob599_hw2_msgs/rob599_hw2_msgs/msg/rosidl_typesupport_introspection_c__visibility_control.h
[10.371s] -- Up-to-date: /home/chelse/ros2_ws/install/rob599_hw2_msgs/include/rob599_hw2_msgs/rob599_hw2_msgs/srv
[10.371s] -- Up-to-date: /home/chelse/ros2_ws/install/rob599_hw2_msgs/include/rob599_hw2_msgs/rob599_hw2_msgs/srv/detail
[10.371s] -- Installing: /home/chelse/ros2_ws/install/rob599_hw2_msgs/include/rob599_hw2_msgs/rob599_hw2_msgs/srv/detail/clear_positions__type_support.c
[10.371s] -- Installing: /home/chelse/ros2_ws/install/rob599_hw2_msgs/include/rob599_hw2_msgs/rob599_hw2_msgs/srv/detail/memorize_position__type_support.c
[10.372s] -- Installing: /home/chelse/ros2_ws/install/rob599_hw2_msgs/include/rob599_hw2_msgs/rob599_hw2_msgs/srv/detail/clear_positions__rosidl_typesupport_introspection_c.h
[10.372s] -- Installing: /home/chelse/ros2_ws/install/rob599_hw2_msgs/include/rob599_hw2_msgs/rob599_hw2_msgs/srv/detail/memorize_position__rosidl_typesupport_introspection_c.h
[10.372s] -- Installing: /home/chelse/ros2_ws/install/rob599_hw2_msgs/include/rob599_hw2_msgs/rob599_hw2_msgs/srv/detail/apply_brakes__rosidl_typesupport_introspection_c.h
[10.373s] -- Installing: /home/chelse/ros2_ws/install/rob599_hw2_msgs/include/rob599_hw2_msgs/rob599_hw2_msgs/srv/detail/apply_brakes__type_support.c
[10.374s] -- Installing: /home/chelse/ros2_ws/install/rob599_hw2_msgs/lib/librob599_hw2_msgs__rosidl_typesupport_introspection_c.so
[10.374s] -- Set runtime path of "/home/chelse/ros2_ws/install/rob599_hw2_msgs/lib/librob599_hw2_msgs__rosidl_typesupport_introspection_c.so" to ""
[10.375s] -- Installing: /home/chelse/ros2_ws/install/rob599_hw2_msgs/lib/librob599_hw2_msgs__rosidl_typesupport_c.so
[10.376s] -- Set runtime path of "/home/chelse/ros2_ws/install/rob599_hw2_msgs/lib/librob599_hw2_msgs__rosidl_typesupport_c.so" to ""
[10.377s] -- Up-to-date: /home/chelse/ros2_ws/install/rob599_hw2_msgs/include/rob599_hw2_msgs/rob599_hw2_msgs
[10.377s] -- Up-to-date: /home/chelse/ros2_ws/install/rob599_hw2_msgs/include/rob599_hw2_msgs/rob599_hw2_msgs/action
[10.377s] -- Up-to-date: /home/chelse/ros2_ws/install/rob599_hw2_msgs/include/rob599_hw2_msgs/rob599_hw2_msgs/action/detail
[10.377s] -- Installing: /home/chelse/ros2_ws/install/rob599_hw2_msgs/include/rob599_hw2_msgs/rob599_hw2_msgs/action/detail/launch_rocket__traits.hpp
[10.377s] -- Installing: /home/chelse/ros2_ws/install/rob599_hw2_msgs/include/rob599_hw2_msgs/rob599_hw2_msgs/action/detail/launch_rocket__builder.hpp
[10.378s] -- Installing: /home/chelse/ros2_ws/install/rob599_hw2_msgs/include/rob599_hw2_msgs/rob599_hw2_msgs/action/detail/launch_rocket__struct.hpp
[10.378s] -- Installing: /home/chelse/ros2_ws/install/rob599_hw2_msgs/include/rob599_hw2_msgs/rob599_hw2_msgs/action/launch_rocket.hpp
[10.378s] -- Up-to-date: /home/chelse/ros2_ws/install/rob599_hw2_msgs/include/rob599_hw2_msgs/rob599_hw2_msgs/srv
[10.378s] -- Installing: /home/chelse/ros2_ws/install/rob599_hw2_msgs/include/rob599_hw2_msgs/rob599_hw2_msgs/srv/memorize_position.hpp
[10.379s] -- Installing: /home/chelse/ros2_ws/install/rob599_hw2_msgs/include/rob599_hw2_msgs/rob599_hw2_msgs/srv/clear_positions.hpp
[10.379s] -- Up-to-date: /home/chelse/ros2_ws/install/rob599_hw2_msgs/include/rob599_hw2_msgs/rob599_hw2_msgs/srv/detail
[10.379s] -- Installing: /home/chelse/ros2_ws/install/rob599_hw2_msgs/include/rob599_hw2_msgs/rob599_hw2_msgs/srv/detail/clear_positions__builder.hpp
[10.379s] -- Installing: /home/chelse/ros2_ws/install/rob599_hw2_msgs/include/rob599_hw2_msgs/rob599_hw2_msgs/srv/detail/apply_brakes__struct.hpp
[10.380s] -- Installing: /home/chelse/ros2_ws/install/rob599_hw2_msgs/include/rob599_hw2_msgs/rob599_hw2_msgs/srv/detail/apply_brakes__traits.hpp
[10.380s] -- Installing: /home/chelse/ros2_ws/install/rob599_hw2_msgs/include/rob599_hw2_msgs/rob599_hw2_msgs/srv/detail/clear_positions__struct.hpp
[10.380s] -- Installing: /home/chelse/ros2_ws/install/rob599_hw2_msgs/include/rob599_hw2_msgs/rob599_hw2_msgs/srv/detail/apply_brakes__builder.hpp
[10.381s] -- Installing: /home/chelse/ros2_ws/install/rob599_hw2_msgs/include/rob599_hw2_msgs/rob599_hw2_msgs/srv/detail/memorize_position__builder.hpp
[10.381s] -- Installing: /home/chelse/ros2_ws/install/rob599_hw2_msgs/include/rob599_hw2_msgs/rob599_hw2_msgs/srv/detail/memorize_position__traits.hpp
[10.381s] -- Installing: /home/chelse/ros2_ws/install/rob599_hw2_msgs/include/rob599_hw2_msgs/rob599_hw2_msgs/srv/detail/clear_positions__traits.hpp
[10.382s] -- Installing: /home/chelse/ros2_ws/install/rob599_hw2_msgs/include/rob599_hw2_msgs/rob599_hw2_msgs/srv/detail/memorize_position__struct.hpp
[10.382s] -- Installing: /home/chelse/ros2_ws/install/rob599_hw2_msgs/include/rob599_hw2_msgs/rob599_hw2_msgs/srv/apply_brakes.hpp
[10.383s] -- Up-to-date: /home/chelse/ros2_ws/install/rob599_hw2_msgs/include/rob599_hw2_msgs/rob599_hw2_msgs
[10.383s] -- Up-to-date: /home/chelse/ros2_ws/install/rob599_hw2_msgs/include/rob599_hw2_msgs/rob599_hw2_msgs/action
[10.384s] -- Up-to-date: /home/chelse/ros2_ws/install/rob599_hw2_msgs/include/rob599_hw2_msgs/rob599_hw2_msgs/action/detail
[10.384s] -- Up-to-date: /home/chelse/ros2_ws/install/rob599_hw2_msgs/include/rob599_hw2_msgs/rob599_hw2_msgs/action/detail/dds_fastrtps
[10.384s] -- Installing: /home/chelse/ros2_ws/install/rob599_hw2_msgs/include/rob599_hw2_msgs/rob599_hw2_msgs/action/detail/launch_rocket__rosidl_typesupport_fastrtps_cpp.hpp
[10.385s] -- Up-to-date: /home/chelse/ros2_ws/install/rob599_hw2_msgs/include/rob599_hw2_msgs/rob599_hw2_msgs/msg
[10.385s] -- Up-to-date: /home/chelse/ros2_ws/install/rob599_hw2_msgs/include/rob599_hw2_msgs/rob599_hw2_msgs/msg/rosidl_typesupport_fastrtps_cpp__visibility_control.h
[10.385s] -- Up-to-date: /home/chelse/ros2_ws/install/rob599_hw2_msgs/include/rob599_hw2_msgs/rob599_hw2_msgs/srv
[10.385s] -- Up-to-date: /home/chelse/ros2_ws/install/rob599_hw2_msgs/include/rob599_hw2_msgs/rob599_hw2_msgs/srv/detail
[10.385s] -- Installing: /home/chelse/ros2_ws/install/rob599_hw2_msgs/include/rob599_hw2_msgs/rob599_hw2_msgs/srv/detail/memorize_position__rosidl_typesupport_fastrtps_cpp.hpp
[10.385s] -- Installing: /home/chelse/ros2_ws/install/rob599_hw2_msgs/include/rob599_hw2_msgs/rob599_hw2_msgs/srv/detail/apply_brakes__rosidl_typesupport_fastrtps_cpp.hpp
[10.386s] -- Installing: /home/chelse/ros2_ws/install/rob599_hw2_msgs/include/rob599_hw2_msgs/rob599_hw2_msgs/srv/detail/clear_positions__rosidl_typesupport_fastrtps_cpp.hpp
[10.386s] -- Up-to-date: /home/chelse/ros2_ws/install/rob599_hw2_msgs/include/rob599_hw2_msgs/rob599_hw2_msgs/srv/detail/dds_fastrtps
[10.386s] -- Installing: /home/chelse/ros2_ws/install/rob599_hw2_msgs/lib/librob599_hw2_msgs__rosidl_typesupport_fastrtps_cpp.so
[10.387s] -- Set runtime path of "/home/chelse/ros2_ws/install/rob599_hw2_msgs/lib/librob599_hw2_msgs__rosidl_typesupport_fastrtps_cpp.so" to ""
[10.388s] -- Up-to-date: /home/chelse/ros2_ws/install/rob599_hw2_msgs/include/rob599_hw2_msgs/rob599_hw2_msgs
[10.388s] -- Up-to-date: /home/chelse/ros2_ws/install/rob599_hw2_msgs/include/rob599_hw2_msgs/rob599_hw2_msgs/action
[10.388s] -- Up-to-date: /home/chelse/ros2_ws/install/rob599_hw2_msgs/include/rob599_hw2_msgs/rob599_hw2_msgs/action/detail
[10.388s] -- Installing: /home/chelse/ros2_ws/install/rob599_hw2_msgs/include/rob599_hw2_msgs/rob599_hw2_msgs/action/detail/launch_rocket__type_support.cpp
[10.388s] -- Installing: /home/chelse/ros2_ws/install/rob599_hw2_msgs/include/rob599_hw2_msgs/rob599_hw2_msgs/action/detail/launch_rocket__rosidl_typesupport_introspection_cpp.hpp
[10.389s] -- Up-to-date: /home/chelse/ros2_ws/install/rob599_hw2_msgs/include/rob599_hw2_msgs/rob599_hw2_msgs/srv
[10.389s] -- Up-to-date: /home/chelse/ros2_ws/install/rob599_hw2_msgs/include/rob599_hw2_msgs/rob599_hw2_msgs/srv/detail
[10.390s] -- Installing: /home/chelse/ros2_ws/install/rob599_hw2_msgs/include/rob599_hw2_msgs/rob599_hw2_msgs/srv/detail/clear_positions__rosidl_typesupport_introspection_cpp.hpp
[10.390s] -- Installing: /home/chelse/ros2_ws/install/rob599_hw2_msgs/include/rob599_hw2_msgs/rob599_hw2_msgs/srv/detail/apply_brakes__rosidl_typesupport_introspection_cpp.hpp
[10.390s] -- Installing: /home/chelse/ros2_ws/install/rob599_hw2_msgs/include/rob599_hw2_msgs/rob599_hw2_msgs/srv/detail/clear_positions__type_support.cpp
[10.390s] -- Installing: /home/chelse/ros2_ws/install/rob599_hw2_msgs/include/rob599_hw2_msgs/rob599_hw2_msgs/srv/detail/memorize_position__type_support.cpp
[10.390s] -- Installing: /home/chelse/ros2_ws/install/rob599_hw2_msgs/include/rob599_hw2_msgs/rob599_hw2_msgs/srv/detail/memorize_position__rosidl_typesupport_introspection_cpp.hpp
[10.391s] -- Installing: /home/chelse/ros2_ws/install/rob599_hw2_msgs/include/rob599_hw2_msgs/rob599_hw2_msgs/srv/detail/apply_brakes__type_support.cpp
[10.391s] -- Installing: /home/chelse/ros2_ws/install/rob599_hw2_msgs/lib/librob599_hw2_msgs__rosidl_typesupport_introspection_cpp.so
[10.392s] -- Set runtime path of "/home/chelse/ros2_ws/install/rob599_hw2_msgs/lib/librob599_hw2_msgs__rosidl_typesupport_introspection_cpp.so" to ""
[10.393s] -- Installing: /home/chelse/ros2_ws/install/rob599_hw2_msgs/lib/librob599_hw2_msgs__rosidl_typesupport_cpp.so
[10.394s] -- Set runtime path of "/home/chelse/ros2_ws/install/rob599_hw2_msgs/lib/librob599_hw2_msgs__rosidl_typesupport_cpp.so" to ""
[10.394s] -- Up-to-date: /home/chelse/ros2_ws/install/rob599_hw2_msgs/share/rob599_hw2_msgs/environment/pythonpath.sh
[10.394s] -- Installing: /home/chelse/ros2_ws/install/rob599_hw2_msgs/share/rob599_hw2_msgs/environment/pythonpath.dsv
[10.395s] -- Up-to-date: /home/chelse/ros2_ws/install/rob599_hw2_msgs/local/lib/python3.10/dist-packages/rob599_hw2_msgs-0.0.0-py3.10.egg-info
[10.395s] -- Installing: /home/chelse/ros2_ws/install/rob599_hw2_msgs/local/lib/python3.10/dist-packages/rob599_hw2_msgs-0.0.0-py3.10.egg-info/SOURCES.txt
[10.395s] -- Installing: /home/chelse/ros2_ws/install/rob599_hw2_msgs/local/lib/python3.10/dist-packages/rob599_hw2_msgs-0.0.0-py3.10.egg-info/PKG-INFO
[10.395s] -- Installing: /home/chelse/ros2_ws/install/rob599_hw2_msgs/local/lib/python3.10/dist-packages/rob599_hw2_msgs-0.0.0-py3.10.egg-info/top_level.txt
[10.396s] -- Installing: /home/chelse/ros2_ws/install/rob599_hw2_msgs/local/lib/python3.10/dist-packages/rob599_hw2_msgs-0.0.0-py3.10.egg-info/dependency_links.txt
[10.396s] -- Up-to-date: /home/chelse/ros2_ws/install/rob599_hw2_msgs/local/lib/python3.10/dist-packages/rob599_hw2_msgs
[10.396s] -- Installing: /home/chelse/ros2_ws/install/rob599_hw2_msgs/local/lib/python3.10/dist-packages/rob599_hw2_msgs/rob599_hw2_msgs_s__rosidl_typesupport_c.cpython-310-x86_64-linux-gnu.so
[10.397s] -- Up-to-date: /home/chelse/ros2_ws/install/rob599_hw2_msgs/local/lib/python3.10/dist-packages/rob599_hw2_msgs/action
[10.397s] -- Installing: /home/chelse/ros2_ws/install/rob599_hw2_msgs/local/lib/python3.10/dist-packages/rob599_hw2_msgs/action/__init__.py
[10.397s] -- Installing: /home/chelse/ros2_ws/install/rob599_hw2_msgs/local/lib/python3.10/dist-packages/rob599_hw2_msgs/action/_launch_rocket.py
[10.398s] -- Installing: /home/chelse/ros2_ws/install/rob599_hw2_msgs/local/lib/python3.10/dist-packages/rob599_hw2_msgs/action/_launch_rocket_s.c
[10.398s] -- Installing: /home/chelse/ros2_ws/install/rob599_hw2_msgs/local/lib/python3.10/dist-packages/rob599_hw2_msgs/_rob599_hw2_msgs_s.ep.rosidl_typesupport_introspection_c.c
[10.399s] -- Installing: /home/chelse/ros2_ws/install/rob599_hw2_msgs/local/lib/python3.10/dist-packages/rob599_hw2_msgs/__init__.py
[10.399s] -- Installing: /home/chelse/ros2_ws/install/rob599_hw2_msgs/local/lib/python3.10/dist-packages/rob599_hw2_msgs/rob599_hw2_msgs_s__rosidl_typesupport_introspection_c.cpython-310-x86_64-linux-gnu.so
[10.399s] -- Installing: /home/chelse/ros2_ws/install/rob599_hw2_msgs/local/lib/python3.10/dist-packages/rob599_hw2_msgs/librob599_hw2_msgs__rosidl_generator_py.so
[10.400s] -- Installing: /home/chelse/ros2_ws/install/rob599_hw2_msgs/local/lib/python3.10/dist-packages/rob599_hw2_msgs/_rob599_hw2_msgs_s.ep.rosidl_typesupport_fastrtps_c.c
[10.401s] -- Installing: /home/chelse/ros2_ws/install/rob599_hw2_msgs/local/lib/python3.10/dist-packages/rob599_hw2_msgs/rob599_hw2_msgs_s__rosidl_typesupport_fastrtps_c.cpython-310-x86_64-linux-gnu.so
[10.401s] -- Up-to-date: /home/chelse/ros2_ws/install/rob599_hw2_msgs/local/lib/python3.10/dist-packages/rob599_hw2_msgs/srv
[10.402s] -- Installing: /home/chelse/ros2_ws/install/rob599_hw2_msgs/local/lib/python3.10/dist-packages/rob599_hw2_msgs/srv/_clear_positions.py
[10.402s] -- Installing: /home/chelse/ros2_ws/install/rob599_hw2_msgs/local/lib/python3.10/dist-packages/rob599_hw2_msgs/srv/_apply_brakes_s.c
[10.402s] -- Installing: /home/chelse/ros2_ws/install/rob599_hw2_msgs/local/lib/python3.10/dist-packages/rob599_hw2_msgs/srv/__init__.py
[10.402s] -- Installing: /home/chelse/ros2_ws/install/rob599_hw2_msgs/local/lib/python3.10/dist-packages/rob599_hw2_msgs/srv/_memorize_position.py
[10.403s] -- Installing: /home/chelse/ros2_ws/install/rob599_hw2_msgs/local/lib/python3.10/dist-packages/rob599_hw2_msgs/srv/_clear_positions_s.c
[10.403s] -- Installing: /home/chelse/ros2_ws/install/rob599_hw2_msgs/local/lib/python3.10/dist-packages/rob599_hw2_msgs/srv/_memorize_position_s.c
[10.403s] -- Installing: /home/chelse/ros2_ws/install/rob599_hw2_msgs/local/lib/python3.10/dist-packages/rob599_hw2_msgs/srv/_apply_brakes.py
[10.404s] -- Installing: /home/chelse/ros2_ws/install/rob599_hw2_msgs/local/lib/python3.10/dist-packages/rob599_hw2_msgs/_rob599_hw2_msgs_s.ep.rosidl_typesupport_c.c
[10.472s] Listing '/home/chelse/ros2_ws/install/rob599_hw2_msgs/local/lib/python3.10/dist-packages/rob599_hw2_msgs'...
[10.472s] Compiling '/home/chelse/ros2_ws/install/rob599_hw2_msgs/local/lib/python3.10/dist-packages/rob599_hw2_msgs/__init__.py'...
[10.473s] Listing '/home/chelse/ros2_ws/install/rob599_hw2_msgs/local/lib/python3.10/dist-packages/rob599_hw2_msgs/action'...
[10.473s] Compiling '/home/chelse/ros2_ws/install/rob599_hw2_msgs/local/lib/python3.10/dist-packages/rob599_hw2_msgs/action/__init__.py'...
[10.473s] Compiling '/home/chelse/ros2_ws/install/rob599_hw2_msgs/local/lib/python3.10/dist-packages/rob599_hw2_msgs/action/_launch_rocket.py'...
[10.473s] Listing '/home/chelse/ros2_ws/install/rob599_hw2_msgs/local/lib/python3.10/dist-packages/rob599_hw2_msgs/srv'...
[10.473s] Compiling '/home/chelse/ros2_ws/install/rob599_hw2_msgs/local/lib/python3.10/dist-packages/rob599_hw2_msgs/srv/__init__.py'...
[10.473s] Compiling '/home/chelse/ros2_ws/install/rob599_hw2_msgs/local/lib/python3.10/dist-packages/rob599_hw2_msgs/srv/_apply_brakes.py'...
[10.473s] Compiling '/home/chelse/ros2_ws/install/rob599_hw2_msgs/local/lib/python3.10/dist-packages/rob599_hw2_msgs/srv/_clear_positions.py'...
[10.473s] Compiling '/home/chelse/ros2_ws/install/rob599_hw2_msgs/local/lib/python3.10/dist-packages/rob599_hw2_msgs/srv/_memorize_position.py'...
[10.479s] -- Installing: /home/chelse/ros2_ws/install/rob599_hw2_msgs/local/lib/python3.10/dist-packages/rob599_hw2_msgs/rob599_hw2_msgs_s__rosidl_typesupport_fastrtps_c.cpython-310-x86_64-linux-gnu.so
[10.480s] -- Set runtime path of "/home/chelse/ros2_ws/install/rob599_hw2_msgs/local/lib/python3.10/dist-packages/rob599_hw2_msgs/rob599_hw2_msgs_s__rosidl_typesupport_fastrtps_c.cpython-310-x86_64-linux-gnu.so" to ""
[10.481s] -- Installing: /home/chelse/ros2_ws/install/rob599_hw2_msgs/local/lib/python3.10/dist-packages/rob599_hw2_msgs/rob599_hw2_msgs_s__rosidl_typesupport_introspection_c.cpython-310-x86_64-linux-gnu.so
[10.482s] -- Set runtime path of "/home/chelse/ros2_ws/install/rob599_hw2_msgs/local/lib/python3.10/dist-packages/rob599_hw2_msgs/rob599_hw2_msgs_s__rosidl_typesupport_introspection_c.cpython-310-x86_64-linux-gnu.so" to ""
[10.482s] -- Installing: /home/chelse/ros2_ws/install/rob599_hw2_msgs/local/lib/python3.10/dist-packages/rob599_hw2_msgs/rob599_hw2_msgs_s__rosidl_typesupport_c.cpython-310-x86_64-linux-gnu.so
[10.483s] -- Set runtime path of "/home/chelse/ros2_ws/install/rob599_hw2_msgs/local/lib/python3.10/dist-packages/rob599_hw2_msgs/rob599_hw2_msgs_s__rosidl_typesupport_c.cpython-310-x86_64-linux-gnu.so" to ""
[10.484s] -- Installing: /home/chelse/ros2_ws/install/rob599_hw2_msgs/lib/librob599_hw2_msgs__rosidl_generator_py.so
[10.485s] -- Set runtime path of "/home/chelse/ros2_ws/install/rob599_hw2_msgs/lib/librob599_hw2_msgs__rosidl_generator_py.so" to ""
[10.485s] -- Up-to-date: /home/chelse/ros2_ws/install/rob599_hw2_msgs/share/rob599_hw2_msgs/srv/ApplyBrakes.idl
[10.486s] -- Installing: /home/chelse/ros2_ws/install/rob599_hw2_msgs/share/rob599_hw2_msgs/srv/MemorizePosition.idl
[10.486s] -- Installing: /home/chelse/ros2_ws/install/rob599_hw2_msgs/share/rob599_hw2_msgs/srv/ClearPositions.idl
[10.486s] -- Up-to-date: /home/chelse/ros2_ws/install/rob599_hw2_msgs/share/rob599_hw2_msgs/action/LaunchRocket.idl
[10.487s] -- Up-to-date: /home/chelse/ros2_ws/install/rob599_hw2_msgs/share/rob599_hw2_msgs/srv/ApplyBrakes.srv
[10.487s] -- Up-to-date: /home/chelse/ros2_ws/install/rob599_hw2_msgs/share/rob599_hw2_msgs/srv/ApplyBrakes_Request.msg
[10.487s] -- Up-to-date: /home/chelse/ros2_ws/install/rob599_hw2_msgs/share/rob599_hw2_msgs/srv/ApplyBrakes_Response.msg
[10.487s] -- Installing: /home/chelse/ros2_ws/install/rob599_hw2_msgs/share/rob599_hw2_msgs/srv/MemorizePosition.srv
[10.487s] -- Installing: /home/chelse/ros2_ws/install/rob599_hw2_msgs/share/rob599_hw2_msgs/srv/MemorizePosition_Request.msg
[10.487s] -- Installing: /home/chelse/ros2_ws/install/rob599_hw2_msgs/share/rob599_hw2_msgs/srv/MemorizePosition_Response.msg
[10.487s] -- Installing: /home/chelse/ros2_ws/install/rob599_hw2_msgs/share/rob599_hw2_msgs/srv/ClearPositions.srv
[10.488s] -- Installing: /home/chelse/ros2_ws/install/rob599_hw2_msgs/share/rob599_hw2_msgs/srv/ClearPositions_Request.msg
[10.488s] -- Installing: /home/chelse/ros2_ws/install/rob599_hw2_msgs/share/rob599_hw2_msgs/srv/ClearPositions_Response.msg
[10.488s] -- Up-to-date: /home/chelse/ros2_ws/install/rob599_hw2_msgs/share/rob599_hw2_msgs/action/LaunchRocket.action
[10.488s] -- Up-to-date: /home/chelse/ros2_ws/install/rob599_hw2_msgs/share/ament_index/resource_index/package_run_dependencies/rob599_hw2_msgs
[10.489s] -- Installing: /home/chelse/ros2_ws/install/rob599_hw2_msgs/share/ament_index/resource_index/parent_prefix_path/rob599_hw2_msgs
[10.489s] -- Up-to-date: /home/chelse/ros2_ws/install/rob599_hw2_msgs/share/rob599_hw2_msgs/environment/ament_prefix_path.sh
[10.489s] -- Installing: /home/chelse/ros2_ws/install/rob599_hw2_msgs/share/rob599_hw2_msgs/environment/ament_prefix_path.dsv
[10.489s] -- Up-to-date: /home/chelse/ros2_ws/install/rob599_hw2_msgs/share/rob599_hw2_msgs/environment/path.sh
[10.489s] -- Installing: /home/chelse/ros2_ws/install/rob599_hw2_msgs/share/rob599_hw2_msgs/environment/path.dsv
[10.490s] -- Up-to-date: /home/chelse/ros2_ws/install/rob599_hw2_msgs/share/rob599_hw2_msgs/local_setup.bash
[10.490s] -- Up-to-date: /home/chelse/ros2_ws/install/rob599_hw2_msgs/share/rob599_hw2_msgs/local_setup.sh
[10.490s] -- Up-to-date: /home/chelse/ros2_ws/install/rob599_hw2_msgs/share/rob599_hw2_msgs/local_setup.zsh
[10.490s] -- Installing: /home/chelse/ros2_ws/install/rob599_hw2_msgs/share/rob599_hw2_msgs/local_setup.dsv
[10.490s] -- Installing: /home/chelse/ros2_ws/install/rob599_hw2_msgs/share/rob599_hw2_msgs/package.dsv
[10.491s] -- Up-to-date: /home/chelse/ros2_ws/install/rob599_hw2_msgs/share/ament_index/resource_index/packages/rob599_hw2_msgs
[10.491s] -- Up-to-date: /home/chelse/ros2_ws/install/rob599_hw2_msgs/share/rob599_hw2_msgs/cmake/export_rob599_hw2_msgs__rosidl_generator_cExport.cmake
[10.491s] -- Up-to-date: /home/chelse/ros2_ws/install/rob599_hw2_msgs/share/rob599_hw2_msgs/cmake/export_rob599_hw2_msgs__rosidl_generator_cExport-noconfig.cmake
[10.491s] -- Up-to-date: /home/chelse/ros2_ws/install/rob599_hw2_msgs/share/rob599_hw2_msgs/cmake/export_rob599_hw2_msgs__rosidl_typesupport_fastrtps_cExport.cmake
[10.491s] -- Up-to-date: /home/chelse/ros2_ws/install/rob599_hw2_msgs/share/rob599_hw2_msgs/cmake/export_rob599_hw2_msgs__rosidl_typesupport_fastrtps_cExport-noconfig.cmake
[10.492s] -- Up-to-date: /home/chelse/ros2_ws/install/rob599_hw2_msgs/share/rob599_hw2_msgs/cmake/rob599_hw2_msgs__rosidl_typesupport_introspection_cExport.cmake
[10.492s] -- Up-to-date: /home/chelse/ros2_ws/install/rob599_hw2_msgs/share/rob599_hw2_msgs/cmake/rob599_hw2_msgs__rosidl_typesupport_introspection_cExport-noconfig.cmake
[10.492s] -- Up-to-date: /home/chelse/ros2_ws/install/rob599_hw2_msgs/share/rob599_hw2_msgs/cmake/rob599_hw2_msgs__rosidl_typesupport_cExport.cmake
[10.492s] -- Up-to-date: /home/chelse/ros2_ws/install/rob599_hw2_msgs/share/rob599_hw2_msgs/cmake/rob599_hw2_msgs__rosidl_typesupport_cExport-noconfig.cmake
[10.492s] -- Up-to-date: /home/chelse/ros2_ws/install/rob599_hw2_msgs/share/rob599_hw2_msgs/cmake/export_rob599_hw2_msgs__rosidl_generator_cppExport.cmake
[10.493s] -- Up-to-date: /home/chelse/ros2_ws/install/rob599_hw2_msgs/share/rob599_hw2_msgs/cmake/export_rob599_hw2_msgs__rosidl_typesupport_fastrtps_cppExport.cmake
[10.493s] -- Up-to-date: /home/chelse/ros2_ws/install/rob599_hw2_msgs/share/rob599_hw2_msgs/cmake/export_rob599_hw2_msgs__rosidl_typesupport_fastrtps_cppExport-noconfig.cmake
[10.493s] -- Up-to-date: /home/chelse/ros2_ws/install/rob599_hw2_msgs/share/rob599_hw2_msgs/cmake/rob599_hw2_msgs__rosidl_typesupport_introspection_cppExport.cmake
[10.493s] -- Up-to-date: /home/chelse/ros2_ws/install/rob599_hw2_msgs/share/rob599_hw2_msgs/cmake/rob599_hw2_msgs__rosidl_typesupport_introspection_cppExport-noconfig.cmake
[10.493s] -- Up-to-date: /home/chelse/ros2_ws/install/rob599_hw2_msgs/share/rob599_hw2_msgs/cmake/rob599_hw2_msgs__rosidl_typesupport_cppExport.cmake
[10.494s] -- Up-to-date: /home/chelse/ros2_ws/install/rob599_hw2_msgs/share/rob599_hw2_msgs/cmake/rob599_hw2_msgs__rosidl_typesupport_cppExport-noconfig.cmake
[10.494s] -- Up-to-date: /home/chelse/ros2_ws/install/rob599_hw2_msgs/share/rob599_hw2_msgs/cmake/export_rob599_hw2_msgs__rosidl_generator_pyExport.cmake
[10.494s] -- Up-to-date: /home/chelse/ros2_ws/install/rob599_hw2_msgs/share/rob599_hw2_msgs/cmake/export_rob599_hw2_msgs__rosidl_generator_pyExport-noconfig.cmake
[10.494s] -- Installing: /home/chelse/ros2_ws/install/rob599_hw2_msgs/share/rob599_hw2_msgs/cmake/rosidl_cmake-extras.cmake
[10.494s] -- Up-to-date: /home/chelse/ros2_ws/install/rob599_hw2_msgs/share/rob599_hw2_msgs/cmake/ament_cmake_export_dependencies-extras.cmake
[10.494s] -- Up-to-date: /home/chelse/ros2_ws/install/rob599_hw2_msgs/share/rob599_hw2_msgs/cmake/ament_cmake_export_include_directories-extras.cmake
[10.495s] -- Up-to-date: /home/chelse/ros2_ws/install/rob599_hw2_msgs/share/rob599_hw2_msgs/cmake/ament_cmake_export_libraries-extras.cmake
[10.495s] -- Up-to-date: /home/chelse/ros2_ws/install/rob599_hw2_msgs/share/rob599_hw2_msgs/cmake/ament_cmake_export_targets-extras.cmake
[10.495s] -- Up-to-date: /home/chelse/ros2_ws/install/rob599_hw2_msgs/share/rob599_hw2_msgs/cmake/rosidl_cmake_export_typesupport_targets-extras.cmake
[10.495s] -- Up-to-date: /home/chelse/ros2_ws/install/rob599_hw2_msgs/share/rob599_hw2_msgs/cmake/rosidl_cmake_export_typesupport_libraries-extras.cmake
[10.495s] -- Up-to-date: /home/chelse/ros2_ws/install/rob599_hw2_msgs/share/rob599_hw2_msgs/cmake/rob599_hw2_msgsConfig.cmake
[10.495s] -- Up-to-date: /home/chelse/ros2_ws/install/rob599_hw2_msgs/share/rob599_hw2_msgs/cmake/rob599_hw2_msgsConfig-version.cmake
[10.495s] -- Up-to-date: /home/chelse/ros2_ws/install/rob599_hw2_msgs/share/rob599_hw2_msgs/package.xml
[10.499s] Invoked command in '/home/chelse/ros2_ws/build/rob599_hw2_msgs' returned '0': CMAKE_PREFIX_PATH=${CMAKE_PREFIX_PATH}:/home/chelse/ros2_ws/install/rob599_hw2:/home/chelse/ros2_ws/install/rob599_hw3:/opt/ros/humble /usr/bin/cmake --install /home/chelse/ros2_ws/build/rob599_hw2_msgs
