[1.928s] Invoking command in '/home/chelse/ros2_ws/src/rob599_hw3': PYTHONPATH=/home/chelse/ros2_ws/build/rob599_hw3/prefix_override:/home/chelse/ros2_ws/install/rob599_hw3/lib/python3.10/site-packages:${PYTHONPATH} /usr/bin/python3 setup.py egg_info --egg-base ../../build/rob599_hw3 build --build-base /home/chelse/ros2_ws/build/rob599_hw3/build install --record /home/chelse/ros2_ws/build/rob599_hw3/install.log --single-version-externally-managed
[2.425s] running egg_info
[2.426s] writing ../../build/rob599_hw3/rob599_hw3.egg-info/PKG-INFO
[2.426s] writing dependency_links to ../../build/rob599_hw3/rob599_hw3.egg-info/dependency_links.txt
[2.427s] writing entry points to ../../build/rob599_hw3/rob599_hw3.egg-info/entry_points.txt
[2.428s] writing requirements to ../../build/rob599_hw3/rob599_hw3.egg-info/requires.txt
[2.429s] writing top-level names to ../../build/rob599_hw3/rob599_hw3.egg-info/top_level.txt
[2.430s] reading manifest file '../../build/rob599_hw3/rob599_hw3.egg-info/SOURCES.txt'
[2.432s] writing manifest file '../../build/rob599_hw3/rob599_hw3.egg-info/SOURCES.txt'
[2.433s] running build
[2.433s] running build_py
[2.433s] running install
[2.433s] /usr/lib/python3/dist-packages/setuptools/command/install.py:34: SetuptoolsDeprecationWarning: setup.py install is deprecated. Use build and pip and other standards-based tools.
[2.434s]   warnings.warn(
[2.434s] running install_lib
[2.438s] running install_data
[2.442s] running install_egg_info
[2.444s] removing '/home/chelse/ros2_ws/install/rob599_hw3/lib/python3.10/site-packages/rob599_hw3-0.0.0-py3.10.egg-info' (and everything under it)
[2.444s] Copying ../../build/rob599_hw3/rob599_hw3.egg-info to /home/chelse/ros2_ws/install/rob599_hw3/lib/python3.10/site-packages/rob599_hw3-0.0.0-py3.10.egg-info
[2.446s] running install_scripts
[2.493s] Installing places script to /home/chelse/ros2_ws/install/rob599_hw3/lib/rob599_hw3
[2.494s] Installing places_client script to /home/chelse/ros2_ws/install/rob599_hw3/lib/rob599_hw3
[2.494s] writing list of installed files to '/home/chelse/ros2_ws/build/rob599_hw3/install.log'
[3.149s] Invoked command in '/home/chelse/ros2_ws/src/rob599_hw3' returned '0': PYTHONPATH=/home/chelse/ros2_ws/build/rob599_hw3/prefix_override:/home/chelse/ros2_ws/install/rob599_hw3/lib/python3.10/site-packages:${PYTHONPATH} /usr/bin/python3 setup.py egg_info --egg-base ../../build/rob599_hw3 build --build-base /home/chelse/ros2_ws/build/rob599_hw3/build install --record /home/chelse/ros2_ws/build/rob599_hw3/install.log --single-version-externally-managed
