[2.704s] DEBUG:colcon:Command line arguments: ['/home/chelse/.local/bin/colcon', 'build']
[2.705s] DEBUG:colcon:Parsed command line arguments: Namespace(log_base=None, log_level=None, verb_name='build', build_base='build', install_base='install', merge_install=False, symlink_install=False, test_result_base=None, continue_on_error=False, executor='parallel', parallel_workers=12, event_handlers=None, ignore_user_meta=False, metas=['./colcon.meta'], base_paths=['.'], packages_ignore=None, packages_ignore_regex=None, paths=None, packages_up_to=None, packages_up_to_regex=None, packages_above=None, packages_above_and_dependencies=None, packages_above_depth=None, packages_select_by_dep=None, packages_skip_by_dep=None, packages_skip_up_to=None, packages_select_build_failed=False, packages_skip_build_finished=False, packages_select_test_failures=False, packages_skip_test_passed=False, packages_select=None, packages_skip=None, packages_select_regex=None, packages_skip_regex=None, packages_start=None, packages_end=None, cmake_args=None, cmake_target=None, cmake_target_skip_unavailable=False, cmake_clean_cache=False, cmake_clean_first=False, cmake_force_configure=False, ament_cmake_args=None, catkin_cmake_args=None, catkin_skip_building_tests=False, verb_parser=<colcon_defaults.argument_parser.defaults.DefaultArgumentsDecorator object at 0x7fc59260f4c0>, verb_extension=<colcon_core.verb.build.BuildVerb object at 0x7fc59260c580>, main=<bound method BuildVerb.main of <colcon_core.verb.build.BuildVerb object at 0x7fc59260c580>>)
[2.834s] Level 1:colcon.colcon_core.package_discovery:discover_packages(colcon_meta) check parameters
[2.834s] Level 1:colcon.colcon_core.package_discovery:discover_packages(recursive) check parameters
[2.834s] Level 1:colcon.colcon_core.package_discovery:discover_packages(ignore) check parameters
[2.834s] Level 1:colcon.colcon_core.package_discovery:discover_packages(path) check parameters
[2.834s] Level 1:colcon.colcon_core.package_discovery:discover_packages(colcon_meta) discover
[2.834s] Level 1:colcon.colcon_core.package_discovery:discover_packages(recursive) discover
[2.835s] INFO:colcon.colcon_core.package_discovery:Crawling recursively for packages in '/home/chelse/ros2_ws'
[2.835s] Level 1:colcon.colcon_core.package_identification:_identify(.) by extensions ['ignore', 'ignore_ament_install']
[2.835s] Level 1:colcon.colcon_core.package_identification:_identify(.) by extension 'ignore'
[2.835s] Level 1:colcon.colcon_core.package_identification:_identify(.) by extension 'ignore_ament_install'
[2.835s] Level 1:colcon.colcon_core.package_identification:_identify(.) by extensions ['colcon_pkg']
[2.836s] Level 1:colcon.colcon_core.package_identification:_identify(.) by extension 'colcon_pkg'
[2.836s] Level 1:colcon.colcon_core.package_identification:_identify(.) by extensions ['colcon_meta']
[2.836s] Level 1:colcon.colcon_core.package_identification:_identify(.) by extension 'colcon_meta'
[2.836s] Level 1:colcon.colcon_core.package_identification:_identify(.) by extensions ['ros']
[2.836s] Level 1:colcon.colcon_core.package_identification:_identify(.) by extension 'ros'
[2.863s] Level 1:colcon.colcon_core.package_identification:_identify(.) by extensions ['cmake', 'python']
[2.863s] Level 1:colcon.colcon_core.package_identification:_identify(.) by extension 'cmake'
[2.863s] Level 1:colcon.colcon_core.package_identification:_identify(.) by extension 'python'
[2.863s] Level 1:colcon.colcon_core.package_identification:_identify(.) by extensions ['python_setup_py']
[2.863s] Level 1:colcon.colcon_core.package_identification:_identify(.) by extension 'python_setup_py'
[2.864s] Level 1:colcon.colcon_core.package_identification:_identify(build) by extensions ['ignore', 'ignore_ament_install']
[2.864s] Level 1:colcon.colcon_core.package_identification:_identify(build) by extension 'ignore'
[2.864s] Level 1:colcon.colcon_core.package_identification:_identify(build) ignored
[2.864s] Level 1:colcon.colcon_core.package_identification:_identify(install) by extensions ['ignore', 'ignore_ament_install']
[2.864s] Level 1:colcon.colcon_core.package_identification:_identify(install) by extension 'ignore'
[2.865s] Level 1:colcon.colcon_core.package_identification:_identify(install) ignored
[2.865s] Level 1:colcon.colcon_core.package_identification:_identify(log) by extensions ['ignore', 'ignore_ament_install']
[2.865s] Level 1:colcon.colcon_core.package_identification:_identify(log) by extension 'ignore'
[2.865s] Level 1:colcon.colcon_core.package_identification:_identify(log) ignored
[2.866s] Level 1:colcon.colcon_core.package_identification:_identify(src) by extensions ['ignore', 'ignore_ament_install']
[2.866s] Level 1:colcon.colcon_core.package_identification:_identify(src) by extension 'ignore'
[2.866s] Level 1:colcon.colcon_core.package_identification:_identify(src) by extension 'ignore_ament_install'
[2.866s] Level 1:colcon.colcon_core.package_identification:_identify(src) by extensions ['colcon_pkg']
[2.866s] Level 1:colcon.colcon_core.package_identification:_identify(src) by extension 'colcon_pkg'
[2.866s] Level 1:colcon.colcon_core.package_identification:_identify(src) by extensions ['colcon_meta']
[2.867s] Level 1:colcon.colcon_core.package_identification:_identify(src) by extension 'colcon_meta'
[2.867s] Level 1:colcon.colcon_core.package_identification:_identify(src) by extensions ['ros']
[2.867s] Level 1:colcon.colcon_core.package_identification:_identify(src) by extension 'ros'
[2.867s] Level 1:colcon.colcon_core.package_identification:_identify(src) by extensions ['cmake', 'python']
[2.867s] Level 1:colcon.colcon_core.package_identification:_identify(src) by extension 'cmake'
[2.867s] Level 1:colcon.colcon_core.package_identification:_identify(src) by extension 'python'
[2.867s] Level 1:colcon.colcon_core.package_identification:_identify(src) by extensions ['python_setup_py']
[2.867s] Level 1:colcon.colcon_core.package_identification:_identify(src) by extension 'python_setup_py'
[2.868s] Level 1:colcon.colcon_core.package_identification:_identify(src/build) by extensions ['ignore', 'ignore_ament_install']
[2.868s] Level 1:colcon.colcon_core.package_identification:_identify(src/build) by extension 'ignore'
[2.868s] Level 1:colcon.colcon_core.package_identification:_identify(src/build) ignored
[2.868s] Level 1:colcon.colcon_core.package_identification:_identify(src/install) by extensions ['ignore', 'ignore_ament_install']
[2.868s] Level 1:colcon.colcon_core.package_identification:_identify(src/install) by extension 'ignore'
[2.869s] Level 1:colcon.colcon_core.package_identification:_identify(src/install) ignored
[2.869s] Level 1:colcon.colcon_core.package_identification:_identify(src/log) by extensions ['ignore', 'ignore_ament_install']
[2.869s] Level 1:colcon.colcon_core.package_identification:_identify(src/log) by extension 'ignore'
[2.869s] Level 1:colcon.colcon_core.package_identification:_identify(src/log) ignored
[2.870s] Level 1:colcon.colcon_core.package_identification:_identify(src/rob599_hw2) by extensions ['ignore', 'ignore_ament_install']
[2.870s] Level 1:colcon.colcon_core.package_identification:_identify(src/rob599_hw2) by extension 'ignore'
[2.870s] Level 1:colcon.colcon_core.package_identification:_identify(src/rob599_hw2) by extension 'ignore_ament_install'
[2.870s] Level 1:colcon.colcon_core.package_identification:_identify(src/rob599_hw2) by extensions ['colcon_pkg']
[2.870s] Level 1:colcon.colcon_core.package_identification:_identify(src/rob599_hw2) by extension 'colcon_pkg'
[2.870s] Level 1:colcon.colcon_core.package_identification:_identify(src/rob599_hw2) by extensions ['colcon_meta']
[2.870s] Level 1:colcon.colcon_core.package_identification:_identify(src/rob599_hw2) by extension 'colcon_meta'
[2.871s] Level 1:colcon.colcon_core.package_identification:_identify(src/rob599_hw2) by extensions ['ros']
[2.871s] Level 1:colcon.colcon_core.package_identification:_identify(src/rob599_hw2) by extension 'ros'
[2.876s] DEBUG:colcon.colcon_core.package_identification:Package 'src/rob599_hw2' with type 'ros.ament_python' and name 'rob599_hw2'
[2.877s] Level 1:colcon.colcon_core.package_identification:_identify(src/rob599_hw2_msgs) by extensions ['ignore', 'ignore_ament_install']
[2.877s] Level 1:colcon.colcon_core.package_identification:_identify(src/rob599_hw2_msgs) by extension 'ignore'
[2.877s] Level 1:colcon.colcon_core.package_identification:_identify(src/rob599_hw2_msgs) by extension 'ignore_ament_install'
[2.877s] Level 1:colcon.colcon_core.package_identification:_identify(src/rob599_hw2_msgs) by extensions ['colcon_pkg']
[2.878s] Level 1:colcon.colcon_core.package_identification:_identify(src/rob599_hw2_msgs) by extension 'colcon_pkg'
[2.878s] Level 1:colcon.colcon_core.package_identification:_identify(src/rob599_hw2_msgs) by extensions ['colcon_meta']
[2.878s] Level 1:colcon.colcon_core.package_identification:_identify(src/rob599_hw2_msgs) by extension 'colcon_meta'
[2.878s] Level 1:colcon.colcon_core.package_identification:_identify(src/rob599_hw2_msgs) by extensions ['ros']
[2.878s] Level 1:colcon.colcon_core.package_identification:_identify(src/rob599_hw2_msgs) by extension 'ros'
[2.879s] DEBUG:colcon.colcon_core.package_identification:Package 'src/rob599_hw2_msgs' with type 'ros.ament_cmake' and name 'rob599_hw2_msgs'
[2.879s] Level 1:colcon.colcon_core.package_identification:_identify(src/rob599_hw3) by extensions ['ignore', 'ignore_ament_install']
[2.880s] Level 1:colcon.colcon_core.package_identification:_identify(src/rob599_hw3) by extension 'ignore'
[2.880s] Level 1:colcon.colcon_core.package_identification:_identify(src/rob599_hw3) by extension 'ignore_ament_install'
[2.880s] Level 1:colcon.colcon_core.package_identification:_identify(src/rob599_hw3) by extensions ['colcon_pkg']
[2.880s] Level 1:colcon.colcon_core.package_identification:_identify(src/rob599_hw3) by extension 'colcon_pkg'
[2.880s] Level 1:colcon.colcon_core.package_identification:_identify(src/rob599_hw3) by extensions ['colcon_meta']
[2.880s] Level 1:colcon.colcon_core.package_identification:_identify(src/rob599_hw3) by extension 'colcon_meta'
[2.880s] Level 1:colcon.colcon_core.package_identification:_identify(src/rob599_hw3) by extensions ['ros']
[2.880s] Level 1:colcon.colcon_core.package_identification:_identify(src/rob599_hw3) by extension 'ros'
[2.882s] DEBUG:colcon.colcon_core.package_identification:Package 'src/rob599_hw3' with type 'ros.ament_python' and name 'rob599_hw3'
[2.882s] Level 1:colcon.colcon_core.package_discovery:discover_packages(recursive) using defaults
[2.883s] Level 1:colcon.colcon_core.package_discovery:discover_packages(ignore) discover
[2.883s] Level 1:colcon.colcon_core.package_discovery:discover_packages(ignore) using defaults
[2.883s] Level 1:colcon.colcon_core.package_discovery:discover_packages(path) discover
[2.883s] Level 1:colcon.colcon_core.package_discovery:discover_packages(path) using defaults
[3.101s] Level 5:colcon.colcon_core.verb:set package 'rob599_hw2_msgs' build argument 'cmake_args' from command line to 'None'
[3.101s] Level 5:colcon.colcon_core.verb:set package 'rob599_hw2_msgs' build argument 'cmake_target' from command line to 'None'
[3.101s] Level 5:colcon.colcon_core.verb:set package 'rob599_hw2_msgs' build argument 'cmake_target_skip_unavailable' from command line to 'False'
[3.101s] Level 5:colcon.colcon_core.verb:set package 'rob599_hw2_msgs' build argument 'cmake_clean_cache' from command line to 'False'
[3.101s] Level 5:colcon.colcon_core.verb:set package 'rob599_hw2_msgs' build argument 'cmake_clean_first' from command line to 'False'
[3.101s] Level 5:colcon.colcon_core.verb:set package 'rob599_hw2_msgs' build argument 'cmake_force_configure' from command line to 'False'
[3.101s] Level 5:colcon.colcon_core.verb:set package 'rob599_hw2_msgs' build argument 'ament_cmake_args' from command line to 'None'
[3.101s] Level 5:colcon.colcon_core.verb:set package 'rob599_hw2_msgs' build argument 'catkin_cmake_args' from command line to 'None'
[3.101s] Level 5:colcon.colcon_core.verb:set package 'rob599_hw2_msgs' build argument 'catkin_skip_building_tests' from command line to 'False'
[3.101s] DEBUG:colcon.colcon_core.verb:Building package 'rob599_hw2_msgs' with the following arguments: {'ament_cmake_args': None, 'build_base': '/home/chelse/ros2_ws/build/rob599_hw2_msgs', 'catkin_cmake_args': None, 'catkin_skip_building_tests': False, 'cmake_args': None, 'cmake_clean_cache': False, 'cmake_clean_first': False, 'cmake_force_configure': False, 'cmake_target': None, 'cmake_target_skip_unavailable': False, 'install_base': '/home/chelse/ros2_ws/install/rob599_hw2_msgs', 'merge_install': False, 'path': '/home/chelse/ros2_ws/src/rob599_hw2_msgs', 'symlink_install': False, 'test_result_base': None}
[3.144s] Level 5:colcon.colcon_core.verb:set package 'rob599_hw3' build argument 'cmake_args' from command line to 'None'
[3.144s] Level 5:colcon.colcon_core.verb:set package 'rob599_hw3' build argument 'cmake_target' from command line to 'None'
[3.145s] Level 5:colcon.colcon_core.verb:set package 'rob599_hw3' build argument 'cmake_target_skip_unavailable' from command line to 'False'
[3.145s] Level 5:colcon.colcon_core.verb:set package 'rob599_hw3' build argument 'cmake_clean_cache' from command line to 'False'
[3.145s] Level 5:colcon.colcon_core.verb:set package 'rob599_hw3' build argument 'cmake_clean_first' from command line to 'False'
[3.145s] Level 5:colcon.colcon_core.verb:set package 'rob599_hw3' build argument 'cmake_force_configure' from command line to 'False'
[3.145s] Level 5:colcon.colcon_core.verb:set package 'rob599_hw3' build argument 'ament_cmake_args' from command line to 'None'
[3.145s] Level 5:colcon.colcon_core.verb:set package 'rob599_hw3' build argument 'catkin_cmake_args' from command line to 'None'
[3.145s] Level 5:colcon.colcon_core.verb:set package 'rob599_hw3' build argument 'catkin_skip_building_tests' from command line to 'False'
[3.145s] DEBUG:colcon.colcon_core.verb:Building package 'rob599_hw3' with the following arguments: {'ament_cmake_args': None, 'build_base': '/home/chelse/ros2_ws/build/rob599_hw3', 'catkin_cmake_args': None, 'catkin_skip_building_tests': False, 'cmake_args': None, 'cmake_clean_cache': False, 'cmake_clean_first': False, 'cmake_force_configure': False, 'cmake_target': None, 'cmake_target_skip_unavailable': False, 'install_base': '/home/chelse/ros2_ws/install/rob599_hw3', 'merge_install': False, 'path': '/home/chelse/ros2_ws/src/rob599_hw3', 'symlink_install': False, 'test_result_base': None}
[3.191s] Level 5:colcon.colcon_core.verb:set package 'rob599_hw2' build argument 'cmake_args' from command line to 'None'
[3.191s] Level 5:colcon.colcon_core.verb:set package 'rob599_hw2' build argument 'cmake_target' from command line to 'None'
[3.191s] Level 5:colcon.colcon_core.verb:set package 'rob599_hw2' build argument 'cmake_target_skip_unavailable' from command line to 'False'
[3.191s] Level 5:colcon.colcon_core.verb:set package 'rob599_hw2' build argument 'cmake_clean_cache' from command line to 'False'
[3.191s] Level 5:colcon.colcon_core.verb:set package 'rob599_hw2' build argument 'cmake_clean_first' from command line to 'False'
[3.192s] Level 5:colcon.colcon_core.verb:set package 'rob599_hw2' build argument 'cmake_force_configure' from command line to 'False'
[3.192s] Level 5:colcon.colcon_core.verb:set package 'rob599_hw2' build argument 'ament_cmake_args' from command line to 'None'
[3.192s] Level 5:colcon.colcon_core.verb:set package 'rob599_hw2' build argument 'catkin_cmake_args' from command line to 'None'
[3.192s] Level 5:colcon.colcon_core.verb:set package 'rob599_hw2' build argument 'catkin_skip_building_tests' from command line to 'False'
[3.192s] DEBUG:colcon.colcon_core.verb:Building package 'rob599_hw2' with the following arguments: {'ament_cmake_args': None, 'build_base': '/home/chelse/ros2_ws/build/rob599_hw2', 'catkin_cmake_args': None, 'catkin_skip_building_tests': False, 'cmake_args': None, 'cmake_clean_cache': False, 'cmake_clean_first': False, 'cmake_force_configure': False, 'cmake_target': None, 'cmake_target_skip_unavailable': False, 'install_base': '/home/chelse/ros2_ws/install/rob599_hw2', 'merge_install': False, 'path': '/home/chelse/ros2_ws/src/rob599_hw2', 'symlink_install': False, 'test_result_base': None}
[3.235s] INFO:colcon.colcon_core.executor:Executing jobs using 'parallel' executor
[3.279s] DEBUG:colcon.colcon_parallel_executor.executor.parallel:run_until_complete
[3.280s] INFO:colcon.colcon_ros.task.ament_cmake.build:Building ROS package in '/home/chelse/ros2_ws/src/rob599_hw2_msgs' with build type 'ament_cmake'
[3.281s] INFO:colcon.colcon_cmake.task.cmake.build:Building CMake package in '/home/chelse/ros2_ws/src/rob599_hw2_msgs'
[3.351s] INFO:colcon.colcon_core.plugin_system:Skipping extension 'colcon_core.shell.bat': Not used on non-Windows systems
[3.351s] INFO:colcon.colcon_core.shell:Skip shell extension 'powershell' for command environment: Not usable outside of PowerShell
[3.352s] DEBUG:colcon.colcon_core.shell:Skip shell extension 'dsv' for command environment
[3.510s] INFO:colcon.colcon_ros.task.ament_python.build:Building ROS package in '/home/chelse/ros2_ws/src/rob599_hw3' with build type 'ament_python'
[3.511s] Level 1:colcon.colcon_core.shell:create_environment_hook('rob599_hw3', 'ament_prefix_path')
[3.576s] INFO:colcon.colcon_core.shell:Creating environment hook '/home/chelse/ros2_ws/install/rob599_hw3/share/rob599_hw3/hook/ament_prefix_path.ps1'
[3.579s] INFO:colcon.colcon_core.shell:Creating environment descriptor '/home/chelse/ros2_ws/install/rob599_hw3/share/rob599_hw3/hook/ament_prefix_path.dsv'
[3.581s] INFO:colcon.colcon_core.shell:Creating environment hook '/home/chelse/ros2_ws/install/rob599_hw3/share/rob599_hw3/hook/ament_prefix_path.sh'
[3.641s] INFO:colcon.colcon_core.shell:Skip shell extension 'powershell' for command environment: Not usable outside of PowerShell
[3.641s] DEBUG:colcon.colcon_core.shell:Skip shell extension 'dsv' for command environment
[3.820s] DEBUG:colcon.colcon_core.event_handler.log_command:Invoking command in '/home/chelse/ros2_ws/build/rob599_hw2_msgs': CMAKE_PREFIX_PATH=${CMAKE_PREFIX_PATH}:/home/chelse/ros2_ws/install/rob599_hw3:/home/chelse/ros2_ws/install/rob599_hw2:/opt/ros/humble /usr/bin/cmake --build /home/chelse/ros2_ws/build/rob599_hw2_msgs -- -j12 -l12
[4.606s] INFO:colcon.colcon_core.task.python.build:Building Python package in '/home/chelse/ros2_ws/src/rob599_hw3'
[4.658s] INFO:colcon.colcon_core.shell:Skip shell extension 'powershell' for command environment: Not usable outside of PowerShell
[4.658s] DEBUG:colcon.colcon_core.shell:Skip shell extension 'dsv' for command environment
[4.851s] DEBUG:colcon.colcon_core.event_handler.log_command:Invoked command in '/home/chelse/ros2_ws/build/rob599_hw2_msgs' returned '0': CMAKE_PREFIX_PATH=${CMAKE_PREFIX_PATH}:/home/chelse/ros2_ws/install/rob599_hw3:/home/chelse/ros2_ws/install/rob599_hw2:/opt/ros/humble /usr/bin/cmake --build /home/chelse/ros2_ws/build/rob599_hw2_msgs -- -j12 -l12
[5.173s] DEBUG:colcon.colcon_core.event_handler.log_command:Invoking command in '/home/chelse/ros2_ws/build/rob599_hw2_msgs': CMAKE_PREFIX_PATH=${CMAKE_PREFIX_PATH}:/home/chelse/ros2_ws/install/rob599_hw3:/home/chelse/ros2_ws/install/rob599_hw2:/opt/ros/humble /usr/bin/cmake --install /home/chelse/ros2_ws/build/rob599_hw2_msgs
[5.358s] Level 1:colcon.colcon_core.environment:create_environment_scripts_only(rob599_hw2_msgs)
[5.367s] DEBUG:colcon.colcon_core.event_handler.log_command:Invoked command in '/home/chelse/ros2_ws/build/rob599_hw2_msgs' returned '0': CMAKE_PREFIX_PATH=${CMAKE_PREFIX_PATH}:/home/chelse/ros2_ws/install/rob599_hw3:/home/chelse/ros2_ws/install/rob599_hw2:/opt/ros/humble /usr/bin/cmake --install /home/chelse/ros2_ws/build/rob599_hw2_msgs
[5.436s] Level 1:colcon.colcon_core.environment:checking '/home/chelse/ros2_ws/install/rob599_hw2_msgs' for CMake module files
[5.439s] Level 1:colcon.colcon_core.environment:checking '/home/chelse/ros2_ws/install/rob599_hw2_msgs' for CMake config files
[5.440s] Level 1:colcon.colcon_core.shell:create_environment_hook('rob599_hw2_msgs', 'cmake_prefix_path')
[5.483s] INFO:colcon.colcon_core.shell:Creating environment hook '/home/chelse/ros2_ws/install/rob599_hw2_msgs/share/rob599_hw2_msgs/hook/cmake_prefix_path.ps1'
[5.484s] INFO:colcon.colcon_core.shell:Creating environment descriptor '/home/chelse/ros2_ws/install/rob599_hw2_msgs/share/rob599_hw2_msgs/hook/cmake_prefix_path.dsv'
[5.485s] INFO:colcon.colcon_core.shell:Creating environment hook '/home/chelse/ros2_ws/install/rob599_hw2_msgs/share/rob599_hw2_msgs/hook/cmake_prefix_path.sh'
[5.487s] Level 1:colcon.colcon_core.environment:checking '/home/chelse/ros2_ws/install/rob599_hw2_msgs/lib'
[5.488s] Level 1:colcon.colcon_core.shell:create_environment_hook('rob599_hw2_msgs', 'ld_library_path_lib')
[5.528s] INFO:colcon.colcon_core.shell:Creating environment hook '/home/chelse/ros2_ws/install/rob599_hw2_msgs/share/rob599_hw2_msgs/hook/ld_library_path_lib.ps1'
[5.529s] INFO:colcon.colcon_core.shell:Creating environment descriptor '/home/chelse/ros2_ws/install/rob599_hw2_msgs/share/rob599_hw2_msgs/hook/ld_library_path_lib.dsv'
[5.529s] INFO:colcon.colcon_core.shell:Creating environment hook '/home/chelse/ros2_ws/install/rob599_hw2_msgs/share/rob599_hw2_msgs/hook/ld_library_path_lib.sh'
[5.530s] Level 1:colcon.colcon_core.environment:checking '/home/chelse/ros2_ws/install/rob599_hw2_msgs/bin'
[5.530s] Level 1:colcon.colcon_core.environment:checking '/home/chelse/ros2_ws/install/rob599_hw2_msgs/lib/pkgconfig/rob599_hw2_msgs.pc'
[5.531s] Level 1:colcon.colcon_core.environment:checking '/home/chelse/ros2_ws/install/rob599_hw2_msgs/lib/python3.10/site-packages'
[5.531s] Level 1:colcon.colcon_core.environment:checking '/home/chelse/ros2_ws/install/rob599_hw2_msgs/bin'
[5.570s] INFO:colcon.colcon_core.shell:Creating package script '/home/chelse/ros2_ws/install/rob599_hw2_msgs/share/rob599_hw2_msgs/package.ps1'
[5.572s] INFO:colcon.colcon_core.shell:Creating package descriptor '/home/chelse/ros2_ws/install/rob599_hw2_msgs/share/rob599_hw2_msgs/package.dsv'
[5.573s] INFO:colcon.colcon_core.shell:Creating package script '/home/chelse/ros2_ws/install/rob599_hw2_msgs/share/rob599_hw2_msgs/package.sh'
[5.575s] INFO:colcon.colcon_core.shell:Creating package script '/home/chelse/ros2_ws/install/rob599_hw2_msgs/share/rob599_hw2_msgs/package.bash'
[5.577s] INFO:colcon.colcon_core.shell:Creating package script '/home/chelse/ros2_ws/install/rob599_hw2_msgs/share/rob599_hw2_msgs/package.zsh'
[5.578s] Level 1:colcon.colcon_core.environment:create_file_with_runtime_dependencies(/home/chelse/ros2_ws/install/rob599_hw2_msgs/share/colcon-core/packages/rob599_hw2_msgs)
[5.757s] DEBUG:colcon.colcon_core.event_handler.log_command:Invoking command in '/home/chelse/ros2_ws/src/rob599_hw3': PYTHONPATH=/home/chelse/ros2_ws/build/rob599_hw3/prefix_override:/home/chelse/ros2_ws/install/rob599_hw3/lib/python3.10/site-packages:${PYTHONPATH} /usr/bin/python3 setup.py egg_info --egg-base ../../build/rob599_hw3 build --build-base /home/chelse/ros2_ws/build/rob599_hw3/build install --record /home/chelse/ros2_ws/build/rob599_hw3/install.log --single-version-externally-managed
[5.935s] Level 1:colcon.colcon_core.environment:create_environment_scripts_only(rob599_hw2_msgs)
[5.983s] Level 1:colcon.colcon_core.environment:checking '/home/chelse/ros2_ws/install/rob599_hw2_msgs' for CMake module files
[5.986s] Level 1:colcon.colcon_core.environment:checking '/home/chelse/ros2_ws/install/rob599_hw2_msgs' for CMake config files
[5.988s] Level 1:colcon.colcon_core.shell:create_environment_hook('rob599_hw2_msgs', 'cmake_prefix_path')
[6.058s] INFO:colcon.colcon_core.shell:Creating environment hook '/home/chelse/ros2_ws/install/rob599_hw2_msgs/share/rob599_hw2_msgs/hook/cmake_prefix_path.ps1'
[6.059s] INFO:colcon.colcon_core.shell:Creating environment descriptor '/home/chelse/ros2_ws/install/rob599_hw2_msgs/share/rob599_hw2_msgs/hook/cmake_prefix_path.dsv'
[6.060s] INFO:colcon.colcon_core.shell:Creating environment hook '/home/chelse/ros2_ws/install/rob599_hw2_msgs/share/rob599_hw2_msgs/hook/cmake_prefix_path.sh'
[6.063s] Level 1:colcon.colcon_core.environment:checking '/home/chelse/ros2_ws/install/rob599_hw2_msgs/lib'
[6.063s] Level 1:colcon.colcon_core.shell:create_environment_hook('rob599_hw2_msgs', 'ld_library_path_lib')
[6.136s] INFO:colcon.colcon_core.shell:Creating environment hook '/home/chelse/ros2_ws/install/rob599_hw2_msgs/share/rob599_hw2_msgs/hook/ld_library_path_lib.ps1'
[6.138s] INFO:colcon.colcon_core.shell:Creating environment descriptor '/home/chelse/ros2_ws/install/rob599_hw2_msgs/share/rob599_hw2_msgs/hook/ld_library_path_lib.dsv'
[6.139s] INFO:colcon.colcon_core.shell:Creating environment hook '/home/chelse/ros2_ws/install/rob599_hw2_msgs/share/rob599_hw2_msgs/hook/ld_library_path_lib.sh'
[6.141s] Level 1:colcon.colcon_core.environment:checking '/home/chelse/ros2_ws/install/rob599_hw2_msgs/bin'
[6.141s] Level 1:colcon.colcon_core.environment:checking '/home/chelse/ros2_ws/install/rob599_hw2_msgs/lib/pkgconfig/rob599_hw2_msgs.pc'
[6.142s] Level 1:colcon.colcon_core.environment:checking '/home/chelse/ros2_ws/install/rob599_hw2_msgs/lib/python3.10/site-packages'
[6.143s] Level 1:colcon.colcon_core.environment:checking '/home/chelse/ros2_ws/install/rob599_hw2_msgs/bin'
[6.206s] INFO:colcon.colcon_core.shell:Creating package script '/home/chelse/ros2_ws/install/rob599_hw2_msgs/share/rob599_hw2_msgs/package.ps1'
[6.208s] INFO:colcon.colcon_core.shell:Creating package descriptor '/home/chelse/ros2_ws/install/rob599_hw2_msgs/share/rob599_hw2_msgs/package.dsv'
[6.210s] INFO:colcon.colcon_core.shell:Creating package script '/home/chelse/ros2_ws/install/rob599_hw2_msgs/share/rob599_hw2_msgs/package.sh'
[6.211s] INFO:colcon.colcon_core.shell:Creating package script '/home/chelse/ros2_ws/install/rob599_hw2_msgs/share/rob599_hw2_msgs/package.bash'
[6.213s] INFO:colcon.colcon_core.shell:Creating package script '/home/chelse/ros2_ws/install/rob599_hw2_msgs/share/rob599_hw2_msgs/package.zsh'
[6.214s] Level 1:colcon.colcon_core.environment:create_file_with_runtime_dependencies(/home/chelse/ros2_ws/install/rob599_hw2_msgs/share/colcon-core/packages/rob599_hw2_msgs)
[6.215s] INFO:colcon.colcon_ros.task.ament_python.build:Building ROS package in '/home/chelse/ros2_ws/src/rob599_hw2' with build type 'ament_python'
[6.216s] Level 1:colcon.colcon_core.shell:create_environment_hook('rob599_hw2', 'ament_prefix_path')
[6.286s] INFO:colcon.colcon_core.shell:Creating environment hook '/home/chelse/ros2_ws/install/rob599_hw2/share/rob599_hw2/hook/ament_prefix_path.ps1'
[6.287s] INFO:colcon.colcon_core.shell:Creating environment descriptor '/home/chelse/ros2_ws/install/rob599_hw2/share/rob599_hw2/hook/ament_prefix_path.dsv'
[6.288s] INFO:colcon.colcon_core.shell:Creating environment hook '/home/chelse/ros2_ws/install/rob599_hw2/share/rob599_hw2/hook/ament_prefix_path.sh'
[6.357s] INFO:colcon.colcon_core.shell:Skip shell extension 'powershell' for command environment: Not usable outside of PowerShell
[6.357s] DEBUG:colcon.colcon_core.shell:Skip shell extension 'dsv' for command environment
[7.273s] INFO:colcon.colcon_core.task.python.build:Building Python package in '/home/chelse/ros2_ws/src/rob599_hw2'
[7.345s] INFO:colcon.colcon_core.shell:Skip shell extension 'powershell' for command environment: Not usable outside of PowerShell
[7.345s] DEBUG:colcon.colcon_core.shell:Skip shell extension 'dsv' for command environment
[7.542s] DEBUG:colcon.colcon_core.event_handler.log_command:Invoked command in '/home/chelse/ros2_ws/src/rob599_hw3' returned '0': PYTHONPATH=/home/chelse/ros2_ws/build/rob599_hw3/prefix_override:/home/chelse/ros2_ws/install/rob599_hw3/lib/python3.10/site-packages:${PYTHONPATH} /usr/bin/python3 setup.py egg_info --egg-base ../../build/rob599_hw3 build --build-base /home/chelse/ros2_ws/build/rob599_hw3/build install --record /home/chelse/ros2_ws/build/rob599_hw3/install.log --single-version-externally-managed
[7.586s] Level 1:colcon.colcon_core.environment:checking '/home/chelse/ros2_ws/install/rob599_hw3' for CMake module files
[7.587s] Level 1:colcon.colcon_core.environment:checking '/home/chelse/ros2_ws/install/rob599_hw3' for CMake config files
[7.588s] Level 1:colcon.colcon_core.environment:checking '/home/chelse/ros2_ws/install/rob599_hw3/lib'
[7.588s] Level 1:colcon.colcon_core.environment:checking '/home/chelse/ros2_ws/install/rob599_hw3/bin'
[7.589s] Level 1:colcon.colcon_core.environment:checking '/home/chelse/ros2_ws/install/rob599_hw3/lib/pkgconfig/rob599_hw3.pc'
[7.589s] Level 1:colcon.colcon_core.environment:checking '/home/chelse/ros2_ws/install/rob599_hw3/lib/python3.10/site-packages'
[7.589s] Level 1:colcon.colcon_core.shell:create_environment_hook('rob599_hw3', 'pythonpath')
[7.631s] INFO:colcon.colcon_core.shell:Creating environment hook '/home/chelse/ros2_ws/install/rob599_hw3/share/rob599_hw3/hook/pythonpath.ps1'
[7.632s] INFO:colcon.colcon_core.shell:Creating environment descriptor '/home/chelse/ros2_ws/install/rob599_hw3/share/rob599_hw3/hook/pythonpath.dsv'
[7.633s] INFO:colcon.colcon_core.shell:Creating environment hook '/home/chelse/ros2_ws/install/rob599_hw3/share/rob599_hw3/hook/pythonpath.sh'
[7.635s] Level 1:colcon.colcon_core.environment:checking '/home/chelse/ros2_ws/install/rob599_hw3/bin'
[7.635s] Level 1:colcon.colcon_core.environment:create_environment_scripts_only(rob599_hw3)
[7.678s] INFO:colcon.colcon_core.shell:Creating package script '/home/chelse/ros2_ws/install/rob599_hw3/share/rob599_hw3/package.ps1'
[7.679s] INFO:colcon.colcon_core.shell:Creating package descriptor '/home/chelse/ros2_ws/install/rob599_hw3/share/rob599_hw3/package.dsv'
[7.680s] INFO:colcon.colcon_core.shell:Creating package script '/home/chelse/ros2_ws/install/rob599_hw3/share/rob599_hw3/package.sh'
[7.681s] INFO:colcon.colcon_core.shell:Creating package script '/home/chelse/ros2_ws/install/rob599_hw3/share/rob599_hw3/package.bash'
[7.682s] INFO:colcon.colcon_core.shell:Creating package script '/home/chelse/ros2_ws/install/rob599_hw3/share/rob599_hw3/package.zsh'
[7.683s] Level 1:colcon.colcon_core.environment:create_file_with_runtime_dependencies(/home/chelse/ros2_ws/install/rob599_hw3/share/colcon-core/packages/rob599_hw3)
[8.735s] DEBUG:colcon.colcon_core.event_handler.log_command:Invoking command in '/home/chelse/ros2_ws/src/rob599_hw2': PYTHONPATH=/home/chelse/ros2_ws/build/rob599_hw2/prefix_override:/home/chelse/ros2_ws/install/rob599_hw2/lib/python3.10/site-packages:${PYTHONPATH} /usr/bin/python3 setup.py egg_info --egg-base ../../build/rob599_hw2 build --build-base /home/chelse/ros2_ws/build/rob599_hw2/build install --record /home/chelse/ros2_ws/build/rob599_hw2/install.log --single-version-externally-managed
[9.426s] DEBUG:colcon.colcon_core.event_handler.log_command:Invoked command in '/home/chelse/ros2_ws/src/rob599_hw2' returned '0': PYTHONPATH=/home/chelse/ros2_ws/build/rob599_hw2/prefix_override:/home/chelse/ros2_ws/install/rob599_hw2/lib/python3.10/site-packages:${PYTHONPATH} /usr/bin/python3 setup.py egg_info --egg-base ../../build/rob599_hw2 build --build-base /home/chelse/ros2_ws/build/rob599_hw2/build install --record /home/chelse/ros2_ws/build/rob599_hw2/install.log --single-version-externally-managed
[9.474s] Level 1:colcon.colcon_core.environment:checking '/home/chelse/ros2_ws/install/rob599_hw2' for CMake module files
[9.475s] Level 1:colcon.colcon_core.environment:checking '/home/chelse/ros2_ws/install/rob599_hw2' for CMake config files
[9.476s] Level 1:colcon.colcon_core.environment:checking '/home/chelse/ros2_ws/install/rob599_hw2/lib'
[9.476s] Level 1:colcon.colcon_core.environment:checking '/home/chelse/ros2_ws/install/rob599_hw2/bin'
[9.477s] Level 1:colcon.colcon_core.environment:checking '/home/chelse/ros2_ws/install/rob599_hw2/lib/pkgconfig/rob599_hw2.pc'
[9.477s] Level 1:colcon.colcon_core.environment:checking '/home/chelse/ros2_ws/install/rob599_hw2/lib/python3.10/site-packages'
[9.477s] Level 1:colcon.colcon_core.shell:create_environment_hook('rob599_hw2', 'pythonpath')
[9.509s] INFO:colcon.colcon_core.shell:Creating environment hook '/home/chelse/ros2_ws/install/rob599_hw2/share/rob599_hw2/hook/pythonpath.ps1'
[9.509s] INFO:colcon.colcon_core.shell:Creating environment descriptor '/home/chelse/ros2_ws/install/rob599_hw2/share/rob599_hw2/hook/pythonpath.dsv'
[9.510s] INFO:colcon.colcon_core.shell:Creating environment hook '/home/chelse/ros2_ws/install/rob599_hw2/share/rob599_hw2/hook/pythonpath.sh'
[9.511s] Level 1:colcon.colcon_core.environment:checking '/home/chelse/ros2_ws/install/rob599_hw2/bin'
[9.511s] Level 1:colcon.colcon_core.environment:create_environment_scripts_only(rob599_hw2)
[9.545s] INFO:colcon.colcon_core.shell:Creating package script '/home/chelse/ros2_ws/install/rob599_hw2/share/rob599_hw2/package.ps1'
[9.546s] INFO:colcon.colcon_core.shell:Creating package descriptor '/home/chelse/ros2_ws/install/rob599_hw2/share/rob599_hw2/package.dsv'
[9.548s] INFO:colcon.colcon_core.shell:Creating package script '/home/chelse/ros2_ws/install/rob599_hw2/share/rob599_hw2/package.sh'
[9.548s] INFO:colcon.colcon_core.shell:Creating package script '/home/chelse/ros2_ws/install/rob599_hw2/share/rob599_hw2/package.bash'
[9.549s] INFO:colcon.colcon_core.shell:Creating package script '/home/chelse/ros2_ws/install/rob599_hw2/share/rob599_hw2/package.zsh'
[9.550s] Level 1:colcon.colcon_core.environment:create_file_with_runtime_dependencies(/home/chelse/ros2_ws/install/rob599_hw2/share/colcon-core/packages/rob599_hw2)
[9.551s] DEBUG:colcon.colcon_parallel_executor.executor.parallel:closing loop
[9.552s] DEBUG:colcon.colcon_parallel_executor.executor.parallel:loop closed
[9.552s] DEBUG:colcon.colcon_parallel_executor.executor.parallel:run_until_complete finished with '0'
[9.552s] DEBUG:colcon.colcon_core.event_reactor:joining thread
[9.598s] INFO:colcon.colcon_core.plugin_system:Skipping extension 'colcon_notification.desktop_notification.terminal_notifier': Not used on non-Darwin systems
[9.598s] INFO:colcon.colcon_core.plugin_system:Skipping extension 'colcon_notification.desktop_notification.win32': Not used on non-Windows systems
[9.598s] INFO:colcon.colcon_notification.desktop_notification:Sending desktop notification using 'notify2'
[9.612s] DEBUG:colcon.colcon_core.event_reactor:joined thread
[9.645s] INFO:colcon.colcon_core.shell:Creating prefix script '/home/chelse/ros2_ws/install/local_setup.ps1'
[9.647s] INFO:colcon.colcon_core.shell:Creating prefix util module '/home/chelse/ros2_ws/install/_local_setup_util_ps1.py'
[9.649s] INFO:colcon.colcon_core.shell:Creating prefix chain script '/home/chelse/ros2_ws/install/setup.ps1'
[9.687s] INFO:colcon.colcon_core.shell:Creating prefix script '/home/chelse/ros2_ws/install/local_setup.sh'
[9.688s] INFO:colcon.colcon_core.shell:Creating prefix util module '/home/chelse/ros2_ws/install/_local_setup_util_sh.py'
[9.689s] INFO:colcon.colcon_core.shell:Creating prefix chain script '/home/chelse/ros2_ws/install/setup.sh'
[9.724s] INFO:colcon.colcon_core.shell:Creating prefix script '/home/chelse/ros2_ws/install/local_setup.bash'
[9.725s] INFO:colcon.colcon_core.shell:Creating prefix chain script '/home/chelse/ros2_ws/install/setup.bash'
[9.758s] INFO:colcon.colcon_core.shell:Creating prefix script '/home/chelse/ros2_ws/install/local_setup.zsh'
[9.759s] INFO:colcon.colcon_core.shell:Creating prefix chain script '/home/chelse/ros2_ws/install/setup.zsh'
