[0.114s] Invoking command in '/home/chelse/ros2_ws/build/turtlesim': CMAKE_PREFIX_PATH=${CMAKE_PREFIX_PATH}:/home/chelse/ros2_ws/install/rob599_basic:/opt/ros/humble /usr/bin/cmake --build /home/chelse/ros2_ws/build/turtlesim -- -j12 -l12
[0.231s] [  1%] Built target turtlesim__cpp
[0.239s] [ 11%] Built target turtlesim__rosidl_generator_c
[0.284s] [ 11%] Built target ament_cmake_python_copy_turtlesim
[0.328s] [ 21%] Built target turtlesim__rosidl_typesupport_cpp
[0.341s] [ 31%] Built target turtlesim__rosidl_typesupport_introspection_cpp
[0.344s] [ 41%] Built target turtlesim__rosidl_typesupport_fastrtps_cpp
[0.374s] [ 61%] Built target turtlesim__rosidl_typesupport_introspection_c
[0.374s] [ 61%] Built target turtlesim__rosidl_typesupport_c
[0.402s] [ 71%] Built target turtlesim__rosidl_typesupport_fastrtps_c
[0.417s] [ 73%] Built target draw_square
[0.427s] [ 75%] Built target mimic
[0.428s] [ 77%] Built target turtle_teleop_key
[0.447s] [ 83%] Built target turtlesim_node
[0.448s] [ 83%] Built target turtlesim
[0.495s] [ 84%] Built target turtlesim__py
[0.550s] [ 93%] Built target turtlesim__rosidl_generator_py
[0.605s] [ 97%] Built target turtlesim__rosidl_typesupport_introspection_c__pyext
[0.605s] [ 97%] Built target turtlesim__rosidl_typesupport_c__pyext
[0.607s] [100%] Built target turtlesim__rosidl_typesupport_fastrtps_c__pyext
[0.906s] running egg_info
[0.907s] writing turtlesim.egg-info/PKG-INFO
[0.909s] writing dependency_links to turtlesim.egg-info/dependency_links.txt
[0.909s] writing top-level names to turtlesim.egg-info/top_level.txt
[0.912s] reading manifest file 'turtlesim.egg-info/SOURCES.txt'
[0.914s] writing manifest file 'turtlesim.egg-info/SOURCES.txt'
[0.959s] [100%] Built target ament_cmake_python_build_turtlesim_egg
[1.005s] Invoked command in '/home/chelse/ros2_ws/build/turtlesim' returned '0': CMAKE_PREFIX_PATH=${CMAKE_PREFIX_PATH}:/home/chelse/ros2_ws/install/rob599_basic:/opt/ros/humble /usr/bin/cmake --build /home/chelse/ros2_ws/build/turtlesim -- -j12 -l12
[1.835s] Invoking command in '/home/chelse/ros2_ws/build/turtlesim': CMAKE_PREFIX_PATH=${CMAKE_PREFIX_PATH}:/home/chelse/ros2_ws/install/rob599_basic:/opt/ros/humble /usr/bin/cmake --install /home/chelse/ros2_ws/build/turtlesim
[1.851s] -- Install configuration: ""
[1.852s] -- Up-to-date: /home/chelse/ros2_ws/install/turtlesim/share/ament_index/resource_index/rosidl_interfaces/turtlesim
[1.853s] -- Up-to-date: /home/chelse/ros2_ws/install/turtlesim/include/turtlesim/turtlesim
[1.854s] -- Up-to-date: /home/chelse/ros2_ws/install/turtlesim/include/turtlesim/turtlesim/action
[1.854s] -- Up-to-date: /home/chelse/ros2_ws/install/turtlesim/include/turtlesim/turtlesim/action/detail
[1.855s] -- Up-to-date: /home/chelse/ros2_ws/install/turtlesim/include/turtlesim/turtlesim/action/detail/rotate_absolute__struct.h
[1.855s] -- Up-to-date: /home/chelse/ros2_ws/install/turtlesim/include/turtlesim/turtlesim/action/detail/rotate_absolute__type_support.h
[1.856s] -- Up-to-date: /home/chelse/ros2_ws/install/turtlesim/include/turtlesim/turtlesim/action/detail/rotate_absolute__functions.h
[1.858s] -- Up-to-date: /home/chelse/ros2_ws/install/turtlesim/include/turtlesim/turtlesim/action/detail/rotate_absolute__functions.c
[1.858s] -- Up-to-date: /home/chelse/ros2_ws/install/turtlesim/include/turtlesim/turtlesim/action/rotate_absolute.h
[1.860s] -- Up-to-date: /home/chelse/ros2_ws/install/turtlesim/include/turtlesim/turtlesim/msg
[1.861s] -- Up-to-date: /home/chelse/ros2_ws/install/turtlesim/include/turtlesim/turtlesim/msg/detail
[1.862s] -- Up-to-date: /home/chelse/ros2_ws/install/turtlesim/include/turtlesim/turtlesim/msg/detail/pose__functions.h
[1.863s] -- Up-to-date: /home/chelse/ros2_ws/install/turtlesim/include/turtlesim/turtlesim/msg/detail/color__type_support.h
[1.863s] -- Up-to-date: /home/chelse/ros2_ws/install/turtlesim/include/turtlesim/turtlesim/msg/detail/pose__struct.h
[1.863s] -- Up-to-date: /home/chelse/ros2_ws/install/turtlesim/include/turtlesim/turtlesim/msg/detail/color__struct.h
[1.864s] -- Up-to-date: /home/chelse/ros2_ws/install/turtlesim/include/turtlesim/turtlesim/msg/detail/pose__type_support.h
[1.865s] -- Up-to-date: /home/chelse/ros2_ws/install/turtlesim/include/turtlesim/turtlesim/msg/detail/pose__functions.c
[1.866s] -- Up-to-date: /home/chelse/ros2_ws/install/turtlesim/include/turtlesim/turtlesim/msg/detail/color__functions.c
[1.867s] -- Up-to-date: /home/chelse/ros2_ws/install/turtlesim/include/turtlesim/turtlesim/msg/detail/color__functions.h
[1.867s] -- Up-to-date: /home/chelse/ros2_ws/install/turtlesim/include/turtlesim/turtlesim/msg/rosidl_generator_c__visibility_control.h
[1.868s] -- Up-to-date: /home/chelse/ros2_ws/install/turtlesim/include/turtlesim/turtlesim/msg/color.h
[1.869s] -- Up-to-date: /home/chelse/ros2_ws/install/turtlesim/include/turtlesim/turtlesim/msg/pose.h
[1.871s] -- Up-to-date: /home/chelse/ros2_ws/install/turtlesim/include/turtlesim/turtlesim/srv
[1.874s] -- Up-to-date: /home/chelse/ros2_ws/install/turtlesim/include/turtlesim/turtlesim/srv/spawn.h
[1.874s] -- Up-to-date: /home/chelse/ros2_ws/install/turtlesim/include/turtlesim/turtlesim/srv/detail
[1.875s] -- Up-to-date: /home/chelse/ros2_ws/install/turtlesim/include/turtlesim/turtlesim/srv/detail/teleport_relative__type_support.h
[1.876s] -- Up-to-date: /home/chelse/ros2_ws/install/turtlesim/include/turtlesim/turtlesim/srv/detail/spawn__type_support.h
[1.877s] -- Up-to-date: /home/chelse/ros2_ws/install/turtlesim/include/turtlesim/turtlesim/srv/detail/set_pen__functions.c
[1.877s] -- Up-to-date: /home/chelse/ros2_ws/install/turtlesim/include/turtlesim/turtlesim/srv/detail/teleport_absolute__type_support.h
[1.878s] -- Up-to-date: /home/chelse/ros2_ws/install/turtlesim/include/turtlesim/turtlesim/srv/detail/teleport_absolute__functions.h
[1.878s] -- Up-to-date: /home/chelse/ros2_ws/install/turtlesim/include/turtlesim/turtlesim/srv/detail/spawn__functions.c
[1.879s] -- Up-to-date: /home/chelse/ros2_ws/install/turtlesim/include/turtlesim/turtlesim/srv/detail/kill__functions.h
[1.879s] -- Up-to-date: /home/chelse/ros2_ws/install/turtlesim/include/turtlesim/turtlesim/srv/detail/kill__struct.h
[1.879s] -- Up-to-date: /home/chelse/ros2_ws/install/turtlesim/include/turtlesim/turtlesim/srv/detail/teleport_relative__struct.h
[1.880s] -- Up-to-date: /home/chelse/ros2_ws/install/turtlesim/include/turtlesim/turtlesim/srv/detail/kill__functions.c
[1.880s] -- Up-to-date: /home/chelse/ros2_ws/install/turtlesim/include/turtlesim/turtlesim/srv/detail/set_pen__functions.h
[1.881s] -- Up-to-date: /home/chelse/ros2_ws/install/turtlesim/include/turtlesim/turtlesim/srv/detail/set_pen__struct.h
[1.881s] -- Up-to-date: /home/chelse/ros2_ws/install/turtlesim/include/turtlesim/turtlesim/srv/detail/spawn__struct.h
[1.881s] -- Up-to-date: /home/chelse/ros2_ws/install/turtlesim/include/turtlesim/turtlesim/srv/detail/set_pen__type_support.h
[1.882s] -- Up-to-date: /home/chelse/ros2_ws/install/turtlesim/include/turtlesim/turtlesim/srv/detail/kill__type_support.h
[1.882s] -- Up-to-date: /home/chelse/ros2_ws/install/turtlesim/include/turtlesim/turtlesim/srv/detail/spawn__functions.h
[1.882s] -- Up-to-date: /home/chelse/ros2_ws/install/turtlesim/include/turtlesim/turtlesim/srv/detail/teleport_absolute__functions.c
[1.883s] -- Up-to-date: /home/chelse/ros2_ws/install/turtlesim/include/turtlesim/turtlesim/srv/detail/teleport_relative__functions.c
[1.883s] -- Up-to-date: /home/chelse/ros2_ws/install/turtlesim/include/turtlesim/turtlesim/srv/detail/teleport_relative__functions.h
[1.884s] -- Up-to-date: /home/chelse/ros2_ws/install/turtlesim/include/turtlesim/turtlesim/srv/detail/teleport_absolute__struct.h
[1.884s] -- Up-to-date: /home/chelse/ros2_ws/install/turtlesim/include/turtlesim/turtlesim/srv/teleport_absolute.h
[1.886s] -- Up-to-date: /home/chelse/ros2_ws/install/turtlesim/include/turtlesim/turtlesim/srv/kill.h
[1.886s] -- Up-to-date: /home/chelse/ros2_ws/install/turtlesim/include/turtlesim/turtlesim/srv/teleport_relative.h
[1.887s] -- Up-to-date: /home/chelse/ros2_ws/install/turtlesim/include/turtlesim/turtlesim/srv/set_pen.h
[1.887s] -- Up-to-date: /home/chelse/ros2_ws/install/turtlesim/share/turtlesim/environment/library_path.sh
[1.888s] -- Up-to-date: /home/chelse/ros2_ws/install/turtlesim/share/turtlesim/environment/library_path.dsv
[1.888s] -- Up-to-date: /home/chelse/ros2_ws/install/turtlesim/lib/libturtlesim__rosidl_generator_c.so
[1.889s] -- Up-to-date: /home/chelse/ros2_ws/install/turtlesim/include/turtlesim/turtlesim
[1.889s] -- Up-to-date: /home/chelse/ros2_ws/install/turtlesim/include/turtlesim/turtlesim/action
[1.890s] -- Up-to-date: /home/chelse/ros2_ws/install/turtlesim/include/turtlesim/turtlesim/action/detail
[1.892s] -- Up-to-date: /home/chelse/ros2_ws/install/turtlesim/include/turtlesim/turtlesim/action/detail/rotate_absolute__rosidl_typesupport_fastrtps_c.h
[1.892s] -- Up-to-date: /home/chelse/ros2_ws/install/turtlesim/include/turtlesim/turtlesim/msg
[1.893s] -- Up-to-date: /home/chelse/ros2_ws/install/turtlesim/include/turtlesim/turtlesim/msg/detail
[1.894s] -- Up-to-date: /home/chelse/ros2_ws/install/turtlesim/include/turtlesim/turtlesim/msg/detail/pose__rosidl_typesupport_fastrtps_c.h
[1.894s] -- Up-to-date: /home/chelse/ros2_ws/install/turtlesim/include/turtlesim/turtlesim/msg/detail/color__rosidl_typesupport_fastrtps_c.h
[1.895s] -- Up-to-date: /home/chelse/ros2_ws/install/turtlesim/include/turtlesim/turtlesim/msg/rosidl_typesupport_fastrtps_c__visibility_control.h
[1.895s] -- Up-to-date: /home/chelse/ros2_ws/install/turtlesim/include/turtlesim/turtlesim/srv
[1.896s] -- Up-to-date: /home/chelse/ros2_ws/install/turtlesim/include/turtlesim/turtlesim/srv/detail
[1.897s] -- Up-to-date: /home/chelse/ros2_ws/install/turtlesim/include/turtlesim/turtlesim/srv/detail/teleport_absolute__rosidl_typesupport_fastrtps_c.h
[1.897s] -- Up-to-date: /home/chelse/ros2_ws/install/turtlesim/include/turtlesim/turtlesim/srv/detail/kill__rosidl_typesupport_fastrtps_c.h
[1.897s] -- Up-to-date: /home/chelse/ros2_ws/install/turtlesim/include/turtlesim/turtlesim/srv/detail/spawn__rosidl_typesupport_fastrtps_c.h
[1.898s] -- Up-to-date: /home/chelse/ros2_ws/install/turtlesim/include/turtlesim/turtlesim/srv/detail/teleport_relative__rosidl_typesupport_fastrtps_c.h
[1.901s] -- Up-to-date: /home/chelse/ros2_ws/install/turtlesim/include/turtlesim/turtlesim/srv/detail/set_pen__rosidl_typesupport_fastrtps_c.h
[1.901s] -- Up-to-date: /home/chelse/ros2_ws/install/turtlesim/lib/libturtlesim__rosidl_typesupport_fastrtps_c.so
[1.901s] -- Up-to-date: /home/chelse/ros2_ws/install/turtlesim/include/turtlesim/turtlesim
[1.902s] -- Up-to-date: /home/chelse/ros2_ws/install/turtlesim/include/turtlesim/turtlesim/action
[1.902s] -- Up-to-date: /home/chelse/ros2_ws/install/turtlesim/include/turtlesim/turtlesim/action/detail
[1.902s] -- Up-to-date: /home/chelse/ros2_ws/install/turtlesim/include/turtlesim/turtlesim/action/detail/rotate_absolute__traits.hpp
[1.902s] -- Up-to-date: /home/chelse/ros2_ws/install/turtlesim/include/turtlesim/turtlesim/action/detail/rotate_absolute__builder.hpp
[1.903s] -- Up-to-date: /home/chelse/ros2_ws/install/turtlesim/include/turtlesim/turtlesim/action/detail/rotate_absolute__struct.hpp
[1.903s] -- Up-to-date: /home/chelse/ros2_ws/install/turtlesim/include/turtlesim/turtlesim/action/rotate_absolute.hpp
[1.903s] -- Up-to-date: /home/chelse/ros2_ws/install/turtlesim/include/turtlesim/turtlesim/msg
[1.904s] -- Up-to-date: /home/chelse/ros2_ws/install/turtlesim/include/turtlesim/turtlesim/msg/detail
[1.904s] -- Up-to-date: /home/chelse/ros2_ws/install/turtlesim/include/turtlesim/turtlesim/msg/detail/pose__struct.hpp
[1.904s] -- Up-to-date: /home/chelse/ros2_ws/install/turtlesim/include/turtlesim/turtlesim/msg/detail/color__struct.hpp
[1.904s] -- Up-to-date: /home/chelse/ros2_ws/install/turtlesim/include/turtlesim/turtlesim/msg/detail/pose__builder.hpp
[1.905s] -- Up-to-date: /home/chelse/ros2_ws/install/turtlesim/include/turtlesim/turtlesim/msg/detail/pose__traits.hpp
[1.905s] -- Up-to-date: /home/chelse/ros2_ws/install/turtlesim/include/turtlesim/turtlesim/msg/detail/color__traits.hpp
[1.905s] -- Up-to-date: /home/chelse/ros2_ws/install/turtlesim/include/turtlesim/turtlesim/msg/detail/color__builder.hpp
[1.905s] -- Up-to-date: /home/chelse/ros2_ws/install/turtlesim/include/turtlesim/turtlesim/msg/pose.hpp
[1.905s] -- Up-to-date: /home/chelse/ros2_ws/install/turtlesim/include/turtlesim/turtlesim/msg/color.hpp
[1.906s] -- Up-to-date: /home/chelse/ros2_ws/install/turtlesim/include/turtlesim/turtlesim/srv
[1.906s] -- Up-to-date: /home/chelse/ros2_ws/install/turtlesim/include/turtlesim/turtlesim/srv/detail
[1.906s] -- Up-to-date: /home/chelse/ros2_ws/install/turtlesim/include/turtlesim/turtlesim/srv/detail/kill__struct.hpp
[1.906s] -- Up-to-date: /home/chelse/ros2_ws/install/turtlesim/include/turtlesim/turtlesim/srv/detail/spawn__struct.hpp
[1.906s] -- Up-to-date: /home/chelse/ros2_ws/install/turtlesim/include/turtlesim/turtlesim/srv/detail/set_pen__struct.hpp
[1.907s] -- Up-to-date: /home/chelse/ros2_ws/install/turtlesim/include/turtlesim/turtlesim/srv/detail/spawn__builder.hpp
[1.907s] -- Up-to-date: /home/chelse/ros2_ws/install/turtlesim/include/turtlesim/turtlesim/srv/detail/teleport_relative__traits.hpp
[1.907s] -- Up-to-date: /home/chelse/ros2_ws/install/turtlesim/include/turtlesim/turtlesim/srv/detail/teleport_relative__struct.hpp
[1.908s] -- Up-to-date: /home/chelse/ros2_ws/install/turtlesim/include/turtlesim/turtlesim/srv/detail/teleport_absolute__traits.hpp
[1.908s] -- Up-to-date: /home/chelse/ros2_ws/install/turtlesim/include/turtlesim/turtlesim/srv/detail/teleport_absolute__struct.hpp
[1.909s] -- Up-to-date: /home/chelse/ros2_ws/install/turtlesim/include/turtlesim/turtlesim/srv/detail/spawn__traits.hpp
[1.909s] -- Up-to-date: /home/chelse/ros2_ws/install/turtlesim/include/turtlesim/turtlesim/srv/detail/kill__traits.hpp
[1.910s] -- Up-to-date: /home/chelse/ros2_ws/install/turtlesim/include/turtlesim/turtlesim/srv/detail/teleport_relative__builder.hpp
[1.910s] -- Up-to-date: /home/chelse/ros2_ws/install/turtlesim/include/turtlesim/turtlesim/srv/detail/teleport_absolute__builder.hpp
[1.911s] -- Up-to-date: /home/chelse/ros2_ws/install/turtlesim/include/turtlesim/turtlesim/srv/detail/kill__builder.hpp
[1.911s] -- Up-to-date: /home/chelse/ros2_ws/install/turtlesim/include/turtlesim/turtlesim/srv/detail/set_pen__traits.hpp
[1.911s] -- Up-to-date: /home/chelse/ros2_ws/install/turtlesim/include/turtlesim/turtlesim/srv/detail/set_pen__builder.hpp
[1.911s] -- Up-to-date: /home/chelse/ros2_ws/install/turtlesim/include/turtlesim/turtlesim/srv/set_pen.hpp
[1.912s] -- Up-to-date: /home/chelse/ros2_ws/install/turtlesim/include/turtlesim/turtlesim/srv/spawn.hpp
[1.912s] -- Up-to-date: /home/chelse/ros2_ws/install/turtlesim/include/turtlesim/turtlesim/srv/kill.hpp
[1.912s] -- Up-to-date: /home/chelse/ros2_ws/install/turtlesim/include/turtlesim/turtlesim/srv/teleport_relative.hpp
[1.913s] -- Up-to-date: /home/chelse/ros2_ws/install/turtlesim/include/turtlesim/turtlesim/srv/teleport_absolute.hpp
[1.913s] -- Up-to-date: /home/chelse/ros2_ws/install/turtlesim/include/turtlesim/turtlesim
[1.913s] -- Up-to-date: /home/chelse/ros2_ws/install/turtlesim/include/turtlesim/turtlesim/action
[1.914s] -- Up-to-date: /home/chelse/ros2_ws/install/turtlesim/include/turtlesim/turtlesim/action/detail
[1.914s] -- Up-to-date: /home/chelse/ros2_ws/install/turtlesim/include/turtlesim/turtlesim/action/detail/rotate_absolute__rosidl_typesupport_fastrtps_cpp.hpp
[1.914s] -- Up-to-date: /home/chelse/ros2_ws/install/turtlesim/include/turtlesim/turtlesim/action/detail/dds_fastrtps
[1.915s] -- Up-to-date: /home/chelse/ros2_ws/install/turtlesim/include/turtlesim/turtlesim/msg
[1.915s] -- Up-to-date: /home/chelse/ros2_ws/install/turtlesim/include/turtlesim/turtlesim/msg/detail
[1.915s] -- Up-to-date: /home/chelse/ros2_ws/install/turtlesim/include/turtlesim/turtlesim/msg/detail/color__rosidl_typesupport_fastrtps_cpp.hpp
[1.916s] -- Up-to-date: /home/chelse/ros2_ws/install/turtlesim/include/turtlesim/turtlesim/msg/detail/dds_fastrtps
[1.917s] -- Up-to-date: /home/chelse/ros2_ws/install/turtlesim/include/turtlesim/turtlesim/msg/detail/pose__rosidl_typesupport_fastrtps_cpp.hpp
[1.917s] -- Up-to-date: /home/chelse/ros2_ws/install/turtlesim/include/turtlesim/turtlesim/msg/rosidl_typesupport_fastrtps_cpp__visibility_control.h
[1.917s] -- Up-to-date: /home/chelse/ros2_ws/install/turtlesim/include/turtlesim/turtlesim/srv
[1.918s] -- Up-to-date: /home/chelse/ros2_ws/install/turtlesim/include/turtlesim/turtlesim/srv/detail
[1.918s] -- Up-to-date: /home/chelse/ros2_ws/install/turtlesim/include/turtlesim/turtlesim/srv/detail/teleport_relative__rosidl_typesupport_fastrtps_cpp.hpp
[1.918s] -- Up-to-date: /home/chelse/ros2_ws/install/turtlesim/include/turtlesim/turtlesim/srv/detail/set_pen__rosidl_typesupport_fastrtps_cpp.hpp
[1.919s] -- Up-to-date: /home/chelse/ros2_ws/install/turtlesim/include/turtlesim/turtlesim/srv/detail/spawn__rosidl_typesupport_fastrtps_cpp.hpp
[1.919s] -- Up-to-date: /home/chelse/ros2_ws/install/turtlesim/include/turtlesim/turtlesim/srv/detail/teleport_absolute__rosidl_typesupport_fastrtps_cpp.hpp
[1.919s] -- Up-to-date: /home/chelse/ros2_ws/install/turtlesim/include/turtlesim/turtlesim/srv/detail/dds_fastrtps
[1.920s] -- Up-to-date: /home/chelse/ros2_ws/install/turtlesim/include/turtlesim/turtlesim/srv/detail/kill__rosidl_typesupport_fastrtps_cpp.hpp
[1.920s] -- Up-to-date: /home/chelse/ros2_ws/install/turtlesim/lib/libturtlesim__rosidl_typesupport_fastrtps_cpp.so
[1.921s] -- Up-to-date: /home/chelse/ros2_ws/install/turtlesim/include/turtlesim/turtlesim
[1.921s] -- Up-to-date: /home/chelse/ros2_ws/install/turtlesim/include/turtlesim/turtlesim/action
[1.922s] -- Up-to-date: /home/chelse/ros2_ws/install/turtlesim/include/turtlesim/turtlesim/action/detail
[1.923s] -- Up-to-date: /home/chelse/ros2_ws/install/turtlesim/include/turtlesim/turtlesim/action/detail/rotate_absolute__rosidl_typesupport_introspection_c.h
[1.923s] -- Up-to-date: /home/chelse/ros2_ws/install/turtlesim/include/turtlesim/turtlesim/action/detail/rotate_absolute__type_support.c
[1.923s] -- Up-to-date: /home/chelse/ros2_ws/install/turtlesim/include/turtlesim/turtlesim/msg
[1.923s] -- Up-to-date: /home/chelse/ros2_ws/install/turtlesim/include/turtlesim/turtlesim/msg/rosidl_typesupport_introspection_c__visibility_control.h
[1.924s] -- Up-to-date: /home/chelse/ros2_ws/install/turtlesim/include/turtlesim/turtlesim/msg/detail
[1.925s] -- Up-to-date: /home/chelse/ros2_ws/install/turtlesim/include/turtlesim/turtlesim/msg/detail/color__type_support.c
[1.926s] -- Up-to-date: /home/chelse/ros2_ws/install/turtlesim/include/turtlesim/turtlesim/msg/detail/pose__rosidl_typesupport_introspection_c.h
[1.927s] -- Up-to-date: /home/chelse/ros2_ws/install/turtlesim/include/turtlesim/turtlesim/msg/detail/pose__type_support.c
[1.927s] -- Up-to-date: /home/chelse/ros2_ws/install/turtlesim/include/turtlesim/turtlesim/msg/detail/color__rosidl_typesupport_introspection_c.h
[1.927s] -- Up-to-date: /home/chelse/ros2_ws/install/turtlesim/include/turtlesim/turtlesim/srv
[1.927s] -- Up-to-date: /home/chelse/ros2_ws/install/turtlesim/include/turtlesim/turtlesim/srv/detail
[1.928s] -- Up-to-date: /home/chelse/ros2_ws/install/turtlesim/include/turtlesim/turtlesim/srv/detail/teleport_absolute__type_support.c
[1.929s] -- Up-to-date: /home/chelse/ros2_ws/install/turtlesim/include/turtlesim/turtlesim/srv/detail/spawn__type_support.c
[1.929s] -- Up-to-date: /home/chelse/ros2_ws/install/turtlesim/include/turtlesim/turtlesim/srv/detail/kill__type_support.c
[1.931s] -- Up-to-date: /home/chelse/ros2_ws/install/turtlesim/include/turtlesim/turtlesim/srv/detail/teleport_absolute__rosidl_typesupport_introspection_c.h
[1.931s] -- Up-to-date: /home/chelse/ros2_ws/install/turtlesim/include/turtlesim/turtlesim/srv/detail/kill__rosidl_typesupport_introspection_c.h
[1.932s] -- Up-to-date: /home/chelse/ros2_ws/install/turtlesim/include/turtlesim/turtlesim/srv/detail/spawn__rosidl_typesupport_introspection_c.h
[1.932s] -- Up-to-date: /home/chelse/ros2_ws/install/turtlesim/include/turtlesim/turtlesim/srv/detail/set_pen__type_support.c
[1.933s] -- Up-to-date: /home/chelse/ros2_ws/install/turtlesim/include/turtlesim/turtlesim/srv/detail/teleport_relative__type_support.c
[1.933s] -- Up-to-date: /home/chelse/ros2_ws/install/turtlesim/include/turtlesim/turtlesim/srv/detail/set_pen__rosidl_typesupport_introspection_c.h
[1.934s] -- Up-to-date: /home/chelse/ros2_ws/install/turtlesim/include/turtlesim/turtlesim/srv/detail/teleport_relative__rosidl_typesupport_introspection_c.h
[1.934s] -- Up-to-date: /home/chelse/ros2_ws/install/turtlesim/lib/libturtlesim__rosidl_typesupport_introspection_c.so
[1.934s] -- Up-to-date: /home/chelse/ros2_ws/install/turtlesim/lib/libturtlesim__rosidl_typesupport_c.so
[1.935s] -- Up-to-date: /home/chelse/ros2_ws/install/turtlesim/include/turtlesim/turtlesim
[1.935s] -- Up-to-date: /home/chelse/ros2_ws/install/turtlesim/include/turtlesim/turtlesim/action
[1.935s] -- Up-to-date: /home/chelse/ros2_ws/install/turtlesim/include/turtlesim/turtlesim/action/detail
[1.936s] -- Up-to-date: /home/chelse/ros2_ws/install/turtlesim/include/turtlesim/turtlesim/action/detail/rotate_absolute__rosidl_typesupport_introspection_cpp.hpp
[1.937s] -- Up-to-date: /home/chelse/ros2_ws/install/turtlesim/include/turtlesim/turtlesim/action/detail/rotate_absolute__type_support.cpp
[1.937s] -- Up-to-date: /home/chelse/ros2_ws/install/turtlesim/include/turtlesim/turtlesim/msg
[1.938s] -- Up-to-date: /home/chelse/ros2_ws/install/turtlesim/include/turtlesim/turtlesim/msg/detail
[1.938s] -- Up-to-date: /home/chelse/ros2_ws/install/turtlesim/include/turtlesim/turtlesim/msg/detail/pose__rosidl_typesupport_introspection_cpp.hpp
[1.938s] -- Up-to-date: /home/chelse/ros2_ws/install/turtlesim/include/turtlesim/turtlesim/msg/detail/color__type_support.cpp
[1.939s] -- Up-to-date: /home/chelse/ros2_ws/install/turtlesim/include/turtlesim/turtlesim/msg/detail/color__rosidl_typesupport_introspection_cpp.hpp
[1.939s] -- Up-to-date: /home/chelse/ros2_ws/install/turtlesim/include/turtlesim/turtlesim/msg/detail/pose__type_support.cpp
[1.940s] -- Up-to-date: /home/chelse/ros2_ws/install/turtlesim/include/turtlesim/turtlesim/srv
[1.940s] -- Up-to-date: /home/chelse/ros2_ws/install/turtlesim/include/turtlesim/turtlesim/srv/detail
[1.940s] -- Up-to-date: /home/chelse/ros2_ws/install/turtlesim/include/turtlesim/turtlesim/srv/detail/teleport_relative__rosidl_typesupport_introspection_cpp.hpp
[1.941s] -- Up-to-date: /home/chelse/ros2_ws/install/turtlesim/include/turtlesim/turtlesim/srv/detail/teleport_absolute__type_support.cpp
[1.941s] -- Up-to-date: /home/chelse/ros2_ws/install/turtlesim/include/turtlesim/turtlesim/srv/detail/spawn__rosidl_typesupport_introspection_cpp.hpp
[1.941s] -- Up-to-date: /home/chelse/ros2_ws/install/turtlesim/include/turtlesim/turtlesim/srv/detail/teleport_relative__type_support.cpp
[1.942s] -- Up-to-date: /home/chelse/ros2_ws/install/turtlesim/include/turtlesim/turtlesim/srv/detail/set_pen__type_support.cpp
[1.942s] -- Up-to-date: /home/chelse/ros2_ws/install/turtlesim/include/turtlesim/turtlesim/srv/detail/teleport_absolute__rosidl_typesupport_introspection_cpp.hpp
[1.942s] -- Up-to-date: /home/chelse/ros2_ws/install/turtlesim/include/turtlesim/turtlesim/srv/detail/set_pen__rosidl_typesupport_introspection_cpp.hpp
[1.943s] -- Up-to-date: /home/chelse/ros2_ws/install/turtlesim/include/turtlesim/turtlesim/srv/detail/kill__rosidl_typesupport_introspection_cpp.hpp
[1.943s] -- Up-to-date: /home/chelse/ros2_ws/install/turtlesim/include/turtlesim/turtlesim/srv/detail/kill__type_support.cpp
[1.943s] -- Up-to-date: /home/chelse/ros2_ws/install/turtlesim/include/turtlesim/turtlesim/srv/detail/spawn__type_support.cpp
[1.944s] -- Up-to-date: /home/chelse/ros2_ws/install/turtlesim/lib/libturtlesim__rosidl_typesupport_introspection_cpp.so
[1.944s] -- Up-to-date: /home/chelse/ros2_ws/install/turtlesim/lib/libturtlesim__rosidl_typesupport_cpp.so
[1.945s] -- Up-to-date: /home/chelse/ros2_ws/install/turtlesim/share/turtlesim/environment/pythonpath.sh
[1.946s] -- Up-to-date: /home/chelse/ros2_ws/install/turtlesim/share/turtlesim/environment/pythonpath.dsv
[1.947s] -- Up-to-date: /home/chelse/ros2_ws/install/turtlesim/local/lib/python3.10/dist-packages/turtlesim-1.4.2-py3.10.egg-info
[1.947s] -- Installing: /home/chelse/ros2_ws/install/turtlesim/local/lib/python3.10/dist-packages/turtlesim-1.4.2-py3.10.egg-info/SOURCES.txt
[1.948s] -- Installing: /home/chelse/ros2_ws/install/turtlesim/local/lib/python3.10/dist-packages/turtlesim-1.4.2-py3.10.egg-info/PKG-INFO
[1.948s] -- Installing: /home/chelse/ros2_ws/install/turtlesim/local/lib/python3.10/dist-packages/turtlesim-1.4.2-py3.10.egg-info/top_level.txt
[1.948s] -- Installing: /home/chelse/ros2_ws/install/turtlesim/local/lib/python3.10/dist-packages/turtlesim-1.4.2-py3.10.egg-info/dependency_links.txt
[1.949s] -- Up-to-date: /home/chelse/ros2_ws/install/turtlesim/local/lib/python3.10/dist-packages/turtlesim
[1.949s] -- Up-to-date: /home/chelse/ros2_ws/install/turtlesim/local/lib/python3.10/dist-packages/turtlesim/action
[1.949s] -- Up-to-date: /home/chelse/ros2_ws/install/turtlesim/local/lib/python3.10/dist-packages/turtlesim/action/__init__.py
[1.950s] -- Up-to-date: /home/chelse/ros2_ws/install/turtlesim/local/lib/python3.10/dist-packages/turtlesim/action/_rotate_absolute.py
[1.951s] -- Up-to-date: /home/chelse/ros2_ws/install/turtlesim/local/lib/python3.10/dist-packages/turtlesim/action/_rotate_absolute_s.c
[1.951s] -- Up-to-date: /home/chelse/ros2_ws/install/turtlesim/local/lib/python3.10/dist-packages/turtlesim/_turtlesim_s.ep.rosidl_typesupport_fastrtps_c.c
[1.951s] -- Up-to-date: /home/chelse/ros2_ws/install/turtlesim/local/lib/python3.10/dist-packages/turtlesim/msg
[1.951s] -- Up-to-date: /home/chelse/ros2_ws/install/turtlesim/local/lib/python3.10/dist-packages/turtlesim/msg/_color.py
[1.952s] -- Up-to-date: /home/chelse/ros2_ws/install/turtlesim/local/lib/python3.10/dist-packages/turtlesim/msg/_color_s.c
[1.952s] -- Up-to-date: /home/chelse/ros2_ws/install/turtlesim/local/lib/python3.10/dist-packages/turtlesim/msg/__init__.py
[1.952s] -- Up-to-date: /home/chelse/ros2_ws/install/turtlesim/local/lib/python3.10/dist-packages/turtlesim/msg/_pose_s.c
[1.953s] -- Up-to-date: /home/chelse/ros2_ws/install/turtlesim/local/lib/python3.10/dist-packages/turtlesim/msg/_pose.py
[1.954s] -- Up-to-date: /home/chelse/ros2_ws/install/turtlesim/local/lib/python3.10/dist-packages/turtlesim/__init__.py
[1.954s] -- Up-to-date: /home/chelse/ros2_ws/install/turtlesim/local/lib/python3.10/dist-packages/turtlesim/_turtlesim_s.ep.rosidl_typesupport_c.c
[1.955s] -- Up-to-date: /home/chelse/ros2_ws/install/turtlesim/local/lib/python3.10/dist-packages/turtlesim/turtlesim_s__rosidl_typesupport_c.cpython-310-x86_64-linux-gnu.so
[1.955s] -- Up-to-date: /home/chelse/ros2_ws/install/turtlesim/local/lib/python3.10/dist-packages/turtlesim/srv
[1.956s] -- Up-to-date: /home/chelse/ros2_ws/install/turtlesim/local/lib/python3.10/dist-packages/turtlesim/srv/_spawn.py
[1.956s] -- Up-to-date: /home/chelse/ros2_ws/install/turtlesim/local/lib/python3.10/dist-packages/turtlesim/srv/_kill_s.c
[1.956s] -- Up-to-date: /home/chelse/ros2_ws/install/turtlesim/local/lib/python3.10/dist-packages/turtlesim/srv/_kill.py
[1.957s] -- Up-to-date: /home/chelse/ros2_ws/install/turtlesim/local/lib/python3.10/dist-packages/turtlesim/srv/__init__.py
[1.957s] -- Up-to-date: /home/chelse/ros2_ws/install/turtlesim/local/lib/python3.10/dist-packages/turtlesim/srv/_teleport_absolute.py
[1.958s] -- Up-to-date: /home/chelse/ros2_ws/install/turtlesim/local/lib/python3.10/dist-packages/turtlesim/srv/_set_pen_s.c
[1.958s] -- Up-to-date: /home/chelse/ros2_ws/install/turtlesim/local/lib/python3.10/dist-packages/turtlesim/srv/_teleport_relative_s.c
[1.959s] -- Up-to-date: /home/chelse/ros2_ws/install/turtlesim/local/lib/python3.10/dist-packages/turtlesim/srv/_teleport_relative.py
[1.959s] -- Up-to-date: /home/chelse/ros2_ws/install/turtlesim/local/lib/python3.10/dist-packages/turtlesim/srv/_teleport_absolute_s.c
[1.959s] -- Up-to-date: /home/chelse/ros2_ws/install/turtlesim/local/lib/python3.10/dist-packages/turtlesim/srv/_spawn_s.c
[1.960s] -- Up-to-date: /home/chelse/ros2_ws/install/turtlesim/local/lib/python3.10/dist-packages/turtlesim/srv/_set_pen.py
[1.960s] -- Up-to-date: /home/chelse/ros2_ws/install/turtlesim/local/lib/python3.10/dist-packages/turtlesim/libturtlesim__rosidl_generator_py.so
[1.962s] -- Up-to-date: /home/chelse/ros2_ws/install/turtlesim/local/lib/python3.10/dist-packages/turtlesim/turtlesim_s__rosidl_typesupport_fastrtps_c.cpython-310-x86_64-linux-gnu.so
[1.962s] -- Up-to-date: /home/chelse/ros2_ws/install/turtlesim/local/lib/python3.10/dist-packages/turtlesim/turtlesim_s__rosidl_typesupport_introspection_c.cpython-310-x86_64-linux-gnu.so
[1.963s] -- Up-to-date: /home/chelse/ros2_ws/install/turtlesim/local/lib/python3.10/dist-packages/turtlesim/_turtlesim_s.ep.rosidl_typesupport_introspection_c.c
[1.963s] Listing '/home/chelse/ros2_ws/install/turtlesim/local/lib/python3.10/dist-packages/turtlesim'...
[1.964s] Listing '/home/chelse/ros2_ws/install/turtlesim/local/lib/python3.10/dist-packages/turtlesim/action'...
[1.964s] Listing '/home/chelse/ros2_ws/install/turtlesim/local/lib/python3.10/dist-packages/turtlesim/msg'...
[1.965s] Listing '/home/chelse/ros2_ws/install/turtlesim/local/lib/python3.10/dist-packages/turtlesim/srv'...
[1.965s] -- Up-to-date: /home/chelse/ros2_ws/install/turtlesim/local/lib/python3.10/dist-packages/turtlesim/turtlesim_s__rosidl_typesupport_fastrtps_c.cpython-310-x86_64-linux-gnu.so
[1.966s] -- Up-to-date: /home/chelse/ros2_ws/install/turtlesim/local/lib/python3.10/dist-packages/turtlesim/turtlesim_s__rosidl_typesupport_introspection_c.cpython-310-x86_64-linux-gnu.so
[1.969s] -- Up-to-date: /home/chelse/ros2_ws/install/turtlesim/local/lib/python3.10/dist-packages/turtlesim/turtlesim_s__rosidl_typesupport_c.cpython-310-x86_64-linux-gnu.so
[1.972s] -- Up-to-date: /home/chelse/ros2_ws/install/turtlesim/lib/libturtlesim__rosidl_generator_py.so
[1.973s] -- Up-to-date: /home/chelse/ros2_ws/install/turtlesim/share/turtlesim/action/RotateAbsolute.idl
[1.975s] -- Up-to-date: /home/chelse/ros2_ws/install/turtlesim/share/turtlesim/msg/Color.idl
[1.976s] -- Up-to-date: /home/chelse/ros2_ws/install/turtlesim/share/turtlesim/msg/Pose.idl
[1.976s] -- Up-to-date: /home/chelse/ros2_ws/install/turtlesim/share/turtlesim/srv/Kill.idl
[1.977s] -- Up-to-date: /home/chelse/ros2_ws/install/turtlesim/share/turtlesim/srv/SetPen.idl
[1.978s] -- Up-to-date: /home/chelse/ros2_ws/install/turtlesim/share/turtlesim/srv/Spawn.idl
[1.978s] -- Up-to-date: /home/chelse/ros2_ws/install/turtlesim/share/turtlesim/srv/TeleportAbsolute.idl
[1.979s] -- Up-to-date: /home/chelse/ros2_ws/install/turtlesim/share/turtlesim/srv/TeleportRelative.idl
[1.982s] -- Up-to-date: /home/chelse/ros2_ws/install/turtlesim/share/turtlesim/action/RotateAbsolute.action
[1.983s] -- Up-to-date: /home/chelse/ros2_ws/install/turtlesim/share/turtlesim/msg/Color.msg
[1.983s] -- Up-to-date: /home/chelse/ros2_ws/install/turtlesim/share/turtlesim/msg/Pose.msg
[1.984s] -- Up-to-date: /home/chelse/ros2_ws/install/turtlesim/share/turtlesim/srv/Kill.srv
[1.985s] -- Up-to-date: /home/chelse/ros2_ws/install/turtlesim/share/turtlesim/srv/Kill_Request.msg
[1.985s] -- Up-to-date: /home/chelse/ros2_ws/install/turtlesim/share/turtlesim/srv/Kill_Response.msg
[1.985s] -- Up-to-date: /home/chelse/ros2_ws/install/turtlesim/share/turtlesim/srv/SetPen.srv
[1.986s] -- Up-to-date: /home/chelse/ros2_ws/install/turtlesim/share/turtlesim/srv/SetPen_Request.msg
[1.986s] -- Up-to-date: /home/chelse/ros2_ws/install/turtlesim/share/turtlesim/srv/SetPen_Response.msg
[1.986s] -- Up-to-date: /home/chelse/ros2_ws/install/turtlesim/share/turtlesim/srv/Spawn.srv
[1.987s] -- Up-to-date: /home/chelse/ros2_ws/install/turtlesim/share/turtlesim/srv/Spawn_Request.msg
[1.987s] -- Up-to-date: /home/chelse/ros2_ws/install/turtlesim/share/turtlesim/srv/Spawn_Response.msg
[1.987s] -- Up-to-date: /home/chelse/ros2_ws/install/turtlesim/share/turtlesim/srv/TeleportAbsolute.srv
[1.988s] -- Up-to-date: /home/chelse/ros2_ws/install/turtlesim/share/turtlesim/srv/TeleportAbsolute_Request.msg
[1.989s] -- Up-to-date: /home/chelse/ros2_ws/install/turtlesim/share/turtlesim/srv/TeleportAbsolute_Response.msg
[1.989s] -- Up-to-date: /home/chelse/ros2_ws/install/turtlesim/share/turtlesim/srv/TeleportRelative.srv
[1.989s] -- Up-to-date: /home/chelse/ros2_ws/install/turtlesim/share/turtlesim/srv/TeleportRelative_Request.msg
[1.989s] -- Up-to-date: /home/chelse/ros2_ws/install/turtlesim/share/turtlesim/srv/TeleportRelative_Response.msg
[1.990s] -- Up-to-date: /home/chelse/ros2_ws/install/turtlesim/lib/turtlesim/turtlesim_node
[1.990s] -- Up-to-date: /home/chelse/ros2_ws/install/turtlesim/lib/turtlesim/turtle_teleop_key
[1.990s] -- Up-to-date: /home/chelse/ros2_ws/install/turtlesim/lib/turtlesim/draw_square
[1.991s] -- Up-to-date: /home/chelse/ros2_ws/install/turtlesim/lib/turtlesim/mimic
[1.991s] -- Up-to-date: /home/chelse/ros2_ws/install/turtlesim/share/turtlesim/images
[1.991s] -- Up-to-date: /home/chelse/ros2_ws/install/turtlesim/share/turtlesim/images/ardent.png
[1.992s] -- Up-to-date: /home/chelse/ros2_ws/install/turtlesim/share/turtlesim/images/eloquent.png
[1.992s] -- Up-to-date: /home/chelse/ros2_ws/install/turtlesim/share/turtlesim/images/dashing.png
[1.992s] -- Up-to-date: /home/chelse/ros2_ws/install/turtlesim/share/turtlesim/images/foxy.png
[1.992s] -- Up-to-date: /home/chelse/ros2_ws/install/turtlesim/share/turtlesim/images/rolling.png
[1.993s] -- Up-to-date: /home/chelse/ros2_ws/install/turtlesim/share/turtlesim/images/bouncy.png
[1.994s] -- Up-to-date: /home/chelse/ros2_ws/install/turtlesim/share/turtlesim/images/crystal.png
[1.994s] -- Up-to-date: /home/chelse/ros2_ws/install/turtlesim/share/turtlesim/images/galactic.png
[1.994s] -- Up-to-date: /home/chelse/ros2_ws/install/turtlesim/share/turtlesim/images/humble.png
[1.995s] -- Up-to-date: /home/chelse/ros2_ws/install/turtlesim/share/turtlesim/launch
[1.995s] -- Up-to-date: /home/chelse/ros2_ws/install/turtlesim/share/turtlesim/launch/multisim.launch.py
[1.995s] -- Up-to-date: /home/chelse/ros2_ws/install/turtlesim/share/ament_index/resource_index/package_run_dependencies/turtlesim
[1.995s] -- Up-to-date: /home/chelse/ros2_ws/install/turtlesim/share/ament_index/resource_index/parent_prefix_path/turtlesim
[1.996s] -- Up-to-date: /home/chelse/ros2_ws/install/turtlesim/share/turtlesim/environment/ament_prefix_path.sh
[1.996s] -- Up-to-date: /home/chelse/ros2_ws/install/turtlesim/share/turtlesim/environment/ament_prefix_path.dsv
[1.996s] -- Up-to-date: /home/chelse/ros2_ws/install/turtlesim/share/turtlesim/environment/path.sh
[1.997s] -- Up-to-date: /home/chelse/ros2_ws/install/turtlesim/share/turtlesim/environment/path.dsv
[1.997s] -- Up-to-date: /home/chelse/ros2_ws/install/turtlesim/share/turtlesim/local_setup.bash
[1.997s] -- Up-to-date: /home/chelse/ros2_ws/install/turtlesim/share/turtlesim/local_setup.sh
[1.997s] -- Up-to-date: /home/chelse/ros2_ws/install/turtlesim/share/turtlesim/local_setup.zsh
[1.998s] -- Up-to-date: /home/chelse/ros2_ws/install/turtlesim/share/turtlesim/local_setup.dsv
[1.998s] -- Installing: /home/chelse/ros2_ws/install/turtlesim/share/turtlesim/package.dsv
[1.998s] -- Up-to-date: /home/chelse/ros2_ws/install/turtlesim/share/ament_index/resource_index/packages/turtlesim
[1.998s] -- Up-to-date: /home/chelse/ros2_ws/install/turtlesim/share/turtlesim/cmake/export_turtlesim__rosidl_generator_cExport.cmake
[1.999s] -- Up-to-date: /home/chelse/ros2_ws/install/turtlesim/share/turtlesim/cmake/export_turtlesim__rosidl_generator_cExport-noconfig.cmake
[1.999s] -- Up-to-date: /home/chelse/ros2_ws/install/turtlesim/share/turtlesim/cmake/export_turtlesim__rosidl_typesupport_fastrtps_cExport.cmake
[1.999s] -- Up-to-date: /home/chelse/ros2_ws/install/turtlesim/share/turtlesim/cmake/export_turtlesim__rosidl_typesupport_fastrtps_cExport-noconfig.cmake
[2.000s] -- Up-to-date: /home/chelse/ros2_ws/install/turtlesim/share/turtlesim/cmake/export_turtlesim__rosidl_generator_cppExport.cmake
[2.000s] -- Up-to-date: /home/chelse/ros2_ws/install/turtlesim/share/turtlesim/cmake/export_turtlesim__rosidl_typesupport_fastrtps_cppExport.cmake
[2.001s] -- Up-to-date: /home/chelse/ros2_ws/install/turtlesim/share/turtlesim/cmake/export_turtlesim__rosidl_typesupport_fastrtps_cppExport-noconfig.cmake
[2.001s] -- Up-to-date: /home/chelse/ros2_ws/install/turtlesim/share/turtlesim/cmake/turtlesim__rosidl_typesupport_introspection_cExport.cmake
[2.001s] -- Up-to-date: /home/chelse/ros2_ws/install/turtlesim/share/turtlesim/cmake/turtlesim__rosidl_typesupport_introspection_cExport-noconfig.cmake
[2.002s] -- Up-to-date: /home/chelse/ros2_ws/install/turtlesim/share/turtlesim/cmake/turtlesim__rosidl_typesupport_cExport.cmake
[2.003s] -- Up-to-date: /home/chelse/ros2_ws/install/turtlesim/share/turtlesim/cmake/turtlesim__rosidl_typesupport_cExport-noconfig.cmake
[2.003s] -- Up-to-date: /home/chelse/ros2_ws/install/turtlesim/share/turtlesim/cmake/turtlesim__rosidl_typesupport_introspection_cppExport.cmake
[2.003s] -- Up-to-date: /home/chelse/ros2_ws/install/turtlesim/share/turtlesim/cmake/turtlesim__rosidl_typesupport_introspection_cppExport-noconfig.cmake
[2.003s] -- Up-to-date: /home/chelse/ros2_ws/install/turtlesim/share/turtlesim/cmake/turtlesim__rosidl_typesupport_cppExport.cmake
[2.004s] -- Up-to-date: /home/chelse/ros2_ws/install/turtlesim/share/turtlesim/cmake/turtlesim__rosidl_typesupport_cppExport-noconfig.cmake
[2.004s] -- Up-to-date: /home/chelse/ros2_ws/install/turtlesim/share/turtlesim/cmake/export_turtlesim__rosidl_generator_pyExport.cmake
[2.004s] -- Up-to-date: /home/chelse/ros2_ws/install/turtlesim/share/turtlesim/cmake/export_turtlesim__rosidl_generator_pyExport-noconfig.cmake
[2.004s] -- Up-to-date: /home/chelse/ros2_ws/install/turtlesim/share/turtlesim/cmake/rosidl_cmake-extras.cmake
[2.005s] -- Up-to-date: /home/chelse/ros2_ws/install/turtlesim/share/turtlesim/cmake/ament_cmake_export_dependencies-extras.cmake
[2.005s] -- Up-to-date: /home/chelse/ros2_ws/install/turtlesim/share/turtlesim/cmake/ament_cmake_export_include_directories-extras.cmake
[2.005s] -- Up-to-date: /home/chelse/ros2_ws/install/turtlesim/share/turtlesim/cmake/ament_cmake_export_libraries-extras.cmake
[2.005s] -- Up-to-date: /home/chelse/ros2_ws/install/turtlesim/share/turtlesim/cmake/ament_cmake_export_targets-extras.cmake
[2.006s] -- Up-to-date: /home/chelse/ros2_ws/install/turtlesim/share/turtlesim/cmake/rosidl_cmake_export_typesupport_targets-extras.cmake
[2.006s] -- Up-to-date: /home/chelse/ros2_ws/install/turtlesim/share/turtlesim/cmake/rosidl_cmake_export_typesupport_libraries-extras.cmake
[2.006s] -- Up-to-date: /home/chelse/ros2_ws/install/turtlesim/share/turtlesim/cmake/turtlesimConfig.cmake
[2.007s] -- Up-to-date: /home/chelse/ros2_ws/install/turtlesim/share/turtlesim/cmake/turtlesimConfig-version.cmake
[2.008s] -- Up-to-date: /home/chelse/ros2_ws/install/turtlesim/share/turtlesim/package.xml
[2.059s] Invoked command in '/home/chelse/ros2_ws/build/turtlesim' returned '0': CMAKE_PREFIX_PATH=${CMAKE_PREFIX_PATH}:/home/chelse/ros2_ws/install/rob599_basic:/opt/ros/humble /usr/bin/cmake --install /home/chelse/ros2_ws/build/turtlesim
