[1.310s] Invoking command in '/home/chelse/ros2_ws/src/rob599r2/rob599_basic': CMAKE_PREFIX_PATH=/home/chelse/ros2_ws/install/rob599_msgs:/home/chelse/ros2_ws/install/turtlesim:/home/chelse/ros2_ws/install/rob599_hw2_msgs:/home/chelse/ros2_ws/install/rob599_hw2 LD_LIBRARY_PATH=/home/chelse/ros2_ws/install/rob599_msgs/lib:/home/chelse/ros2_ws/install/rob599_hw2_msgs/lib:/opt/ros/humble/opt/rviz_ogre_vendor/lib:/opt/ros/humble/lib/x86_64-linux-gnu:/opt/ros/humble/lib:/home/chelse/ros2_ws/install/turtlesim/lib PYTHONPATH=/home/chelse/ros2_ws/build/rob599_basic/prefix_override:/home/chelse/ros2_ws/install/rob599_basic/lib/python3.10/site-packages:${PYTHONPATH} /usr/bin/python3 setup.py egg_info --egg-base ../../../build/rob599_basic build --build-base /home/chelse/ros2_ws/build/rob599_basic/build install --record /home/chelse/ros2_ws/build/rob599_basic/install.log --install-scripts $base/lib/rob599_basic --single-version-externally-managed
[1.569s] /usr/lib/python3/dist-packages/setuptools/dist.py:723: UserWarning: Usage of dash-separated 'script-dir' will not be supported in future versions. Please use the underscore name 'script_dir' instead
[1.569s]   warnings.warn(
[1.578s] running egg_info
[1.579s] writing ../../../build/rob599_basic/rob599_basic.egg-info/PKG-INFO
[1.579s] writing dependency_links to ../../../build/rob599_basic/rob599_basic.egg-info/dependency_links.txt
[1.580s] writing entry points to ../../../build/rob599_basic/rob599_basic.egg-info/entry_points.txt
[1.580s] writing requirements to ../../../build/rob599_basic/rob599_basic.egg-info/requires.txt
[1.580s] writing top-level names to ../../../build/rob599_basic/rob599_basic.egg-info/top_level.txt
[1.582s] reading manifest file '../../../build/rob599_basic/rob599_basic.egg-info/SOURCES.txt'
[1.582s] adding license file 'LICENSE'
[1.583s] writing manifest file '../../../build/rob599_basic/rob599_basic.egg-info/SOURCES.txt'
[1.583s] running build
[1.583s] running build_py
[1.584s] running install
[1.584s] /usr/lib/python3/dist-packages/setuptools/command/install.py:34: SetuptoolsDeprecationWarning: setup.py install is deprecated. Use build and pip and other standards-based tools.
[1.584s]   warnings.warn(
[1.584s] running install_lib
[1.586s] running install_data
[1.587s] running install_egg_info
[1.588s] removing '/home/chelse/ros2_ws/install/rob599_basic/lib/python3.10/site-packages/rob599_basic-0.0.0-py3.10.egg-info' (and everything under it)
[1.589s] Copying ../../../build/rob599_basic/rob599_basic.egg-info to /home/chelse/ros2_ws/install/rob599_basic/lib/python3.10/site-packages/rob599_basic-0.0.0-py3.10.egg-info
[1.590s] running install_scripts
[1.614s] Installing action_client script to /home/chelse/ros2_ws/install/rob599_basic/lib/rob599_basic
[1.614s] Installing action_server script to /home/chelse/ros2_ws/install/rob599_basic/lib/rob599_basic
[1.615s] Installing client script to /home/chelse/ros2_ws/install/rob599_basic/lib/rob599_basic
[1.615s] Installing doubler script to /home/chelse/ros2_ws/install/rob599_basic/lib/rob599_basic
[1.616s] Installing noiser script to /home/chelse/ros2_ws/install/rob599_basic/lib/rob599_basic
[1.616s] Installing parameter_demo script to /home/chelse/ros2_ws/install/rob599_basic/lib/rob599_basic
[1.616s] Installing publisher script to /home/chelse/ros2_ws/install/rob599_basic/lib/rob599_basic
[1.617s] Installing service script to /home/chelse/ros2_ws/install/rob599_basic/lib/rob599_basic
[1.617s] Installing subscriber script to /home/chelse/ros2_ws/install/rob599_basic/lib/rob599_basic
[1.617s] writing list of installed files to '/home/chelse/ros2_ws/build/rob599_basic/install.log'
[1.690s] Invoked command in '/home/chelse/ros2_ws/src/rob599r2/rob599_basic' returned '0': CMAKE_PREFIX_PATH=/home/chelse/ros2_ws/install/rob599_msgs:/home/chelse/ros2_ws/install/turtlesim:/home/chelse/ros2_ws/install/rob599_hw2_msgs:/home/chelse/ros2_ws/install/rob599_hw2 LD_LIBRARY_PATH=/home/chelse/ros2_ws/install/rob599_msgs/lib:/home/chelse/ros2_ws/install/rob599_hw2_msgs/lib:/opt/ros/humble/opt/rviz_ogre_vendor/lib:/opt/ros/humble/lib/x86_64-linux-gnu:/opt/ros/humble/lib:/home/chelse/ros2_ws/install/turtlesim/lib PYTHONPATH=/home/chelse/ros2_ws/build/rob599_basic/prefix_override:/home/chelse/ros2_ws/install/rob599_basic/lib/python3.10/site-packages:${PYTHONPATH} /usr/bin/python3 setup.py egg_info --egg-base ../../../build/rob599_basic build --build-base /home/chelse/ros2_ws/build/rob599_basic/build install --record /home/chelse/ros2_ws/build/rob599_basic/install.log --install-scripts $base/lib/rob599_basic --single-version-externally-managed
