[0.151s] Invoking command in '/home/chelse/ros2_ws/build/rob599_hw2_msgs': CMAKE_PREFIX_PATH=${CMAKE_PREFIX_PATH}:/home/chelse/ros2_ws/install/rob599_hw3:/home/chelse/ros2_ws/install/rob599_hw2:/opt/ros/humble /usr/bin/cmake --build /home/chelse/ros2_ws/build/rob599_hw2_msgs -- -j12 -l12
[0.199s] [  1%] Built target rob599_hw2_msgs__cpp
[0.201s] [ 12%] Built target rob599_hw2_msgs__rosidl_generator_c
[0.211s] [ 12%] Built target ament_cmake_python_copy_rob599_hw2_msgs
[0.228s] [ 26%] Built target rob599_hw2_msgs__rosidl_typesupport_cpp
[0.228s] [ 35%] Built target rob599_hw2_msgs__rosidl_typesupport_introspection_cpp
[0.230s] [ 46%] Built target rob599_hw2_msgs__rosidl_typesupport_fastrtps_cpp
[0.232s] [ 69%] Built target rob599_hw2_msgs__rosidl_typesupport_c
[0.232s] [ 69%] Built target rob599_hw2_msgs__rosidl_typesupport_introspection_c
[0.235s] [ 80%] Built target rob599_hw2_msgs__rosidl_typesupport_fastrtps_c
[0.254s] [ 80%] Built target rob599_hw2_msgs
[0.274s] [ 81%] Built target rob599_hw2_msgs__py
[0.286s] [35m[1mConsolidate compiler generated dependencies of target rob599_hw2_msgs__rosidl_generator_py[0m
[0.303s] [ 91%] Built target rob599_hw2_msgs__rosidl_generator_py
[0.324s] [ 95%] Built target rob599_hw2_msgs__rosidl_typesupport_c__pyext
[0.325s] [ 97%] Built target rob599_hw2_msgs__rosidl_typesupport_introspection_c__pyext
[0.327s] [100%] Built target rob599_hw2_msgs__rosidl_typesupport_fastrtps_c__pyext
[0.452s] running egg_info
[0.452s] writing rob599_hw2_msgs.egg-info/PKG-INFO
[0.452s] writing dependency_links to rob599_hw2_msgs.egg-info/dependency_links.txt
[0.453s] writing top-level names to rob599_hw2_msgs.egg-info/top_level.txt
[0.454s] reading manifest file 'rob599_hw2_msgs.egg-info/SOURCES.txt'
[0.455s] writing manifest file 'rob599_hw2_msgs.egg-info/SOURCES.txt'
[0.478s] [100%] Built target ament_cmake_python_build_rob599_hw2_msgs_egg
[0.490s] Invoked command in '/home/chelse/ros2_ws/build/rob599_hw2_msgs' returned '0': CMAKE_PREFIX_PATH=${CMAKE_PREFIX_PATH}:/home/chelse/ros2_ws/install/rob599_hw3:/home/chelse/ros2_ws/install/rob599_hw2:/opt/ros/humble /usr/bin/cmake --build /home/chelse/ros2_ws/build/rob599_hw2_msgs -- -j12 -l12
[0.645s] Invoking command in '/home/chelse/ros2_ws/build/rob599_hw2_msgs': CMAKE_PREFIX_PATH=${CMAKE_PREFIX_PATH}:/home/chelse/ros2_ws/install/rob599_hw3:/home/chelse/ros2_ws/install/rob599_hw2:/opt/ros/humble /usr/bin/cmake --install /home/chelse/ros2_ws/build/rob599_hw2_msgs
[0.653s] -- Install configuration: ""
[0.653s] -- Up-to-date: /home/chelse/ros2_ws/install/rob599_hw2_msgs/share/ament_index/resource_index/rosidl_interfaces/rob599_hw2_msgs
[0.653s] -- Up-to-date: /home/chelse/ros2_ws/install/rob599_hw2_msgs/include/rob599_hw2_msgs/rob599_hw2_msgs
[0.653s] -- Up-to-date: /home/chelse/ros2_ws/install/rob599_hw2_msgs/include/rob599_hw2_msgs/rob599_hw2_msgs/action
[0.653s] -- Up-to-date: /home/chelse/ros2_ws/install/rob599_hw2_msgs/include/rob599_hw2_msgs/rob599_hw2_msgs/action/detail
[0.654s] -- Up-to-date: /home/chelse/ros2_ws/install/rob599_hw2_msgs/include/rob599_hw2_msgs/rob599_hw2_msgs/action/detail/launch_rocket__functions.h
[0.654s] -- Up-to-date: /home/chelse/ros2_ws/install/rob599_hw2_msgs/include/rob599_hw2_msgs/rob599_hw2_msgs/action/detail/launch_rocket__struct.h
[0.654s] -- Up-to-date: /home/chelse/ros2_ws/install/rob599_hw2_msgs/include/rob599_hw2_msgs/rob599_hw2_msgs/action/detail/launch_rocket__functions.c
[0.654s] -- Up-to-date: /home/chelse/ros2_ws/install/rob599_hw2_msgs/include/rob599_hw2_msgs/rob599_hw2_msgs/action/detail/launch_rocket__type_support.h
[0.654s] -- Up-to-date: /home/chelse/ros2_ws/install/rob599_hw2_msgs/include/rob599_hw2_msgs/rob599_hw2_msgs/action/launch_rocket.h
[0.654s] -- Up-to-date: /home/chelse/ros2_ws/install/rob599_hw2_msgs/include/rob599_hw2_msgs/rob599_hw2_msgs/msg
[0.654s] -- Up-to-date: /home/chelse/ros2_ws/install/rob599_hw2_msgs/include/rob599_hw2_msgs/rob599_hw2_msgs/msg/rosidl_generator_c__visibility_control.h
[0.654s] -- Up-to-date: /home/chelse/ros2_ws/install/rob599_hw2_msgs/include/rob599_hw2_msgs/rob599_hw2_msgs/srv
[0.654s] -- Up-to-date: /home/chelse/ros2_ws/install/rob599_hw2_msgs/include/rob599_hw2_msgs/rob599_hw2_msgs/srv/clear_positions.h
[0.655s] -- Up-to-date: /home/chelse/ros2_ws/install/rob599_hw2_msgs/include/rob599_hw2_msgs/rob599_hw2_msgs/srv/detail
[0.655s] -- Up-to-date: /home/chelse/ros2_ws/install/rob599_hw2_msgs/include/rob599_hw2_msgs/rob599_hw2_msgs/srv/detail/save_places__functions.c
[0.655s] -- Up-to-date: /home/chelse/ros2_ws/install/rob599_hw2_msgs/include/rob599_hw2_msgs/rob599_hw2_msgs/srv/detail/load_places__struct.h
[0.655s] -- Up-to-date: /home/chelse/ros2_ws/install/rob599_hw2_msgs/include/rob599_hw2_msgs/rob599_hw2_msgs/srv/detail/save_places__functions.h
[0.655s] -- Up-to-date: /home/chelse/ros2_ws/install/rob599_hw2_msgs/include/rob599_hw2_msgs/rob599_hw2_msgs/srv/detail/clear_positions__type_support.h
[0.655s] -- Up-to-date: /home/chelse/ros2_ws/install/rob599_hw2_msgs/include/rob599_hw2_msgs/rob599_hw2_msgs/srv/detail/apply_brakes__type_support.h
[0.655s] -- Up-to-date: /home/chelse/ros2_ws/install/rob599_hw2_msgs/include/rob599_hw2_msgs/rob599_hw2_msgs/srv/detail/clear_positions__struct.h
[0.655s] -- Up-to-date: /home/chelse/ros2_ws/install/rob599_hw2_msgs/include/rob599_hw2_msgs/rob599_hw2_msgs/srv/detail/load_places__functions.c
[0.656s] -- Up-to-date: /home/chelse/ros2_ws/install/rob599_hw2_msgs/include/rob599_hw2_msgs/rob599_hw2_msgs/srv/detail/memorize_position__functions.c
[0.656s] -- Up-to-date: /home/chelse/ros2_ws/install/rob599_hw2_msgs/include/rob599_hw2_msgs/rob599_hw2_msgs/srv/detail/apply_brakes__struct.h
[0.656s] -- Up-to-date: /home/chelse/ros2_ws/install/rob599_hw2_msgs/include/rob599_hw2_msgs/rob599_hw2_msgs/srv/detail/clear_positions__functions.h
[0.656s] -- Up-to-date: /home/chelse/ros2_ws/install/rob599_hw2_msgs/include/rob599_hw2_msgs/rob599_hw2_msgs/srv/detail/apply_brakes__functions.c
[0.656s] -- Up-to-date: /home/chelse/ros2_ws/install/rob599_hw2_msgs/include/rob599_hw2_msgs/rob599_hw2_msgs/srv/detail/memorize_position__type_support.h
[0.656s] -- Up-to-date: /home/chelse/ros2_ws/install/rob599_hw2_msgs/include/rob599_hw2_msgs/rob599_hw2_msgs/srv/detail/load_places__type_support.h
[0.656s] -- Up-to-date: /home/chelse/ros2_ws/install/rob599_hw2_msgs/include/rob599_hw2_msgs/rob599_hw2_msgs/srv/detail/apply_brakes__functions.h
[0.656s] -- Up-to-date: /home/chelse/ros2_ws/install/rob599_hw2_msgs/include/rob599_hw2_msgs/rob599_hw2_msgs/srv/detail/save_places__struct.h
[0.657s] -- Up-to-date: /home/chelse/ros2_ws/install/rob599_hw2_msgs/include/rob599_hw2_msgs/rob599_hw2_msgs/srv/detail/clear_positions__functions.c
[0.657s] -- Up-to-date: /home/chelse/ros2_ws/install/rob599_hw2_msgs/include/rob599_hw2_msgs/rob599_hw2_msgs/srv/detail/save_places__type_support.h
[0.657s] -- Up-to-date: /home/chelse/ros2_ws/install/rob599_hw2_msgs/include/rob599_hw2_msgs/rob599_hw2_msgs/srv/detail/memorize_position__functions.h
[0.657s] -- Up-to-date: /home/chelse/ros2_ws/install/rob599_hw2_msgs/include/rob599_hw2_msgs/rob599_hw2_msgs/srv/detail/memorize_position__struct.h
[0.657s] -- Up-to-date: /home/chelse/ros2_ws/install/rob599_hw2_msgs/include/rob599_hw2_msgs/rob599_hw2_msgs/srv/detail/load_places__functions.h
[0.657s] -- Up-to-date: /home/chelse/ros2_ws/install/rob599_hw2_msgs/include/rob599_hw2_msgs/rob599_hw2_msgs/srv/memorize_position.h
[0.657s] -- Up-to-date: /home/chelse/ros2_ws/install/rob599_hw2_msgs/include/rob599_hw2_msgs/rob599_hw2_msgs/srv/apply_brakes.h
[0.657s] -- Up-to-date: /home/chelse/ros2_ws/install/rob599_hw2_msgs/include/rob599_hw2_msgs/rob599_hw2_msgs/srv/load_places.h
[0.658s] -- Up-to-date: /home/chelse/ros2_ws/install/rob599_hw2_msgs/include/rob599_hw2_msgs/rob599_hw2_msgs/srv/save_places.h
[0.658s] -- Up-to-date: /home/chelse/ros2_ws/install/rob599_hw2_msgs/share/rob599_hw2_msgs/environment/library_path.sh
[0.658s] -- Up-to-date: /home/chelse/ros2_ws/install/rob599_hw2_msgs/share/rob599_hw2_msgs/environment/library_path.dsv
[0.658s] -- Up-to-date: /home/chelse/ros2_ws/install/rob599_hw2_msgs/lib/librob599_hw2_msgs__rosidl_generator_c.so
[0.658s] -- Up-to-date: /home/chelse/ros2_ws/install/rob599_hw2_msgs/include/rob599_hw2_msgs/rob599_hw2_msgs
[0.658s] -- Up-to-date: /home/chelse/ros2_ws/install/rob599_hw2_msgs/include/rob599_hw2_msgs/rob599_hw2_msgs/action
[0.658s] -- Up-to-date: /home/chelse/ros2_ws/install/rob599_hw2_msgs/include/rob599_hw2_msgs/rob599_hw2_msgs/action/detail
[0.658s] -- Up-to-date: /home/chelse/ros2_ws/install/rob599_hw2_msgs/include/rob599_hw2_msgs/rob599_hw2_msgs/action/detail/launch_rocket__rosidl_typesupport_fastrtps_c.h
[0.659s] -- Up-to-date: /home/chelse/ros2_ws/install/rob599_hw2_msgs/include/rob599_hw2_msgs/rob599_hw2_msgs/msg
[0.659s] -- Up-to-date: /home/chelse/ros2_ws/install/rob599_hw2_msgs/include/rob599_hw2_msgs/rob599_hw2_msgs/msg/rosidl_typesupport_fastrtps_c__visibility_control.h
[0.659s] -- Up-to-date: /home/chelse/ros2_ws/install/rob599_hw2_msgs/include/rob599_hw2_msgs/rob599_hw2_msgs/srv
[0.659s] -- Up-to-date: /home/chelse/ros2_ws/install/rob599_hw2_msgs/include/rob599_hw2_msgs/rob599_hw2_msgs/srv/detail
[0.659s] -- Up-to-date: /home/chelse/ros2_ws/install/rob599_hw2_msgs/include/rob599_hw2_msgs/rob599_hw2_msgs/srv/detail/clear_positions__rosidl_typesupport_fastrtps_c.h
[0.659s] -- Up-to-date: /home/chelse/ros2_ws/install/rob599_hw2_msgs/include/rob599_hw2_msgs/rob599_hw2_msgs/srv/detail/apply_brakes__rosidl_typesupport_fastrtps_c.h
[0.659s] -- Up-to-date: /home/chelse/ros2_ws/install/rob599_hw2_msgs/include/rob599_hw2_msgs/rob599_hw2_msgs/srv/detail/save_places__rosidl_typesupport_fastrtps_c.h
[0.659s] -- Up-to-date: /home/chelse/ros2_ws/install/rob599_hw2_msgs/include/rob599_hw2_msgs/rob599_hw2_msgs/srv/detail/load_places__rosidl_typesupport_fastrtps_c.h
[0.660s] -- Up-to-date: /home/chelse/ros2_ws/install/rob599_hw2_msgs/include/rob599_hw2_msgs/rob599_hw2_msgs/srv/detail/memorize_position__rosidl_typesupport_fastrtps_c.h
[0.660s] -- Up-to-date: /home/chelse/ros2_ws/install/rob599_hw2_msgs/lib/librob599_hw2_msgs__rosidl_typesupport_fastrtps_c.so
[0.660s] -- Up-to-date: /home/chelse/ros2_ws/install/rob599_hw2_msgs/include/rob599_hw2_msgs/rob599_hw2_msgs
[0.660s] -- Up-to-date: /home/chelse/ros2_ws/install/rob599_hw2_msgs/include/rob599_hw2_msgs/rob599_hw2_msgs/action
[0.660s] -- Up-to-date: /home/chelse/ros2_ws/install/rob599_hw2_msgs/include/rob599_hw2_msgs/rob599_hw2_msgs/action/detail
[0.660s] -- Up-to-date: /home/chelse/ros2_ws/install/rob599_hw2_msgs/include/rob599_hw2_msgs/rob599_hw2_msgs/action/detail/launch_rocket__type_support.c
[0.660s] -- Up-to-date: /home/chelse/ros2_ws/install/rob599_hw2_msgs/include/rob599_hw2_msgs/rob599_hw2_msgs/action/detail/launch_rocket__rosidl_typesupport_introspection_c.h
[0.660s] -- Up-to-date: /home/chelse/ros2_ws/install/rob599_hw2_msgs/include/rob599_hw2_msgs/rob599_hw2_msgs/msg
[0.660s] -- Up-to-date: /home/chelse/ros2_ws/install/rob599_hw2_msgs/include/rob599_hw2_msgs/rob599_hw2_msgs/msg/rosidl_typesupport_introspection_c__visibility_control.h
[0.660s] -- Up-to-date: /home/chelse/ros2_ws/install/rob599_hw2_msgs/include/rob599_hw2_msgs/rob599_hw2_msgs/srv
[0.661s] -- Up-to-date: /home/chelse/ros2_ws/install/rob599_hw2_msgs/include/rob599_hw2_msgs/rob599_hw2_msgs/srv/detail
[0.661s] -- Up-to-date: /home/chelse/ros2_ws/install/rob599_hw2_msgs/include/rob599_hw2_msgs/rob599_hw2_msgs/srv/detail/clear_positions__type_support.c
[0.661s] -- Up-to-date: /home/chelse/ros2_ws/install/rob599_hw2_msgs/include/rob599_hw2_msgs/rob599_hw2_msgs/srv/detail/save_places__type_support.c
[0.661s] -- Up-to-date: /home/chelse/ros2_ws/install/rob599_hw2_msgs/include/rob599_hw2_msgs/rob599_hw2_msgs/srv/detail/memorize_position__type_support.c
[0.661s] -- Up-to-date: /home/chelse/ros2_ws/install/rob599_hw2_msgs/include/rob599_hw2_msgs/rob599_hw2_msgs/srv/detail/clear_positions__rosidl_typesupport_introspection_c.h
[0.661s] -- Up-to-date: /home/chelse/ros2_ws/install/rob599_hw2_msgs/include/rob599_hw2_msgs/rob599_hw2_msgs/srv/detail/load_places__type_support.c
[0.661s] -- Up-to-date: /home/chelse/ros2_ws/install/rob599_hw2_msgs/include/rob599_hw2_msgs/rob599_hw2_msgs/srv/detail/memorize_position__rosidl_typesupport_introspection_c.h
[0.661s] -- Up-to-date: /home/chelse/ros2_ws/install/rob599_hw2_msgs/include/rob599_hw2_msgs/rob599_hw2_msgs/srv/detail/apply_brakes__rosidl_typesupport_introspection_c.h
[0.661s] -- Up-to-date: /home/chelse/ros2_ws/install/rob599_hw2_msgs/include/rob599_hw2_msgs/rob599_hw2_msgs/srv/detail/load_places__rosidl_typesupport_introspection_c.h
[0.662s] -- Up-to-date: /home/chelse/ros2_ws/install/rob599_hw2_msgs/include/rob599_hw2_msgs/rob599_hw2_msgs/srv/detail/apply_brakes__type_support.c
[0.662s] -- Up-to-date: /home/chelse/ros2_ws/install/rob599_hw2_msgs/include/rob599_hw2_msgs/rob599_hw2_msgs/srv/detail/save_places__rosidl_typesupport_introspection_c.h
[0.662s] -- Up-to-date: /home/chelse/ros2_ws/install/rob599_hw2_msgs/lib/librob599_hw2_msgs__rosidl_typesupport_introspection_c.so
[0.662s] -- Up-to-date: /home/chelse/ros2_ws/install/rob599_hw2_msgs/lib/librob599_hw2_msgs__rosidl_typesupport_c.so
[0.662s] -- Up-to-date: /home/chelse/ros2_ws/install/rob599_hw2_msgs/include/rob599_hw2_msgs/rob599_hw2_msgs
[0.662s] -- Up-to-date: /home/chelse/ros2_ws/install/rob599_hw2_msgs/include/rob599_hw2_msgs/rob599_hw2_msgs/action
[0.662s] -- Up-to-date: /home/chelse/ros2_ws/install/rob599_hw2_msgs/include/rob599_hw2_msgs/rob599_hw2_msgs/action/detail
[0.662s] -- Up-to-date: /home/chelse/ros2_ws/install/rob599_hw2_msgs/include/rob599_hw2_msgs/rob599_hw2_msgs/action/detail/launch_rocket__traits.hpp
[0.663s] -- Up-to-date: /home/chelse/ros2_ws/install/rob599_hw2_msgs/include/rob599_hw2_msgs/rob599_hw2_msgs/action/detail/launch_rocket__builder.hpp
[0.663s] -- Up-to-date: /home/chelse/ros2_ws/install/rob599_hw2_msgs/include/rob599_hw2_msgs/rob599_hw2_msgs/action/detail/launch_rocket__struct.hpp
[0.663s] -- Up-to-date: /home/chelse/ros2_ws/install/rob599_hw2_msgs/include/rob599_hw2_msgs/rob599_hw2_msgs/action/launch_rocket.hpp
[0.663s] -- Up-to-date: /home/chelse/ros2_ws/install/rob599_hw2_msgs/include/rob599_hw2_msgs/rob599_hw2_msgs/srv
[0.663s] -- Up-to-date: /home/chelse/ros2_ws/install/rob599_hw2_msgs/include/rob599_hw2_msgs/rob599_hw2_msgs/srv/memorize_position.hpp
[0.663s] -- Up-to-date: /home/chelse/ros2_ws/install/rob599_hw2_msgs/include/rob599_hw2_msgs/rob599_hw2_msgs/srv/clear_positions.hpp
[0.663s] -- Up-to-date: /home/chelse/ros2_ws/install/rob599_hw2_msgs/include/rob599_hw2_msgs/rob599_hw2_msgs/srv/save_places.hpp
[0.663s] -- Up-to-date: /home/chelse/ros2_ws/install/rob599_hw2_msgs/include/rob599_hw2_msgs/rob599_hw2_msgs/srv/load_places.hpp
[0.663s] -- Up-to-date: /home/chelse/ros2_ws/install/rob599_hw2_msgs/include/rob599_hw2_msgs/rob599_hw2_msgs/srv/detail
[0.663s] -- Up-to-date: /home/chelse/ros2_ws/install/rob599_hw2_msgs/include/rob599_hw2_msgs/rob599_hw2_msgs/srv/detail/clear_positions__builder.hpp
[0.664s] -- Up-to-date: /home/chelse/ros2_ws/install/rob599_hw2_msgs/include/rob599_hw2_msgs/rob599_hw2_msgs/srv/detail/apply_brakes__struct.hpp
[0.664s] -- Up-to-date: /home/chelse/ros2_ws/install/rob599_hw2_msgs/include/rob599_hw2_msgs/rob599_hw2_msgs/srv/detail/save_places__traits.hpp
[0.664s] -- Up-to-date: /home/chelse/ros2_ws/install/rob599_hw2_msgs/include/rob599_hw2_msgs/rob599_hw2_msgs/srv/detail/apply_brakes__traits.hpp
[0.664s] -- Up-to-date: /home/chelse/ros2_ws/install/rob599_hw2_msgs/include/rob599_hw2_msgs/rob599_hw2_msgs/srv/detail/clear_positions__struct.hpp
[0.664s] -- Up-to-date: /home/chelse/ros2_ws/install/rob599_hw2_msgs/include/rob599_hw2_msgs/rob599_hw2_msgs/srv/detail/load_places__struct.hpp
[0.664s] -- Up-to-date: /home/chelse/ros2_ws/install/rob599_hw2_msgs/include/rob599_hw2_msgs/rob599_hw2_msgs/srv/detail/load_places__traits.hpp
[0.664s] -- Up-to-date: /home/chelse/ros2_ws/install/rob599_hw2_msgs/include/rob599_hw2_msgs/rob599_hw2_msgs/srv/detail/apply_brakes__builder.hpp
[0.664s] -- Up-to-date: /home/chelse/ros2_ws/install/rob599_hw2_msgs/include/rob599_hw2_msgs/rob599_hw2_msgs/srv/detail/memorize_position__builder.hpp
[0.664s] -- Up-to-date: /home/chelse/ros2_ws/install/rob599_hw2_msgs/include/rob599_hw2_msgs/rob599_hw2_msgs/srv/detail/memorize_position__traits.hpp
[0.664s] -- Up-to-date: /home/chelse/ros2_ws/install/rob599_hw2_msgs/include/rob599_hw2_msgs/rob599_hw2_msgs/srv/detail/save_places__struct.hpp
[0.665s] -- Up-to-date: /home/chelse/ros2_ws/install/rob599_hw2_msgs/include/rob599_hw2_msgs/rob599_hw2_msgs/srv/detail/load_places__builder.hpp
[0.665s] -- Up-to-date: /home/chelse/ros2_ws/install/rob599_hw2_msgs/include/rob599_hw2_msgs/rob599_hw2_msgs/srv/detail/clear_positions__traits.hpp
[0.665s] -- Up-to-date: /home/chelse/ros2_ws/install/rob599_hw2_msgs/include/rob599_hw2_msgs/rob599_hw2_msgs/srv/detail/memorize_position__struct.hpp
[0.665s] -- Up-to-date: /home/chelse/ros2_ws/install/rob599_hw2_msgs/include/rob599_hw2_msgs/rob599_hw2_msgs/srv/detail/save_places__builder.hpp
[0.665s] -- Up-to-date: /home/chelse/ros2_ws/install/rob599_hw2_msgs/include/rob599_hw2_msgs/rob599_hw2_msgs/srv/apply_brakes.hpp
[0.665s] -- Up-to-date: /home/chelse/ros2_ws/install/rob599_hw2_msgs/include/rob599_hw2_msgs/rob599_hw2_msgs
[0.665s] -- Up-to-date: /home/chelse/ros2_ws/install/rob599_hw2_msgs/include/rob599_hw2_msgs/rob599_hw2_msgs/action
[0.665s] -- Up-to-date: /home/chelse/ros2_ws/install/rob599_hw2_msgs/include/rob599_hw2_msgs/rob599_hw2_msgs/action/detail
[0.665s] -- Up-to-date: /home/chelse/ros2_ws/install/rob599_hw2_msgs/include/rob599_hw2_msgs/rob599_hw2_msgs/action/detail/dds_fastrtps
[0.665s] -- Up-to-date: /home/chelse/ros2_ws/install/rob599_hw2_msgs/include/rob599_hw2_msgs/rob599_hw2_msgs/action/detail/launch_rocket__rosidl_typesupport_fastrtps_cpp.hpp
[0.665s] -- Up-to-date: /home/chelse/ros2_ws/install/rob599_hw2_msgs/include/rob599_hw2_msgs/rob599_hw2_msgs/msg
[0.666s] -- Up-to-date: /home/chelse/ros2_ws/install/rob599_hw2_msgs/include/rob599_hw2_msgs/rob599_hw2_msgs/msg/rosidl_typesupport_fastrtps_cpp__visibility_control.h
[0.666s] -- Up-to-date: /home/chelse/ros2_ws/install/rob599_hw2_msgs/include/rob599_hw2_msgs/rob599_hw2_msgs/srv
[0.666s] -- Up-to-date: /home/chelse/ros2_ws/install/rob599_hw2_msgs/include/rob599_hw2_msgs/rob599_hw2_msgs/srv/detail
[0.666s] -- Up-to-date: /home/chelse/ros2_ws/install/rob599_hw2_msgs/include/rob599_hw2_msgs/rob599_hw2_msgs/srv/detail/memorize_position__rosidl_typesupport_fastrtps_cpp.hpp
[0.666s] -- Up-to-date: /home/chelse/ros2_ws/install/rob599_hw2_msgs/include/rob599_hw2_msgs/rob599_hw2_msgs/srv/detail/save_places__rosidl_typesupport_fastrtps_cpp.hpp
[0.666s] -- Up-to-date: /home/chelse/ros2_ws/install/rob599_hw2_msgs/include/rob599_hw2_msgs/rob599_hw2_msgs/srv/detail/load_places__rosidl_typesupport_fastrtps_cpp.hpp
[0.666s] -- Up-to-date: /home/chelse/ros2_ws/install/rob599_hw2_msgs/include/rob599_hw2_msgs/rob599_hw2_msgs/srv/detail/apply_brakes__rosidl_typesupport_fastrtps_cpp.hpp
[0.666s] -- Up-to-date: /home/chelse/ros2_ws/install/rob599_hw2_msgs/include/rob599_hw2_msgs/rob599_hw2_msgs/srv/detail/clear_positions__rosidl_typesupport_fastrtps_cpp.hpp
[0.666s] -- Up-to-date: /home/chelse/ros2_ws/install/rob599_hw2_msgs/include/rob599_hw2_msgs/rob599_hw2_msgs/srv/detail/dds_fastrtps
[0.666s] -- Up-to-date: /home/chelse/ros2_ws/install/rob599_hw2_msgs/lib/librob599_hw2_msgs__rosidl_typesupport_fastrtps_cpp.so
[0.667s] -- Up-to-date: /home/chelse/ros2_ws/install/rob599_hw2_msgs/include/rob599_hw2_msgs/rob599_hw2_msgs
[0.667s] -- Up-to-date: /home/chelse/ros2_ws/install/rob599_hw2_msgs/include/rob599_hw2_msgs/rob599_hw2_msgs/action
[0.667s] -- Up-to-date: /home/chelse/ros2_ws/install/rob599_hw2_msgs/include/rob599_hw2_msgs/rob599_hw2_msgs/action/detail
[0.667s] -- Up-to-date: /home/chelse/ros2_ws/install/rob599_hw2_msgs/include/rob599_hw2_msgs/rob599_hw2_msgs/action/detail/launch_rocket__type_support.cpp
[0.667s] -- Up-to-date: /home/chelse/ros2_ws/install/rob599_hw2_msgs/include/rob599_hw2_msgs/rob599_hw2_msgs/action/detail/launch_rocket__rosidl_typesupport_introspection_cpp.hpp
[0.667s] -- Up-to-date: /home/chelse/ros2_ws/install/rob599_hw2_msgs/include/rob599_hw2_msgs/rob599_hw2_msgs/srv
[0.667s] -- Up-to-date: /home/chelse/ros2_ws/install/rob599_hw2_msgs/include/rob599_hw2_msgs/rob599_hw2_msgs/srv/detail
[0.667s] -- Up-to-date: /home/chelse/ros2_ws/install/rob599_hw2_msgs/include/rob599_hw2_msgs/rob599_hw2_msgs/srv/detail/save_places__rosidl_typesupport_introspection_cpp.hpp
[0.667s] -- Up-to-date: /home/chelse/ros2_ws/install/rob599_hw2_msgs/include/rob599_hw2_msgs/rob599_hw2_msgs/srv/detail/save_places__type_support.cpp
[0.667s] -- Up-to-date: /home/chelse/ros2_ws/install/rob599_hw2_msgs/include/rob599_hw2_msgs/rob599_hw2_msgs/srv/detail/clear_positions__rosidl_typesupport_introspection_cpp.hpp
[0.667s] -- Up-to-date: /home/chelse/ros2_ws/install/rob599_hw2_msgs/include/rob599_hw2_msgs/rob599_hw2_msgs/srv/detail/apply_brakes__rosidl_typesupport_introspection_cpp.hpp
[0.668s] -- Up-to-date: /home/chelse/ros2_ws/install/rob599_hw2_msgs/include/rob599_hw2_msgs/rob599_hw2_msgs/srv/detail/clear_positions__type_support.cpp
[0.668s] -- Up-to-date: /home/chelse/ros2_ws/install/rob599_hw2_msgs/include/rob599_hw2_msgs/rob599_hw2_msgs/srv/detail/memorize_position__type_support.cpp
[0.668s] -- Up-to-date: /home/chelse/ros2_ws/install/rob599_hw2_msgs/include/rob599_hw2_msgs/rob599_hw2_msgs/srv/detail/memorize_position__rosidl_typesupport_introspection_cpp.hpp
[0.668s] -- Up-to-date: /home/chelse/ros2_ws/install/rob599_hw2_msgs/include/rob599_hw2_msgs/rob599_hw2_msgs/srv/detail/load_places__type_support.cpp
[0.668s] -- Up-to-date: /home/chelse/ros2_ws/install/rob599_hw2_msgs/include/rob599_hw2_msgs/rob599_hw2_msgs/srv/detail/load_places__rosidl_typesupport_introspection_cpp.hpp
[0.668s] -- Up-to-date: /home/chelse/ros2_ws/install/rob599_hw2_msgs/include/rob599_hw2_msgs/rob599_hw2_msgs/srv/detail/apply_brakes__type_support.cpp
[0.668s] -- Up-to-date: /home/chelse/ros2_ws/install/rob599_hw2_msgs/lib/librob599_hw2_msgs__rosidl_typesupport_introspection_cpp.so
[0.668s] -- Up-to-date: /home/chelse/ros2_ws/install/rob599_hw2_msgs/lib/librob599_hw2_msgs__rosidl_typesupport_cpp.so
[0.668s] -- Up-to-date: /home/chelse/ros2_ws/install/rob599_hw2_msgs/share/rob599_hw2_msgs/environment/pythonpath.sh
[0.668s] -- Up-to-date: /home/chelse/ros2_ws/install/rob599_hw2_msgs/share/rob599_hw2_msgs/environment/pythonpath.dsv
[0.668s] -- Up-to-date: /home/chelse/ros2_ws/install/rob599_hw2_msgs/local/lib/python3.10/dist-packages/rob599_hw2_msgs-0.0.0-py3.10.egg-info
[0.669s] -- Installing: /home/chelse/ros2_ws/install/rob599_hw2_msgs/local/lib/python3.10/dist-packages/rob599_hw2_msgs-0.0.0-py3.10.egg-info/SOURCES.txt
[0.669s] -- Installing: /home/chelse/ros2_ws/install/rob599_hw2_msgs/local/lib/python3.10/dist-packages/rob599_hw2_msgs-0.0.0-py3.10.egg-info/PKG-INFO
[0.669s] -- Installing: /home/chelse/ros2_ws/install/rob599_hw2_msgs/local/lib/python3.10/dist-packages/rob599_hw2_msgs-0.0.0-py3.10.egg-info/top_level.txt
[0.669s] -- Installing: /home/chelse/ros2_ws/install/rob599_hw2_msgs/local/lib/python3.10/dist-packages/rob599_hw2_msgs-0.0.0-py3.10.egg-info/dependency_links.txt
[0.669s] -- Up-to-date: /home/chelse/ros2_ws/install/rob599_hw2_msgs/local/lib/python3.10/dist-packages/rob599_hw2_msgs
[0.669s] -- Up-to-date: /home/chelse/ros2_ws/install/rob599_hw2_msgs/local/lib/python3.10/dist-packages/rob599_hw2_msgs/rob599_hw2_msgs_s__rosidl_typesupport_c.cpython-310-x86_64-linux-gnu.so
[0.669s] -- Up-to-date: /home/chelse/ros2_ws/install/rob599_hw2_msgs/local/lib/python3.10/dist-packages/rob599_hw2_msgs/action
[0.669s] -- Up-to-date: /home/chelse/ros2_ws/install/rob599_hw2_msgs/local/lib/python3.10/dist-packages/rob599_hw2_msgs/action/__init__.py
[0.669s] -- Up-to-date: /home/chelse/ros2_ws/install/rob599_hw2_msgs/local/lib/python3.10/dist-packages/rob599_hw2_msgs/action/_launch_rocket.py
[0.669s] -- Up-to-date: /home/chelse/ros2_ws/install/rob599_hw2_msgs/local/lib/python3.10/dist-packages/rob599_hw2_msgs/action/_launch_rocket_s.c
[0.670s] -- Up-to-date: /home/chelse/ros2_ws/install/rob599_hw2_msgs/local/lib/python3.10/dist-packages/rob599_hw2_msgs/_rob599_hw2_msgs_s.ep.rosidl_typesupport_introspection_c.c
[0.670s] -- Up-to-date: /home/chelse/ros2_ws/install/rob599_hw2_msgs/local/lib/python3.10/dist-packages/rob599_hw2_msgs/__init__.py
[0.670s] -- Up-to-date: /home/chelse/ros2_ws/install/rob599_hw2_msgs/local/lib/python3.10/dist-packages/rob599_hw2_msgs/rob599_hw2_msgs_s__rosidl_typesupport_introspection_c.cpython-310-x86_64-linux-gnu.so
[0.670s] -- Up-to-date: /home/chelse/ros2_ws/install/rob599_hw2_msgs/local/lib/python3.10/dist-packages/rob599_hw2_msgs/librob599_hw2_msgs__rosidl_generator_py.so
[0.670s] -- Up-to-date: /home/chelse/ros2_ws/install/rob599_hw2_msgs/local/lib/python3.10/dist-packages/rob599_hw2_msgs/_rob599_hw2_msgs_s.ep.rosidl_typesupport_fastrtps_c.c
[0.670s] -- Up-to-date: /home/chelse/ros2_ws/install/rob599_hw2_msgs/local/lib/python3.10/dist-packages/rob599_hw2_msgs/rob599_hw2_msgs_s__rosidl_typesupport_fastrtps_c.cpython-310-x86_64-linux-gnu.so
[0.670s] -- Up-to-date: /home/chelse/ros2_ws/install/rob599_hw2_msgs/local/lib/python3.10/dist-packages/rob599_hw2_msgs/srv
[0.670s] -- Up-to-date: /home/chelse/ros2_ws/install/rob599_hw2_msgs/local/lib/python3.10/dist-packages/rob599_hw2_msgs/srv/_load_places_s.c
[0.670s] -- Up-to-date: /home/chelse/ros2_ws/install/rob599_hw2_msgs/local/lib/python3.10/dist-packages/rob599_hw2_msgs/srv/_clear_positions.py
[0.670s] -- Up-to-date: /home/chelse/ros2_ws/install/rob599_hw2_msgs/local/lib/python3.10/dist-packages/rob599_hw2_msgs/srv/_save_places_s.c
[0.670s] -- Up-to-date: /home/chelse/ros2_ws/install/rob599_hw2_msgs/local/lib/python3.10/dist-packages/rob599_hw2_msgs/srv/_load_places.py
[0.671s] -- Up-to-date: /home/chelse/ros2_ws/install/rob599_hw2_msgs/local/lib/python3.10/dist-packages/rob599_hw2_msgs/srv/_apply_brakes_s.c
[0.671s] -- Up-to-date: /home/chelse/ros2_ws/install/rob599_hw2_msgs/local/lib/python3.10/dist-packages/rob599_hw2_msgs/srv/__init__.py
[0.671s] -- Up-to-date: /home/chelse/ros2_ws/install/rob599_hw2_msgs/local/lib/python3.10/dist-packages/rob599_hw2_msgs/srv/_memorize_position.py
[0.671s] -- Up-to-date: /home/chelse/ros2_ws/install/rob599_hw2_msgs/local/lib/python3.10/dist-packages/rob599_hw2_msgs/srv/_clear_positions_s.c
[0.671s] -- Up-to-date: /home/chelse/ros2_ws/install/rob599_hw2_msgs/local/lib/python3.10/dist-packages/rob599_hw2_msgs/srv/_save_places.py
[0.671s] -- Up-to-date: /home/chelse/ros2_ws/install/rob599_hw2_msgs/local/lib/python3.10/dist-packages/rob599_hw2_msgs/srv/_memorize_position_s.c
[0.671s] -- Up-to-date: /home/chelse/ros2_ws/install/rob599_hw2_msgs/local/lib/python3.10/dist-packages/rob599_hw2_msgs/srv/_apply_brakes.py
[0.671s] -- Up-to-date: /home/chelse/ros2_ws/install/rob599_hw2_msgs/local/lib/python3.10/dist-packages/rob599_hw2_msgs/_rob599_hw2_msgs_s.ep.rosidl_typesupport_c.c
[0.692s] Listing '/home/chelse/ros2_ws/install/rob599_hw2_msgs/local/lib/python3.10/dist-packages/rob599_hw2_msgs'...
[0.692s] Listing '/home/chelse/ros2_ws/install/rob599_hw2_msgs/local/lib/python3.10/dist-packages/rob599_hw2_msgs/action'...
[0.692s] Listing '/home/chelse/ros2_ws/install/rob599_hw2_msgs/local/lib/python3.10/dist-packages/rob599_hw2_msgs/srv'...
[0.696s] -- Up-to-date: /home/chelse/ros2_ws/install/rob599_hw2_msgs/local/lib/python3.10/dist-packages/rob599_hw2_msgs/rob599_hw2_msgs_s__rosidl_typesupport_fastrtps_c.cpython-310-x86_64-linux-gnu.so
[0.696s] -- Up-to-date: /home/chelse/ros2_ws/install/rob599_hw2_msgs/local/lib/python3.10/dist-packages/rob599_hw2_msgs/rob599_hw2_msgs_s__rosidl_typesupport_introspection_c.cpython-310-x86_64-linux-gnu.so
[0.697s] -- Up-to-date: /home/chelse/ros2_ws/install/rob599_hw2_msgs/local/lib/python3.10/dist-packages/rob599_hw2_msgs/rob599_hw2_msgs_s__rosidl_typesupport_c.cpython-310-x86_64-linux-gnu.so
[0.697s] -- Up-to-date: /home/chelse/ros2_ws/install/rob599_hw2_msgs/lib/librob599_hw2_msgs__rosidl_generator_py.so
[0.697s] -- Up-to-date: /home/chelse/ros2_ws/install/rob599_hw2_msgs/share/rob599_hw2_msgs/srv/ApplyBrakes.idl
[0.697s] -- Up-to-date: /home/chelse/ros2_ws/install/rob599_hw2_msgs/share/rob599_hw2_msgs/srv/MemorizePosition.idl
[0.698s] -- Up-to-date: /home/chelse/ros2_ws/install/rob599_hw2_msgs/share/rob599_hw2_msgs/srv/ClearPositions.idl
[0.698s] -- Up-to-date: /home/chelse/ros2_ws/install/rob599_hw2_msgs/share/rob599_hw2_msgs/srv/SavePlaces.idl
[0.698s] -- Up-to-date: /home/chelse/ros2_ws/install/rob599_hw2_msgs/share/rob599_hw2_msgs/srv/LoadPlaces.idl
[0.698s] -- Up-to-date: /home/chelse/ros2_ws/install/rob599_hw2_msgs/share/rob599_hw2_msgs/action/LaunchRocket.idl
[0.698s] -- Up-to-date: /home/chelse/ros2_ws/install/rob599_hw2_msgs/share/rob599_hw2_msgs/srv/ApplyBrakes.srv
[0.698s] -- Up-to-date: /home/chelse/ros2_ws/install/rob599_hw2_msgs/share/rob599_hw2_msgs/srv/ApplyBrakes_Request.msg
[0.698s] -- Up-to-date: /home/chelse/ros2_ws/install/rob599_hw2_msgs/share/rob599_hw2_msgs/srv/ApplyBrakes_Response.msg
[0.699s] -- Up-to-date: /home/chelse/ros2_ws/install/rob599_hw2_msgs/share/rob599_hw2_msgs/srv/MemorizePosition.srv
[0.699s] -- Up-to-date: /home/chelse/ros2_ws/install/rob599_hw2_msgs/share/rob599_hw2_msgs/srv/MemorizePosition_Request.msg
[0.699s] -- Up-to-date: /home/chelse/ros2_ws/install/rob599_hw2_msgs/share/rob599_hw2_msgs/srv/MemorizePosition_Response.msg
[0.699s] -- Up-to-date: /home/chelse/ros2_ws/install/rob599_hw2_msgs/share/rob599_hw2_msgs/srv/ClearPositions.srv
[0.699s] -- Up-to-date: /home/chelse/ros2_ws/install/rob599_hw2_msgs/share/rob599_hw2_msgs/srv/ClearPositions_Request.msg
[0.699s] -- Up-to-date: /home/chelse/ros2_ws/install/rob599_hw2_msgs/share/rob599_hw2_msgs/srv/ClearPositions_Response.msg
[0.699s] -- Up-to-date: /home/chelse/ros2_ws/install/rob599_hw2_msgs/share/rob599_hw2_msgs/srv/SavePlaces.srv
[0.699s] -- Up-to-date: /home/chelse/ros2_ws/install/rob599_hw2_msgs/share/rob599_hw2_msgs/srv/SavePlaces_Request.msg
[0.699s] -- Up-to-date: /home/chelse/ros2_ws/install/rob599_hw2_msgs/share/rob599_hw2_msgs/srv/SavePlaces_Response.msg
[0.700s] -- Up-to-date: /home/chelse/ros2_ws/install/rob599_hw2_msgs/share/rob599_hw2_msgs/srv/LoadPlaces.srv
[0.700s] -- Up-to-date: /home/chelse/ros2_ws/install/rob599_hw2_msgs/share/rob599_hw2_msgs/srv/LoadPlaces_Request.msg
[0.700s] -- Up-to-date: /home/chelse/ros2_ws/install/rob599_hw2_msgs/share/rob599_hw2_msgs/srv/LoadPlaces_Response.msg
[0.700s] -- Up-to-date: /home/chelse/ros2_ws/install/rob599_hw2_msgs/share/rob599_hw2_msgs/action/LaunchRocket.action
[0.700s] -- Up-to-date: /home/chelse/ros2_ws/install/rob599_hw2_msgs/share/ament_index/resource_index/package_run_dependencies/rob599_hw2_msgs
[0.700s] -- Up-to-date: /home/chelse/ros2_ws/install/rob599_hw2_msgs/share/ament_index/resource_index/parent_prefix_path/rob599_hw2_msgs
[0.700s] -- Up-to-date: /home/chelse/ros2_ws/install/rob599_hw2_msgs/share/rob599_hw2_msgs/environment/ament_prefix_path.sh
[0.700s] -- Up-to-date: /home/chelse/ros2_ws/install/rob599_hw2_msgs/share/rob599_hw2_msgs/environment/ament_prefix_path.dsv
[0.701s] -- Up-to-date: /home/chelse/ros2_ws/install/rob599_hw2_msgs/share/rob599_hw2_msgs/environment/path.sh
[0.701s] -- Up-to-date: /home/chelse/ros2_ws/install/rob599_hw2_msgs/share/rob599_hw2_msgs/environment/path.dsv
[0.701s] -- Up-to-date: /home/chelse/ros2_ws/install/rob599_hw2_msgs/share/rob599_hw2_msgs/local_setup.bash
[0.701s] -- Up-to-date: /home/chelse/ros2_ws/install/rob599_hw2_msgs/share/rob599_hw2_msgs/local_setup.sh
[0.701s] -- Up-to-date: /home/chelse/ros2_ws/install/rob599_hw2_msgs/share/rob599_hw2_msgs/local_setup.zsh
[0.701s] -- Up-to-date: /home/chelse/ros2_ws/install/rob599_hw2_msgs/share/rob599_hw2_msgs/local_setup.dsv
[0.701s] -- Installing: /home/chelse/ros2_ws/install/rob599_hw2_msgs/share/rob599_hw2_msgs/package.dsv
[0.701s] -- Up-to-date: /home/chelse/ros2_ws/install/rob599_hw2_msgs/share/ament_index/resource_index/packages/rob599_hw2_msgs
[0.701s] -- Up-to-date: /home/chelse/ros2_ws/install/rob599_hw2_msgs/share/rob599_hw2_msgs/cmake/export_rob599_hw2_msgs__rosidl_generator_cExport.cmake
[0.702s] -- Up-to-date: /home/chelse/ros2_ws/install/rob599_hw2_msgs/share/rob599_hw2_msgs/cmake/export_rob599_hw2_msgs__rosidl_generator_cExport-noconfig.cmake
[0.702s] -- Up-to-date: /home/chelse/ros2_ws/install/rob599_hw2_msgs/share/rob599_hw2_msgs/cmake/export_rob599_hw2_msgs__rosidl_typesupport_fastrtps_cExport.cmake
[0.702s] -- Up-to-date: /home/chelse/ros2_ws/install/rob599_hw2_msgs/share/rob599_hw2_msgs/cmake/export_rob599_hw2_msgs__rosidl_typesupport_fastrtps_cExport-noconfig.cmake
[0.702s] -- Up-to-date: /home/chelse/ros2_ws/install/rob599_hw2_msgs/share/rob599_hw2_msgs/cmake/rob599_hw2_msgs__rosidl_typesupport_introspection_cExport.cmake
[0.702s] -- Up-to-date: /home/chelse/ros2_ws/install/rob599_hw2_msgs/share/rob599_hw2_msgs/cmake/rob599_hw2_msgs__rosidl_typesupport_introspection_cExport-noconfig.cmake
[0.702s] -- Up-to-date: /home/chelse/ros2_ws/install/rob599_hw2_msgs/share/rob599_hw2_msgs/cmake/rob599_hw2_msgs__rosidl_typesupport_cExport.cmake
[0.702s] -- Up-to-date: /home/chelse/ros2_ws/install/rob599_hw2_msgs/share/rob599_hw2_msgs/cmake/rob599_hw2_msgs__rosidl_typesupport_cExport-noconfig.cmake
[0.702s] -- Up-to-date: /home/chelse/ros2_ws/install/rob599_hw2_msgs/share/rob599_hw2_msgs/cmake/export_rob599_hw2_msgs__rosidl_generator_cppExport.cmake
[0.702s] -- Up-to-date: /home/chelse/ros2_ws/install/rob599_hw2_msgs/share/rob599_hw2_msgs/cmake/export_rob599_hw2_msgs__rosidl_typesupport_fastrtps_cppExport.cmake
[0.702s] -- Up-to-date: /home/chelse/ros2_ws/install/rob599_hw2_msgs/share/rob599_hw2_msgs/cmake/export_rob599_hw2_msgs__rosidl_typesupport_fastrtps_cppExport-noconfig.cmake
[0.702s] -- Up-to-date: /home/chelse/ros2_ws/install/rob599_hw2_msgs/share/rob599_hw2_msgs/cmake/rob599_hw2_msgs__rosidl_typesupport_introspection_cppExport.cmake
[0.703s] -- Up-to-date: /home/chelse/ros2_ws/install/rob599_hw2_msgs/share/rob599_hw2_msgs/cmake/rob599_hw2_msgs__rosidl_typesupport_introspection_cppExport-noconfig.cmake
[0.703s] -- Up-to-date: /home/chelse/ros2_ws/install/rob599_hw2_msgs/share/rob599_hw2_msgs/cmake/rob599_hw2_msgs__rosidl_typesupport_cppExport.cmake
[0.703s] -- Up-to-date: /home/chelse/ros2_ws/install/rob599_hw2_msgs/share/rob599_hw2_msgs/cmake/rob599_hw2_msgs__rosidl_typesupport_cppExport-noconfig.cmake
[0.703s] -- Up-to-date: /home/chelse/ros2_ws/install/rob599_hw2_msgs/share/rob599_hw2_msgs/cmake/export_rob599_hw2_msgs__rosidl_generator_pyExport.cmake
[0.703s] -- Up-to-date: /home/chelse/ros2_ws/install/rob599_hw2_msgs/share/rob599_hw2_msgs/cmake/export_rob599_hw2_msgs__rosidl_generator_pyExport-noconfig.cmake
[0.703s] -- Up-to-date: /home/chelse/ros2_ws/install/rob599_hw2_msgs/share/rob599_hw2_msgs/cmake/rosidl_cmake-extras.cmake
[0.703s] -- Up-to-date: /home/chelse/ros2_ws/install/rob599_hw2_msgs/share/rob599_hw2_msgs/cmake/ament_cmake_export_dependencies-extras.cmake
[0.703s] -- Up-to-date: /home/chelse/ros2_ws/install/rob599_hw2_msgs/share/rob599_hw2_msgs/cmake/ament_cmake_export_include_directories-extras.cmake
[0.703s] -- Up-to-date: /home/chelse/ros2_ws/install/rob599_hw2_msgs/share/rob599_hw2_msgs/cmake/ament_cmake_export_libraries-extras.cmake
[0.704s] -- Up-to-date: /home/chelse/ros2_ws/install/rob599_hw2_msgs/share/rob599_hw2_msgs/cmake/ament_cmake_export_targets-extras.cmake
[0.704s] -- Up-to-date: /home/chelse/ros2_ws/install/rob599_hw2_msgs/share/rob599_hw2_msgs/cmake/rosidl_cmake_export_typesupport_targets-extras.cmake
[0.704s] -- Up-to-date: /home/chelse/ros2_ws/install/rob599_hw2_msgs/share/rob599_hw2_msgs/cmake/rosidl_cmake_export_typesupport_libraries-extras.cmake
[0.704s] -- Up-to-date: /home/chelse/ros2_ws/install/rob599_hw2_msgs/share/rob599_hw2_msgs/cmake/rob599_hw2_msgsConfig.cmake
[0.705s] -- Up-to-date: /home/chelse/ros2_ws/install/rob599_hw2_msgs/share/rob599_hw2_msgs/cmake/rob599_hw2_msgsConfig-version.cmake
[0.705s] -- Up-to-date: /home/chelse/ros2_ws/install/rob599_hw2_msgs/share/rob599_hw2_msgs/package.xml
[0.705s] Invoked command in '/home/chelse/ros2_ws/build/rob599_hw2_msgs' returned '0': CMAKE_PREFIX_PATH=${CMAKE_PREFIX_PATH}:/home/chelse/ros2_ws/install/rob599_hw3:/home/chelse/ros2_ws/install/rob599_hw2:/opt/ros/humble /usr/bin/cmake --install /home/chelse/ros2_ws/build/rob599_hw2_msgs
