[  2%] Built target rob599_msgs__cpp
[ 12%] Built target rob599_msgs__rosidl_generator_c
[ 12%] Built target ament_cmake_python_copy_rob599_msgs
[ 23%] Built target rob599_msgs__rosidl_typesupport_introspection_cpp
[ 36%] Built target rob599_msgs__rosidl_typesupport_fastrtps_cpp
[ 44%] Built target rob599_msgs__rosidl_typesupport_cpp
[ 65%] Built target rob599_msgs__rosidl_typesupport_c
[ 65%] Built target rob599_msgs__rosidl_typesupport_introspection_c
[ 76%] Built target rob599_msgs__rosidl_typesupport_fastrtps_c
[ 76%] Built target rob599_msgs
[ 78%] Built target rob599_msgs__py
[ 87%] Built target rob599_msgs__rosidl_generator_py
[ 91%] Built target rob599_msgs__rosidl_typesupport_introspection_c__pyext
[ 95%] Built target rob599_msgs__rosidl_typesupport_c__pyext
[100%] Built target rob599_msgs__rosidl_typesupport_fastrtps_c__pyext
running egg_info
writing rob599_msgs.egg-info/PKG-INFO
writing dependency_links to rob599_msgs.egg-info/dependency_links.txt
writing top-level names to rob599_msgs.egg-info/top_level.txt
reading manifest file 'rob599_msgs.egg-info/SOURCES.txt'
writing manifest file 'rob599_msgs.egg-info/SOURCES.txt'
[100%] Built target ament_cmake_python_build_rob599_msgs_egg
