[0.122s] Invoking command in '/home/chelse/ros2_ws/build/rob599_msgs': CMAKE_PREFIX_PATH=${CMAKE_PREFIX_PATH}:/opt/ros/humble:/home/chelse/ros2_ws/install/rob599_basic /usr/bin/cmake --build /home/chelse/ros2_ws/build/rob599_msgs -- -j12 -l12
[0.190s] [  4%] Built target rob599_msgs__cpp
[0.191s] [ 12%] Built target rob599_msgs__rosidl_generator_c
[0.197s] [ 12%] Built target ament_cmake_python_copy_rob599_msgs
[0.262s] [ 23%] Built target rob599_msgs__rosidl_typesupport_cpp
[0.264s] [ 36%] Built target rob599_msgs__rosidl_typesupport_introspection_c
[0.264s] [ 44%] Built target rob599_msgs__rosidl_typesupport_c
[0.264s] [ 55%] Built target rob599_msgs__rosidl_typesupport_fastrtps_c
[0.275s] [ 65%] Built target rob599_msgs__rosidl_typesupport_introspection_cpp
[0.288s] [ 76%] Built target rob599_msgs__rosidl_typesupport_fastrtps_cpp
[0.327s] [ 76%] Built target rob599_msgs
[0.363s] [ 78%] Built target rob599_msgs__py
[0.400s] [ 87%] Built target rob599_msgs__rosidl_generator_py
[0.438s] [ 91%] Built target rob599_msgs__rosidl_typesupport_fastrtps_c__pyext
[0.440s] [ 95%] Built target rob599_msgs__rosidl_typesupport_introspection_c__pyext
[0.444s] [100%] Built target rob599_msgs__rosidl_typesupport_c__pyext
[0.555s] running egg_info
[0.556s] writing rob599_msgs.egg-info/PKG-INFO
[0.556s] writing dependency_links to rob599_msgs.egg-info/dependency_links.txt
[0.556s] writing top-level names to rob599_msgs.egg-info/top_level.txt
[0.559s] reading manifest file 'rob599_msgs.egg-info/SOURCES.txt'
[0.559s] writing manifest file 'rob599_msgs.egg-info/SOURCES.txt'
[0.601s] [100%] Built target ament_cmake_python_build_rob599_msgs_egg
[0.615s] Invoked command in '/home/chelse/ros2_ws/build/rob599_msgs' returned '0': CMAKE_PREFIX_PATH=${CMAKE_PREFIX_PATH}:/opt/ros/humble:/home/chelse/ros2_ws/install/rob599_basic /usr/bin/cmake --build /home/chelse/ros2_ws/build/rob599_msgs -- -j12 -l12
[0.721s] Invoking command in '/home/chelse/ros2_ws/build/rob599_msgs': CMAKE_PREFIX_PATH=${CMAKE_PREFIX_PATH}:/opt/ros/humble:/home/chelse/ros2_ws/install/rob599_basic /usr/bin/cmake --install /home/chelse/ros2_ws/build/rob599_msgs
[0.740s] -- Install configuration: ""
[0.741s] -- Up-to-date: /home/chelse/ros2_ws/install/rob599_msgs/share/ament_index/resource_index/rosidl_interfaces/rob599_msgs
[0.741s] -- Up-to-date: /home/chelse/ros2_ws/install/rob599_msgs/include/rob599_msgs/rob599_msgs
[0.741s] -- Up-to-date: /home/chelse/ros2_ws/install/rob599_msgs/include/rob599_msgs/rob599_msgs/action
[0.741s] -- Up-to-date: /home/chelse/ros2_ws/install/rob599_msgs/include/rob599_msgs/rob599_msgs/action/detail
[0.742s] -- Up-to-date: /home/chelse/ros2_ws/install/rob599_msgs/include/rob599_msgs/rob599_msgs/action/detail/fibonacci__functions.h
[0.742s] -- Up-to-date: /home/chelse/ros2_ws/install/rob599_msgs/include/rob599_msgs/rob599_msgs/action/detail/fibonacci__type_support.h
[0.742s] -- Up-to-date: /home/chelse/ros2_ws/install/rob599_msgs/include/rob599_msgs/rob599_msgs/action/detail/fibonacci__functions.c
[0.742s] -- Up-to-date: /home/chelse/ros2_ws/install/rob599_msgs/include/rob599_msgs/rob599_msgs/action/detail/fibonacci__struct.h
[0.742s] -- Up-to-date: /home/chelse/ros2_ws/install/rob599_msgs/include/rob599_msgs/rob599_msgs/action/fibonacci.h
[0.742s] -- Up-to-date: /home/chelse/ros2_ws/install/rob599_msgs/include/rob599_msgs/rob599_msgs/msg
[0.743s] -- Up-to-date: /home/chelse/ros2_ws/install/rob599_msgs/include/rob599_msgs/rob599_msgs/msg/rosidl_generator_c__visibility_control.h
[0.743s] -- Up-to-date: /home/chelse/ros2_ws/install/rob599_msgs/include/rob599_msgs/rob599_msgs/srv
[0.743s] -- Up-to-date: /home/chelse/ros2_ws/install/rob599_msgs/include/rob599_msgs/rob599_msgs/srv/fib_service.h
[0.743s] -- Up-to-date: /home/chelse/ros2_ws/install/rob599_msgs/include/rob599_msgs/rob599_msgs/srv/detail
[0.743s] -- Up-to-date: /home/chelse/ros2_ws/install/rob599_msgs/include/rob599_msgs/rob599_msgs/srv/detail/doubler__functions.h
[0.743s] -- Up-to-date: /home/chelse/ros2_ws/install/rob599_msgs/include/rob599_msgs/rob599_msgs/srv/detail/fib_service__type_support.h
[0.743s] -- Up-to-date: /home/chelse/ros2_ws/install/rob599_msgs/include/rob599_msgs/rob599_msgs/srv/detail/doubler__functions.c
[0.743s] -- Up-to-date: /home/chelse/ros2_ws/install/rob599_msgs/include/rob599_msgs/rob599_msgs/srv/detail/fib_service__functions.c
[0.743s] -- Up-to-date: /home/chelse/ros2_ws/install/rob599_msgs/include/rob599_msgs/rob599_msgs/srv/detail/fib_service__functions.h
[0.744s] -- Up-to-date: /home/chelse/ros2_ws/install/rob599_msgs/include/rob599_msgs/rob599_msgs/srv/detail/doubler__struct.h
[0.744s] -- Up-to-date: /home/chelse/ros2_ws/install/rob599_msgs/include/rob599_msgs/rob599_msgs/srv/detail/doubler__type_support.h
[0.744s] -- Up-to-date: /home/chelse/ros2_ws/install/rob599_msgs/include/rob599_msgs/rob599_msgs/srv/detail/fib_service__struct.h
[0.744s] -- Up-to-date: /home/chelse/ros2_ws/install/rob599_msgs/include/rob599_msgs/rob599_msgs/srv/doubler.h
[0.744s] -- Up-to-date: /home/chelse/ros2_ws/install/rob599_msgs/share/rob599_msgs/environment/library_path.sh
[0.744s] -- Up-to-date: /home/chelse/ros2_ws/install/rob599_msgs/share/rob599_msgs/environment/library_path.dsv
[0.744s] -- Up-to-date: /home/chelse/ros2_ws/install/rob599_msgs/lib/librob599_msgs__rosidl_generator_c.so
[0.744s] -- Up-to-date: /home/chelse/ros2_ws/install/rob599_msgs/include/rob599_msgs/rob599_msgs
[0.745s] -- Up-to-date: /home/chelse/ros2_ws/install/rob599_msgs/include/rob599_msgs/rob599_msgs/action
[0.745s] -- Up-to-date: /home/chelse/ros2_ws/install/rob599_msgs/include/rob599_msgs/rob599_msgs/action/detail
[0.745s] -- Up-to-date: /home/chelse/ros2_ws/install/rob599_msgs/include/rob599_msgs/rob599_msgs/action/detail/fibonacci__rosidl_typesupport_fastrtps_c.h
[0.745s] -- Up-to-date: /home/chelse/ros2_ws/install/rob599_msgs/include/rob599_msgs/rob599_msgs/msg
[0.745s] -- Up-to-date: /home/chelse/ros2_ws/install/rob599_msgs/include/rob599_msgs/rob599_msgs/msg/rosidl_typesupport_fastrtps_c__visibility_control.h
[0.745s] -- Up-to-date: /home/chelse/ros2_ws/install/rob599_msgs/include/rob599_msgs/rob599_msgs/srv
[0.745s] -- Up-to-date: /home/chelse/ros2_ws/install/rob599_msgs/include/rob599_msgs/rob599_msgs/srv/detail
[0.745s] -- Up-to-date: /home/chelse/ros2_ws/install/rob599_msgs/include/rob599_msgs/rob599_msgs/srv/detail/fib_service__rosidl_typesupport_fastrtps_c.h
[0.745s] -- Up-to-date: /home/chelse/ros2_ws/install/rob599_msgs/include/rob599_msgs/rob599_msgs/srv/detail/doubler__rosidl_typesupport_fastrtps_c.h
[0.746s] -- Up-to-date: /home/chelse/ros2_ws/install/rob599_msgs/lib/librob599_msgs__rosidl_typesupport_fastrtps_c.so
[0.746s] -- Up-to-date: /home/chelse/ros2_ws/install/rob599_msgs/include/rob599_msgs/rob599_msgs
[0.746s] -- Up-to-date: /home/chelse/ros2_ws/install/rob599_msgs/include/rob599_msgs/rob599_msgs/action
[0.746s] -- Up-to-date: /home/chelse/ros2_ws/install/rob599_msgs/include/rob599_msgs/rob599_msgs/action/detail
[0.746s] -- Up-to-date: /home/chelse/ros2_ws/install/rob599_msgs/include/rob599_msgs/rob599_msgs/action/detail/fibonacci__rosidl_typesupport_introspection_c.h
[0.746s] -- Up-to-date: /home/chelse/ros2_ws/install/rob599_msgs/include/rob599_msgs/rob599_msgs/action/detail/fibonacci__type_support.c
[0.746s] -- Up-to-date: /home/chelse/ros2_ws/install/rob599_msgs/include/rob599_msgs/rob599_msgs/msg
[0.746s] -- Up-to-date: /home/chelse/ros2_ws/install/rob599_msgs/include/rob599_msgs/rob599_msgs/msg/rosidl_typesupport_introspection_c__visibility_control.h
[0.747s] -- Up-to-date: /home/chelse/ros2_ws/install/rob599_msgs/include/rob599_msgs/rob599_msgs/srv
[0.747s] -- Up-to-date: /home/chelse/ros2_ws/install/rob599_msgs/include/rob599_msgs/rob599_msgs/srv/detail
[0.747s] -- Up-to-date: /home/chelse/ros2_ws/install/rob599_msgs/include/rob599_msgs/rob599_msgs/srv/detail/fib_service__type_support.c
[0.747s] -- Up-to-date: /home/chelse/ros2_ws/install/rob599_msgs/include/rob599_msgs/rob599_msgs/srv/detail/doubler__rosidl_typesupport_introspection_c.h
[0.747s] -- Up-to-date: /home/chelse/ros2_ws/install/rob599_msgs/include/rob599_msgs/rob599_msgs/srv/detail/fib_service__rosidl_typesupport_introspection_c.h
[0.747s] -- Up-to-date: /home/chelse/ros2_ws/install/rob599_msgs/include/rob599_msgs/rob599_msgs/srv/detail/doubler__type_support.c
[0.747s] -- Up-to-date: /home/chelse/ros2_ws/install/rob599_msgs/lib/librob599_msgs__rosidl_typesupport_introspection_c.so
[0.747s] -- Up-to-date: /home/chelse/ros2_ws/install/rob599_msgs/lib/librob599_msgs__rosidl_typesupport_c.so
[0.748s] -- Up-to-date: /home/chelse/ros2_ws/install/rob599_msgs/include/rob599_msgs/rob599_msgs
[0.748s] -- Up-to-date: /home/chelse/ros2_ws/install/rob599_msgs/include/rob599_msgs/rob599_msgs/action
[0.748s] -- Up-to-date: /home/chelse/ros2_ws/install/rob599_msgs/include/rob599_msgs/rob599_msgs/action/detail
[0.748s] -- Up-to-date: /home/chelse/ros2_ws/install/rob599_msgs/include/rob599_msgs/rob599_msgs/action/detail/fibonacci__builder.hpp
[0.748s] -- Up-to-date: /home/chelse/ros2_ws/install/rob599_msgs/include/rob599_msgs/rob599_msgs/action/detail/fibonacci__traits.hpp
[0.748s] -- Up-to-date: /home/chelse/ros2_ws/install/rob599_msgs/include/rob599_msgs/rob599_msgs/action/detail/fibonacci__struct.hpp
[0.748s] -- Up-to-date: /home/chelse/ros2_ws/install/rob599_msgs/include/rob599_msgs/rob599_msgs/action/fibonacci.hpp
[0.748s] -- Up-to-date: /home/chelse/ros2_ws/install/rob599_msgs/include/rob599_msgs/rob599_msgs/srv
[0.748s] -- Up-to-date: /home/chelse/ros2_ws/install/rob599_msgs/include/rob599_msgs/rob599_msgs/srv/detail
[0.749s] -- Up-to-date: /home/chelse/ros2_ws/install/rob599_msgs/include/rob599_msgs/rob599_msgs/srv/detail/fib_service__struct.hpp
[0.749s] -- Up-to-date: /home/chelse/ros2_ws/install/rob599_msgs/include/rob599_msgs/rob599_msgs/srv/detail/fib_service__traits.hpp
[0.749s] -- Up-to-date: /home/chelse/ros2_ws/install/rob599_msgs/include/rob599_msgs/rob599_msgs/srv/detail/doubler__struct.hpp
[0.749s] -- Up-to-date: /home/chelse/ros2_ws/install/rob599_msgs/include/rob599_msgs/rob599_msgs/srv/detail/doubler__builder.hpp
[0.749s] -- Up-to-date: /home/chelse/ros2_ws/install/rob599_msgs/include/rob599_msgs/rob599_msgs/srv/detail/fib_service__builder.hpp
[0.749s] -- Up-to-date: /home/chelse/ros2_ws/install/rob599_msgs/include/rob599_msgs/rob599_msgs/srv/detail/doubler__traits.hpp
[0.749s] -- Up-to-date: /home/chelse/ros2_ws/install/rob599_msgs/include/rob599_msgs/rob599_msgs/srv/fib_service.hpp
[0.749s] -- Up-to-date: /home/chelse/ros2_ws/install/rob599_msgs/include/rob599_msgs/rob599_msgs/srv/doubler.hpp
[0.749s] -- Up-to-date: /home/chelse/ros2_ws/install/rob599_msgs/include/rob599_msgs/rob599_msgs
[0.750s] -- Up-to-date: /home/chelse/ros2_ws/install/rob599_msgs/include/rob599_msgs/rob599_msgs/action
[0.750s] -- Up-to-date: /home/chelse/ros2_ws/install/rob599_msgs/include/rob599_msgs/rob599_msgs/action/detail
[0.750s] -- Up-to-date: /home/chelse/ros2_ws/install/rob599_msgs/include/rob599_msgs/rob599_msgs/action/detail/fibonacci__rosidl_typesupport_fastrtps_cpp.hpp
[0.750s] -- Up-to-date: /home/chelse/ros2_ws/install/rob599_msgs/include/rob599_msgs/rob599_msgs/action/detail/dds_fastrtps
[0.750s] -- Up-to-date: /home/chelse/ros2_ws/install/rob599_msgs/include/rob599_msgs/rob599_msgs/msg
[0.750s] -- Up-to-date: /home/chelse/ros2_ws/install/rob599_msgs/include/rob599_msgs/rob599_msgs/msg/rosidl_typesupport_fastrtps_cpp__visibility_control.h
[0.750s] -- Up-to-date: /home/chelse/ros2_ws/install/rob599_msgs/include/rob599_msgs/rob599_msgs/srv
[0.751s] -- Up-to-date: /home/chelse/ros2_ws/install/rob599_msgs/include/rob599_msgs/rob599_msgs/srv/detail
[0.751s] -- Up-to-date: /home/chelse/ros2_ws/install/rob599_msgs/include/rob599_msgs/rob599_msgs/srv/detail/doubler__rosidl_typesupport_fastrtps_cpp.hpp
[0.751s] -- Up-to-date: /home/chelse/ros2_ws/install/rob599_msgs/include/rob599_msgs/rob599_msgs/srv/detail/dds_fastrtps
[0.751s] -- Up-to-date: /home/chelse/ros2_ws/install/rob599_msgs/include/rob599_msgs/rob599_msgs/srv/detail/fib_service__rosidl_typesupport_fastrtps_cpp.hpp
[0.751s] -- Up-to-date: /home/chelse/ros2_ws/install/rob599_msgs/lib/librob599_msgs__rosidl_typesupport_fastrtps_cpp.so
[0.751s] -- Up-to-date: /home/chelse/ros2_ws/install/rob599_msgs/include/rob599_msgs/rob599_msgs
[0.751s] -- Up-to-date: /home/chelse/ros2_ws/install/rob599_msgs/include/rob599_msgs/rob599_msgs/action
[0.751s] -- Up-to-date: /home/chelse/ros2_ws/install/rob599_msgs/include/rob599_msgs/rob599_msgs/action/detail
[0.751s] -- Up-to-date: /home/chelse/ros2_ws/install/rob599_msgs/include/rob599_msgs/rob599_msgs/action/detail/fibonacci__rosidl_typesupport_introspection_cpp.hpp
[0.752s] -- Up-to-date: /home/chelse/ros2_ws/install/rob599_msgs/include/rob599_msgs/rob599_msgs/action/detail/fibonacci__type_support.cpp
[0.752s] -- Up-to-date: /home/chelse/ros2_ws/install/rob599_msgs/include/rob599_msgs/rob599_msgs/srv
[0.752s] -- Up-to-date: /home/chelse/ros2_ws/install/rob599_msgs/include/rob599_msgs/rob599_msgs/srv/detail
[0.752s] -- Up-to-date: /home/chelse/ros2_ws/install/rob599_msgs/include/rob599_msgs/rob599_msgs/srv/detail/doubler__type_support.cpp
[0.752s] -- Up-to-date: /home/chelse/ros2_ws/install/rob599_msgs/include/rob599_msgs/rob599_msgs/srv/detail/fib_service__rosidl_typesupport_introspection_cpp.hpp
[0.752s] -- Up-to-date: /home/chelse/ros2_ws/install/rob599_msgs/include/rob599_msgs/rob599_msgs/srv/detail/fib_service__type_support.cpp
[0.752s] -- Up-to-date: /home/chelse/ros2_ws/install/rob599_msgs/include/rob599_msgs/rob599_msgs/srv/detail/doubler__rosidl_typesupport_introspection_cpp.hpp
[0.752s] -- Up-to-date: /home/chelse/ros2_ws/install/rob599_msgs/lib/librob599_msgs__rosidl_typesupport_introspection_cpp.so
[0.752s] -- Up-to-date: /home/chelse/ros2_ws/install/rob599_msgs/lib/librob599_msgs__rosidl_typesupport_cpp.so
[0.753s] -- Up-to-date: /home/chelse/ros2_ws/install/rob599_msgs/share/rob599_msgs/environment/pythonpath.sh
[0.753s] -- Up-to-date: /home/chelse/ros2_ws/install/rob599_msgs/share/rob599_msgs/environment/pythonpath.dsv
[0.753s] -- Up-to-date: /home/chelse/ros2_ws/install/rob599_msgs/local/lib/python3.10/dist-packages/rob599_msgs-0.1.0-py3.10.egg-info
[0.753s] -- Installing: /home/chelse/ros2_ws/install/rob599_msgs/local/lib/python3.10/dist-packages/rob599_msgs-0.1.0-py3.10.egg-info/SOURCES.txt
[0.753s] -- Installing: /home/chelse/ros2_ws/install/rob599_msgs/local/lib/python3.10/dist-packages/rob599_msgs-0.1.0-py3.10.egg-info/PKG-INFO
[0.754s] -- Installing: /home/chelse/ros2_ws/install/rob599_msgs/local/lib/python3.10/dist-packages/rob599_msgs-0.1.0-py3.10.egg-info/top_level.txt
[0.754s] -- Installing: /home/chelse/ros2_ws/install/rob599_msgs/local/lib/python3.10/dist-packages/rob599_msgs-0.1.0-py3.10.egg-info/dependency_links.txt
[0.754s] -- Up-to-date: /home/chelse/ros2_ws/install/rob599_msgs/local/lib/python3.10/dist-packages/rob599_msgs
[0.754s] -- Up-to-date: /home/chelse/ros2_ws/install/rob599_msgs/local/lib/python3.10/dist-packages/rob599_msgs/action
[0.754s] -- Up-to-date: /home/chelse/ros2_ws/install/rob599_msgs/local/lib/python3.10/dist-packages/rob599_msgs/action/_fibonacci_s.c
[0.754s] -- Up-to-date: /home/chelse/ros2_ws/install/rob599_msgs/local/lib/python3.10/dist-packages/rob599_msgs/action/__init__.py
[0.754s] -- Up-to-date: /home/chelse/ros2_ws/install/rob599_msgs/local/lib/python3.10/dist-packages/rob599_msgs/action/_fibonacci.py
[0.754s] -- Up-to-date: /home/chelse/ros2_ws/install/rob599_msgs/local/lib/python3.10/dist-packages/rob599_msgs/rob599_msgs_s__rosidl_typesupport_fastrtps_c.cpython-310-x86_64-linux-gnu.so
[0.754s] -- Up-to-date: /home/chelse/ros2_ws/install/rob599_msgs/local/lib/python3.10/dist-packages/rob599_msgs/librob599_msgs__rosidl_generator_py.so
[0.755s] -- Up-to-date: /home/chelse/ros2_ws/install/rob599_msgs/local/lib/python3.10/dist-packages/rob599_msgs/_rob599_msgs_s.ep.rosidl_typesupport_c.c
[0.755s] -- Up-to-date: /home/chelse/ros2_ws/install/rob599_msgs/local/lib/python3.10/dist-packages/rob599_msgs/rob599_msgs_s__rosidl_typesupport_c.cpython-310-x86_64-linux-gnu.so
[0.755s] -- Up-to-date: /home/chelse/ros2_ws/install/rob599_msgs/local/lib/python3.10/dist-packages/rob599_msgs/__init__.py
[0.755s] -- Up-to-date: /home/chelse/ros2_ws/install/rob599_msgs/local/lib/python3.10/dist-packages/rob599_msgs/rob599_msgs_s__rosidl_typesupport_introspection_c.cpython-310-x86_64-linux-gnu.so
[0.755s] -- Up-to-date: /home/chelse/ros2_ws/install/rob599_msgs/local/lib/python3.10/dist-packages/rob599_msgs/_rob599_msgs_s.ep.rosidl_typesupport_fastrtps_c.c
[0.755s] -- Up-to-date: /home/chelse/ros2_ws/install/rob599_msgs/local/lib/python3.10/dist-packages/rob599_msgs/srv
[0.755s] -- Up-to-date: /home/chelse/ros2_ws/install/rob599_msgs/local/lib/python3.10/dist-packages/rob599_msgs/srv/_doubler.py
[0.755s] -- Up-to-date: /home/chelse/ros2_ws/install/rob599_msgs/local/lib/python3.10/dist-packages/rob599_msgs/srv/__init__.py
[0.755s] -- Up-to-date: /home/chelse/ros2_ws/install/rob599_msgs/local/lib/python3.10/dist-packages/rob599_msgs/srv/_fib_service_s.c
[0.756s] -- Up-to-date: /home/chelse/ros2_ws/install/rob599_msgs/local/lib/python3.10/dist-packages/rob599_msgs/srv/_doubler_s.c
[0.756s] -- Up-to-date: /home/chelse/ros2_ws/install/rob599_msgs/local/lib/python3.10/dist-packages/rob599_msgs/srv/_fib_service.py
[0.756s] -- Up-to-date: /home/chelse/ros2_ws/install/rob599_msgs/local/lib/python3.10/dist-packages/rob599_msgs/_rob599_msgs_s.ep.rosidl_typesupport_introspection_c.c
[0.781s] Listing '/home/chelse/ros2_ws/install/rob599_msgs/local/lib/python3.10/dist-packages/rob599_msgs'...
[0.781s] Listing '/home/chelse/ros2_ws/install/rob599_msgs/local/lib/python3.10/dist-packages/rob599_msgs/action'...
[0.781s] Listing '/home/chelse/ros2_ws/install/rob599_msgs/local/lib/python3.10/dist-packages/rob599_msgs/srv'...
[0.786s] -- Up-to-date: /home/chelse/ros2_ws/install/rob599_msgs/local/lib/python3.10/dist-packages/rob599_msgs/rob599_msgs_s__rosidl_typesupport_fastrtps_c.cpython-310-x86_64-linux-gnu.so
[0.786s] -- Up-to-date: /home/chelse/ros2_ws/install/rob599_msgs/local/lib/python3.10/dist-packages/rob599_msgs/rob599_msgs_s__rosidl_typesupport_introspection_c.cpython-310-x86_64-linux-gnu.so
[0.787s] -- Up-to-date: /home/chelse/ros2_ws/install/rob599_msgs/local/lib/python3.10/dist-packages/rob599_msgs/rob599_msgs_s__rosidl_typesupport_c.cpython-310-x86_64-linux-gnu.so
[0.787s] -- Up-to-date: /home/chelse/ros2_ws/install/rob599_msgs/lib/librob599_msgs__rosidl_generator_py.so
[0.787s] -- Up-to-date: /home/chelse/ros2_ws/install/rob599_msgs/share/rob599_msgs/srv/Doubler.idl
[0.788s] -- Up-to-date: /home/chelse/ros2_ws/install/rob599_msgs/share/rob599_msgs/srv/FibService.idl
[0.788s] -- Up-to-date: /home/chelse/ros2_ws/install/rob599_msgs/share/rob599_msgs/action/Fibonacci.idl
[0.788s] -- Up-to-date: /home/chelse/ros2_ws/install/rob599_msgs/share/rob599_msgs/srv/Doubler.srv
[0.789s] -- Up-to-date: /home/chelse/ros2_ws/install/rob599_msgs/share/rob599_msgs/srv/Doubler_Request.msg
[0.789s] -- Up-to-date: /home/chelse/ros2_ws/install/rob599_msgs/share/rob599_msgs/srv/Doubler_Response.msg
[0.789s] -- Up-to-date: /home/chelse/ros2_ws/install/rob599_msgs/share/rob599_msgs/srv/FibService.srv
[0.790s] -- Up-to-date: /home/chelse/ros2_ws/install/rob599_msgs/share/rob599_msgs/srv/FibService_Request.msg
[0.790s] -- Up-to-date: /home/chelse/ros2_ws/install/rob599_msgs/share/rob599_msgs/srv/FibService_Response.msg
[0.790s] -- Up-to-date: /home/chelse/ros2_ws/install/rob599_msgs/share/rob599_msgs/action/Fibonacci.action
[0.790s] -- Up-to-date: /home/chelse/ros2_ws/install/rob599_msgs/share/ament_index/resource_index/package_run_dependencies/rob599_msgs
[0.790s] -- Up-to-date: /home/chelse/ros2_ws/install/rob599_msgs/share/ament_index/resource_index/parent_prefix_path/rob599_msgs
[0.791s] -- Up-to-date: /home/chelse/ros2_ws/install/rob599_msgs/share/rob599_msgs/environment/ament_prefix_path.sh
[0.791s] -- Up-to-date: /home/chelse/ros2_ws/install/rob599_msgs/share/rob599_msgs/environment/ament_prefix_path.dsv
[0.791s] -- Up-to-date: /home/chelse/ros2_ws/install/rob599_msgs/share/rob599_msgs/environment/path.sh
[0.791s] -- Up-to-date: /home/chelse/ros2_ws/install/rob599_msgs/share/rob599_msgs/environment/path.dsv
[0.791s] -- Up-to-date: /home/chelse/ros2_ws/install/rob599_msgs/share/rob599_msgs/local_setup.bash
[0.792s] -- Up-to-date: /home/chelse/ros2_ws/install/rob599_msgs/share/rob599_msgs/local_setup.sh
[0.792s] -- Up-to-date: /home/chelse/ros2_ws/install/rob599_msgs/share/rob599_msgs/local_setup.zsh
[0.792s] -- Up-to-date: /home/chelse/ros2_ws/install/rob599_msgs/share/rob599_msgs/local_setup.dsv
[0.792s] -- Installing: /home/chelse/ros2_ws/install/rob599_msgs/share/rob599_msgs/package.dsv
[0.793s] -- Up-to-date: /home/chelse/ros2_ws/install/rob599_msgs/share/ament_index/resource_index/packages/rob599_msgs
[0.793s] -- Up-to-date: /home/chelse/ros2_ws/install/rob599_msgs/share/rob599_msgs/cmake/export_rob599_msgs__rosidl_generator_cExport.cmake
[0.793s] -- Up-to-date: /home/chelse/ros2_ws/install/rob599_msgs/share/rob599_msgs/cmake/export_rob599_msgs__rosidl_generator_cExport-noconfig.cmake
[0.793s] -- Up-to-date: /home/chelse/ros2_ws/install/rob599_msgs/share/rob599_msgs/cmake/export_rob599_msgs__rosidl_typesupport_fastrtps_cExport.cmake
[0.793s] -- Up-to-date: /home/chelse/ros2_ws/install/rob599_msgs/share/rob599_msgs/cmake/export_rob599_msgs__rosidl_typesupport_fastrtps_cExport-noconfig.cmake
[0.794s] -- Up-to-date: /home/chelse/ros2_ws/install/rob599_msgs/share/rob599_msgs/cmake/rob599_msgs__rosidl_typesupport_introspection_cExport.cmake
[0.794s] -- Up-to-date: /home/chelse/ros2_ws/install/rob599_msgs/share/rob599_msgs/cmake/rob599_msgs__rosidl_typesupport_introspection_cExport-noconfig.cmake
[0.794s] -- Up-to-date: /home/chelse/ros2_ws/install/rob599_msgs/share/rob599_msgs/cmake/rob599_msgs__rosidl_typesupport_cExport.cmake
[0.794s] -- Up-to-date: /home/chelse/ros2_ws/install/rob599_msgs/share/rob599_msgs/cmake/rob599_msgs__rosidl_typesupport_cExport-noconfig.cmake
[0.795s] -- Up-to-date: /home/chelse/ros2_ws/install/rob599_msgs/share/rob599_msgs/cmake/export_rob599_msgs__rosidl_generator_cppExport.cmake
[0.795s] -- Up-to-date: /home/chelse/ros2_ws/install/rob599_msgs/share/rob599_msgs/cmake/export_rob599_msgs__rosidl_typesupport_fastrtps_cppExport.cmake
[0.795s] -- Up-to-date: /home/chelse/ros2_ws/install/rob599_msgs/share/rob599_msgs/cmake/export_rob599_msgs__rosidl_typesupport_fastrtps_cppExport-noconfig.cmake
[0.796s] -- Up-to-date: /home/chelse/ros2_ws/install/rob599_msgs/share/rob599_msgs/cmake/rob599_msgs__rosidl_typesupport_introspection_cppExport.cmake
[0.796s] -- Up-to-date: /home/chelse/ros2_ws/install/rob599_msgs/share/rob599_msgs/cmake/rob599_msgs__rosidl_typesupport_introspection_cppExport-noconfig.cmake
[0.796s] -- Up-to-date: /home/chelse/ros2_ws/install/rob599_msgs/share/rob599_msgs/cmake/rob599_msgs__rosidl_typesupport_cppExport.cmake
[0.796s] -- Up-to-date: /home/chelse/ros2_ws/install/rob599_msgs/share/rob599_msgs/cmake/rob599_msgs__rosidl_typesupport_cppExport-noconfig.cmake
[0.797s] -- Up-to-date: /home/chelse/ros2_ws/install/rob599_msgs/share/rob599_msgs/cmake/export_rob599_msgs__rosidl_generator_pyExport.cmake
[0.797s] -- Up-to-date: /home/chelse/ros2_ws/install/rob599_msgs/share/rob599_msgs/cmake/export_rob599_msgs__rosidl_generator_pyExport-noconfig.cmake
[0.797s] -- Up-to-date: /home/chelse/ros2_ws/install/rob599_msgs/share/rob599_msgs/cmake/rosidl_cmake-extras.cmake
[0.798s] -- Up-to-date: /home/chelse/ros2_ws/install/rob599_msgs/share/rob599_msgs/cmake/ament_cmake_export_dependencies-extras.cmake
[0.798s] -- Up-to-date: /home/chelse/ros2_ws/install/rob599_msgs/share/rob599_msgs/cmake/ament_cmake_export_include_directories-extras.cmake
[0.798s] -- Up-to-date: /home/chelse/ros2_ws/install/rob599_msgs/share/rob599_msgs/cmake/ament_cmake_export_libraries-extras.cmake
[0.798s] -- Up-to-date: /home/chelse/ros2_ws/install/rob599_msgs/share/rob599_msgs/cmake/ament_cmake_export_targets-extras.cmake
[0.799s] -- Up-to-date: /home/chelse/ros2_ws/install/rob599_msgs/share/rob599_msgs/cmake/rosidl_cmake_export_typesupport_targets-extras.cmake
[0.799s] -- Up-to-date: /home/chelse/ros2_ws/install/rob599_msgs/share/rob599_msgs/cmake/rosidl_cmake_export_typesupport_libraries-extras.cmake
[0.799s] -- Up-to-date: /home/chelse/ros2_ws/install/rob599_msgs/share/rob599_msgs/cmake/rob599_msgsConfig.cmake
[0.800s] -- Up-to-date: /home/chelse/ros2_ws/install/rob599_msgs/share/rob599_msgs/cmake/rob599_msgsConfig-version.cmake
[0.800s] -- Up-to-date: /home/chelse/ros2_ws/install/rob599_msgs/share/rob599_msgs/package.xml
[0.885s] Invoked command in '/home/chelse/ros2_ws/build/rob599_msgs' returned '0': CMAKE_PREFIX_PATH=${CMAKE_PREFIX_PATH}:/opt/ros/humble:/home/chelse/ros2_ws/install/rob599_basic /usr/bin/cmake --install /home/chelse/ros2_ws/build/rob599_msgs
