[1.416s] Invoking command in '/home/chelse/ros2_ws/src/rob599_hw3': PYTHONPATH=/home/chelse/ros2_ws/build/rob599_hw3/prefix_override:/home/chelse/ros2_ws/install/rob599_hw3/lib/python3.10/site-packages:${PYTHONPATH} /usr/bin/python3 setup.py egg_info --egg-base ../../build/rob599_hw3 build --build-base /home/chelse/ros2_ws/build/rob599_hw3/build install --record /home/chelse/ros2_ws/build/rob599_hw3/install.log --single-version-externally-managed
[1.818s] running egg_info
[1.820s] writing ../../build/rob599_hw3/rob599_hw3.egg-info/PKG-INFO
[1.820s] writing dependency_links to ../../build/rob599_hw3/rob599_hw3.egg-info/dependency_links.txt
[1.820s] writing entry points to ../../build/rob599_hw3/rob599_hw3.egg-info/entry_points.txt
[1.821s] writing requirements to ../../build/rob599_hw3/rob599_hw3.egg-info/requires.txt
[1.821s] writing top-level names to ../../build/rob599_hw3/rob599_hw3.egg-info/top_level.txt
[1.825s] reading manifest file '../../build/rob599_hw3/rob599_hw3.egg-info/SOURCES.txt'
[1.826s] writing manifest file '../../build/rob599_hw3/rob599_hw3.egg-info/SOURCES.txt'
[1.827s] running build
[1.827s] running build_py
[1.827s] copying rob599_hw3/places_client.py -> /home/chelse/ros2_ws/build/rob599_hw3/build/lib/rob599_hw3
[1.828s] running install
[1.828s] /usr/lib/python3/dist-packages/setuptools/command/install.py:34: SetuptoolsDeprecationWarning: setup.py install is deprecated. Use build and pip and other standards-based tools.
[1.828s]   warnings.warn(
[1.829s] running install_lib
[1.830s] copying /home/chelse/ros2_ws/build/rob599_hw3/build/lib/rob599_hw3/places_client.py -> /home/chelse/ros2_ws/install/rob599_hw3/lib/python3.10/site-packages/rob599_hw3
[1.831s] byte-compiling /home/chelse/ros2_ws/install/rob599_hw3/lib/python3.10/site-packages/rob599_hw3/places_client.py to places_client.cpython-310.pyc
[1.832s] running install_data
[1.833s] running install_egg_info
[1.837s] removing '/home/chelse/ros2_ws/install/rob599_hw3/lib/python3.10/site-packages/rob599_hw3-0.0.0-py3.10.egg-info' (and everything under it)
[1.837s] Copying ../../build/rob599_hw3/rob599_hw3.egg-info to /home/chelse/ros2_ws/install/rob599_hw3/lib/python3.10/site-packages/rob599_hw3-0.0.0-py3.10.egg-info
[1.839s] running install_scripts
[1.872s] Installing places script to /home/chelse/ros2_ws/install/rob599_hw3/lib/rob599_hw3
[1.872s] Installing places_client script to /home/chelse/ros2_ws/install/rob599_hw3/lib/rob599_hw3
[1.873s] writing list of installed files to '/home/chelse/ros2_ws/build/rob599_hw3/install.log'
[2.225s] Invoked command in '/home/chelse/ros2_ws/src/rob599_hw3' returned '0': PYTHONPATH=/home/chelse/ros2_ws/build/rob599_hw3/prefix_override:/home/chelse/ros2_ws/install/rob599_hw3/lib/python3.10/site-packages:${PYTHONPATH} /usr/bin/python3 setup.py egg_info --egg-base ../../build/rob599_hw3 build --build-base /home/chelse/ros2_ws/build/rob599_hw3/build install --record /home/chelse/ros2_ws/build/rob599_hw3/install.log --single-version-externally-managed
