[0.065s] Invoking command in '/home/chelse/ros2_ws/build/turtlesim': CMAKE_PREFIX_PATH=${CMAKE_PREFIX_PATH}:/home/chelse/ros2_ws/install/rob599_basic:/opt/ros/humble /usr/bin/cmake --build /home/chelse/ros2_ws/build/turtlesim -- -j12 -l12
[0.123s] [ 11%] Built target turtlesim__rosidl_generator_c
[0.123s] [ 11%] Built target turtlesim__cpp
[0.141s] [ 11%] Built target ament_cmake_python_copy_turtlesim
[0.162s] [ 21%] Built target turtlesim__rosidl_typesupport_introspection_c
[0.162s] [ 31%] Built target turtlesim__rosidl_typesupport_c
[0.166s] [ 41%] Built target turtlesim__rosidl_typesupport_fastrtps_c
[0.168s] [ 51%] Built target turtlesim__rosidl_typesupport_introspection_cpp
[0.176s] [ 61%] Built target turtlesim__rosidl_typesupport_cpp
[0.177s] [ 71%] Built target turtlesim__rosidl_typesupport_fastrtps_cpp
[0.203s] [ 71%] Built target turtlesim
[0.209s] [ 73%] Built target turtle_teleop_key
[0.209s] [ 75%] Built target mimic
[0.217s] [ 77%] Built target draw_square
[0.221s] [ 83%] Built target turtlesim_node
[0.228s] [ 84%] Built target turtlesim__py
[0.260s] [ 93%] Built target turtlesim__rosidl_generator_py
[0.282s] [ 97%] Built target turtlesim__rosidl_typesupport_introspection_c__pyext
[0.283s] [ 97%] Built target turtlesim__rosidl_typesupport_c__pyext
[0.283s] [100%] Built target turtlesim__rosidl_typesupport_fastrtps_c__pyext
[0.393s] running egg_info
[0.393s] writing turtlesim.egg-info/PKG-INFO
[0.394s] writing dependency_links to turtlesim.egg-info/dependency_links.txt
[0.394s] writing top-level names to turtlesim.egg-info/top_level.txt
[0.396s] reading manifest file 'turtlesim.egg-info/SOURCES.txt'
[0.396s] writing manifest file 'turtlesim.egg-info/SOURCES.txt'
[0.422s] [100%] Built target ament_cmake_python_build_turtlesim_egg
