[0.118s] Invoking command in '/home/chelse/ros2_ws/build/turtlebot3_gazebo': /usr/bin/cmake /home/chelse/ros2_ws/src/turtlebot3_simulations/turtlebot3_gazebo -DCATKIN_INSTALL_INTO_PREFIX_ROOT=0 -DCMAKE_INSTALL_PREFIX=/home/chelse/ros2_ws/install/turtlebot3_gazebo
[0.125s] [0mCMake Deprecation Warning at CMakeLists.txt:4 (cmake_minimum_required):
[0.125s]   Compatibility with CMake < 2.8.12 will be removed from a future version of
[0.125s]   CMake.
[0.125s] 
[0.125s]   Update the VERSION argument <min> value or use a ...<max> suffix to tell
[0.126s]   CMake that the project does not need compatibility with older versions.
[0.126s] 
[0.126s] [0m
[0.141s] [31mCMake Error at CMakeLists.txt:13 (find_package):
[0.141s]   By not providing "Findcatkin.cmake" in CMAKE_MODULE_PATH this project has
[0.141s]   asked CMake to find a package configuration file provided by "catkin", but
[0.141s]   CMake did not find one.
[0.141s] 
[0.141s]   Could not find a package configuration file provided by "catkin" with any
[0.141s]   of the following names:
[0.141s] 
[0.141s]     catkinConfig.cmake
[0.141s]     catkin-config.cmake
[0.141s] 
[0.141s]   Add the installation prefix of "catkin" to CMAKE_PREFIX_PATH or set
[0.141s]   "catkin_DIR" to a directory containing one of the above files.  If "catkin"
[0.141s]   provides a separate development package or SDK, be sure it has been
[0.141s]   installed.
[0.141s] 
[0.142s] [0m
[0.142s] -- Configuring incomplete, errors occurred!
[0.142s] See also "/home/chelse/ros2_ws/build/turtlebot3_gazebo/CMakeFiles/CMakeOutput.log".
[0.142s] Invoked command in '/home/chelse/ros2_ws/build/turtlebot3_gazebo' returned '1': /usr/bin/cmake /home/chelse/ros2_ws/src/turtlebot3_simulations/turtlebot3_gazebo -DCATKIN_INSTALL_INTO_PREFIX_ROOT=0 -DCMAKE_INSTALL_PREFIX=/home/chelse/ros2_ws/install/turtlebot3_gazebo
