[0.670s] Invoking command in '/home/chelse/ros2_ws/src/rob599_hw3': PYTHONPATH=/home/chelse/ros2_ws/build/rob599_hw3/prefix_override:/home/chelse/ros2_ws/install/rob599_hw3/lib/python3.10/site-packages:${PYTHONPATH} /usr/bin/python3 setup.py egg_info --egg-base ../../build/rob599_hw3 build --build-base /home/chelse/ros2_ws/build/rob599_hw3/build install --record /home/chelse/ros2_ws/build/rob599_hw3/install.log --single-version-externally-managed
[0.901s] running egg_info
[0.902s] writing ../../build/rob599_hw3/rob599_hw3.egg-info/PKG-INFO
[0.902s] writing dependency_links to ../../build/rob599_hw3/rob599_hw3.egg-info/dependency_links.txt
[0.903s] writing entry points to ../../build/rob599_hw3/rob599_hw3.egg-info/entry_points.txt
[0.903s] writing requirements to ../../build/rob599_hw3/rob599_hw3.egg-info/requires.txt
[0.903s] writing top-level names to ../../build/rob599_hw3/rob599_hw3.egg-info/top_level.txt
[0.904s] reading manifest file '../../build/rob599_hw3/rob599_hw3.egg-info/SOURCES.txt'
[0.905s] writing manifest file '../../build/rob599_hw3/rob599_hw3.egg-info/SOURCES.txt'
[0.905s] running build
[0.905s] running build_py
[0.905s] running install
[0.906s] /usr/lib/python3/dist-packages/setuptools/command/install.py:34: SetuptoolsDeprecationWarning: setup.py install is deprecated. Use build and pip and other standards-based tools.
[0.906s]   warnings.warn(
[0.906s] running install_lib
[0.907s] running install_data
[0.907s] running install_egg_info
[0.909s] removing '/home/chelse/ros2_ws/install/rob599_hw3/lib/python3.10/site-packages/rob599_hw3-0.0.0-py3.10.egg-info' (and everything under it)
[0.909s] Copying ../../build/rob599_hw3/rob599_hw3.egg-info to /home/chelse/ros2_ws/install/rob599_hw3/lib/python3.10/site-packages/rob599_hw3-0.0.0-py3.10.egg-info
[0.910s] running install_scripts
[0.930s] writing list of installed files to '/home/chelse/ros2_ws/build/rob599_hw3/install.log'
[0.950s] Invoked command in '/home/chelse/ros2_ws/src/rob599_hw3' returned '0': PYTHONPATH=/home/chelse/ros2_ws/build/rob599_hw3/prefix_override:/home/chelse/ros2_ws/install/rob599_hw3/lib/python3.10/site-packages:${PYTHONPATH} /usr/bin/python3 setup.py egg_info --egg-base ../../build/rob599_hw3 build --build-base /home/chelse/ros2_ws/build/rob599_hw3/build install --record /home/chelse/ros2_ws/build/rob599_hw3/install.log --single-version-externally-managed
