[0.088s] Invoking command in '/home/chelse/ros2_ws/build/rob599_hw2': CMAKE_PREFIX_PATH=/opt/ros/humble /usr/bin/cmake --build /home/chelse/ros2_ws/build/rob599_hw2 -- -j12 -l12
[0.114s] [31mCMake Error at CMakeLists.txt:5 (find_package):
[0.114s]   By not providing "Findpython3_cmake_module.cmake" in CMAKE_MODULE_PATH this
[0.115s]   project has asked CMake to find a package configuration file provided by
[0.115s]   "python3_cmake_module", but CMake did not find one.
[0.115s] 
[0.115s]   Could not find a package configuration file provided by
[0.115s]   "python3_cmake_module" with any of the following names:
[0.115s] 
[0.115s]     python3_cmake_moduleConfig.cmake
[0.115s]     python3_cmake_module-config.cmake
[0.115s] 
[0.116s]   Add the installation prefix of "python3_cmake_module" to CMAKE_PREFIX_PATH
[0.116s]   or set "python3_cmake_module_DIR" to a directory containing one of the
[0.116s]   above files.  If "python3_cmake_module" provides a separate development
[0.116s]   package or SDK, be sure it has been installed.
[0.116s] 
[0.116s] [0m
[0.116s] -- Configuring incomplete, errors occurred!
[0.116s] See also "/home/chelse/ros2_ws/build/rob599_hw2/CMakeFiles/CMakeOutput.log".
[0.116s] gmake: *** [Makefile:226: cmake_check_build_system] Error 1
[0.118s] Invoked command in '/home/chelse/ros2_ws/build/rob599_hw2' returned '2': CMAKE_PREFIX_PATH=/opt/ros/humble /usr/bin/cmake --build /home/chelse/ros2_ws/build/rob599_hw2 -- -j12 -l12
