[0.707s] Invoking command in '/home/chelse/ros2_ws/build/turtlesim': CMAKE_PREFIX_PATH=${CMAKE_PREFIX_PATH}:/home/chelse/ros2_ws/install/rob599_basic:/opt/ros/humble /usr/bin/cmake --build /home/chelse/ros2_ws/build/turtlesim -- -j12 -l12
[0.816s] [  1%] Built target turtlesim__cpp
[0.820s] [ 11%] Built target turtlesim__rosidl_generator_c
[0.854s] [ 11%] Built target ament_cmake_python_copy_turtlesim
[0.897s] [ 21%] Built target turtlesim__rosidl_typesupport_c
[0.899s] [ 31%] Built target turtlesim__rosidl_typesupport_introspection_c
[0.905s] [ 50%] Built target turtlesim__rosidl_typesupport_cpp
[0.906s] [ 51%] Built target turtlesim__rosidl_typesupport_introspection_cpp
[0.908s] [ 61%] Built target turtlesim__rosidl_typesupport_fastrtps_cpp
[0.912s] [ 71%] Built target turtlesim__rosidl_typesupport_fastrtps_c
[0.979s] [ 71%] Built target turtlesim
[0.982s] [ 73%] Built target mimic
[0.995s] [ 75%] Built target draw_square
[0.996s] [ 77%] Built target turtle_teleop_key
[1.013s] [ 83%] Built target turtlesim_node
[1.031s] [ 84%] Built target turtlesim__py
[1.093s] [ 93%] Built target turtlesim__rosidl_generator_py
[1.146s] [ 97%] Built target turtlesim__rosidl_typesupport_fastrtps_c__pyext
[1.147s] [ 97%] Built target turtlesim__rosidl_typesupport_introspection_c__pyext
[1.152s] [100%] Built target turtlesim__rosidl_typesupport_c__pyext
[1.465s] running egg_info
[1.466s] writing turtlesim.egg-info/PKG-INFO
[1.467s] writing dependency_links to turtlesim.egg-info/dependency_links.txt
[1.467s] writing top-level names to turtlesim.egg-info/top_level.txt
[1.472s] reading manifest file 'turtlesim.egg-info/SOURCES.txt'
[1.474s] writing manifest file 'turtlesim.egg-info/SOURCES.txt'
[1.527s] [100%] Built target ament_cmake_python_build_turtlesim_egg
[1.555s] Invoked command in '/home/chelse/ros2_ws/build/turtlesim' returned '0': CMAKE_PREFIX_PATH=${CMAKE_PREFIX_PATH}:/home/chelse/ros2_ws/install/rob599_basic:/opt/ros/humble /usr/bin/cmake --build /home/chelse/ros2_ws/build/turtlesim -- -j12 -l12
[2.454s] Invoking command in '/home/chelse/ros2_ws/build/turtlesim': CMAKE_PREFIX_PATH=${CMAKE_PREFIX_PATH}:/home/chelse/ros2_ws/install/rob599_basic:/opt/ros/humble /usr/bin/cmake --install /home/chelse/ros2_ws/build/turtlesim
[2.468s] -- Install configuration: ""
[2.469s] -- Up-to-date: /home/chelse/ros2_ws/install/turtlesim/share/ament_index/resource_index/rosidl_interfaces/turtlesim
[2.471s] -- Up-to-date: /home/chelse/ros2_ws/install/turtlesim/include/turtlesim/turtlesim
[2.472s] -- Up-to-date: /home/chelse/ros2_ws/install/turtlesim/include/turtlesim/turtlesim/action
[2.473s] -- Up-to-date: /home/chelse/ros2_ws/install/turtlesim/include/turtlesim/turtlesim/action/detail
[2.474s] -- Up-to-date: /home/chelse/ros2_ws/install/turtlesim/include/turtlesim/turtlesim/action/detail/rotate_absolute__struct.h
[2.474s] -- Up-to-date: /home/chelse/ros2_ws/install/turtlesim/include/turtlesim/turtlesim/action/detail/rotate_absolute__type_support.h
[2.475s] -- Up-to-date: /home/chelse/ros2_ws/install/turtlesim/include/turtlesim/turtlesim/action/detail/rotate_absolute__functions.h
[2.475s] -- Up-to-date: /home/chelse/ros2_ws/install/turtlesim/include/turtlesim/turtlesim/action/detail/rotate_absolute__functions.c
[2.476s] -- Up-to-date: /home/chelse/ros2_ws/install/turtlesim/include/turtlesim/turtlesim/action/rotate_absolute.h
[2.476s] -- Up-to-date: /home/chelse/ros2_ws/install/turtlesim/include/turtlesim/turtlesim/msg
[2.478s] -- Up-to-date: /home/chelse/ros2_ws/install/turtlesim/include/turtlesim/turtlesim/msg/detail
[2.478s] -- Up-to-date: /home/chelse/ros2_ws/install/turtlesim/include/turtlesim/turtlesim/msg/detail/pose__functions.h
[2.478s] -- Up-to-date: /home/chelse/ros2_ws/install/turtlesim/include/turtlesim/turtlesim/msg/detail/color__type_support.h
[2.479s] -- Up-to-date: /home/chelse/ros2_ws/install/turtlesim/include/turtlesim/turtlesim/msg/detail/pose__struct.h
[2.480s] -- Up-to-date: /home/chelse/ros2_ws/install/turtlesim/include/turtlesim/turtlesim/msg/detail/color__struct.h
[2.480s] -- Up-to-date: /home/chelse/ros2_ws/install/turtlesim/include/turtlesim/turtlesim/msg/detail/pose__type_support.h
[2.481s] -- Up-to-date: /home/chelse/ros2_ws/install/turtlesim/include/turtlesim/turtlesim/msg/detail/pose__functions.c
[2.481s] -- Up-to-date: /home/chelse/ros2_ws/install/turtlesim/include/turtlesim/turtlesim/msg/detail/color__functions.c
[2.482s] -- Up-to-date: /home/chelse/ros2_ws/install/turtlesim/include/turtlesim/turtlesim/msg/detail/color__functions.h
[2.482s] -- Up-to-date: /home/chelse/ros2_ws/install/turtlesim/include/turtlesim/turtlesim/msg/rosidl_generator_c__visibility_control.h
[2.483s] -- Up-to-date: /home/chelse/ros2_ws/install/turtlesim/include/turtlesim/turtlesim/msg/color.h
[2.483s] -- Up-to-date: /home/chelse/ros2_ws/install/turtlesim/include/turtlesim/turtlesim/msg/pose.h
[2.483s] -- Up-to-date: /home/chelse/ros2_ws/install/turtlesim/include/turtlesim/turtlesim/srv
[2.484s] -- Up-to-date: /home/chelse/ros2_ws/install/turtlesim/include/turtlesim/turtlesim/srv/spawn.h
[2.485s] -- Up-to-date: /home/chelse/ros2_ws/install/turtlesim/include/turtlesim/turtlesim/srv/detail
[2.485s] -- Up-to-date: /home/chelse/ros2_ws/install/turtlesim/include/turtlesim/turtlesim/srv/detail/teleport_relative__type_support.h
[2.486s] -- Up-to-date: /home/chelse/ros2_ws/install/turtlesim/include/turtlesim/turtlesim/srv/detail/spawn__type_support.h
[2.486s] -- Up-to-date: /home/chelse/ros2_ws/install/turtlesim/include/turtlesim/turtlesim/srv/detail/set_pen__functions.c
[2.487s] -- Up-to-date: /home/chelse/ros2_ws/install/turtlesim/include/turtlesim/turtlesim/srv/detail/teleport_absolute__type_support.h
[2.488s] -- Up-to-date: /home/chelse/ros2_ws/install/turtlesim/include/turtlesim/turtlesim/srv/detail/teleport_absolute__functions.h
[2.489s] -- Up-to-date: /home/chelse/ros2_ws/install/turtlesim/include/turtlesim/turtlesim/srv/detail/spawn__functions.c
[2.489s] -- Up-to-date: /home/chelse/ros2_ws/install/turtlesim/include/turtlesim/turtlesim/srv/detail/kill__functions.h
[2.490s] -- Up-to-date: /home/chelse/ros2_ws/install/turtlesim/include/turtlesim/turtlesim/srv/detail/kill__struct.h
[2.490s] -- Up-to-date: /home/chelse/ros2_ws/install/turtlesim/include/turtlesim/turtlesim/srv/detail/teleport_relative__struct.h
[2.491s] -- Up-to-date: /home/chelse/ros2_ws/install/turtlesim/include/turtlesim/turtlesim/srv/detail/kill__functions.c
[2.492s] -- Up-to-date: /home/chelse/ros2_ws/install/turtlesim/include/turtlesim/turtlesim/srv/detail/set_pen__functions.h
[2.492s] -- Up-to-date: /home/chelse/ros2_ws/install/turtlesim/include/turtlesim/turtlesim/srv/detail/set_pen__struct.h
[2.493s] -- Up-to-date: /home/chelse/ros2_ws/install/turtlesim/include/turtlesim/turtlesim/srv/detail/spawn__struct.h
[2.494s] -- Up-to-date: /home/chelse/ros2_ws/install/turtlesim/include/turtlesim/turtlesim/srv/detail/set_pen__type_support.h
[2.494s] -- Up-to-date: /home/chelse/ros2_ws/install/turtlesim/include/turtlesim/turtlesim/srv/detail/kill__type_support.h
[2.495s] -- Up-to-date: /home/chelse/ros2_ws/install/turtlesim/include/turtlesim/turtlesim/srv/detail/spawn__functions.h
[2.496s] -- Up-to-date: /home/chelse/ros2_ws/install/turtlesim/include/turtlesim/turtlesim/srv/detail/teleport_absolute__functions.c
[2.496s] -- Up-to-date: /home/chelse/ros2_ws/install/turtlesim/include/turtlesim/turtlesim/srv/detail/teleport_relative__functions.c
[2.497s] -- Up-to-date: /home/chelse/ros2_ws/install/turtlesim/include/turtlesim/turtlesim/srv/detail/teleport_relative__functions.h
[2.497s] -- Up-to-date: /home/chelse/ros2_ws/install/turtlesim/include/turtlesim/turtlesim/srv/detail/teleport_absolute__struct.h
[2.497s] -- Up-to-date: /home/chelse/ros2_ws/install/turtlesim/include/turtlesim/turtlesim/srv/teleport_absolute.h
[2.498s] -- Up-to-date: /home/chelse/ros2_ws/install/turtlesim/include/turtlesim/turtlesim/srv/kill.h
[2.498s] -- Up-to-date: /home/chelse/ros2_ws/install/turtlesim/include/turtlesim/turtlesim/srv/teleport_relative.h
[2.499s] -- Up-to-date: /home/chelse/ros2_ws/install/turtlesim/include/turtlesim/turtlesim/srv/set_pen.h
[2.499s] -- Up-to-date: /home/chelse/ros2_ws/install/turtlesim/share/turtlesim/environment/library_path.sh
[2.500s] -- Up-to-date: /home/chelse/ros2_ws/install/turtlesim/share/turtlesim/environment/library_path.dsv
[2.500s] -- Up-to-date: /home/chelse/ros2_ws/install/turtlesim/lib/libturtlesim__rosidl_generator_c.so
[2.501s] -- Up-to-date: /home/chelse/ros2_ws/install/turtlesim/include/turtlesim/turtlesim
[2.501s] -- Up-to-date: /home/chelse/ros2_ws/install/turtlesim/include/turtlesim/turtlesim/action
[2.502s] -- Up-to-date: /home/chelse/ros2_ws/install/turtlesim/include/turtlesim/turtlesim/action/detail
[2.502s] -- Up-to-date: /home/chelse/ros2_ws/install/turtlesim/include/turtlesim/turtlesim/action/detail/rotate_absolute__rosidl_typesupport_fastrtps_c.h
[2.502s] -- Up-to-date: /home/chelse/ros2_ws/install/turtlesim/include/turtlesim/turtlesim/msg
[2.503s] -- Up-to-date: /home/chelse/ros2_ws/install/turtlesim/include/turtlesim/turtlesim/msg/detail
[2.503s] -- Up-to-date: /home/chelse/ros2_ws/install/turtlesim/include/turtlesim/turtlesim/msg/detail/pose__rosidl_typesupport_fastrtps_c.h
[2.504s] -- Up-to-date: /home/chelse/ros2_ws/install/turtlesim/include/turtlesim/turtlesim/msg/detail/color__rosidl_typesupport_fastrtps_c.h
[2.504s] -- Up-to-date: /home/chelse/ros2_ws/install/turtlesim/include/turtlesim/turtlesim/msg/rosidl_typesupport_fastrtps_c__visibility_control.h
[2.505s] -- Up-to-date: /home/chelse/ros2_ws/install/turtlesim/include/turtlesim/turtlesim/srv
[2.505s] -- Up-to-date: /home/chelse/ros2_ws/install/turtlesim/include/turtlesim/turtlesim/srv/detail
[2.506s] -- Up-to-date: /home/chelse/ros2_ws/install/turtlesim/include/turtlesim/turtlesim/srv/detail/teleport_absolute__rosidl_typesupport_fastrtps_c.h
[2.506s] -- Up-to-date: /home/chelse/ros2_ws/install/turtlesim/include/turtlesim/turtlesim/srv/detail/kill__rosidl_typesupport_fastrtps_c.h
[2.507s] -- Up-to-date: /home/chelse/ros2_ws/install/turtlesim/include/turtlesim/turtlesim/srv/detail/spawn__rosidl_typesupport_fastrtps_c.h
[2.507s] -- Up-to-date: /home/chelse/ros2_ws/install/turtlesim/include/turtlesim/turtlesim/srv/detail/teleport_relative__rosidl_typesupport_fastrtps_c.h
[2.508s] -- Up-to-date: /home/chelse/ros2_ws/install/turtlesim/include/turtlesim/turtlesim/srv/detail/set_pen__rosidl_typesupport_fastrtps_c.h
[2.508s] -- Up-to-date: /home/chelse/ros2_ws/install/turtlesim/lib/libturtlesim__rosidl_typesupport_fastrtps_c.so
[2.509s] -- Up-to-date: /home/chelse/ros2_ws/install/turtlesim/include/turtlesim/turtlesim
[2.509s] -- Up-to-date: /home/chelse/ros2_ws/install/turtlesim/include/turtlesim/turtlesim/action
[2.509s] -- Up-to-date: /home/chelse/ros2_ws/install/turtlesim/include/turtlesim/turtlesim/action/detail
[2.510s] -- Up-to-date: /home/chelse/ros2_ws/install/turtlesim/include/turtlesim/turtlesim/action/detail/rotate_absolute__traits.hpp
[2.510s] -- Up-to-date: /home/chelse/ros2_ws/install/turtlesim/include/turtlesim/turtlesim/action/detail/rotate_absolute__builder.hpp
[2.510s] -- Up-to-date: /home/chelse/ros2_ws/install/turtlesim/include/turtlesim/turtlesim/action/detail/rotate_absolute__struct.hpp
[2.511s] -- Up-to-date: /home/chelse/ros2_ws/install/turtlesim/include/turtlesim/turtlesim/action/rotate_absolute.hpp
[2.511s] -- Up-to-date: /home/chelse/ros2_ws/install/turtlesim/include/turtlesim/turtlesim/msg
[2.512s] -- Up-to-date: /home/chelse/ros2_ws/install/turtlesim/include/turtlesim/turtlesim/msg/detail
[2.512s] -- Up-to-date: /home/chelse/ros2_ws/install/turtlesim/include/turtlesim/turtlesim/msg/detail/pose__struct.hpp
[2.512s] -- Up-to-date: /home/chelse/ros2_ws/install/turtlesim/include/turtlesim/turtlesim/msg/detail/color__struct.hpp
[2.513s] -- Up-to-date: /home/chelse/ros2_ws/install/turtlesim/include/turtlesim/turtlesim/msg/detail/pose__builder.hpp
[2.513s] -- Up-to-date: /home/chelse/ros2_ws/install/turtlesim/include/turtlesim/turtlesim/msg/detail/pose__traits.hpp
[2.514s] -- Up-to-date: /home/chelse/ros2_ws/install/turtlesim/include/turtlesim/turtlesim/msg/detail/color__traits.hpp
[2.516s] -- Up-to-date: /home/chelse/ros2_ws/install/turtlesim/include/turtlesim/turtlesim/msg/detail/color__builder.hpp
[2.516s] -- Up-to-date: /home/chelse/ros2_ws/install/turtlesim/include/turtlesim/turtlesim/msg/pose.hpp
[2.517s] -- Up-to-date: /home/chelse/ros2_ws/install/turtlesim/include/turtlesim/turtlesim/msg/color.hpp
[2.517s] -- Up-to-date: /home/chelse/ros2_ws/install/turtlesim/include/turtlesim/turtlesim/srv
[2.518s] -- Up-to-date: /home/chelse/ros2_ws/install/turtlesim/include/turtlesim/turtlesim/srv/detail
[2.518s] -- Up-to-date: /home/chelse/ros2_ws/install/turtlesim/include/turtlesim/turtlesim/srv/detail/kill__struct.hpp
[2.518s] -- Up-to-date: /home/chelse/ros2_ws/install/turtlesim/include/turtlesim/turtlesim/srv/detail/spawn__struct.hpp
[2.518s] -- Up-to-date: /home/chelse/ros2_ws/install/turtlesim/include/turtlesim/turtlesim/srv/detail/set_pen__struct.hpp
[2.519s] -- Up-to-date: /home/chelse/ros2_ws/install/turtlesim/include/turtlesim/turtlesim/srv/detail/spawn__builder.hpp
[2.519s] -- Up-to-date: /home/chelse/ros2_ws/install/turtlesim/include/turtlesim/turtlesim/srv/detail/teleport_relative__traits.hpp
[2.519s] -- Up-to-date: /home/chelse/ros2_ws/install/turtlesim/include/turtlesim/turtlesim/srv/detail/teleport_relative__struct.hpp
[2.519s] -- Up-to-date: /home/chelse/ros2_ws/install/turtlesim/include/turtlesim/turtlesim/srv/detail/teleport_absolute__traits.hpp
[2.519s] -- Up-to-date: /home/chelse/ros2_ws/install/turtlesim/include/turtlesim/turtlesim/srv/detail/teleport_absolute__struct.hpp
[2.520s] -- Up-to-date: /home/chelse/ros2_ws/install/turtlesim/include/turtlesim/turtlesim/srv/detail/spawn__traits.hpp
[2.520s] -- Up-to-date: /home/chelse/ros2_ws/install/turtlesim/include/turtlesim/turtlesim/srv/detail/kill__traits.hpp
[2.520s] -- Up-to-date: /home/chelse/ros2_ws/install/turtlesim/include/turtlesim/turtlesim/srv/detail/teleport_relative__builder.hpp
[2.520s] -- Up-to-date: /home/chelse/ros2_ws/install/turtlesim/include/turtlesim/turtlesim/srv/detail/teleport_absolute__builder.hpp
[2.521s] -- Up-to-date: /home/chelse/ros2_ws/install/turtlesim/include/turtlesim/turtlesim/srv/detail/kill__builder.hpp
[2.521s] -- Up-to-date: /home/chelse/ros2_ws/install/turtlesim/include/turtlesim/turtlesim/srv/detail/set_pen__traits.hpp
[2.521s] -- Up-to-date: /home/chelse/ros2_ws/install/turtlesim/include/turtlesim/turtlesim/srv/detail/set_pen__builder.hpp
[2.521s] -- Up-to-date: /home/chelse/ros2_ws/install/turtlesim/include/turtlesim/turtlesim/srv/set_pen.hpp
[2.521s] -- Up-to-date: /home/chelse/ros2_ws/install/turtlesim/include/turtlesim/turtlesim/srv/spawn.hpp
[2.522s] -- Up-to-date: /home/chelse/ros2_ws/install/turtlesim/include/turtlesim/turtlesim/srv/kill.hpp
[2.522s] -- Up-to-date: /home/chelse/ros2_ws/install/turtlesim/include/turtlesim/turtlesim/srv/teleport_relative.hpp
[2.523s] -- Up-to-date: /home/chelse/ros2_ws/install/turtlesim/include/turtlesim/turtlesim/srv/teleport_absolute.hpp
[2.523s] -- Up-to-date: /home/chelse/ros2_ws/install/turtlesim/include/turtlesim/turtlesim
[2.524s] -- Up-to-date: /home/chelse/ros2_ws/install/turtlesim/include/turtlesim/turtlesim/action
[2.524s] -- Up-to-date: /home/chelse/ros2_ws/install/turtlesim/include/turtlesim/turtlesim/action/detail
[2.525s] -- Up-to-date: /home/chelse/ros2_ws/install/turtlesim/include/turtlesim/turtlesim/action/detail/rotate_absolute__rosidl_typesupport_fastrtps_cpp.hpp
[2.525s] -- Up-to-date: /home/chelse/ros2_ws/install/turtlesim/include/turtlesim/turtlesim/action/detail/dds_fastrtps
[2.525s] -- Up-to-date: /home/chelse/ros2_ws/install/turtlesim/include/turtlesim/turtlesim/msg
[2.525s] -- Up-to-date: /home/chelse/ros2_ws/install/turtlesim/include/turtlesim/turtlesim/msg/detail
[2.526s] -- Up-to-date: /home/chelse/ros2_ws/install/turtlesim/include/turtlesim/turtlesim/msg/detail/color__rosidl_typesupport_fastrtps_cpp.hpp
[2.526s] -- Up-to-date: /home/chelse/ros2_ws/install/turtlesim/include/turtlesim/turtlesim/msg/detail/dds_fastrtps
[2.526s] -- Up-to-date: /home/chelse/ros2_ws/install/turtlesim/include/turtlesim/turtlesim/msg/detail/pose__rosidl_typesupport_fastrtps_cpp.hpp
[2.527s] -- Up-to-date: /home/chelse/ros2_ws/install/turtlesim/include/turtlesim/turtlesim/msg/rosidl_typesupport_fastrtps_cpp__visibility_control.h
[2.527s] -- Up-to-date: /home/chelse/ros2_ws/install/turtlesim/include/turtlesim/turtlesim/srv
[2.527s] -- Up-to-date: /home/chelse/ros2_ws/install/turtlesim/include/turtlesim/turtlesim/srv/detail
[2.528s] -- Up-to-date: /home/chelse/ros2_ws/install/turtlesim/include/turtlesim/turtlesim/srv/detail/teleport_relative__rosidl_typesupport_fastrtps_cpp.hpp
[2.528s] -- Up-to-date: /home/chelse/ros2_ws/install/turtlesim/include/turtlesim/turtlesim/srv/detail/set_pen__rosidl_typesupport_fastrtps_cpp.hpp
[2.528s] -- Up-to-date: /home/chelse/ros2_ws/install/turtlesim/include/turtlesim/turtlesim/srv/detail/spawn__rosidl_typesupport_fastrtps_cpp.hpp
[2.528s] -- Up-to-date: /home/chelse/ros2_ws/install/turtlesim/include/turtlesim/turtlesim/srv/detail/teleport_absolute__rosidl_typesupport_fastrtps_cpp.hpp
[2.529s] -- Up-to-date: /home/chelse/ros2_ws/install/turtlesim/include/turtlesim/turtlesim/srv/detail/dds_fastrtps
[2.529s] -- Up-to-date: /home/chelse/ros2_ws/install/turtlesim/include/turtlesim/turtlesim/srv/detail/kill__rosidl_typesupport_fastrtps_cpp.hpp
[2.530s] -- Up-to-date: /home/chelse/ros2_ws/install/turtlesim/lib/libturtlesim__rosidl_typesupport_fastrtps_cpp.so
[2.530s] -- Up-to-date: /home/chelse/ros2_ws/install/turtlesim/include/turtlesim/turtlesim
[2.530s] -- Up-to-date: /home/chelse/ros2_ws/install/turtlesim/include/turtlesim/turtlesim/action
[2.531s] -- Up-to-date: /home/chelse/ros2_ws/install/turtlesim/include/turtlesim/turtlesim/action/detail
[2.531s] -- Up-to-date: /home/chelse/ros2_ws/install/turtlesim/include/turtlesim/turtlesim/action/detail/rotate_absolute__rosidl_typesupport_introspection_c.h
[2.531s] -- Up-to-date: /home/chelse/ros2_ws/install/turtlesim/include/turtlesim/turtlesim/action/detail/rotate_absolute__type_support.c
[2.532s] -- Up-to-date: /home/chelse/ros2_ws/install/turtlesim/include/turtlesim/turtlesim/msg
[2.532s] -- Up-to-date: /home/chelse/ros2_ws/install/turtlesim/include/turtlesim/turtlesim/msg/rosidl_typesupport_introspection_c__visibility_control.h
[2.532s] -- Up-to-date: /home/chelse/ros2_ws/install/turtlesim/include/turtlesim/turtlesim/msg/detail
[2.532s] -- Up-to-date: /home/chelse/ros2_ws/install/turtlesim/include/turtlesim/turtlesim/msg/detail/color__type_support.c
[2.533s] -- Up-to-date: /home/chelse/ros2_ws/install/turtlesim/include/turtlesim/turtlesim/msg/detail/pose__rosidl_typesupport_introspection_c.h
[2.533s] -- Up-to-date: /home/chelse/ros2_ws/install/turtlesim/include/turtlesim/turtlesim/msg/detail/pose__type_support.c
[2.533s] -- Up-to-date: /home/chelse/ros2_ws/install/turtlesim/include/turtlesim/turtlesim/msg/detail/color__rosidl_typesupport_introspection_c.h
[2.534s] -- Up-to-date: /home/chelse/ros2_ws/install/turtlesim/include/turtlesim/turtlesim/srv
[2.534s] -- Up-to-date: /home/chelse/ros2_ws/install/turtlesim/include/turtlesim/turtlesim/srv/detail
[2.534s] -- Up-to-date: /home/chelse/ros2_ws/install/turtlesim/include/turtlesim/turtlesim/srv/detail/teleport_absolute__type_support.c
[2.534s] -- Up-to-date: /home/chelse/ros2_ws/install/turtlesim/include/turtlesim/turtlesim/srv/detail/spawn__type_support.c
[2.535s] -- Up-to-date: /home/chelse/ros2_ws/install/turtlesim/include/turtlesim/turtlesim/srv/detail/kill__type_support.c
[2.535s] -- Up-to-date: /home/chelse/ros2_ws/install/turtlesim/include/turtlesim/turtlesim/srv/detail/teleport_absolute__rosidl_typesupport_introspection_c.h
[2.535s] -- Up-to-date: /home/chelse/ros2_ws/install/turtlesim/include/turtlesim/turtlesim/srv/detail/kill__rosidl_typesupport_introspection_c.h
[2.536s] -- Up-to-date: /home/chelse/ros2_ws/install/turtlesim/include/turtlesim/turtlesim/srv/detail/spawn__rosidl_typesupport_introspection_c.h
[2.536s] -- Up-to-date: /home/chelse/ros2_ws/install/turtlesim/include/turtlesim/turtlesim/srv/detail/set_pen__type_support.c
[2.536s] -- Up-to-date: /home/chelse/ros2_ws/install/turtlesim/include/turtlesim/turtlesim/srv/detail/teleport_relative__type_support.c
[2.536s] -- Up-to-date: /home/chelse/ros2_ws/install/turtlesim/include/turtlesim/turtlesim/srv/detail/set_pen__rosidl_typesupport_introspection_c.h
[2.537s] -- Up-to-date: /home/chelse/ros2_ws/install/turtlesim/include/turtlesim/turtlesim/srv/detail/teleport_relative__rosidl_typesupport_introspection_c.h
[2.537s] -- Up-to-date: /home/chelse/ros2_ws/install/turtlesim/lib/libturtlesim__rosidl_typesupport_introspection_c.so
[2.537s] -- Up-to-date: /home/chelse/ros2_ws/install/turtlesim/lib/libturtlesim__rosidl_typesupport_c.so
[2.538s] -- Up-to-date: /home/chelse/ros2_ws/install/turtlesim/include/turtlesim/turtlesim
[2.538s] -- Up-to-date: /home/chelse/ros2_ws/install/turtlesim/include/turtlesim/turtlesim/action
[2.538s] -- Up-to-date: /home/chelse/ros2_ws/install/turtlesim/include/turtlesim/turtlesim/action/detail
[2.539s] -- Up-to-date: /home/chelse/ros2_ws/install/turtlesim/include/turtlesim/turtlesim/action/detail/rotate_absolute__rosidl_typesupport_introspection_cpp.hpp
[2.539s] -- Up-to-date: /home/chelse/ros2_ws/install/turtlesim/include/turtlesim/turtlesim/action/detail/rotate_absolute__type_support.cpp
[2.539s] -- Up-to-date: /home/chelse/ros2_ws/install/turtlesim/include/turtlesim/turtlesim/msg
[2.539s] -- Up-to-date: /home/chelse/ros2_ws/install/turtlesim/include/turtlesim/turtlesim/msg/detail
[2.540s] -- Up-to-date: /home/chelse/ros2_ws/install/turtlesim/include/turtlesim/turtlesim/msg/detail/pose__rosidl_typesupport_introspection_cpp.hpp
[2.541s] -- Up-to-date: /home/chelse/ros2_ws/install/turtlesim/include/turtlesim/turtlesim/msg/detail/color__type_support.cpp
[2.542s] -- Up-to-date: /home/chelse/ros2_ws/install/turtlesim/include/turtlesim/turtlesim/msg/detail/color__rosidl_typesupport_introspection_cpp.hpp
[2.542s] -- Up-to-date: /home/chelse/ros2_ws/install/turtlesim/include/turtlesim/turtlesim/msg/detail/pose__type_support.cpp
[2.543s] -- Up-to-date: /home/chelse/ros2_ws/install/turtlesim/include/turtlesim/turtlesim/srv
[2.543s] -- Up-to-date: /home/chelse/ros2_ws/install/turtlesim/include/turtlesim/turtlesim/srv/detail
[2.543s] -- Up-to-date: /home/chelse/ros2_ws/install/turtlesim/include/turtlesim/turtlesim/srv/detail/teleport_relative__rosidl_typesupport_introspection_cpp.hpp
[2.544s] -- Up-to-date: /home/chelse/ros2_ws/install/turtlesim/include/turtlesim/turtlesim/srv/detail/teleport_absolute__type_support.cpp
[2.544s] -- Up-to-date: /home/chelse/ros2_ws/install/turtlesim/include/turtlesim/turtlesim/srv/detail/spawn__rosidl_typesupport_introspection_cpp.hpp
[2.544s] -- Up-to-date: /home/chelse/ros2_ws/install/turtlesim/include/turtlesim/turtlesim/srv/detail/teleport_relative__type_support.cpp
[2.545s] -- Up-to-date: /home/chelse/ros2_ws/install/turtlesim/include/turtlesim/turtlesim/srv/detail/set_pen__type_support.cpp
[2.545s] -- Up-to-date: /home/chelse/ros2_ws/install/turtlesim/include/turtlesim/turtlesim/srv/detail/teleport_absolute__rosidl_typesupport_introspection_cpp.hpp
[2.545s] -- Up-to-date: /home/chelse/ros2_ws/install/turtlesim/include/turtlesim/turtlesim/srv/detail/set_pen__rosidl_typesupport_introspection_cpp.hpp
[2.546s] -- Up-to-date: /home/chelse/ros2_ws/install/turtlesim/include/turtlesim/turtlesim/srv/detail/kill__rosidl_typesupport_introspection_cpp.hpp
[2.546s] -- Up-to-date: /home/chelse/ros2_ws/install/turtlesim/include/turtlesim/turtlesim/srv/detail/kill__type_support.cpp
[2.546s] -- Up-to-date: /home/chelse/ros2_ws/install/turtlesim/include/turtlesim/turtlesim/srv/detail/spawn__type_support.cpp
[2.547s] -- Up-to-date: /home/chelse/ros2_ws/install/turtlesim/lib/libturtlesim__rosidl_typesupport_introspection_cpp.so
[2.547s] -- Up-to-date: /home/chelse/ros2_ws/install/turtlesim/lib/libturtlesim__rosidl_typesupport_cpp.so
[2.548s] -- Up-to-date: /home/chelse/ros2_ws/install/turtlesim/share/turtlesim/environment/pythonpath.sh
[2.548s] -- Up-to-date: /home/chelse/ros2_ws/install/turtlesim/share/turtlesim/environment/pythonpath.dsv
[2.548s] -- Up-to-date: /home/chelse/ros2_ws/install/turtlesim/local/lib/python3.10/dist-packages/turtlesim-1.4.2-py3.10.egg-info
[2.549s] -- Installing: /home/chelse/ros2_ws/install/turtlesim/local/lib/python3.10/dist-packages/turtlesim-1.4.2-py3.10.egg-info/SOURCES.txt
[2.549s] -- Installing: /home/chelse/ros2_ws/install/turtlesim/local/lib/python3.10/dist-packages/turtlesim-1.4.2-py3.10.egg-info/PKG-INFO
[2.550s] -- Installing: /home/chelse/ros2_ws/install/turtlesim/local/lib/python3.10/dist-packages/turtlesim-1.4.2-py3.10.egg-info/top_level.txt
[2.550s] -- Installing: /home/chelse/ros2_ws/install/turtlesim/local/lib/python3.10/dist-packages/turtlesim-1.4.2-py3.10.egg-info/dependency_links.txt
[2.551s] -- Up-to-date: /home/chelse/ros2_ws/install/turtlesim/local/lib/python3.10/dist-packages/turtlesim
[2.551s] -- Up-to-date: /home/chelse/ros2_ws/install/turtlesim/local/lib/python3.10/dist-packages/turtlesim/action
[2.551s] -- Up-to-date: /home/chelse/ros2_ws/install/turtlesim/local/lib/python3.10/dist-packages/turtlesim/action/__init__.py
[2.552s] -- Up-to-date: /home/chelse/ros2_ws/install/turtlesim/local/lib/python3.10/dist-packages/turtlesim/action/_rotate_absolute.py
[2.552s] -- Up-to-date: /home/chelse/ros2_ws/install/turtlesim/local/lib/python3.10/dist-packages/turtlesim/action/_rotate_absolute_s.c
[2.552s] -- Up-to-date: /home/chelse/ros2_ws/install/turtlesim/local/lib/python3.10/dist-packages/turtlesim/_turtlesim_s.ep.rosidl_typesupport_fastrtps_c.c
[2.553s] -- Up-to-date: /home/chelse/ros2_ws/install/turtlesim/local/lib/python3.10/dist-packages/turtlesim/msg
[2.553s] -- Up-to-date: /home/chelse/ros2_ws/install/turtlesim/local/lib/python3.10/dist-packages/turtlesim/msg/_color.py
[2.554s] -- Up-to-date: /home/chelse/ros2_ws/install/turtlesim/local/lib/python3.10/dist-packages/turtlesim/msg/_color_s.c
[2.554s] -- Up-to-date: /home/chelse/ros2_ws/install/turtlesim/local/lib/python3.10/dist-packages/turtlesim/msg/__init__.py
[2.554s] -- Up-to-date: /home/chelse/ros2_ws/install/turtlesim/local/lib/python3.10/dist-packages/turtlesim/msg/_pose_s.c
[2.555s] -- Up-to-date: /home/chelse/ros2_ws/install/turtlesim/local/lib/python3.10/dist-packages/turtlesim/msg/_pose.py
[2.555s] -- Up-to-date: /home/chelse/ros2_ws/install/turtlesim/local/lib/python3.10/dist-packages/turtlesim/__init__.py
[2.555s] -- Up-to-date: /home/chelse/ros2_ws/install/turtlesim/local/lib/python3.10/dist-packages/turtlesim/_turtlesim_s.ep.rosidl_typesupport_c.c
[2.556s] -- Up-to-date: /home/chelse/ros2_ws/install/turtlesim/local/lib/python3.10/dist-packages/turtlesim/turtlesim_s__rosidl_typesupport_c.cpython-310-x86_64-linux-gnu.so
[2.556s] -- Up-to-date: /home/chelse/ros2_ws/install/turtlesim/local/lib/python3.10/dist-packages/turtlesim/srv
[2.556s] -- Up-to-date: /home/chelse/ros2_ws/install/turtlesim/local/lib/python3.10/dist-packages/turtlesim/srv/_spawn.py
[2.557s] -- Up-to-date: /home/chelse/ros2_ws/install/turtlesim/local/lib/python3.10/dist-packages/turtlesim/srv/_kill_s.c
[2.557s] -- Up-to-date: /home/chelse/ros2_ws/install/turtlesim/local/lib/python3.10/dist-packages/turtlesim/srv/_kill.py
[2.557s] -- Up-to-date: /home/chelse/ros2_ws/install/turtlesim/local/lib/python3.10/dist-packages/turtlesim/srv/__init__.py
[2.558s] -- Up-to-date: /home/chelse/ros2_ws/install/turtlesim/local/lib/python3.10/dist-packages/turtlesim/srv/_teleport_absolute.py
[2.558s] -- Up-to-date: /home/chelse/ros2_ws/install/turtlesim/local/lib/python3.10/dist-packages/turtlesim/srv/_set_pen_s.c
[2.558s] -- Up-to-date: /home/chelse/ros2_ws/install/turtlesim/local/lib/python3.10/dist-packages/turtlesim/srv/_teleport_relative_s.c
[2.559s] -- Up-to-date: /home/chelse/ros2_ws/install/turtlesim/local/lib/python3.10/dist-packages/turtlesim/srv/_teleport_relative.py
[2.559s] -- Up-to-date: /home/chelse/ros2_ws/install/turtlesim/local/lib/python3.10/dist-packages/turtlesim/srv/_teleport_absolute_s.c
[2.559s] -- Up-to-date: /home/chelse/ros2_ws/install/turtlesim/local/lib/python3.10/dist-packages/turtlesim/srv/_spawn_s.c
[2.560s] -- Up-to-date: /home/chelse/ros2_ws/install/turtlesim/local/lib/python3.10/dist-packages/turtlesim/srv/_set_pen.py
[2.560s] -- Up-to-date: /home/chelse/ros2_ws/install/turtlesim/local/lib/python3.10/dist-packages/turtlesim/libturtlesim__rosidl_generator_py.so
[2.561s] -- Up-to-date: /home/chelse/ros2_ws/install/turtlesim/local/lib/python3.10/dist-packages/turtlesim/turtlesim_s__rosidl_typesupport_fastrtps_c.cpython-310-x86_64-linux-gnu.so
[2.561s] -- Up-to-date: /home/chelse/ros2_ws/install/turtlesim/local/lib/python3.10/dist-packages/turtlesim/turtlesim_s__rosidl_typesupport_introspection_c.cpython-310-x86_64-linux-gnu.so
[2.561s] -- Up-to-date: /home/chelse/ros2_ws/install/turtlesim/local/lib/python3.10/dist-packages/turtlesim/_turtlesim_s.ep.rosidl_typesupport_introspection_c.c
[2.562s] Listing '/home/chelse/ros2_ws/install/turtlesim/local/lib/python3.10/dist-packages/turtlesim'...
[2.562s] Listing '/home/chelse/ros2_ws/install/turtlesim/local/lib/python3.10/dist-packages/turtlesim/action'...
[2.563s] Listing '/home/chelse/ros2_ws/install/turtlesim/local/lib/python3.10/dist-packages/turtlesim/msg'...
[2.563s] Listing '/home/chelse/ros2_ws/install/turtlesim/local/lib/python3.10/dist-packages/turtlesim/srv'...
[2.570s] -- Up-to-date: /home/chelse/ros2_ws/install/turtlesim/local/lib/python3.10/dist-packages/turtlesim/turtlesim_s__rosidl_typesupport_fastrtps_c.cpython-310-x86_64-linux-gnu.so
[2.570s] -- Up-to-date: /home/chelse/ros2_ws/install/turtlesim/local/lib/python3.10/dist-packages/turtlesim/turtlesim_s__rosidl_typesupport_introspection_c.cpython-310-x86_64-linux-gnu.so
[2.571s] -- Up-to-date: /home/chelse/ros2_ws/install/turtlesim/local/lib/python3.10/dist-packages/turtlesim/turtlesim_s__rosidl_typesupport_c.cpython-310-x86_64-linux-gnu.so
[2.572s] -- Up-to-date: /home/chelse/ros2_ws/install/turtlesim/lib/libturtlesim__rosidl_generator_py.so
[2.573s] -- Up-to-date: /home/chelse/ros2_ws/install/turtlesim/share/turtlesim/action/RotateAbsolute.idl
[2.574s] -- Up-to-date: /home/chelse/ros2_ws/install/turtlesim/share/turtlesim/msg/Color.idl
[2.575s] -- Up-to-date: /home/chelse/ros2_ws/install/turtlesim/share/turtlesim/msg/Pose.idl
[2.575s] -- Up-to-date: /home/chelse/ros2_ws/install/turtlesim/share/turtlesim/srv/Kill.idl
[2.576s] -- Up-to-date: /home/chelse/ros2_ws/install/turtlesim/share/turtlesim/srv/SetPen.idl
[2.576s] -- Up-to-date: /home/chelse/ros2_ws/install/turtlesim/share/turtlesim/srv/Spawn.idl
[2.577s] -- Up-to-date: /home/chelse/ros2_ws/install/turtlesim/share/turtlesim/srv/TeleportAbsolute.idl
[2.577s] -- Up-to-date: /home/chelse/ros2_ws/install/turtlesim/share/turtlesim/srv/TeleportRelative.idl
[2.577s] -- Up-to-date: /home/chelse/ros2_ws/install/turtlesim/share/turtlesim/action/RotateAbsolute.action
[2.578s] -- Up-to-date: /home/chelse/ros2_ws/install/turtlesim/share/turtlesim/msg/Color.msg
[2.578s] -- Up-to-date: /home/chelse/ros2_ws/install/turtlesim/share/turtlesim/msg/Pose.msg
[2.579s] -- Up-to-date: /home/chelse/ros2_ws/install/turtlesim/share/turtlesim/srv/Kill.srv
[2.579s] -- Up-to-date: /home/chelse/ros2_ws/install/turtlesim/share/turtlesim/srv/Kill_Request.msg
[2.580s] -- Up-to-date: /home/chelse/ros2_ws/install/turtlesim/share/turtlesim/srv/Kill_Response.msg
[2.580s] -- Up-to-date: /home/chelse/ros2_ws/install/turtlesim/share/turtlesim/srv/SetPen.srv
[2.581s] -- Up-to-date: /home/chelse/ros2_ws/install/turtlesim/share/turtlesim/srv/SetPen_Request.msg
[2.582s] -- Up-to-date: /home/chelse/ros2_ws/install/turtlesim/share/turtlesim/srv/SetPen_Response.msg
[2.582s] -- Up-to-date: /home/chelse/ros2_ws/install/turtlesim/share/turtlesim/srv/Spawn.srv
[2.583s] -- Up-to-date: /home/chelse/ros2_ws/install/turtlesim/share/turtlesim/srv/Spawn_Request.msg
[2.583s] -- Up-to-date: /home/chelse/ros2_ws/install/turtlesim/share/turtlesim/srv/Spawn_Response.msg
[2.584s] -- Up-to-date: /home/chelse/ros2_ws/install/turtlesim/share/turtlesim/srv/TeleportAbsolute.srv
[2.588s] -- Up-to-date: /home/chelse/ros2_ws/install/turtlesim/share/turtlesim/srv/TeleportAbsolute_Request.msg
[2.588s] -- Up-to-date: /home/chelse/ros2_ws/install/turtlesim/share/turtlesim/srv/TeleportAbsolute_Response.msg
[2.589s] -- Up-to-date: /home/chelse/ros2_ws/install/turtlesim/share/turtlesim/srv/TeleportRelative.srv
[2.590s] -- Up-to-date: /home/chelse/ros2_ws/install/turtlesim/share/turtlesim/srv/TeleportRelative_Request.msg
[2.591s] -- Up-to-date: /home/chelse/ros2_ws/install/turtlesim/share/turtlesim/srv/TeleportRelative_Response.msg
[2.591s] -- Up-to-date: /home/chelse/ros2_ws/install/turtlesim/lib/turtlesim/turtlesim_node
[2.592s] -- Up-to-date: /home/chelse/ros2_ws/install/turtlesim/lib/turtlesim/turtle_teleop_key
[2.592s] -- Up-to-date: /home/chelse/ros2_ws/install/turtlesim/lib/turtlesim/draw_square
[2.593s] -- Up-to-date: /home/chelse/ros2_ws/install/turtlesim/lib/turtlesim/mimic
[2.593s] -- Up-to-date: /home/chelse/ros2_ws/install/turtlesim/share/turtlesim/images
[2.594s] -- Up-to-date: /home/chelse/ros2_ws/install/turtlesim/share/turtlesim/images/ardent.png
[2.594s] -- Up-to-date: /home/chelse/ros2_ws/install/turtlesim/share/turtlesim/images/eloquent.png
[2.594s] -- Up-to-date: /home/chelse/ros2_ws/install/turtlesim/share/turtlesim/images/dashing.png
[2.595s] -- Up-to-date: /home/chelse/ros2_ws/install/turtlesim/share/turtlesim/images/foxy.png
[2.596s] -- Up-to-date: /home/chelse/ros2_ws/install/turtlesim/share/turtlesim/images/rolling.png
[2.596s] -- Up-to-date: /home/chelse/ros2_ws/install/turtlesim/share/turtlesim/images/bouncy.png
[2.597s] -- Up-to-date: /home/chelse/ros2_ws/install/turtlesim/share/turtlesim/images/crystal.png
[2.598s] -- Up-to-date: /home/chelse/ros2_ws/install/turtlesim/share/turtlesim/images/galactic.png
[2.598s] -- Up-to-date: /home/chelse/ros2_ws/install/turtlesim/share/turtlesim/images/humble.png
[2.598s] -- Up-to-date: /home/chelse/ros2_ws/install/turtlesim/share/turtlesim/launch
[2.599s] -- Up-to-date: /home/chelse/ros2_ws/install/turtlesim/share/turtlesim/launch/multisim.launch.py
[2.599s] -- Up-to-date: /home/chelse/ros2_ws/install/turtlesim/share/ament_index/resource_index/package_run_dependencies/turtlesim
[2.599s] -- Up-to-date: /home/chelse/ros2_ws/install/turtlesim/share/ament_index/resource_index/parent_prefix_path/turtlesim
[2.600s] -- Up-to-date: /home/chelse/ros2_ws/install/turtlesim/share/turtlesim/environment/ament_prefix_path.sh
[2.600s] -- Up-to-date: /home/chelse/ros2_ws/install/turtlesim/share/turtlesim/environment/ament_prefix_path.dsv
[2.600s] -- Up-to-date: /home/chelse/ros2_ws/install/turtlesim/share/turtlesim/environment/path.sh
[2.601s] -- Up-to-date: /home/chelse/ros2_ws/install/turtlesim/share/turtlesim/environment/path.dsv
[2.601s] -- Up-to-date: /home/chelse/ros2_ws/install/turtlesim/share/turtlesim/local_setup.bash
[2.601s] -- Up-to-date: /home/chelse/ros2_ws/install/turtlesim/share/turtlesim/local_setup.sh
[2.602s] -- Up-to-date: /home/chelse/ros2_ws/install/turtlesim/share/turtlesim/local_setup.zsh
[2.602s] -- Up-to-date: /home/chelse/ros2_ws/install/turtlesim/share/turtlesim/local_setup.dsv
[2.602s] -- Installing: /home/chelse/ros2_ws/install/turtlesim/share/turtlesim/package.dsv
[2.603s] -- Up-to-date: /home/chelse/ros2_ws/install/turtlesim/share/ament_index/resource_index/packages/turtlesim
[2.603s] -- Up-to-date: /home/chelse/ros2_ws/install/turtlesim/share/turtlesim/cmake/export_turtlesim__rosidl_generator_cExport.cmake
[2.603s] -- Up-to-date: /home/chelse/ros2_ws/install/turtlesim/share/turtlesim/cmake/export_turtlesim__rosidl_generator_cExport-noconfig.cmake
[2.604s] -- Up-to-date: /home/chelse/ros2_ws/install/turtlesim/share/turtlesim/cmake/export_turtlesim__rosidl_typesupport_fastrtps_cExport.cmake
[2.604s] -- Up-to-date: /home/chelse/ros2_ws/install/turtlesim/share/turtlesim/cmake/export_turtlesim__rosidl_typesupport_fastrtps_cExport-noconfig.cmake
[2.604s] -- Up-to-date: /home/chelse/ros2_ws/install/turtlesim/share/turtlesim/cmake/export_turtlesim__rosidl_generator_cppExport.cmake
[2.604s] -- Up-to-date: /home/chelse/ros2_ws/install/turtlesim/share/turtlesim/cmake/export_turtlesim__rosidl_typesupport_fastrtps_cppExport.cmake
[2.605s] -- Up-to-date: /home/chelse/ros2_ws/install/turtlesim/share/turtlesim/cmake/export_turtlesim__rosidl_typesupport_fastrtps_cppExport-noconfig.cmake
[2.605s] -- Up-to-date: /home/chelse/ros2_ws/install/turtlesim/share/turtlesim/cmake/turtlesim__rosidl_typesupport_introspection_cExport.cmake
[2.605s] -- Up-to-date: /home/chelse/ros2_ws/install/turtlesim/share/turtlesim/cmake/turtlesim__rosidl_typesupport_introspection_cExport-noconfig.cmake
[2.606s] -- Up-to-date: /home/chelse/ros2_ws/install/turtlesim/share/turtlesim/cmake/turtlesim__rosidl_typesupport_cExport.cmake
[2.606s] -- Up-to-date: /home/chelse/ros2_ws/install/turtlesim/share/turtlesim/cmake/turtlesim__rosidl_typesupport_cExport-noconfig.cmake
[2.606s] -- Up-to-date: /home/chelse/ros2_ws/install/turtlesim/share/turtlesim/cmake/turtlesim__rosidl_typesupport_introspection_cppExport.cmake
[2.606s] -- Up-to-date: /home/chelse/ros2_ws/install/turtlesim/share/turtlesim/cmake/turtlesim__rosidl_typesupport_introspection_cppExport-noconfig.cmake
[2.607s] -- Up-to-date: /home/chelse/ros2_ws/install/turtlesim/share/turtlesim/cmake/turtlesim__rosidl_typesupport_cppExport.cmake
[2.607s] -- Up-to-date: /home/chelse/ros2_ws/install/turtlesim/share/turtlesim/cmake/turtlesim__rosidl_typesupport_cppExport-noconfig.cmake
[2.608s] -- Up-to-date: /home/chelse/ros2_ws/install/turtlesim/share/turtlesim/cmake/export_turtlesim__rosidl_generator_pyExport.cmake
[2.608s] -- Up-to-date: /home/chelse/ros2_ws/install/turtlesim/share/turtlesim/cmake/export_turtlesim__rosidl_generator_pyExport-noconfig.cmake
[2.608s] -- Up-to-date: /home/chelse/ros2_ws/install/turtlesim/share/turtlesim/cmake/rosidl_cmake-extras.cmake
[2.608s] -- Up-to-date: /home/chelse/ros2_ws/install/turtlesim/share/turtlesim/cmake/ament_cmake_export_dependencies-extras.cmake
[2.609s] -- Up-to-date: /home/chelse/ros2_ws/install/turtlesim/share/turtlesim/cmake/ament_cmake_export_include_directories-extras.cmake
[2.609s] -- Up-to-date: /home/chelse/ros2_ws/install/turtlesim/share/turtlesim/cmake/ament_cmake_export_libraries-extras.cmake
[2.609s] -- Up-to-date: /home/chelse/ros2_ws/install/turtlesim/share/turtlesim/cmake/ament_cmake_export_targets-extras.cmake
[2.609s] -- Up-to-date: /home/chelse/ros2_ws/install/turtlesim/share/turtlesim/cmake/rosidl_cmake_export_typesupport_targets-extras.cmake
[2.610s] -- Up-to-date: /home/chelse/ros2_ws/install/turtlesim/share/turtlesim/cmake/rosidl_cmake_export_typesupport_libraries-extras.cmake
[2.610s] -- Up-to-date: /home/chelse/ros2_ws/install/turtlesim/share/turtlesim/cmake/turtlesimConfig.cmake
[2.611s] -- Up-to-date: /home/chelse/ros2_ws/install/turtlesim/share/turtlesim/cmake/turtlesimConfig-version.cmake
[2.612s] -- Up-to-date: /home/chelse/ros2_ws/install/turtlesim/share/turtlesim/package.xml
[2.665s] Invoked command in '/home/chelse/ros2_ws/build/turtlesim' returned '0': CMAKE_PREFIX_PATH=${CMAKE_PREFIX_PATH}:/home/chelse/ros2_ws/install/rob599_basic:/opt/ros/humble /usr/bin/cmake --install /home/chelse/ros2_ws/build/turtlesim
