[0.825s] Invoking command in '/home/chelse/ros2_ws/src/rob599r2/rob599_basic': CMAKE_PREFIX_PATH=/home/chelse/ros2_ws/install/rob599_msgs:/home/chelse/ros2_ws/install/turtlesim:/home/chelse/ros2_ws/install/rob599_hw2 LD_LIBRARY_PATH=/home/chelse/ros2_ws/install/rob599_msgs/lib:/home/chelse/ros2_ws/install/turtlesim/lib:/opt/ros/humble/opt/rviz_ogre_vendor/lib:/opt/ros/humble/lib/x86_64-linux-gnu:/opt/ros/humble/lib PYTHONPATH=/home/chelse/ros2_ws/build/rob599_basic/prefix_override:/home/chelse/ros2_ws/install/rob599_basic/lib/python3.10/site-packages:${PYTHONPATH} /usr/bin/python3 setup.py egg_info --egg-base ../../../build/rob599_basic build --build-base /home/chelse/ros2_ws/build/rob599_basic/build install --record /home/chelse/ros2_ws/build/rob599_basic/install.log --install-scripts $base/lib/rob599_basic --single-version-externally-managed
[1.020s] /usr/lib/python3/dist-packages/setuptools/dist.py:723: UserWarning: Usage of dash-separated 'script-dir' will not be supported in future versions. Please use the underscore name 'script_dir' instead
[1.020s]   warnings.warn(
[1.027s] running egg_info
[1.028s] writing ../../../build/rob599_basic/rob599_basic.egg-info/PKG-INFO
[1.028s] writing dependency_links to ../../../build/rob599_basic/rob599_basic.egg-info/dependency_links.txt
[1.028s] writing entry points to ../../../build/rob599_basic/rob599_basic.egg-info/entry_points.txt
[1.028s] writing requirements to ../../../build/rob599_basic/rob599_basic.egg-info/requires.txt
[1.028s] writing top-level names to ../../../build/rob599_basic/rob599_basic.egg-info/top_level.txt
[1.030s] reading manifest file '../../../build/rob599_basic/rob599_basic.egg-info/SOURCES.txt'
[1.030s] adding license file 'LICENSE'
[1.031s] writing manifest file '../../../build/rob599_basic/rob599_basic.egg-info/SOURCES.txt'
[1.031s] running build
[1.031s] running build_py
[1.032s] running install
[1.032s] /usr/lib/python3/dist-packages/setuptools/command/install.py:34: SetuptoolsDeprecationWarning: setup.py install is deprecated. Use build and pip and other standards-based tools.
[1.032s]   warnings.warn(
[1.032s] running install_lib
[1.034s] running install_data
[1.034s] running install_egg_info
[1.035s] removing '/home/chelse/ros2_ws/install/rob599_basic/lib/python3.10/site-packages/rob599_basic-0.0.0-py3.10.egg-info' (and everything under it)
[1.036s] Copying ../../../build/rob599_basic/rob599_basic.egg-info to /home/chelse/ros2_ws/install/rob599_basic/lib/python3.10/site-packages/rob599_basic-0.0.0-py3.10.egg-info
[1.036s] running install_scripts
[1.055s] Installing action_client script to /home/chelse/ros2_ws/install/rob599_basic/lib/rob599_basic
[1.055s] Installing action_server script to /home/chelse/ros2_ws/install/rob599_basic/lib/rob599_basic
[1.055s] Installing client script to /home/chelse/ros2_ws/install/rob599_basic/lib/rob599_basic
[1.055s] Installing doubler script to /home/chelse/ros2_ws/install/rob599_basic/lib/rob599_basic
[1.055s] Installing noiser script to /home/chelse/ros2_ws/install/rob599_basic/lib/rob599_basic
[1.055s] Installing parameter_demo script to /home/chelse/ros2_ws/install/rob599_basic/lib/rob599_basic
[1.056s] Installing publisher script to /home/chelse/ros2_ws/install/rob599_basic/lib/rob599_basic
[1.056s] Installing service script to /home/chelse/ros2_ws/install/rob599_basic/lib/rob599_basic
[1.056s] Installing subscriber script to /home/chelse/ros2_ws/install/rob599_basic/lib/rob599_basic
[1.056s] writing list of installed files to '/home/chelse/ros2_ws/build/rob599_basic/install.log'
[1.074s] Invoked command in '/home/chelse/ros2_ws/src/rob599r2/rob599_basic' returned '0': CMAKE_PREFIX_PATH=/home/chelse/ros2_ws/install/rob599_msgs:/home/chelse/ros2_ws/install/turtlesim:/home/chelse/ros2_ws/install/rob599_hw2 LD_LIBRARY_PATH=/home/chelse/ros2_ws/install/rob599_msgs/lib:/home/chelse/ros2_ws/install/turtlesim/lib:/opt/ros/humble/opt/rviz_ogre_vendor/lib:/opt/ros/humble/lib/x86_64-linux-gnu:/opt/ros/humble/lib PYTHONPATH=/home/chelse/ros2_ws/build/rob599_basic/prefix_override:/home/chelse/ros2_ws/install/rob599_basic/lib/python3.10/site-packages:${PYTHONPATH} /usr/bin/python3 setup.py egg_info --egg-base ../../../build/rob599_basic build --build-base /home/chelse/ros2_ws/build/rob599_basic/build install --record /home/chelse/ros2_ws/build/rob599_basic/install.log --install-scripts $base/lib/rob599_basic --single-version-externally-managed
