[0.847s] Invoking command in '/home/chelse/ros2_ws/src/rob599r2/rob599_basic': AMENT_PREFIX_PATH=/home/chelse/ros2_ws/install/rob599_msgs:${AMENT_PREFIX_PATH} CMAKE_PREFIX_PATH=/home/chelse/ros2_ws/install/rob599_msgs LD_LIBRARY_PATH=/home/chelse/ros2_ws/install/rob599_msgs/lib:${LD_LIBRARY_PATH} PYTHONPATH=/home/chelse/ros2_ws/build/rob599_basic/prefix_override:/home/chelse/ros2_ws/install/rob599_basic/lib/python3.10/site-packages:/home/chelse/ros2_ws/install/rob599_msgs/local/lib/python3.10/dist-packages:${PYTHONPATH} /usr/bin/python3 setup.py egg_info --egg-base ../../../build/rob599_basic build --build-base /home/chelse/ros2_ws/build/rob599_basic/build install --record /home/chelse/ros2_ws/build/rob599_basic/install.log --install-scripts $base/lib/rob599_basic --single-version-externally-managed
[1.118s] /usr/lib/python3/dist-packages/setuptools/dist.py:723: UserWarning: Usage of dash-separated 'script-dir' will not be supported in future versions. Please use the underscore name 'script_dir' instead
[1.118s]   warnings.warn(
[1.127s] running egg_info
[1.128s] creating ../../../build/rob599_basic/rob599_basic.egg-info
[1.129s] writing ../../../build/rob599_basic/rob599_basic.egg-info/PKG-INFO
[1.129s] writing dependency_links to ../../../build/rob599_basic/rob599_basic.egg-info/dependency_links.txt
[1.129s] writing entry points to ../../../build/rob599_basic/rob599_basic.egg-info/entry_points.txt
[1.130s] writing requirements to ../../../build/rob599_basic/rob599_basic.egg-info/requires.txt
[1.130s] writing top-level names to ../../../build/rob599_basic/rob599_basic.egg-info/top_level.txt
[1.130s] writing manifest file '../../../build/rob599_basic/rob599_basic.egg-info/SOURCES.txt'
[1.132s] reading manifest file '../../../build/rob599_basic/rob599_basic.egg-info/SOURCES.txt'
[1.133s] adding license file 'LICENSE'
[1.134s] writing manifest file '../../../build/rob599_basic/rob599_basic.egg-info/SOURCES.txt'
[1.134s] running build
[1.134s] running build_py
[1.134s] creating /home/chelse/ros2_ws/build/rob599_basic/build
[1.134s] creating /home/chelse/ros2_ws/build/rob599_basic/build/lib
[1.135s] creating /home/chelse/ros2_ws/build/rob599_basic/build/lib/rob599_basic
[1.135s] copying rob599_basic/publisher.py -> /home/chelse/ros2_ws/build/rob599_basic/build/lib/rob599_basic
[1.135s] copying rob599_basic/__init__.py -> /home/chelse/ros2_ws/build/rob599_basic/build/lib/rob599_basic
[1.135s] copying rob599_basic/action_client.py -> /home/chelse/ros2_ws/build/rob599_basic/build/lib/rob599_basic
[1.136s] copying rob599_basic/multiplier.py -> /home/chelse/ros2_ws/build/rob599_basic/build/lib/rob599_basic
[1.136s] copying rob599_basic/service_client.py -> /home/chelse/ros2_ws/build/rob599_basic/build/lib/rob599_basic
[1.136s] copying rob599_basic/subscriber.py -> /home/chelse/ros2_ws/build/rob599_basic/build/lib/rob599_basic
[1.136s] copying rob599_basic/action_server.py -> /home/chelse/ros2_ws/build/rob599_basic/build/lib/rob599_basic
[1.136s] copying rob599_basic/service.py -> /home/chelse/ros2_ws/build/rob599_basic/build/lib/rob599_basic
[1.137s] copying rob599_basic/params.py -> /home/chelse/ros2_ws/build/rob599_basic/build/lib/rob599_basic
[1.137s] running install
[1.138s] /usr/lib/python3/dist-packages/setuptools/command/install.py:34: SetuptoolsDeprecationWarning: setup.py install is deprecated. Use build and pip and other standards-based tools.
[1.138s]   warnings.warn(
[1.138s] running install_lib
[1.140s] creating /home/chelse/ros2_ws/install/rob599_basic/lib/python3.10/site-packages/rob599_basic
[1.140s] copying /home/chelse/ros2_ws/build/rob599_basic/build/lib/rob599_basic/publisher.py -> /home/chelse/ros2_ws/install/rob599_basic/lib/python3.10/site-packages/rob599_basic
[1.141s] copying /home/chelse/ros2_ws/build/rob599_basic/build/lib/rob599_basic/__init__.py -> /home/chelse/ros2_ws/install/rob599_basic/lib/python3.10/site-packages/rob599_basic
[1.141s] copying /home/chelse/ros2_ws/build/rob599_basic/build/lib/rob599_basic/action_client.py -> /home/chelse/ros2_ws/install/rob599_basic/lib/python3.10/site-packages/rob599_basic
[1.141s] copying /home/chelse/ros2_ws/build/rob599_basic/build/lib/rob599_basic/multiplier.py -> /home/chelse/ros2_ws/install/rob599_basic/lib/python3.10/site-packages/rob599_basic
[1.141s] copying /home/chelse/ros2_ws/build/rob599_basic/build/lib/rob599_basic/service_client.py -> /home/chelse/ros2_ws/install/rob599_basic/lib/python3.10/site-packages/rob599_basic
[1.142s] copying /home/chelse/ros2_ws/build/rob599_basic/build/lib/rob599_basic/subscriber.py -> /home/chelse/ros2_ws/install/rob599_basic/lib/python3.10/site-packages/rob599_basic
[1.142s] copying /home/chelse/ros2_ws/build/rob599_basic/build/lib/rob599_basic/action_server.py -> /home/chelse/ros2_ws/install/rob599_basic/lib/python3.10/site-packages/rob599_basic
[1.142s] copying /home/chelse/ros2_ws/build/rob599_basic/build/lib/rob599_basic/service.py -> /home/chelse/ros2_ws/install/rob599_basic/lib/python3.10/site-packages/rob599_basic
[1.142s] copying /home/chelse/ros2_ws/build/rob599_basic/build/lib/rob599_basic/params.py -> /home/chelse/ros2_ws/install/rob599_basic/lib/python3.10/site-packages/rob599_basic
[1.143s] byte-compiling /home/chelse/ros2_ws/install/rob599_basic/lib/python3.10/site-packages/rob599_basic/publisher.py to publisher.cpython-310.pyc
[1.143s] byte-compiling /home/chelse/ros2_ws/install/rob599_basic/lib/python3.10/site-packages/rob599_basic/__init__.py to __init__.cpython-310.pyc
[1.144s] byte-compiling /home/chelse/ros2_ws/install/rob599_basic/lib/python3.10/site-packages/rob599_basic/action_client.py to action_client.cpython-310.pyc
[1.145s] byte-compiling /home/chelse/ros2_ws/install/rob599_basic/lib/python3.10/site-packages/rob599_basic/multiplier.py to multiplier.cpython-310.pyc
[1.145s] byte-compiling /home/chelse/ros2_ws/install/rob599_basic/lib/python3.10/site-packages/rob599_basic/service_client.py to service_client.cpython-310.pyc
[1.146s] byte-compiling /home/chelse/ros2_ws/install/rob599_basic/lib/python3.10/site-packages/rob599_basic/subscriber.py to subscriber.cpython-310.pyc
[1.146s] byte-compiling /home/chelse/ros2_ws/install/rob599_basic/lib/python3.10/site-packages/rob599_basic/action_server.py to action_server.cpython-310.pyc
[1.147s] byte-compiling /home/chelse/ros2_ws/install/rob599_basic/lib/python3.10/site-packages/rob599_basic/service.py to service.cpython-310.pyc
[1.148s] byte-compiling /home/chelse/ros2_ws/install/rob599_basic/lib/python3.10/site-packages/rob599_basic/params.py to params.cpython-310.pyc
[1.148s] running install_data
[1.149s] creating /home/chelse/ros2_ws/install/rob599_basic/share/ament_index
[1.149s] creating /home/chelse/ros2_ws/install/rob599_basic/share/ament_index/resource_index
[1.150s] creating /home/chelse/ros2_ws/install/rob599_basic/share/ament_index/resource_index/packages
[1.150s] copying resource/rob599_basic -> /home/chelse/ros2_ws/install/rob599_basic/share/ament_index/resource_index/packages
[1.150s] copying package.xml -> /home/chelse/ros2_ws/install/rob599_basic/share/rob599_basic
[1.151s] creating /home/chelse/ros2_ws/install/rob599_basic/share/rob599_basic/launch
[1.151s] copying launch/doubler_launch.py -> /home/chelse/ros2_ws/install/rob599_basic/share/rob599_basic/launch
[1.151s] copying launch/cascade_launch.py -> /home/chelse/ros2_ws/install/rob599_basic/share/rob599_basic/launch
[1.151s] running install_egg_info
[1.153s] Copying ../../../build/rob599_basic/rob599_basic.egg-info to /home/chelse/ros2_ws/install/rob599_basic/lib/python3.10/site-packages/rob599_basic-0.0.0-py3.10.egg-info
[1.155s] running install_scripts
[1.180s] Installing action_client script to /home/chelse/ros2_ws/install/rob599_basic/lib/rob599_basic
[1.180s] Installing action_server script to /home/chelse/ros2_ws/install/rob599_basic/lib/rob599_basic
[1.181s] Installing client script to /home/chelse/ros2_ws/install/rob599_basic/lib/rob599_basic
[1.181s] Installing doubler script to /home/chelse/ros2_ws/install/rob599_basic/lib/rob599_basic
[1.181s] Installing noiser script to /home/chelse/ros2_ws/install/rob599_basic/lib/rob599_basic
[1.181s] Installing parameter_demo script to /home/chelse/ros2_ws/install/rob599_basic/lib/rob599_basic
[1.181s] Installing publisher script to /home/chelse/ros2_ws/install/rob599_basic/lib/rob599_basic
[1.182s] Installing service script to /home/chelse/ros2_ws/install/rob599_basic/lib/rob599_basic
[1.182s] Installing subscriber script to /home/chelse/ros2_ws/install/rob599_basic/lib/rob599_basic
[1.182s] writing list of installed files to '/home/chelse/ros2_ws/build/rob599_basic/install.log'
[1.206s] Invoked command in '/home/chelse/ros2_ws/src/rob599r2/rob599_basic' returned '0': AMENT_PREFIX_PATH=/home/chelse/ros2_ws/install/rob599_msgs:${AMENT_PREFIX_PATH} CMAKE_PREFIX_PATH=/home/chelse/ros2_ws/install/rob599_msgs LD_LIBRARY_PATH=/home/chelse/ros2_ws/install/rob599_msgs/lib:${LD_LIBRARY_PATH} PYTHONPATH=/home/chelse/ros2_ws/build/rob599_basic/prefix_override:/home/chelse/ros2_ws/install/rob599_basic/lib/python3.10/site-packages:/home/chelse/ros2_ws/install/rob599_msgs/local/lib/python3.10/dist-packages:${PYTHONPATH} /usr/bin/python3 setup.py egg_info --egg-base ../../../build/rob599_basic build --build-base /home/chelse/ros2_ws/build/rob599_basic/build install --record /home/chelse/ros2_ws/build/rob599_basic/install.log --install-scripts $base/lib/rob599_basic --single-version-externally-managed
