[4.296s] DEBUG:colcon:Command line arguments: ['/home/chelse/.local/bin/colcon', 'build']
[4.296s] DEBUG:colcon:Parsed command line arguments: Namespace(log_base=None, log_level=None, verb_name='build', build_base='build', install_base='install', merge_install=False, symlink_install=False, test_result_base=None, continue_on_error=False, executor='parallel', parallel_workers=12, event_handlers=None, ignore_user_meta=False, metas=['./colcon.meta'], base_paths=['.'], packages_ignore=None, packages_ignore_regex=None, paths=None, packages_up_to=None, packages_up_to_regex=None, packages_above=None, packages_above_and_dependencies=None, packages_above_depth=None, packages_select_by_dep=None, packages_skip_by_dep=None, packages_skip_up_to=None, packages_select_build_failed=False, packages_skip_build_finished=False, packages_select_test_failures=False, packages_skip_test_passed=False, packages_select=None, packages_skip=None, packages_select_regex=None, packages_skip_regex=None, packages_start=None, packages_end=None, cmake_args=None, cmake_target=None, cmake_target_skip_unavailable=False, cmake_clean_cache=False, cmake_clean_first=False, cmake_force_configure=False, ament_cmake_args=None, catkin_cmake_args=None, catkin_skip_building_tests=False, verb_parser=<colcon_defaults.argument_parser.defaults.DefaultArgumentsDecorator object at 0x7f14ce96f2b0>, verb_extension=<colcon_core.verb.build.BuildVerb object at 0x7f14ce96c0d0>, main=<bound method BuildVerb.main of <colcon_core.verb.build.BuildVerb object at 0x7f14ce96c0d0>>)
[4.530s] Level 1:colcon.colcon_core.package_discovery:discover_packages(colcon_meta) check parameters
[4.530s] Level 1:colcon.colcon_core.package_discovery:discover_packages(recursive) check parameters
[4.531s] Level 1:colcon.colcon_core.package_discovery:discover_packages(ignore) check parameters
[4.531s] Level 1:colcon.colcon_core.package_discovery:discover_packages(path) check parameters
[4.531s] Level 1:colcon.colcon_core.package_discovery:discover_packages(colcon_meta) discover
[4.531s] Level 1:colcon.colcon_core.package_discovery:discover_packages(recursive) discover
[4.531s] INFO:colcon.colcon_core.package_discovery:Crawling recursively for packages in '/home/chelse/ros2_ws'
[4.531s] Level 1:colcon.colcon_core.package_identification:_identify(.) by extensions ['ignore', 'ignore_ament_install']
[4.532s] Level 1:colcon.colcon_core.package_identification:_identify(.) by extension 'ignore'
[4.532s] Level 1:colcon.colcon_core.package_identification:_identify(.) by extension 'ignore_ament_install'
[4.532s] Level 1:colcon.colcon_core.package_identification:_identify(.) by extensions ['colcon_pkg']
[4.532s] Level 1:colcon.colcon_core.package_identification:_identify(.) by extension 'colcon_pkg'
[4.532s] Level 1:colcon.colcon_core.package_identification:_identify(.) by extensions ['colcon_meta']
[4.532s] Level 1:colcon.colcon_core.package_identification:_identify(.) by extension 'colcon_meta'
[4.533s] Level 1:colcon.colcon_core.package_identification:_identify(.) by extensions ['ros']
[4.533s] Level 1:colcon.colcon_core.package_identification:_identify(.) by extension 'ros'
[4.590s] Level 1:colcon.colcon_core.package_identification:_identify(.) by extensions ['cmake', 'python']
[4.591s] Level 1:colcon.colcon_core.package_identification:_identify(.) by extension 'cmake'
[4.591s] Level 1:colcon.colcon_core.package_identification:_identify(.) by extension 'python'
[4.592s] Level 1:colcon.colcon_core.package_identification:_identify(.) by extensions ['python_setup_py']
[4.592s] Level 1:colcon.colcon_core.package_identification:_identify(.) by extension 'python_setup_py'
[4.593s] Level 1:colcon.colcon_core.package_identification:_identify(build) by extensions ['ignore', 'ignore_ament_install']
[4.593s] Level 1:colcon.colcon_core.package_identification:_identify(build) by extension 'ignore'
[4.594s] Level 1:colcon.colcon_core.package_identification:_identify(build) ignored
[4.594s] Level 1:colcon.colcon_core.package_identification:_identify(install) by extensions ['ignore', 'ignore_ament_install']
[4.595s] Level 1:colcon.colcon_core.package_identification:_identify(install) by extension 'ignore'
[4.595s] Level 1:colcon.colcon_core.package_identification:_identify(install) ignored
[4.597s] Level 1:colcon.colcon_core.package_identification:_identify(log) by extensions ['ignore', 'ignore_ament_install']
[4.597s] Level 1:colcon.colcon_core.package_identification:_identify(log) by extension 'ignore'
[4.597s] Level 1:colcon.colcon_core.package_identification:_identify(log) ignored
[4.598s] Level 1:colcon.colcon_core.package_identification:_identify(src) by extensions ['ignore', 'ignore_ament_install']
[4.598s] Level 1:colcon.colcon_core.package_identification:_identify(src) by extension 'ignore'
[4.599s] Level 1:colcon.colcon_core.package_identification:_identify(src) by extension 'ignore_ament_install'
[4.599s] Level 1:colcon.colcon_core.package_identification:_identify(src) by extensions ['colcon_pkg']
[4.599s] Level 1:colcon.colcon_core.package_identification:_identify(src) by extension 'colcon_pkg'
[4.600s] Level 1:colcon.colcon_core.package_identification:_identify(src) by extensions ['colcon_meta']
[4.600s] Level 1:colcon.colcon_core.package_identification:_identify(src) by extension 'colcon_meta'
[4.600s] Level 1:colcon.colcon_core.package_identification:_identify(src) by extensions ['ros']
[4.601s] Level 1:colcon.colcon_core.package_identification:_identify(src) by extension 'ros'
[4.601s] Level 1:colcon.colcon_core.package_identification:_identify(src) by extensions ['cmake', 'python']
[4.601s] Level 1:colcon.colcon_core.package_identification:_identify(src) by extension 'cmake'
[4.602s] Level 1:colcon.colcon_core.package_identification:_identify(src) by extension 'python'
[4.602s] Level 1:colcon.colcon_core.package_identification:_identify(src) by extensions ['python_setup_py']
[4.602s] Level 1:colcon.colcon_core.package_identification:_identify(src) by extension 'python_setup_py'
[4.603s] Level 1:colcon.colcon_core.package_identification:_identify(src/build) by extensions ['ignore', 'ignore_ament_install']
[4.604s] Level 1:colcon.colcon_core.package_identification:_identify(src/build) by extension 'ignore'
[4.604s] Level 1:colcon.colcon_core.package_identification:_identify(src/build) ignored
[4.605s] Level 1:colcon.colcon_core.package_identification:_identify(src/install) by extensions ['ignore', 'ignore_ament_install']
[4.605s] Level 1:colcon.colcon_core.package_identification:_identify(src/install) by extension 'ignore'
[4.606s] Level 1:colcon.colcon_core.package_identification:_identify(src/install) ignored
[4.607s] Level 1:colcon.colcon_core.package_identification:_identify(src/log) by extensions ['ignore', 'ignore_ament_install']
[4.607s] Level 1:colcon.colcon_core.package_identification:_identify(src/log) by extension 'ignore'
[4.608s] Level 1:colcon.colcon_core.package_identification:_identify(src/log) ignored
[4.608s] Level 1:colcon.colcon_core.package_identification:_identify(src/rob599_hw2) by extensions ['ignore', 'ignore_ament_install']
[4.609s] Level 1:colcon.colcon_core.package_identification:_identify(src/rob599_hw2) by extension 'ignore'
[4.609s] Level 1:colcon.colcon_core.package_identification:_identify(src/rob599_hw2) by extension 'ignore_ament_install'
[4.610s] Level 1:colcon.colcon_core.package_identification:_identify(src/rob599_hw2) by extensions ['colcon_pkg']
[4.610s] Level 1:colcon.colcon_core.package_identification:_identify(src/rob599_hw2) by extension 'colcon_pkg'
[4.610s] Level 1:colcon.colcon_core.package_identification:_identify(src/rob599_hw2) by extensions ['colcon_meta']
[4.611s] Level 1:colcon.colcon_core.package_identification:_identify(src/rob599_hw2) by extension 'colcon_meta'
[4.611s] Level 1:colcon.colcon_core.package_identification:_identify(src/rob599_hw2) by extensions ['ros']
[4.611s] Level 1:colcon.colcon_core.package_identification:_identify(src/rob599_hw2) by extension 'ros'
[4.627s] DEBUG:colcon.colcon_core.package_identification:Package 'src/rob599_hw2' with type 'ros.ament_python' and name 'rob599_hw2'
[4.628s] Level 1:colcon.colcon_core.package_identification:_identify(src/rob599_hw2_msgs) by extensions ['ignore', 'ignore_ament_install']
[4.629s] Level 1:colcon.colcon_core.package_identification:_identify(src/rob599_hw2_msgs) by extension 'ignore'
[4.629s] Level 1:colcon.colcon_core.package_identification:_identify(src/rob599_hw2_msgs) by extension 'ignore_ament_install'
[4.630s] Level 1:colcon.colcon_core.package_identification:_identify(src/rob599_hw2_msgs) by extensions ['colcon_pkg']
[4.630s] Level 1:colcon.colcon_core.package_identification:_identify(src/rob599_hw2_msgs) by extension 'colcon_pkg'
[4.630s] Level 1:colcon.colcon_core.package_identification:_identify(src/rob599_hw2_msgs) by extensions ['colcon_meta']
[4.630s] Level 1:colcon.colcon_core.package_identification:_identify(src/rob599_hw2_msgs) by extension 'colcon_meta'
[4.630s] Level 1:colcon.colcon_core.package_identification:_identify(src/rob599_hw2_msgs) by extensions ['ros']
[4.631s] Level 1:colcon.colcon_core.package_identification:_identify(src/rob599_hw2_msgs) by extension 'ros'
[4.633s] DEBUG:colcon.colcon_core.package_identification:Package 'src/rob599_hw2_msgs' with type 'ros.ament_cmake' and name 'rob599_hw2_msgs'
[4.634s] Level 1:colcon.colcon_core.package_identification:_identify(src/rob599_hw3) by extensions ['ignore', 'ignore_ament_install']
[4.634s] Level 1:colcon.colcon_core.package_identification:_identify(src/rob599_hw3) by extension 'ignore'
[4.635s] Level 1:colcon.colcon_core.package_identification:_identify(src/rob599_hw3) by extension 'ignore_ament_install'
[4.635s] Level 1:colcon.colcon_core.package_identification:_identify(src/rob599_hw3) by extensions ['colcon_pkg']
[4.635s] Level 1:colcon.colcon_core.package_identification:_identify(src/rob599_hw3) by extension 'colcon_pkg'
[4.635s] Level 1:colcon.colcon_core.package_identification:_identify(src/rob599_hw3) by extensions ['colcon_meta']
[4.635s] Level 1:colcon.colcon_core.package_identification:_identify(src/rob599_hw3) by extension 'colcon_meta'
[4.636s] Level 1:colcon.colcon_core.package_identification:_identify(src/rob599_hw3) by extensions ['ros']
[4.636s] Level 1:colcon.colcon_core.package_identification:_identify(src/rob599_hw3) by extension 'ros'
[4.639s] DEBUG:colcon.colcon_core.package_identification:Package 'src/rob599_hw3' with type 'ros.ament_python' and name 'rob599_hw3'
[4.640s] Level 1:colcon.colcon_core.package_discovery:discover_packages(recursive) using defaults
[4.640s] Level 1:colcon.colcon_core.package_discovery:discover_packages(ignore) discover
[4.640s] Level 1:colcon.colcon_core.package_discovery:discover_packages(ignore) using defaults
[4.641s] Level 1:colcon.colcon_core.package_discovery:discover_packages(path) discover
[4.641s] Level 1:colcon.colcon_core.package_discovery:discover_packages(path) using defaults
[4.991s] Level 5:colcon.colcon_core.verb:set package 'rob599_hw2_msgs' build argument 'cmake_args' from command line to 'None'
[4.992s] Level 5:colcon.colcon_core.verb:set package 'rob599_hw2_msgs' build argument 'cmake_target' from command line to 'None'
[4.992s] Level 5:colcon.colcon_core.verb:set package 'rob599_hw2_msgs' build argument 'cmake_target_skip_unavailable' from command line to 'False'
[4.992s] Level 5:colcon.colcon_core.verb:set package 'rob599_hw2_msgs' build argument 'cmake_clean_cache' from command line to 'False'
[4.992s] Level 5:colcon.colcon_core.verb:set package 'rob599_hw2_msgs' build argument 'cmake_clean_first' from command line to 'False'
[4.992s] Level 5:colcon.colcon_core.verb:set package 'rob599_hw2_msgs' build argument 'cmake_force_configure' from command line to 'False'
[4.992s] Level 5:colcon.colcon_core.verb:set package 'rob599_hw2_msgs' build argument 'ament_cmake_args' from command line to 'None'
[4.992s] Level 5:colcon.colcon_core.verb:set package 'rob599_hw2_msgs' build argument 'catkin_cmake_args' from command line to 'None'
[4.992s] Level 5:colcon.colcon_core.verb:set package 'rob599_hw2_msgs' build argument 'catkin_skip_building_tests' from command line to 'False'
[4.992s] DEBUG:colcon.colcon_core.verb:Building package 'rob599_hw2_msgs' with the following arguments: {'ament_cmake_args': None, 'build_base': '/home/chelse/ros2_ws/build/rob599_hw2_msgs', 'catkin_cmake_args': None, 'catkin_skip_building_tests': False, 'cmake_args': None, 'cmake_clean_cache': False, 'cmake_clean_first': False, 'cmake_force_configure': False, 'cmake_target': None, 'cmake_target_skip_unavailable': False, 'install_base': '/home/chelse/ros2_ws/install/rob599_hw2_msgs', 'merge_install': False, 'path': '/home/chelse/ros2_ws/src/rob599_hw2_msgs', 'symlink_install': False, 'test_result_base': None}
[5.064s] Level 5:colcon.colcon_core.verb:set package 'rob599_hw3' build argument 'cmake_args' from command line to 'None'
[5.064s] Level 5:colcon.colcon_core.verb:set package 'rob599_hw3' build argument 'cmake_target' from command line to 'None'
[5.064s] Level 5:colcon.colcon_core.verb:set package 'rob599_hw3' build argument 'cmake_target_skip_unavailable' from command line to 'False'
[5.064s] Level 5:colcon.colcon_core.verb:set package 'rob599_hw3' build argument 'cmake_clean_cache' from command line to 'False'
[5.064s] Level 5:colcon.colcon_core.verb:set package 'rob599_hw3' build argument 'cmake_clean_first' from command line to 'False'
[5.064s] Level 5:colcon.colcon_core.verb:set package 'rob599_hw3' build argument 'cmake_force_configure' from command line to 'False'
[5.065s] Level 5:colcon.colcon_core.verb:set package 'rob599_hw3' build argument 'ament_cmake_args' from command line to 'None'
[5.065s] Level 5:colcon.colcon_core.verb:set package 'rob599_hw3' build argument 'catkin_cmake_args' from command line to 'None'
[5.065s] Level 5:colcon.colcon_core.verb:set package 'rob599_hw3' build argument 'catkin_skip_building_tests' from command line to 'False'
[5.065s] DEBUG:colcon.colcon_core.verb:Building package 'rob599_hw3' with the following arguments: {'ament_cmake_args': None, 'build_base': '/home/chelse/ros2_ws/build/rob599_hw3', 'catkin_cmake_args': None, 'catkin_skip_building_tests': False, 'cmake_args': None, 'cmake_clean_cache': False, 'cmake_clean_first': False, 'cmake_force_configure': False, 'cmake_target': None, 'cmake_target_skip_unavailable': False, 'install_base': '/home/chelse/ros2_ws/install/rob599_hw3', 'merge_install': False, 'path': '/home/chelse/ros2_ws/src/rob599_hw3', 'symlink_install': False, 'test_result_base': None}
[5.150s] Level 5:colcon.colcon_core.verb:set package 'rob599_hw2' build argument 'cmake_args' from command line to 'None'
[5.150s] Level 5:colcon.colcon_core.verb:set package 'rob599_hw2' build argument 'cmake_target' from command line to 'None'
[5.151s] Level 5:colcon.colcon_core.verb:set package 'rob599_hw2' build argument 'cmake_target_skip_unavailable' from command line to 'False'
[5.151s] Level 5:colcon.colcon_core.verb:set package 'rob599_hw2' build argument 'cmake_clean_cache' from command line to 'False'
[5.151s] Level 5:colcon.colcon_core.verb:set package 'rob599_hw2' build argument 'cmake_clean_first' from command line to 'False'
[5.151s] Level 5:colcon.colcon_core.verb:set package 'rob599_hw2' build argument 'cmake_force_configure' from command line to 'False'
[5.151s] Level 5:colcon.colcon_core.verb:set package 'rob599_hw2' build argument 'ament_cmake_args' from command line to 'None'
[5.151s] Level 5:colcon.colcon_core.verb:set package 'rob599_hw2' build argument 'catkin_cmake_args' from command line to 'None'
[5.151s] Level 5:colcon.colcon_core.verb:set package 'rob599_hw2' build argument 'catkin_skip_building_tests' from command line to 'False'
[5.152s] DEBUG:colcon.colcon_core.verb:Building package 'rob599_hw2' with the following arguments: {'ament_cmake_args': None, 'build_base': '/home/chelse/ros2_ws/build/rob599_hw2', 'catkin_cmake_args': None, 'catkin_skip_building_tests': False, 'cmake_args': None, 'cmake_clean_cache': False, 'cmake_clean_first': False, 'cmake_force_configure': False, 'cmake_target': None, 'cmake_target_skip_unavailable': False, 'install_base': '/home/chelse/ros2_ws/install/rob599_hw2', 'merge_install': False, 'path': '/home/chelse/ros2_ws/src/rob599_hw2', 'symlink_install': False, 'test_result_base': None}
[5.245s] INFO:colcon.colcon_core.executor:Executing jobs using 'parallel' executor
[5.384s] DEBUG:colcon.colcon_parallel_executor.executor.parallel:run_until_complete
[5.386s] INFO:colcon.colcon_ros.task.ament_cmake.build:Building ROS package in '/home/chelse/ros2_ws/src/rob599_hw2_msgs' with build type 'ament_cmake'
[5.387s] INFO:colcon.colcon_cmake.task.cmake.build:Building CMake package in '/home/chelse/ros2_ws/src/rob599_hw2_msgs'
[5.466s] INFO:colcon.colcon_core.plugin_system:Skipping extension 'colcon_core.shell.bat': Not used on non-Windows systems
[5.466s] INFO:colcon.colcon_core.shell:Skip shell extension 'powershell' for command environment: Not usable outside of PowerShell
[5.466s] DEBUG:colcon.colcon_core.shell:Skip shell extension 'dsv' for command environment
[5.679s] INFO:colcon.colcon_ros.task.ament_python.build:Building ROS package in '/home/chelse/ros2_ws/src/rob599_hw3' with build type 'ament_python'
[5.679s] Level 1:colcon.colcon_core.shell:create_environment_hook('rob599_hw3', 'ament_prefix_path')
[5.744s] INFO:colcon.colcon_core.shell:Creating environment hook '/home/chelse/ros2_ws/install/rob599_hw3/share/rob599_hw3/hook/ament_prefix_path.ps1'
[5.747s] INFO:colcon.colcon_core.shell:Creating environment descriptor '/home/chelse/ros2_ws/install/rob599_hw3/share/rob599_hw3/hook/ament_prefix_path.dsv'
[5.749s] INFO:colcon.colcon_core.shell:Creating environment hook '/home/chelse/ros2_ws/install/rob599_hw3/share/rob599_hw3/hook/ament_prefix_path.sh'
[5.813s] INFO:colcon.colcon_core.shell:Skip shell extension 'powershell' for command environment: Not usable outside of PowerShell
[5.813s] DEBUG:colcon.colcon_core.shell:Skip shell extension 'dsv' for command environment
[6.066s] DEBUG:colcon.colcon_core.event_handler.log_command:Invoking command in '/home/chelse/ros2_ws/build/rob599_hw2_msgs': CMAKE_PREFIX_PATH=${CMAKE_PREFIX_PATH}:/home/chelse/ros2_ws/install/rob599_hw3:/home/chelse/ros2_ws/install/rob599_hw2:/opt/ros/humble /usr/bin/cmake --build /home/chelse/ros2_ws/build/rob599_hw2_msgs -- -j12 -l12
[7.147s] INFO:colcon.colcon_core.task.python.build:Building Python package in '/home/chelse/ros2_ws/src/rob599_hw3'
[7.207s] INFO:colcon.colcon_core.shell:Skip shell extension 'powershell' for command environment: Not usable outside of PowerShell
[7.207s] DEBUG:colcon.colcon_core.shell:Skip shell extension 'dsv' for command environment
[7.553s] DEBUG:colcon.colcon_core.event_handler.log_command:Invoked command in '/home/chelse/ros2_ws/build/rob599_hw2_msgs' returned '0': CMAKE_PREFIX_PATH=${CMAKE_PREFIX_PATH}:/home/chelse/ros2_ws/install/rob599_hw3:/home/chelse/ros2_ws/install/rob599_hw2:/opt/ros/humble /usr/bin/cmake --build /home/chelse/ros2_ws/build/rob599_hw2_msgs -- -j12 -l12
[8.402s] DEBUG:colcon.colcon_core.event_handler.log_command:Invoking command in '/home/chelse/ros2_ws/build/rob599_hw2_msgs': CMAKE_PREFIX_PATH=${CMAKE_PREFIX_PATH}:/home/chelse/ros2_ws/install/rob599_hw3:/home/chelse/ros2_ws/install/rob599_hw2:/opt/ros/humble /usr/bin/cmake --install /home/chelse/ros2_ws/build/rob599_hw2_msgs
[8.666s] Level 1:colcon.colcon_core.environment:create_environment_scripts_only(rob599_hw2_msgs)
[8.687s] DEBUG:colcon.colcon_core.event_handler.log_command:Invoked command in '/home/chelse/ros2_ws/build/rob599_hw2_msgs' returned '0': CMAKE_PREFIX_PATH=${CMAKE_PREFIX_PATH}:/home/chelse/ros2_ws/install/rob599_hw3:/home/chelse/ros2_ws/install/rob599_hw2:/opt/ros/humble /usr/bin/cmake --install /home/chelse/ros2_ws/build/rob599_hw2_msgs
[8.769s] Level 1:colcon.colcon_core.environment:checking '/home/chelse/ros2_ws/install/rob599_hw2_msgs' for CMake module files
[8.772s] Level 1:colcon.colcon_core.environment:checking '/home/chelse/ros2_ws/install/rob599_hw2_msgs' for CMake config files
[8.774s] Level 1:colcon.colcon_core.shell:create_environment_hook('rob599_hw2_msgs', 'cmake_prefix_path')
[8.853s] INFO:colcon.colcon_core.shell:Creating environment hook '/home/chelse/ros2_ws/install/rob599_hw2_msgs/share/rob599_hw2_msgs/hook/cmake_prefix_path.ps1'
[8.854s] INFO:colcon.colcon_core.shell:Creating environment descriptor '/home/chelse/ros2_ws/install/rob599_hw2_msgs/share/rob599_hw2_msgs/hook/cmake_prefix_path.dsv'
[8.856s] INFO:colcon.colcon_core.shell:Creating environment hook '/home/chelse/ros2_ws/install/rob599_hw2_msgs/share/rob599_hw2_msgs/hook/cmake_prefix_path.sh'
[8.858s] Level 1:colcon.colcon_core.environment:checking '/home/chelse/ros2_ws/install/rob599_hw2_msgs/lib'
[8.859s] Level 1:colcon.colcon_core.shell:create_environment_hook('rob599_hw2_msgs', 'ld_library_path_lib')
[8.937s] INFO:colcon.colcon_core.shell:Creating environment hook '/home/chelse/ros2_ws/install/rob599_hw2_msgs/share/rob599_hw2_msgs/hook/ld_library_path_lib.ps1'
[8.939s] INFO:colcon.colcon_core.shell:Creating environment descriptor '/home/chelse/ros2_ws/install/rob599_hw2_msgs/share/rob599_hw2_msgs/hook/ld_library_path_lib.dsv'
[8.940s] INFO:colcon.colcon_core.shell:Creating environment hook '/home/chelse/ros2_ws/install/rob599_hw2_msgs/share/rob599_hw2_msgs/hook/ld_library_path_lib.sh'
[8.941s] Level 1:colcon.colcon_core.environment:checking '/home/chelse/ros2_ws/install/rob599_hw2_msgs/bin'
[8.942s] Level 1:colcon.colcon_core.environment:checking '/home/chelse/ros2_ws/install/rob599_hw2_msgs/lib/pkgconfig/rob599_hw2_msgs.pc'
[8.943s] Level 1:colcon.colcon_core.environment:checking '/home/chelse/ros2_ws/install/rob599_hw2_msgs/lib/python3.10/site-packages'
[8.945s] Level 1:colcon.colcon_core.environment:checking '/home/chelse/ros2_ws/install/rob599_hw2_msgs/bin'
[9.011s] INFO:colcon.colcon_core.shell:Creating package script '/home/chelse/ros2_ws/install/rob599_hw2_msgs/share/rob599_hw2_msgs/package.ps1'
[9.013s] INFO:colcon.colcon_core.shell:Creating package descriptor '/home/chelse/ros2_ws/install/rob599_hw2_msgs/share/rob599_hw2_msgs/package.dsv'
[9.015s] INFO:colcon.colcon_core.shell:Creating package script '/home/chelse/ros2_ws/install/rob599_hw2_msgs/share/rob599_hw2_msgs/package.sh'
[9.019s] INFO:colcon.colcon_core.shell:Creating package script '/home/chelse/ros2_ws/install/rob599_hw2_msgs/share/rob599_hw2_msgs/package.bash'
[9.022s] INFO:colcon.colcon_core.shell:Creating package script '/home/chelse/ros2_ws/install/rob599_hw2_msgs/share/rob599_hw2_msgs/package.zsh'
[9.024s] Level 1:colcon.colcon_core.environment:create_file_with_runtime_dependencies(/home/chelse/ros2_ws/install/rob599_hw2_msgs/share/colcon-core/packages/rob599_hw2_msgs)
[9.037s] DEBUG:colcon.colcon_core.event_handler.log_command:Invoking command in '/home/chelse/ros2_ws/src/rob599_hw3': PYTHONPATH=/home/chelse/ros2_ws/build/rob599_hw3/prefix_override:/home/chelse/ros2_ws/install/rob599_hw3/lib/python3.10/site-packages:${PYTHONPATH} /usr/bin/python3 setup.py egg_info --egg-base ../../build/rob599_hw3 build --build-base /home/chelse/ros2_ws/build/rob599_hw3/build install --record /home/chelse/ros2_ws/build/rob599_hw3/install.log --single-version-externally-managed
[9.897s] Level 1:colcon.colcon_core.environment:create_environment_scripts_only(rob599_hw2_msgs)
[9.987s] Level 1:colcon.colcon_core.environment:checking '/home/chelse/ros2_ws/install/rob599_hw2_msgs' for CMake module files
[9.990s] Level 1:colcon.colcon_core.environment:checking '/home/chelse/ros2_ws/install/rob599_hw2_msgs' for CMake config files
[9.993s] Level 1:colcon.colcon_core.shell:create_environment_hook('rob599_hw2_msgs', 'cmake_prefix_path')
[10.082s] INFO:colcon.colcon_core.shell:Creating environment hook '/home/chelse/ros2_ws/install/rob599_hw2_msgs/share/rob599_hw2_msgs/hook/cmake_prefix_path.ps1'
[10.084s] INFO:colcon.colcon_core.shell:Creating environment descriptor '/home/chelse/ros2_ws/install/rob599_hw2_msgs/share/rob599_hw2_msgs/hook/cmake_prefix_path.dsv'
[10.085s] INFO:colcon.colcon_core.shell:Creating environment hook '/home/chelse/ros2_ws/install/rob599_hw2_msgs/share/rob599_hw2_msgs/hook/cmake_prefix_path.sh'
[10.087s] Level 1:colcon.colcon_core.environment:checking '/home/chelse/ros2_ws/install/rob599_hw2_msgs/lib'
[10.088s] Level 1:colcon.colcon_core.shell:create_environment_hook('rob599_hw2_msgs', 'ld_library_path_lib')
[10.189s] INFO:colcon.colcon_core.shell:Creating environment hook '/home/chelse/ros2_ws/install/rob599_hw2_msgs/share/rob599_hw2_msgs/hook/ld_library_path_lib.ps1'
[10.191s] INFO:colcon.colcon_core.shell:Creating environment descriptor '/home/chelse/ros2_ws/install/rob599_hw2_msgs/share/rob599_hw2_msgs/hook/ld_library_path_lib.dsv'
[10.192s] INFO:colcon.colcon_core.shell:Creating environment hook '/home/chelse/ros2_ws/install/rob599_hw2_msgs/share/rob599_hw2_msgs/hook/ld_library_path_lib.sh'
[10.194s] Level 1:colcon.colcon_core.environment:checking '/home/chelse/ros2_ws/install/rob599_hw2_msgs/bin'
[10.194s] Level 1:colcon.colcon_core.environment:checking '/home/chelse/ros2_ws/install/rob599_hw2_msgs/lib/pkgconfig/rob599_hw2_msgs.pc'
[10.195s] Level 1:colcon.colcon_core.environment:checking '/home/chelse/ros2_ws/install/rob599_hw2_msgs/lib/python3.10/site-packages'
[10.196s] Level 1:colcon.colcon_core.environment:checking '/home/chelse/ros2_ws/install/rob599_hw2_msgs/bin'
[10.261s] INFO:colcon.colcon_core.shell:Creating package script '/home/chelse/ros2_ws/install/rob599_hw2_msgs/share/rob599_hw2_msgs/package.ps1'
[10.262s] INFO:colcon.colcon_core.shell:Creating package descriptor '/home/chelse/ros2_ws/install/rob599_hw2_msgs/share/rob599_hw2_msgs/package.dsv'
[10.264s] INFO:colcon.colcon_core.shell:Creating package script '/home/chelse/ros2_ws/install/rob599_hw2_msgs/share/rob599_hw2_msgs/package.sh'
[10.266s] INFO:colcon.colcon_core.shell:Creating package script '/home/chelse/ros2_ws/install/rob599_hw2_msgs/share/rob599_hw2_msgs/package.bash'
[10.268s] INFO:colcon.colcon_core.shell:Creating package script '/home/chelse/ros2_ws/install/rob599_hw2_msgs/share/rob599_hw2_msgs/package.zsh'
[10.270s] Level 1:colcon.colcon_core.environment:create_file_with_runtime_dependencies(/home/chelse/ros2_ws/install/rob599_hw2_msgs/share/colcon-core/packages/rob599_hw2_msgs)
[10.272s] INFO:colcon.colcon_ros.task.ament_python.build:Building ROS package in '/home/chelse/ros2_ws/src/rob599_hw2' with build type 'ament_python'
[10.273s] Level 1:colcon.colcon_core.shell:create_environment_hook('rob599_hw2', 'ament_prefix_path')
[10.350s] INFO:colcon.colcon_core.shell:Creating environment hook '/home/chelse/ros2_ws/install/rob599_hw2/share/rob599_hw2/hook/ament_prefix_path.ps1'
[10.351s] INFO:colcon.colcon_core.shell:Creating environment descriptor '/home/chelse/ros2_ws/install/rob599_hw2/share/rob599_hw2/hook/ament_prefix_path.dsv'
[10.353s] INFO:colcon.colcon_core.shell:Creating environment hook '/home/chelse/ros2_ws/install/rob599_hw2/share/rob599_hw2/hook/ament_prefix_path.sh'
[10.418s] INFO:colcon.colcon_core.shell:Skip shell extension 'powershell' for command environment: Not usable outside of PowerShell
[10.418s] DEBUG:colcon.colcon_core.shell:Skip shell extension 'dsv' for command environment
[10.643s] DEBUG:colcon.colcon_core.event_handler.log_command:Invoked command in '/home/chelse/ros2_ws/src/rob599_hw3' returned '0': PYTHONPATH=/home/chelse/ros2_ws/build/rob599_hw3/prefix_override:/home/chelse/ros2_ws/install/rob599_hw3/lib/python3.10/site-packages:${PYTHONPATH} /usr/bin/python3 setup.py egg_info --egg-base ../../build/rob599_hw3 build --build-base /home/chelse/ros2_ws/build/rob599_hw3/build install --record /home/chelse/ros2_ws/build/rob599_hw3/install.log --single-version-externally-managed
[10.709s] Level 1:colcon.colcon_core.environment:checking '/home/chelse/ros2_ws/install/rob599_hw3' for CMake module files
[10.711s] Level 1:colcon.colcon_core.environment:checking '/home/chelse/ros2_ws/install/rob599_hw3' for CMake config files
[10.714s] Level 1:colcon.colcon_core.environment:checking '/home/chelse/ros2_ws/install/rob599_hw3/lib'
[10.714s] Level 1:colcon.colcon_core.environment:checking '/home/chelse/ros2_ws/install/rob599_hw3/bin'
[10.715s] Level 1:colcon.colcon_core.environment:checking '/home/chelse/ros2_ws/install/rob599_hw3/lib/pkgconfig/rob599_hw3.pc'
[10.716s] Level 1:colcon.colcon_core.environment:checking '/home/chelse/ros2_ws/install/rob599_hw3/lib/python3.10/site-packages'
[10.716s] Level 1:colcon.colcon_core.shell:create_environment_hook('rob599_hw3', 'pythonpath')
[10.793s] INFO:colcon.colcon_core.shell:Creating environment hook '/home/chelse/ros2_ws/install/rob599_hw3/share/rob599_hw3/hook/pythonpath.ps1'
[10.794s] INFO:colcon.colcon_core.shell:Creating environment descriptor '/home/chelse/ros2_ws/install/rob599_hw3/share/rob599_hw3/hook/pythonpath.dsv'
[10.795s] INFO:colcon.colcon_core.shell:Creating environment hook '/home/chelse/ros2_ws/install/rob599_hw3/share/rob599_hw3/hook/pythonpath.sh'
[10.797s] Level 1:colcon.colcon_core.environment:checking '/home/chelse/ros2_ws/install/rob599_hw3/bin'
[10.797s] Level 1:colcon.colcon_core.environment:create_environment_scripts_only(rob599_hw3)
[10.855s] INFO:colcon.colcon_core.shell:Creating package script '/home/chelse/ros2_ws/install/rob599_hw3/share/rob599_hw3/package.ps1'
[10.857s] INFO:colcon.colcon_core.shell:Creating package descriptor '/home/chelse/ros2_ws/install/rob599_hw3/share/rob599_hw3/package.dsv'
[10.858s] INFO:colcon.colcon_core.shell:Creating package script '/home/chelse/ros2_ws/install/rob599_hw3/share/rob599_hw3/package.sh'
[10.859s] INFO:colcon.colcon_core.shell:Creating package script '/home/chelse/ros2_ws/install/rob599_hw3/share/rob599_hw3/package.bash'
[10.860s] INFO:colcon.colcon_core.shell:Creating package script '/home/chelse/ros2_ws/install/rob599_hw3/share/rob599_hw3/package.zsh'
[10.861s] Level 1:colcon.colcon_core.environment:create_file_with_runtime_dependencies(/home/chelse/ros2_ws/install/rob599_hw3/share/colcon-core/packages/rob599_hw3)
[11.892s] INFO:colcon.colcon_core.task.python.build:Building Python package in '/home/chelse/ros2_ws/src/rob599_hw2'
[11.952s] INFO:colcon.colcon_core.shell:Skip shell extension 'powershell' for command environment: Not usable outside of PowerShell
[11.952s] DEBUG:colcon.colcon_core.shell:Skip shell extension 'dsv' for command environment
[13.447s] DEBUG:colcon.colcon_core.event_handler.log_command:Invoking command in '/home/chelse/ros2_ws/src/rob599_hw2': PYTHONPATH=/home/chelse/ros2_ws/build/rob599_hw2/prefix_override:/home/chelse/ros2_ws/install/rob599_hw2/lib/python3.10/site-packages:${PYTHONPATH} /usr/bin/python3 setup.py egg_info --egg-base ../../build/rob599_hw2 build --build-base /home/chelse/ros2_ws/build/rob599_hw2/build install --record /home/chelse/ros2_ws/build/rob599_hw2/install.log --single-version-externally-managed
[14.551s] DEBUG:colcon.colcon_core.event_handler.log_command:Invoked command in '/home/chelse/ros2_ws/src/rob599_hw2' returned '0': PYTHONPATH=/home/chelse/ros2_ws/build/rob599_hw2/prefix_override:/home/chelse/ros2_ws/install/rob599_hw2/lib/python3.10/site-packages:${PYTHONPATH} /usr/bin/python3 setup.py egg_info --egg-base ../../build/rob599_hw2 build --build-base /home/chelse/ros2_ws/build/rob599_hw2/build install --record /home/chelse/ros2_ws/build/rob599_hw2/install.log --single-version-externally-managed
[14.617s] Level 1:colcon.colcon_core.environment:checking '/home/chelse/ros2_ws/install/rob599_hw2' for CMake module files
[14.619s] Level 1:colcon.colcon_core.environment:checking '/home/chelse/ros2_ws/install/rob599_hw2' for CMake config files
[14.621s] Level 1:colcon.colcon_core.environment:checking '/home/chelse/ros2_ws/install/rob599_hw2/lib'
[14.621s] Level 1:colcon.colcon_core.environment:checking '/home/chelse/ros2_ws/install/rob599_hw2/bin'
[14.622s] Level 1:colcon.colcon_core.environment:checking '/home/chelse/ros2_ws/install/rob599_hw2/lib/pkgconfig/rob599_hw2.pc'
[14.622s] Level 1:colcon.colcon_core.environment:checking '/home/chelse/ros2_ws/install/rob599_hw2/lib/python3.10/site-packages'
[14.623s] Level 1:colcon.colcon_core.shell:create_environment_hook('rob599_hw2', 'pythonpath')
[14.682s] INFO:colcon.colcon_core.shell:Creating environment hook '/home/chelse/ros2_ws/install/rob599_hw2/share/rob599_hw2/hook/pythonpath.ps1'
[14.684s] INFO:colcon.colcon_core.shell:Creating environment descriptor '/home/chelse/ros2_ws/install/rob599_hw2/share/rob599_hw2/hook/pythonpath.dsv'
[14.685s] INFO:colcon.colcon_core.shell:Creating environment hook '/home/chelse/ros2_ws/install/rob599_hw2/share/rob599_hw2/hook/pythonpath.sh'
[14.687s] Level 1:colcon.colcon_core.environment:checking '/home/chelse/ros2_ws/install/rob599_hw2/bin'
[14.688s] Level 1:colcon.colcon_core.environment:create_environment_scripts_only(rob599_hw2)
[14.743s] INFO:colcon.colcon_core.shell:Creating package script '/home/chelse/ros2_ws/install/rob599_hw2/share/rob599_hw2/package.ps1'
[14.746s] INFO:colcon.colcon_core.shell:Creating package descriptor '/home/chelse/ros2_ws/install/rob599_hw2/share/rob599_hw2/package.dsv'
[14.748s] INFO:colcon.colcon_core.shell:Creating package script '/home/chelse/ros2_ws/install/rob599_hw2/share/rob599_hw2/package.sh'
[14.750s] INFO:colcon.colcon_core.shell:Creating package script '/home/chelse/ros2_ws/install/rob599_hw2/share/rob599_hw2/package.bash'
[14.751s] INFO:colcon.colcon_core.shell:Creating package script '/home/chelse/ros2_ws/install/rob599_hw2/share/rob599_hw2/package.zsh'
[14.753s] Level 1:colcon.colcon_core.environment:create_file_with_runtime_dependencies(/home/chelse/ros2_ws/install/rob599_hw2/share/colcon-core/packages/rob599_hw2)
[14.755s] DEBUG:colcon.colcon_parallel_executor.executor.parallel:closing loop
[14.755s] DEBUG:colcon.colcon_parallel_executor.executor.parallel:loop closed
[14.756s] DEBUG:colcon.colcon_parallel_executor.executor.parallel:run_until_complete finished with '0'
[14.756s] DEBUG:colcon.colcon_core.event_reactor:joining thread
[14.842s] INFO:colcon.colcon_core.plugin_system:Skipping extension 'colcon_notification.desktop_notification.terminal_notifier': Not used on non-Darwin systems
[14.842s] INFO:colcon.colcon_core.plugin_system:Skipping extension 'colcon_notification.desktop_notification.win32': Not used on non-Windows systems
[14.842s] INFO:colcon.colcon_notification.desktop_notification:Sending desktop notification using 'notify2'
[14.883s] DEBUG:colcon.colcon_core.event_reactor:joined thread
[14.971s] INFO:colcon.colcon_core.shell:Creating prefix script '/home/chelse/ros2_ws/install/local_setup.ps1'
[14.977s] INFO:colcon.colcon_core.shell:Creating prefix util module '/home/chelse/ros2_ws/install/_local_setup_util_ps1.py'
[14.985s] INFO:colcon.colcon_core.shell:Creating prefix chain script '/home/chelse/ros2_ws/install/setup.ps1'
[15.068s] INFO:colcon.colcon_core.shell:Creating prefix script '/home/chelse/ros2_ws/install/local_setup.sh'
[15.070s] INFO:colcon.colcon_core.shell:Creating prefix util module '/home/chelse/ros2_ws/install/_local_setup_util_sh.py'
[15.072s] INFO:colcon.colcon_core.shell:Creating prefix chain script '/home/chelse/ros2_ws/install/setup.sh'
[15.148s] INFO:colcon.colcon_core.shell:Creating prefix script '/home/chelse/ros2_ws/install/local_setup.bash'
[15.150s] INFO:colcon.colcon_core.shell:Creating prefix chain script '/home/chelse/ros2_ws/install/setup.bash'
[15.226s] INFO:colcon.colcon_core.shell:Creating prefix script '/home/chelse/ros2_ws/install/local_setup.zsh'
[15.228s] INFO:colcon.colcon_core.shell:Creating prefix chain script '/home/chelse/ros2_ws/install/setup.zsh'
