[1.327s] DEBUG:colcon:Command line arguments: ['/home/chelse/.local/bin/colcon', 'build']
[1.327s] DEBUG:colcon:Parsed command line arguments: Namespace(log_base=None, log_level=None, verb_name='build', build_base='build', install_base='install', merge_install=False, symlink_install=False, test_result_base=None, continue_on_error=False, executor='parallel', parallel_workers=12, event_handlers=None, ignore_user_meta=False, metas=['./colcon.meta'], base_paths=['.'], packages_ignore=None, packages_ignore_regex=None, paths=None, packages_up_to=None, packages_up_to_regex=None, packages_above=None, packages_above_and_dependencies=None, packages_above_depth=None, packages_select_by_dep=None, packages_skip_by_dep=None, packages_skip_up_to=None, packages_select_build_failed=False, packages_skip_build_finished=False, packages_select_test_failures=False, packages_skip_test_passed=False, packages_select=None, packages_skip=None, packages_select_regex=None, packages_skip_regex=None, packages_start=None, packages_end=None, cmake_args=None, cmake_target=None, cmake_target_skip_unavailable=False, cmake_clean_cache=False, cmake_clean_first=False, cmake_force_configure=False, ament_cmake_args=None, catkin_cmake_args=None, catkin_skip_building_tests=False, verb_parser=<colcon_defaults.argument_parser.defaults.DefaultArgumentsDecorator object at 0x7f89f7334820>, verb_extension=<colcon_core.verb.build.BuildVerb object at 0x7f89f7337fa0>, main=<bound method BuildVerb.main of <colcon_core.verb.build.BuildVerb object at 0x7f89f7337fa0>>)
[1.388s] Level 1:colcon.colcon_core.package_discovery:discover_packages(colcon_meta) check parameters
[1.388s] Level 1:colcon.colcon_core.package_discovery:discover_packages(recursive) check parameters
[1.389s] Level 1:colcon.colcon_core.package_discovery:discover_packages(ignore) check parameters
[1.389s] Level 1:colcon.colcon_core.package_discovery:discover_packages(path) check parameters
[1.389s] Level 1:colcon.colcon_core.package_discovery:discover_packages(colcon_meta) discover
[1.389s] Level 1:colcon.colcon_core.package_discovery:discover_packages(recursive) discover
[1.389s] INFO:colcon.colcon_core.package_discovery:Crawling recursively for packages in '/home/chelse/ros2_ws'
[1.389s] Level 1:colcon.colcon_core.package_identification:_identify(.) by extensions ['ignore', 'ignore_ament_install']
[1.389s] Level 1:colcon.colcon_core.package_identification:_identify(.) by extension 'ignore'
[1.389s] Level 1:colcon.colcon_core.package_identification:_identify(.) by extension 'ignore_ament_install'
[1.389s] Level 1:colcon.colcon_core.package_identification:_identify(.) by extensions ['colcon_pkg']
[1.389s] Level 1:colcon.colcon_core.package_identification:_identify(.) by extension 'colcon_pkg'
[1.390s] Level 1:colcon.colcon_core.package_identification:_identify(.) by extensions ['colcon_meta']
[1.390s] Level 1:colcon.colcon_core.package_identification:_identify(.) by extension 'colcon_meta'
[1.390s] Level 1:colcon.colcon_core.package_identification:_identify(.) by extensions ['ros']
[1.390s] Level 1:colcon.colcon_core.package_identification:_identify(.) by extension 'ros'
[1.404s] Level 1:colcon.colcon_core.package_identification:_identify(.) by extensions ['cmake', 'python']
[1.405s] Level 1:colcon.colcon_core.package_identification:_identify(.) by extension 'cmake'
[1.405s] Level 1:colcon.colcon_core.package_identification:_identify(.) by extension 'python'
[1.405s] Level 1:colcon.colcon_core.package_identification:_identify(.) by extensions ['python_setup_py']
[1.405s] Level 1:colcon.colcon_core.package_identification:_identify(.) by extension 'python_setup_py'
[1.405s] Level 1:colcon.colcon_core.package_identification:_identify(build) by extensions ['ignore', 'ignore_ament_install']
[1.405s] Level 1:colcon.colcon_core.package_identification:_identify(build) by extension 'ignore'
[1.405s] Level 1:colcon.colcon_core.package_identification:_identify(build) ignored
[1.406s] Level 1:colcon.colcon_core.package_identification:_identify(install) by extensions ['ignore', 'ignore_ament_install']
[1.406s] Level 1:colcon.colcon_core.package_identification:_identify(install) by extension 'ignore'
[1.406s] Level 1:colcon.colcon_core.package_identification:_identify(install) ignored
[1.406s] Level 1:colcon.colcon_core.package_identification:_identify(log) by extensions ['ignore', 'ignore_ament_install']
[1.406s] Level 1:colcon.colcon_core.package_identification:_identify(log) by extension 'ignore'
[1.406s] Level 1:colcon.colcon_core.package_identification:_identify(log) ignored
[1.407s] Level 1:colcon.colcon_core.package_identification:_identify(src) by extensions ['ignore', 'ignore_ament_install']
[1.407s] Level 1:colcon.colcon_core.package_identification:_identify(src) by extension 'ignore'
[1.407s] Level 1:colcon.colcon_core.package_identification:_identify(src) by extension 'ignore_ament_install'
[1.407s] Level 1:colcon.colcon_core.package_identification:_identify(src) by extensions ['colcon_pkg']
[1.407s] Level 1:colcon.colcon_core.package_identification:_identify(src) by extension 'colcon_pkg'
[1.407s] Level 1:colcon.colcon_core.package_identification:_identify(src) by extensions ['colcon_meta']
[1.407s] Level 1:colcon.colcon_core.package_identification:_identify(src) by extension 'colcon_meta'
[1.407s] Level 1:colcon.colcon_core.package_identification:_identify(src) by extensions ['ros']
[1.408s] Level 1:colcon.colcon_core.package_identification:_identify(src) by extension 'ros'
[1.408s] Level 1:colcon.colcon_core.package_identification:_identify(src) by extensions ['cmake', 'python']
[1.408s] Level 1:colcon.colcon_core.package_identification:_identify(src) by extension 'cmake'
[1.408s] Level 1:colcon.colcon_core.package_identification:_identify(src) by extension 'python'
[1.408s] Level 1:colcon.colcon_core.package_identification:_identify(src) by extensions ['python_setup_py']
[1.408s] Level 1:colcon.colcon_core.package_identification:_identify(src) by extension 'python_setup_py'
[1.408s] Level 1:colcon.colcon_core.package_identification:_identify(src/rob599_hw2) by extensions ['ignore', 'ignore_ament_install']
[1.408s] Level 1:colcon.colcon_core.package_identification:_identify(src/rob599_hw2) by extension 'ignore'
[1.408s] Level 1:colcon.colcon_core.package_identification:_identify(src/rob599_hw2) by extension 'ignore_ament_install'
[1.408s] Level 1:colcon.colcon_core.package_identification:_identify(src/rob599_hw2) by extensions ['colcon_pkg']
[1.409s] Level 1:colcon.colcon_core.package_identification:_identify(src/rob599_hw2) by extension 'colcon_pkg'
[1.409s] Level 1:colcon.colcon_core.package_identification:_identify(src/rob599_hw2) by extensions ['colcon_meta']
[1.409s] Level 1:colcon.colcon_core.package_identification:_identify(src/rob599_hw2) by extension 'colcon_meta'
[1.409s] Level 1:colcon.colcon_core.package_identification:_identify(src/rob599_hw2) by extensions ['ros']
[1.409s] Level 1:colcon.colcon_core.package_identification:_identify(src/rob599_hw2) by extension 'ros'
[1.412s] DEBUG:colcon.colcon_core.package_identification:Package 'src/rob599_hw2' with type 'ros.ament_python' and name 'rob599_hw2'
[1.412s] Level 1:colcon.colcon_core.package_identification:_identify(src/rob599r2) by extensions ['ignore', 'ignore_ament_install']
[1.413s] Level 1:colcon.colcon_core.package_identification:_identify(src/rob599r2) by extension 'ignore'
[1.413s] Level 1:colcon.colcon_core.package_identification:_identify(src/rob599r2) by extension 'ignore_ament_install'
[1.413s] Level 1:colcon.colcon_core.package_identification:_identify(src/rob599r2) by extensions ['colcon_pkg']
[1.413s] Level 1:colcon.colcon_core.package_identification:_identify(src/rob599r2) by extension 'colcon_pkg'
[1.413s] Level 1:colcon.colcon_core.package_identification:_identify(src/rob599r2) by extensions ['colcon_meta']
[1.413s] Level 1:colcon.colcon_core.package_identification:_identify(src/rob599r2) by extension 'colcon_meta'
[1.413s] Level 1:colcon.colcon_core.package_identification:_identify(src/rob599r2) by extensions ['ros']
[1.413s] Level 1:colcon.colcon_core.package_identification:_identify(src/rob599r2) by extension 'ros'
[1.413s] Level 1:colcon.colcon_core.package_identification:_identify(src/rob599r2) by extensions ['cmake', 'python']
[1.413s] Level 1:colcon.colcon_core.package_identification:_identify(src/rob599r2) by extension 'cmake'
[1.413s] Level 1:colcon.colcon_core.package_identification:_identify(src/rob599r2) by extension 'python'
[1.414s] Level 1:colcon.colcon_core.package_identification:_identify(src/rob599r2) by extensions ['python_setup_py']
[1.414s] Level 1:colcon.colcon_core.package_identification:_identify(src/rob599r2) by extension 'python_setup_py'
[1.414s] Level 1:colcon.colcon_core.package_identification:_identify(src/rob599r2/rob599_basic) by extensions ['ignore', 'ignore_ament_install']
[1.414s] Level 1:colcon.colcon_core.package_identification:_identify(src/rob599r2/rob599_basic) by extension 'ignore'
[1.414s] Level 1:colcon.colcon_core.package_identification:_identify(src/rob599r2/rob599_basic) by extension 'ignore_ament_install'
[1.414s] Level 1:colcon.colcon_core.package_identification:_identify(src/rob599r2/rob599_basic) by extensions ['colcon_pkg']
[1.414s] Level 1:colcon.colcon_core.package_identification:_identify(src/rob599r2/rob599_basic) by extension 'colcon_pkg'
[1.415s] Level 1:colcon.colcon_core.package_identification:_identify(src/rob599r2/rob599_basic) by extensions ['colcon_meta']
[1.415s] Level 1:colcon.colcon_core.package_identification:_identify(src/rob599r2/rob599_basic) by extension 'colcon_meta'
[1.415s] Level 1:colcon.colcon_core.package_identification:_identify(src/rob599r2/rob599_basic) by extensions ['ros']
[1.415s] Level 1:colcon.colcon_core.package_identification:_identify(src/rob599r2/rob599_basic) by extension 'ros'
[1.416s] DEBUG:colcon.colcon_core.package_identification:Package 'src/rob599r2/rob599_basic' with type 'ros.ament_python' and name 'rob599_basic'
[1.416s] Level 1:colcon.colcon_core.package_identification:_identify(src/rob599r2/rob599_msgs) by extensions ['ignore', 'ignore_ament_install']
[1.416s] Level 1:colcon.colcon_core.package_identification:_identify(src/rob599r2/rob599_msgs) by extension 'ignore'
[1.417s] Level 1:colcon.colcon_core.package_identification:_identify(src/rob599r2/rob599_msgs) by extension 'ignore_ament_install'
[1.417s] Level 1:colcon.colcon_core.package_identification:_identify(src/rob599r2/rob599_msgs) by extensions ['colcon_pkg']
[1.417s] Level 1:colcon.colcon_core.package_identification:_identify(src/rob599r2/rob599_msgs) by extension 'colcon_pkg'
[1.417s] Level 1:colcon.colcon_core.package_identification:_identify(src/rob599r2/rob599_msgs) by extensions ['colcon_meta']
[1.417s] Level 1:colcon.colcon_core.package_identification:_identify(src/rob599r2/rob599_msgs) by extension 'colcon_meta'
[1.417s] Level 1:colcon.colcon_core.package_identification:_identify(src/rob599r2/rob599_msgs) by extensions ['ros']
[1.417s] Level 1:colcon.colcon_core.package_identification:_identify(src/rob599r2/rob599_msgs) by extension 'ros'
[1.418s] DEBUG:colcon.colcon_core.package_identification:Package 'src/rob599r2/rob599_msgs' with type 'ros.ament_cmake' and name 'rob599_msgs'
[1.419s] Level 1:colcon.colcon_core.package_identification:_identify(src/ros_tutorials) by extensions ['ignore', 'ignore_ament_install']
[1.419s] Level 1:colcon.colcon_core.package_identification:_identify(src/ros_tutorials) by extension 'ignore'
[1.419s] Level 1:colcon.colcon_core.package_identification:_identify(src/ros_tutorials) by extension 'ignore_ament_install'
[1.419s] Level 1:colcon.colcon_core.package_identification:_identify(src/ros_tutorials) by extensions ['colcon_pkg']
[1.419s] Level 1:colcon.colcon_core.package_identification:_identify(src/ros_tutorials) by extension 'colcon_pkg'
[1.419s] Level 1:colcon.colcon_core.package_identification:_identify(src/ros_tutorials) by extensions ['colcon_meta']
[1.419s] Level 1:colcon.colcon_core.package_identification:_identify(src/ros_tutorials) by extension 'colcon_meta'
[1.419s] Level 1:colcon.colcon_core.package_identification:_identify(src/ros_tutorials) by extensions ['ros']
[1.420s] Level 1:colcon.colcon_core.package_identification:_identify(src/ros_tutorials) by extension 'ros'
[1.420s] Level 1:colcon.colcon_core.package_identification:_identify(src/ros_tutorials) by extensions ['cmake', 'python']
[1.420s] Level 1:colcon.colcon_core.package_identification:_identify(src/ros_tutorials) by extension 'cmake'
[1.420s] Level 1:colcon.colcon_core.package_identification:_identify(src/ros_tutorials) by extension 'python'
[1.420s] Level 1:colcon.colcon_core.package_identification:_identify(src/ros_tutorials) by extensions ['python_setup_py']
[1.420s] Level 1:colcon.colcon_core.package_identification:_identify(src/ros_tutorials) by extension 'python_setup_py'
[1.420s] Level 1:colcon.colcon_core.package_identification:_identify(src/ros_tutorials/ros_tutorials) by extensions ['ignore', 'ignore_ament_install']
[1.421s] Level 1:colcon.colcon_core.package_identification:_identify(src/ros_tutorials/ros_tutorials) by extension 'ignore'
[1.421s] Level 1:colcon.colcon_core.package_identification:_identify(src/ros_tutorials/ros_tutorials) ignored
[1.421s] Level 1:colcon.colcon_core.package_identification:_identify(src/ros_tutorials/roscpp_tutorials) by extensions ['ignore', 'ignore_ament_install']
[1.421s] Level 1:colcon.colcon_core.package_identification:_identify(src/ros_tutorials/roscpp_tutorials) by extension 'ignore'
[1.421s] Level 1:colcon.colcon_core.package_identification:_identify(src/ros_tutorials/roscpp_tutorials) ignored
[1.422s] Level 1:colcon.colcon_core.package_identification:_identify(src/ros_tutorials/rospy_tutorials) by extensions ['ignore', 'ignore_ament_install']
[1.422s] Level 1:colcon.colcon_core.package_identification:_identify(src/ros_tutorials/rospy_tutorials) by extension 'ignore'
[1.422s] Level 1:colcon.colcon_core.package_identification:_identify(src/ros_tutorials/rospy_tutorials) ignored
[1.422s] Level 1:colcon.colcon_core.package_identification:_identify(src/ros_tutorials/turtlesim) by extensions ['ignore', 'ignore_ament_install']
[1.422s] Level 1:colcon.colcon_core.package_identification:_identify(src/ros_tutorials/turtlesim) by extension 'ignore'
[1.423s] Level 1:colcon.colcon_core.package_identification:_identify(src/ros_tutorials/turtlesim) by extension 'ignore_ament_install'
[1.423s] Level 1:colcon.colcon_core.package_identification:_identify(src/ros_tutorials/turtlesim) by extensions ['colcon_pkg']
[1.423s] Level 1:colcon.colcon_core.package_identification:_identify(src/ros_tutorials/turtlesim) by extension 'colcon_pkg'
[1.423s] Level 1:colcon.colcon_core.package_identification:_identify(src/ros_tutorials/turtlesim) by extensions ['colcon_meta']
[1.423s] Level 1:colcon.colcon_core.package_identification:_identify(src/ros_tutorials/turtlesim) by extension 'colcon_meta'
[1.423s] Level 1:colcon.colcon_core.package_identification:_identify(src/ros_tutorials/turtlesim) by extensions ['ros']
[1.423s] Level 1:colcon.colcon_core.package_identification:_identify(src/ros_tutorials/turtlesim) by extension 'ros'
[1.426s] DEBUG:colcon.colcon_core.package_identification:Package 'src/ros_tutorials/turtlesim' with type 'ros.ament_cmake' and name 'turtlesim'
[1.427s] Level 1:colcon.colcon_core.package_discovery:discover_packages(recursive) using defaults
[1.427s] Level 1:colcon.colcon_core.package_discovery:discover_packages(ignore) discover
[1.427s] Level 1:colcon.colcon_core.package_discovery:discover_packages(ignore) using defaults
[1.427s] Level 1:colcon.colcon_core.package_discovery:discover_packages(path) discover
[1.427s] Level 1:colcon.colcon_core.package_discovery:discover_packages(path) using defaults
[1.528s] Level 5:colcon.colcon_core.verb:set package 'rob599_hw2' build argument 'cmake_args' from command line to 'None'
[1.528s] Level 5:colcon.colcon_core.verb:set package 'rob599_hw2' build argument 'cmake_target' from command line to 'None'
[1.528s] Level 5:colcon.colcon_core.verb:set package 'rob599_hw2' build argument 'cmake_target_skip_unavailable' from command line to 'False'
[1.528s] Level 5:colcon.colcon_core.verb:set package 'rob599_hw2' build argument 'cmake_clean_cache' from command line to 'False'
[1.528s] Level 5:colcon.colcon_core.verb:set package 'rob599_hw2' build argument 'cmake_clean_first' from command line to 'False'
[1.528s] Level 5:colcon.colcon_core.verb:set package 'rob599_hw2' build argument 'cmake_force_configure' from command line to 'False'
[1.528s] Level 5:colcon.colcon_core.verb:set package 'rob599_hw2' build argument 'ament_cmake_args' from command line to 'None'
[1.528s] Level 5:colcon.colcon_core.verb:set package 'rob599_hw2' build argument 'catkin_cmake_args' from command line to 'None'
[1.528s] Level 5:colcon.colcon_core.verb:set package 'rob599_hw2' build argument 'catkin_skip_building_tests' from command line to 'False'
[1.529s] DEBUG:colcon.colcon_core.verb:Building package 'rob599_hw2' with the following arguments: {'ament_cmake_args': None, 'build_base': '/home/chelse/ros2_ws/build/rob599_hw2', 'catkin_cmake_args': None, 'catkin_skip_building_tests': False, 'cmake_args': None, 'cmake_clean_cache': False, 'cmake_clean_first': False, 'cmake_force_configure': False, 'cmake_target': None, 'cmake_target_skip_unavailable': False, 'install_base': '/home/chelse/ros2_ws/install/rob599_hw2', 'merge_install': False, 'path': '/home/chelse/ros2_ws/src/rob599_hw2', 'symlink_install': False, 'test_result_base': None}
[1.548s] Level 5:colcon.colcon_core.verb:set package 'rob599_msgs' build argument 'cmake_args' from command line to 'None'
[1.548s] Level 5:colcon.colcon_core.verb:set package 'rob599_msgs' build argument 'cmake_target' from command line to 'None'
[1.548s] Level 5:colcon.colcon_core.verb:set package 'rob599_msgs' build argument 'cmake_target_skip_unavailable' from command line to 'False'
[1.548s] Level 5:colcon.colcon_core.verb:set package 'rob599_msgs' build argument 'cmake_clean_cache' from command line to 'False'
[1.548s] Level 5:colcon.colcon_core.verb:set package 'rob599_msgs' build argument 'cmake_clean_first' from command line to 'False'
[1.549s] Level 5:colcon.colcon_core.verb:set package 'rob599_msgs' build argument 'cmake_force_configure' from command line to 'False'
[1.549s] Level 5:colcon.colcon_core.verb:set package 'rob599_msgs' build argument 'ament_cmake_args' from command line to 'None'
[1.549s] Level 5:colcon.colcon_core.verb:set package 'rob599_msgs' build argument 'catkin_cmake_args' from command line to 'None'
[1.549s] Level 5:colcon.colcon_core.verb:set package 'rob599_msgs' build argument 'catkin_skip_building_tests' from command line to 'False'
[1.549s] DEBUG:colcon.colcon_core.verb:Building package 'rob599_msgs' with the following arguments: {'ament_cmake_args': None, 'build_base': '/home/chelse/ros2_ws/build/rob599_msgs', 'catkin_cmake_args': None, 'catkin_skip_building_tests': False, 'cmake_args': None, 'cmake_clean_cache': False, 'cmake_clean_first': False, 'cmake_force_configure': False, 'cmake_target': None, 'cmake_target_skip_unavailable': False, 'install_base': '/home/chelse/ros2_ws/install/rob599_msgs', 'merge_install': False, 'path': '/home/chelse/ros2_ws/src/rob599r2/rob599_msgs', 'symlink_install': False, 'test_result_base': None}
[1.568s] Level 5:colcon.colcon_core.verb:set package 'turtlesim' build argument 'cmake_args' from command line to 'None'
[1.568s] Level 5:colcon.colcon_core.verb:set package 'turtlesim' build argument 'cmake_target' from command line to 'None'
[1.568s] Level 5:colcon.colcon_core.verb:set package 'turtlesim' build argument 'cmake_target_skip_unavailable' from command line to 'False'
[1.568s] Level 5:colcon.colcon_core.verb:set package 'turtlesim' build argument 'cmake_clean_cache' from command line to 'False'
[1.568s] Level 5:colcon.colcon_core.verb:set package 'turtlesim' build argument 'cmake_clean_first' from command line to 'False'
[1.568s] Level 5:colcon.colcon_core.verb:set package 'turtlesim' build argument 'cmake_force_configure' from command line to 'False'
[1.568s] Level 5:colcon.colcon_core.verb:set package 'turtlesim' build argument 'ament_cmake_args' from command line to 'None'
[1.568s] Level 5:colcon.colcon_core.verb:set package 'turtlesim' build argument 'catkin_cmake_args' from command line to 'None'
[1.568s] Level 5:colcon.colcon_core.verb:set package 'turtlesim' build argument 'catkin_skip_building_tests' from command line to 'False'
[1.568s] DEBUG:colcon.colcon_core.verb:Building package 'turtlesim' with the following arguments: {'ament_cmake_args': None, 'build_base': '/home/chelse/ros2_ws/build/turtlesim', 'catkin_cmake_args': None, 'catkin_skip_building_tests': False, 'cmake_args': None, 'cmake_clean_cache': False, 'cmake_clean_first': False, 'cmake_force_configure': False, 'cmake_target': None, 'cmake_target_skip_unavailable': False, 'install_base': '/home/chelse/ros2_ws/install/turtlesim', 'merge_install': False, 'path': '/home/chelse/ros2_ws/src/ros_tutorials/turtlesim', 'symlink_install': False, 'test_result_base': None}
[1.587s] Level 5:colcon.colcon_core.verb:set package 'rob599_basic' build argument 'cmake_args' from command line to 'None'
[1.587s] Level 5:colcon.colcon_core.verb:set package 'rob599_basic' build argument 'cmake_target' from command line to 'None'
[1.587s] Level 5:colcon.colcon_core.verb:set package 'rob599_basic' build argument 'cmake_target_skip_unavailable' from command line to 'False'
[1.587s] Level 5:colcon.colcon_core.verb:set package 'rob599_basic' build argument 'cmake_clean_cache' from command line to 'False'
[1.587s] Level 5:colcon.colcon_core.verb:set package 'rob599_basic' build argument 'cmake_clean_first' from command line to 'False'
[1.587s] Level 5:colcon.colcon_core.verb:set package 'rob599_basic' build argument 'cmake_force_configure' from command line to 'False'
[1.587s] Level 5:colcon.colcon_core.verb:set package 'rob599_basic' build argument 'ament_cmake_args' from command line to 'None'
[1.588s] Level 5:colcon.colcon_core.verb:set package 'rob599_basic' build argument 'catkin_cmake_args' from command line to 'None'
[1.588s] Level 5:colcon.colcon_core.verb:set package 'rob599_basic' build argument 'catkin_skip_building_tests' from command line to 'False'
[1.588s] DEBUG:colcon.colcon_core.verb:Building package 'rob599_basic' with the following arguments: {'ament_cmake_args': None, 'build_base': '/home/chelse/ros2_ws/build/rob599_basic', 'catkin_cmake_args': None, 'catkin_skip_building_tests': False, 'cmake_args': None, 'cmake_clean_cache': False, 'cmake_clean_first': False, 'cmake_force_configure': False, 'cmake_target': None, 'cmake_target_skip_unavailable': False, 'install_base': '/home/chelse/ros2_ws/install/rob599_basic', 'merge_install': False, 'path': '/home/chelse/ros2_ws/src/rob599r2/rob599_basic', 'symlink_install': False, 'test_result_base': None}
[1.607s] INFO:colcon.colcon_core.executor:Executing jobs using 'parallel' executor
[1.626s] DEBUG:colcon.colcon_parallel_executor.executor.parallel:run_until_complete
[1.627s] INFO:colcon.colcon_ros.task.ament_cmake.build:Building ROS package in '/home/chelse/ros2_ws/src/rob599r2/rob599_msgs' with build type 'ament_cmake'
[1.627s] INFO:colcon.colcon_cmake.task.cmake.build:Building CMake package in '/home/chelse/ros2_ws/src/rob599r2/rob599_msgs'
[1.652s] INFO:colcon.colcon_core.plugin_system:Skipping extension 'colcon_core.shell.bat': Not used on non-Windows systems
[1.652s] INFO:colcon.colcon_core.shell:Skip shell extension 'powershell' for command environment: Not usable outside of PowerShell
[1.653s] DEBUG:colcon.colcon_core.shell:Skip shell extension 'dsv' for command environment
[1.719s] INFO:colcon.colcon_ros.task.ament_python.build:Building ROS package in '/home/chelse/ros2_ws/src/rob599_hw2' with build type 'ament_python'
[1.719s] Level 1:colcon.colcon_core.shell:create_environment_hook('rob599_hw2', 'ament_prefix_path')
[1.743s] INFO:colcon.colcon_core.shell:Creating environment hook '/home/chelse/ros2_ws/install/rob599_hw2/share/rob599_hw2/hook/ament_prefix_path.ps1'
[1.744s] INFO:colcon.colcon_core.shell:Creating environment descriptor '/home/chelse/ros2_ws/install/rob599_hw2/share/rob599_hw2/hook/ament_prefix_path.dsv'
[1.745s] INFO:colcon.colcon_core.shell:Creating environment hook '/home/chelse/ros2_ws/install/rob599_hw2/share/rob599_hw2/hook/ament_prefix_path.sh'
[1.768s] INFO:colcon.colcon_core.shell:Skip shell extension 'powershell' for command environment: Not usable outside of PowerShell
[1.768s] DEBUG:colcon.colcon_core.shell:Skip shell extension 'dsv' for command environment
[1.832s] INFO:colcon.colcon_ros.task.ament_cmake.build:Building ROS package in '/home/chelse/ros2_ws/src/ros_tutorials/turtlesim' with build type 'ament_cmake'
[1.832s] INFO:colcon.colcon_cmake.task.cmake.build:Building CMake package in '/home/chelse/ros2_ws/src/ros_tutorials/turtlesim'
[1.854s] INFO:colcon.colcon_core.shell:Skip shell extension 'powershell' for command environment: Not usable outside of PowerShell
[1.854s] DEBUG:colcon.colcon_core.shell:Skip shell extension 'dsv' for command environment
[1.926s] DEBUG:colcon.colcon_core.event_handler.log_command:Invoking command in '/home/chelse/ros2_ws/build/rob599_msgs': CMAKE_PREFIX_PATH=${CMAKE_PREFIX_PATH}:/home/chelse/ros2_ws/install/rob599_basic:/opt/ros/humble /usr/bin/cmake --build /home/chelse/ros2_ws/build/rob599_msgs -- -j12 -l12
[2.407s] INFO:colcon.colcon_core.task.python.build:Building Python package in '/home/chelse/ros2_ws/src/rob599_hw2'
[2.437s] INFO:colcon.colcon_core.shell:Skip shell extension 'powershell' for command environment: Not usable outside of PowerShell
[2.437s] DEBUG:colcon.colcon_core.shell:Skip shell extension 'dsv' for command environment
[2.538s] DEBUG:colcon.colcon_core.event_handler.log_command:Invoking command in '/home/chelse/ros2_ws/build/turtlesim': CMAKE_PREFIX_PATH=${CMAKE_PREFIX_PATH}:/home/chelse/ros2_ws/install/rob599_basic:/opt/ros/humble /usr/bin/cmake --build /home/chelse/ros2_ws/build/turtlesim -- -j12 -l12
[2.572s] DEBUG:colcon.colcon_core.event_handler.log_command:Invoked command in '/home/chelse/ros2_ws/build/rob599_msgs' returned '0': CMAKE_PREFIX_PATH=${CMAKE_PREFIX_PATH}:/home/chelse/ros2_ws/install/rob599_basic:/opt/ros/humble /usr/bin/cmake --build /home/chelse/ros2_ws/build/rob599_msgs -- -j12 -l12
[2.863s] DEBUG:colcon.colcon_core.event_handler.log_command:Invoking command in '/home/chelse/ros2_ws/build/rob599_msgs': CMAKE_PREFIX_PATH=${CMAKE_PREFIX_PATH}:/home/chelse/ros2_ws/install/rob599_basic:/opt/ros/humble /usr/bin/cmake --install /home/chelse/ros2_ws/build/rob599_msgs
[3.004s] Level 1:colcon.colcon_core.environment:create_environment_scripts_only(rob599_msgs)
[3.017s] DEBUG:colcon.colcon_core.event_handler.log_command:Invoked command in '/home/chelse/ros2_ws/build/rob599_msgs' returned '0': CMAKE_PREFIX_PATH=${CMAKE_PREFIX_PATH}:/home/chelse/ros2_ws/install/rob599_basic:/opt/ros/humble /usr/bin/cmake --install /home/chelse/ros2_ws/build/rob599_msgs
[3.058s] Level 1:colcon.colcon_core.environment:checking '/home/chelse/ros2_ws/install/rob599_msgs' for CMake module files
[3.059s] Level 1:colcon.colcon_core.environment:checking '/home/chelse/ros2_ws/install/rob599_msgs' for CMake config files
[3.060s] Level 1:colcon.colcon_core.shell:create_environment_hook('rob599_msgs', 'cmake_prefix_path')
[3.092s] INFO:colcon.colcon_core.shell:Creating environment hook '/home/chelse/ros2_ws/install/rob599_msgs/share/rob599_msgs/hook/cmake_prefix_path.ps1'
[3.093s] INFO:colcon.colcon_core.shell:Creating environment descriptor '/home/chelse/ros2_ws/install/rob599_msgs/share/rob599_msgs/hook/cmake_prefix_path.dsv'
[3.093s] INFO:colcon.colcon_core.shell:Creating environment hook '/home/chelse/ros2_ws/install/rob599_msgs/share/rob599_msgs/hook/cmake_prefix_path.sh'
[3.095s] Level 1:colcon.colcon_core.environment:checking '/home/chelse/ros2_ws/install/rob599_msgs/lib'
[3.095s] Level 1:colcon.colcon_core.shell:create_environment_hook('rob599_msgs', 'ld_library_path_lib')
[3.122s] INFO:colcon.colcon_core.shell:Creating environment hook '/home/chelse/ros2_ws/install/rob599_msgs/share/rob599_msgs/hook/ld_library_path_lib.ps1'
[3.123s] INFO:colcon.colcon_core.shell:Creating environment descriptor '/home/chelse/ros2_ws/install/rob599_msgs/share/rob599_msgs/hook/ld_library_path_lib.dsv'
[3.123s] INFO:colcon.colcon_core.shell:Creating environment hook '/home/chelse/ros2_ws/install/rob599_msgs/share/rob599_msgs/hook/ld_library_path_lib.sh'
[3.124s] Level 1:colcon.colcon_core.environment:checking '/home/chelse/ros2_ws/install/rob599_msgs/bin'
[3.124s] Level 1:colcon.colcon_core.environment:checking '/home/chelse/ros2_ws/install/rob599_msgs/lib/pkgconfig/rob599_msgs.pc'
[3.125s] Level 1:colcon.colcon_core.environment:checking '/home/chelse/ros2_ws/install/rob599_msgs/lib/python3.10/site-packages'
[3.125s] Level 1:colcon.colcon_core.environment:checking '/home/chelse/ros2_ws/install/rob599_msgs/bin'
[3.153s] INFO:colcon.colcon_core.shell:Creating package script '/home/chelse/ros2_ws/install/rob599_msgs/share/rob599_msgs/package.ps1'
[3.155s] INFO:colcon.colcon_core.shell:Creating package descriptor '/home/chelse/ros2_ws/install/rob599_msgs/share/rob599_msgs/package.dsv'
[3.156s] INFO:colcon.colcon_core.shell:Creating package script '/home/chelse/ros2_ws/install/rob599_msgs/share/rob599_msgs/package.sh'
[3.157s] INFO:colcon.colcon_core.shell:Creating package script '/home/chelse/ros2_ws/install/rob599_msgs/share/rob599_msgs/package.bash'
[3.158s] INFO:colcon.colcon_core.shell:Creating package script '/home/chelse/ros2_ws/install/rob599_msgs/share/rob599_msgs/package.zsh'
[3.160s] Level 1:colcon.colcon_core.environment:create_file_with_runtime_dependencies(/home/chelse/ros2_ws/install/rob599_msgs/share/colcon-core/packages/rob599_msgs)
[3.282s] DEBUG:colcon.colcon_core.event_handler.log_command:Invoking command in '/home/chelse/ros2_ws/src/rob599_hw2': PYTHONPATH=/home/chelse/ros2_ws/build/rob599_hw2/prefix_override:/home/chelse/ros2_ws/install/rob599_hw2/lib/python3.10/site-packages:${PYTHONPATH} /usr/bin/python3 setup.py egg_info --egg-base ../../build/rob599_hw2 build --build-base /home/chelse/ros2_ws/build/rob599_hw2/build install --record /home/chelse/ros2_ws/build/rob599_hw2/install.log --single-version-externally-managed
[3.353s] DEBUG:colcon.colcon_core.event_handler.log_command:Invoked command in '/home/chelse/ros2_ws/build/turtlesim' returned '0': CMAKE_PREFIX_PATH=${CMAKE_PREFIX_PATH}:/home/chelse/ros2_ws/install/rob599_basic:/opt/ros/humble /usr/bin/cmake --build /home/chelse/ros2_ws/build/turtlesim -- -j12 -l12
[3.413s] Level 1:colcon.colcon_core.environment:create_environment_scripts_only(rob599_msgs)
[3.444s] Level 1:colcon.colcon_core.environment:checking '/home/chelse/ros2_ws/install/rob599_msgs' for CMake module files
[3.445s] Level 1:colcon.colcon_core.environment:checking '/home/chelse/ros2_ws/install/rob599_msgs' for CMake config files
[3.446s] Level 1:colcon.colcon_core.shell:create_environment_hook('rob599_msgs', 'cmake_prefix_path')
[3.478s] INFO:colcon.colcon_core.shell:Creating environment hook '/home/chelse/ros2_ws/install/rob599_msgs/share/rob599_msgs/hook/cmake_prefix_path.ps1'
[3.479s] INFO:colcon.colcon_core.shell:Creating environment descriptor '/home/chelse/ros2_ws/install/rob599_msgs/share/rob599_msgs/hook/cmake_prefix_path.dsv'
[3.480s] INFO:colcon.colcon_core.shell:Creating environment hook '/home/chelse/ros2_ws/install/rob599_msgs/share/rob599_msgs/hook/cmake_prefix_path.sh'
[3.481s] Level 1:colcon.colcon_core.environment:checking '/home/chelse/ros2_ws/install/rob599_msgs/lib'
[3.481s] Level 1:colcon.colcon_core.shell:create_environment_hook('rob599_msgs', 'ld_library_path_lib')
[3.512s] INFO:colcon.colcon_core.shell:Creating environment hook '/home/chelse/ros2_ws/install/rob599_msgs/share/rob599_msgs/hook/ld_library_path_lib.ps1'
[3.513s] INFO:colcon.colcon_core.shell:Creating environment descriptor '/home/chelse/ros2_ws/install/rob599_msgs/share/rob599_msgs/hook/ld_library_path_lib.dsv'
[3.514s] INFO:colcon.colcon_core.shell:Creating environment hook '/home/chelse/ros2_ws/install/rob599_msgs/share/rob599_msgs/hook/ld_library_path_lib.sh'
[3.514s] Level 1:colcon.colcon_core.environment:checking '/home/chelse/ros2_ws/install/rob599_msgs/bin'
[3.515s] Level 1:colcon.colcon_core.environment:checking '/home/chelse/ros2_ws/install/rob599_msgs/lib/pkgconfig/rob599_msgs.pc'
[3.515s] Level 1:colcon.colcon_core.environment:checking '/home/chelse/ros2_ws/install/rob599_msgs/lib/python3.10/site-packages'
[3.516s] Level 1:colcon.colcon_core.environment:checking '/home/chelse/ros2_ws/install/rob599_msgs/bin'
[3.546s] INFO:colcon.colcon_core.shell:Creating package script '/home/chelse/ros2_ws/install/rob599_msgs/share/rob599_msgs/package.ps1'
[3.548s] INFO:colcon.colcon_core.shell:Creating package descriptor '/home/chelse/ros2_ws/install/rob599_msgs/share/rob599_msgs/package.dsv'
[3.549s] INFO:colcon.colcon_core.shell:Creating package script '/home/chelse/ros2_ws/install/rob599_msgs/share/rob599_msgs/package.sh'
[3.550s] INFO:colcon.colcon_core.shell:Creating package script '/home/chelse/ros2_ws/install/rob599_msgs/share/rob599_msgs/package.bash'
[3.551s] INFO:colcon.colcon_core.shell:Creating package script '/home/chelse/ros2_ws/install/rob599_msgs/share/rob599_msgs/package.zsh'
[3.552s] Level 1:colcon.colcon_core.environment:create_file_with_runtime_dependencies(/home/chelse/ros2_ws/install/rob599_msgs/share/colcon-core/packages/rob599_msgs)
[3.552s] INFO:colcon.colcon_ros.task.ament_python.build:Building ROS package in '/home/chelse/ros2_ws/src/rob599r2/rob599_basic' with build type 'ament_python'
[3.553s] Level 1:colcon.colcon_core.shell:create_environment_hook('rob599_basic', 'ament_prefix_path')
[3.586s] INFO:colcon.colcon_core.shell:Creating environment hook '/home/chelse/ros2_ws/install/rob599_basic/share/rob599_basic/hook/ament_prefix_path.ps1'
[3.587s] INFO:colcon.colcon_core.shell:Creating environment descriptor '/home/chelse/ros2_ws/install/rob599_basic/share/rob599_basic/hook/ament_prefix_path.dsv'
[3.588s] INFO:colcon.colcon_core.shell:Creating environment hook '/home/chelse/ros2_ws/install/rob599_basic/share/rob599_basic/hook/ament_prefix_path.sh'
[3.618s] INFO:colcon.colcon_core.shell:Skip shell extension 'powershell' for command environment: Not usable outside of PowerShell
[3.618s] DEBUG:colcon.colcon_core.shell:Skip shell extension 'dsv' for command environment
[4.090s] INFO:colcon.colcon_core.task.python.build:Building Python package in '/home/chelse/ros2_ws/src/rob599r2/rob599_basic'
[4.111s] INFO:colcon.colcon_core.shell:Skip shell extension 'powershell' for command environment: Not usable outside of PowerShell
[4.111s] DEBUG:colcon.colcon_core.shell:Skip shell extension 'dsv' for command environment
[4.180s] DEBUG:colcon.colcon_core.event_handler.log_command:Invoking command in '/home/chelse/ros2_ws/build/turtlesim': CMAKE_PREFIX_PATH=${CMAKE_PREFIX_PATH}:/home/chelse/ros2_ws/install/rob599_basic:/opt/ros/humble /usr/bin/cmake --install /home/chelse/ros2_ws/build/turtlesim
[4.184s] DEBUG:colcon.colcon_core.event_handler.log_command:Invoked command in '/home/chelse/ros2_ws/src/rob599_hw2' returned '0': PYTHONPATH=/home/chelse/ros2_ws/build/rob599_hw2/prefix_override:/home/chelse/ros2_ws/install/rob599_hw2/lib/python3.10/site-packages:${PYTHONPATH} /usr/bin/python3 setup.py egg_info --egg-base ../../build/rob599_hw2 build --build-base /home/chelse/ros2_ws/build/rob599_hw2/build install --record /home/chelse/ros2_ws/build/rob599_hw2/install.log --single-version-externally-managed
[4.245s] Level 1:colcon.colcon_core.environment:checking '/home/chelse/ros2_ws/install/rob599_hw2' for CMake module files
[4.246s] Level 1:colcon.colcon_core.environment:checking '/home/chelse/ros2_ws/install/rob599_hw2' for CMake config files
[4.252s] Level 1:colcon.colcon_core.shell:create_environment_hook('rob599_hw2', 'cmake_prefix_path')
[4.331s] INFO:colcon.colcon_core.shell:Creating environment hook '/home/chelse/ros2_ws/install/rob599_hw2/share/rob599_hw2/hook/cmake_prefix_path.ps1'
[4.332s] INFO:colcon.colcon_core.shell:Creating environment descriptor '/home/chelse/ros2_ws/install/rob599_hw2/share/rob599_hw2/hook/cmake_prefix_path.dsv'
[4.333s] INFO:colcon.colcon_core.shell:Creating environment hook '/home/chelse/ros2_ws/install/rob599_hw2/share/rob599_hw2/hook/cmake_prefix_path.sh'
[4.335s] Level 1:colcon.colcon_core.environment:checking '/home/chelse/ros2_ws/install/rob599_hw2/lib'
[4.335s] Level 1:colcon.colcon_core.environment:checking '/home/chelse/ros2_ws/install/rob599_hw2/bin'
[4.336s] Level 1:colcon.colcon_core.environment:checking '/home/chelse/ros2_ws/install/rob599_hw2/lib/pkgconfig/rob599_hw2.pc'
[4.336s] Level 1:colcon.colcon_core.environment:checking '/home/chelse/ros2_ws/install/rob599_hw2/lib/python3.10/site-packages'
[4.336s] Level 1:colcon.colcon_core.shell:create_environment_hook('rob599_hw2', 'pythonpath')
[4.361s] INFO:colcon.colcon_core.shell:Creating environment hook '/home/chelse/ros2_ws/install/rob599_hw2/share/rob599_hw2/hook/pythonpath.ps1'
[4.361s] INFO:colcon.colcon_core.shell:Creating environment descriptor '/home/chelse/ros2_ws/install/rob599_hw2/share/rob599_hw2/hook/pythonpath.dsv'
[4.362s] INFO:colcon.colcon_core.shell:Creating environment hook '/home/chelse/ros2_ws/install/rob599_hw2/share/rob599_hw2/hook/pythonpath.sh'
[4.363s] Level 1:colcon.colcon_core.environment:checking '/home/chelse/ros2_ws/install/rob599_hw2/bin'
[4.363s] Level 1:colcon.colcon_core.environment:create_environment_scripts_only(rob599_hw2)
[4.387s] INFO:colcon.colcon_core.shell:Creating package script '/home/chelse/ros2_ws/install/rob599_hw2/share/rob599_hw2/package.ps1'
[4.388s] INFO:colcon.colcon_core.shell:Creating package descriptor '/home/chelse/ros2_ws/install/rob599_hw2/share/rob599_hw2/package.dsv'
[4.388s] INFO:colcon.colcon_core.shell:Creating package script '/home/chelse/ros2_ws/install/rob599_hw2/share/rob599_hw2/package.sh'
[4.389s] INFO:colcon.colcon_core.shell:Creating package script '/home/chelse/ros2_ws/install/rob599_hw2/share/rob599_hw2/package.bash'
[4.390s] INFO:colcon.colcon_core.shell:Creating package script '/home/chelse/ros2_ws/install/rob599_hw2/share/rob599_hw2/package.zsh'
[4.390s] Level 1:colcon.colcon_core.environment:create_file_with_runtime_dependencies(/home/chelse/ros2_ws/install/rob599_hw2/share/colcon-core/packages/rob599_hw2)
[4.396s] Level 1:colcon.colcon_core.environment:create_environment_scripts_only(turtlesim)
[4.397s] DEBUG:colcon.colcon_core.event_handler.log_command:Invoked command in '/home/chelse/ros2_ws/build/turtlesim' returned '0': CMAKE_PREFIX_PATH=${CMAKE_PREFIX_PATH}:/home/chelse/ros2_ws/install/rob599_basic:/opt/ros/humble /usr/bin/cmake --install /home/chelse/ros2_ws/build/turtlesim
[4.424s] Level 1:colcon.colcon_core.environment:checking '/home/chelse/ros2_ws/install/turtlesim' for CMake module files
[4.426s] Level 1:colcon.colcon_core.environment:checking '/home/chelse/ros2_ws/install/turtlesim' for CMake config files
[4.427s] Level 1:colcon.colcon_core.shell:create_environment_hook('turtlesim', 'cmake_prefix_path')
[4.453s] INFO:colcon.colcon_core.shell:Creating environment hook '/home/chelse/ros2_ws/install/turtlesim/share/turtlesim/hook/cmake_prefix_path.ps1'
[4.453s] INFO:colcon.colcon_core.shell:Creating environment descriptor '/home/chelse/ros2_ws/install/turtlesim/share/turtlesim/hook/cmake_prefix_path.dsv'
[4.454s] INFO:colcon.colcon_core.shell:Creating environment hook '/home/chelse/ros2_ws/install/turtlesim/share/turtlesim/hook/cmake_prefix_path.sh'
[4.455s] Level 1:colcon.colcon_core.environment:checking '/home/chelse/ros2_ws/install/turtlesim/lib'
[4.455s] Level 1:colcon.colcon_core.shell:create_environment_hook('turtlesim', 'ld_library_path_lib')
[4.479s] INFO:colcon.colcon_core.shell:Creating environment hook '/home/chelse/ros2_ws/install/turtlesim/share/turtlesim/hook/ld_library_path_lib.ps1'
[4.480s] INFO:colcon.colcon_core.shell:Creating environment descriptor '/home/chelse/ros2_ws/install/turtlesim/share/turtlesim/hook/ld_library_path_lib.dsv'
[4.480s] INFO:colcon.colcon_core.shell:Creating environment hook '/home/chelse/ros2_ws/install/turtlesim/share/turtlesim/hook/ld_library_path_lib.sh'
[4.481s] Level 1:colcon.colcon_core.environment:checking '/home/chelse/ros2_ws/install/turtlesim/bin'
[4.481s] Level 1:colcon.colcon_core.environment:checking '/home/chelse/ros2_ws/install/turtlesim/lib/pkgconfig/turtlesim.pc'
[4.482s] Level 1:colcon.colcon_core.environment:checking '/home/chelse/ros2_ws/install/turtlesim/lib/python3.10/site-packages'
[4.483s] Level 1:colcon.colcon_core.environment:checking '/home/chelse/ros2_ws/install/turtlesim/bin'
[4.507s] INFO:colcon.colcon_core.shell:Creating package script '/home/chelse/ros2_ws/install/turtlesim/share/turtlesim/package.ps1'
[4.507s] INFO:colcon.colcon_core.shell:Creating package descriptor '/home/chelse/ros2_ws/install/turtlesim/share/turtlesim/package.dsv'
[4.508s] INFO:colcon.colcon_core.shell:Creating package script '/home/chelse/ros2_ws/install/turtlesim/share/turtlesim/package.sh'
[4.509s] INFO:colcon.colcon_core.shell:Creating package script '/home/chelse/ros2_ws/install/turtlesim/share/turtlesim/package.bash'
[4.510s] INFO:colcon.colcon_core.shell:Creating package script '/home/chelse/ros2_ws/install/turtlesim/share/turtlesim/package.zsh'
[4.510s] Level 1:colcon.colcon_core.environment:create_file_with_runtime_dependencies(/home/chelse/ros2_ws/install/turtlesim/share/colcon-core/packages/turtlesim)
[4.926s] Level 1:colcon.colcon_core.environment:create_environment_scripts_only(turtlesim)
[4.949s] Level 1:colcon.colcon_core.environment:checking '/home/chelse/ros2_ws/install/turtlesim' for CMake module files
[4.951s] Level 1:colcon.colcon_core.environment:checking '/home/chelse/ros2_ws/install/turtlesim' for CMake config files
[4.952s] Level 1:colcon.colcon_core.shell:create_environment_hook('turtlesim', 'cmake_prefix_path')
[4.971s] INFO:colcon.colcon_core.shell:Creating environment hook '/home/chelse/ros2_ws/install/turtlesim/share/turtlesim/hook/cmake_prefix_path.ps1'
[4.972s] INFO:colcon.colcon_core.shell:Creating environment descriptor '/home/chelse/ros2_ws/install/turtlesim/share/turtlesim/hook/cmake_prefix_path.dsv'
[4.972s] INFO:colcon.colcon_core.shell:Creating environment hook '/home/chelse/ros2_ws/install/turtlesim/share/turtlesim/hook/cmake_prefix_path.sh'
[4.973s] Level 1:colcon.colcon_core.environment:checking '/home/chelse/ros2_ws/install/turtlesim/lib'
[4.973s] Level 1:colcon.colcon_core.shell:create_environment_hook('turtlesim', 'ld_library_path_lib')
[4.994s] INFO:colcon.colcon_core.shell:Creating environment hook '/home/chelse/ros2_ws/install/turtlesim/share/turtlesim/hook/ld_library_path_lib.ps1'
[4.994s] INFO:colcon.colcon_core.shell:Creating environment descriptor '/home/chelse/ros2_ws/install/turtlesim/share/turtlesim/hook/ld_library_path_lib.dsv'
[4.995s] INFO:colcon.colcon_core.shell:Creating environment hook '/home/chelse/ros2_ws/install/turtlesim/share/turtlesim/hook/ld_library_path_lib.sh'
[4.995s] Level 1:colcon.colcon_core.environment:checking '/home/chelse/ros2_ws/install/turtlesim/bin'
[4.995s] Level 1:colcon.colcon_core.environment:checking '/home/chelse/ros2_ws/install/turtlesim/lib/pkgconfig/turtlesim.pc'
[4.996s] Level 1:colcon.colcon_core.environment:checking '/home/chelse/ros2_ws/install/turtlesim/lib/python3.10/site-packages'
[4.996s] Level 1:colcon.colcon_core.environment:checking '/home/chelse/ros2_ws/install/turtlesim/bin'
[5.015s] INFO:colcon.colcon_core.shell:Creating package script '/home/chelse/ros2_ws/install/turtlesim/share/turtlesim/package.ps1'
[5.015s] INFO:colcon.colcon_core.shell:Creating package descriptor '/home/chelse/ros2_ws/install/turtlesim/share/turtlesim/package.dsv'
[5.016s] INFO:colcon.colcon_core.shell:Creating package script '/home/chelse/ros2_ws/install/turtlesim/share/turtlesim/package.sh'
[5.017s] INFO:colcon.colcon_core.shell:Creating package script '/home/chelse/ros2_ws/install/turtlesim/share/turtlesim/package.bash'
[5.017s] INFO:colcon.colcon_core.shell:Creating package script '/home/chelse/ros2_ws/install/turtlesim/share/turtlesim/package.zsh'
[5.018s] Level 1:colcon.colcon_core.environment:create_file_with_runtime_dependencies(/home/chelse/ros2_ws/install/turtlesim/share/colcon-core/packages/turtlesim)
[5.024s] DEBUG:colcon.colcon_core.event_handler.log_command:Invoking command in '/home/chelse/ros2_ws/src/rob599r2/rob599_basic': CMAKE_PREFIX_PATH=/home/chelse/ros2_ws/install/rob599_msgs:/home/chelse/ros2_ws/install/rob599_hw2_msgs:/home/chelse/ros2_ws/install/turtlesim:/home/chelse/ros2_ws/install/rob599_hw2 LD_LIBRARY_PATH=/home/chelse/ros2_ws/install/rob599_msgs/lib:/home/chelse/ros2_ws/install/turtlesim/lib:/opt/ros/humble/opt/rviz_ogre_vendor/lib:/opt/ros/humble/lib/x86_64-linux-gnu:/opt/ros/humble/lib PYTHONPATH=/home/chelse/ros2_ws/build/rob599_basic/prefix_override:/home/chelse/ros2_ws/install/rob599_basic/lib/python3.10/site-packages:${PYTHONPATH} /usr/bin/python3 setup.py egg_info --egg-base ../../../build/rob599_basic build --build-base /home/chelse/ros2_ws/build/rob599_basic/build install --record /home/chelse/ros2_ws/build/rob599_basic/install.log --install-scripts $base/lib/rob599_basic --single-version-externally-managed
[5.412s] DEBUG:colcon.colcon_core.event_handler.log_command:Invoked command in '/home/chelse/ros2_ws/src/rob599r2/rob599_basic' returned '0': CMAKE_PREFIX_PATH=/home/chelse/ros2_ws/install/rob599_msgs:/home/chelse/ros2_ws/install/rob599_hw2_msgs:/home/chelse/ros2_ws/install/turtlesim:/home/chelse/ros2_ws/install/rob599_hw2 LD_LIBRARY_PATH=/home/chelse/ros2_ws/install/rob599_msgs/lib:/home/chelse/ros2_ws/install/turtlesim/lib:/opt/ros/humble/opt/rviz_ogre_vendor/lib:/opt/ros/humble/lib/x86_64-linux-gnu:/opt/ros/humble/lib PYTHONPATH=/home/chelse/ros2_ws/build/rob599_basic/prefix_override:/home/chelse/ros2_ws/install/rob599_basic/lib/python3.10/site-packages:${PYTHONPATH} /usr/bin/python3 setup.py egg_info --egg-base ../../../build/rob599_basic build --build-base /home/chelse/ros2_ws/build/rob599_basic/build install --record /home/chelse/ros2_ws/build/rob599_basic/install.log --install-scripts $base/lib/rob599_basic --single-version-externally-managed
[5.434s] Level 1:colcon.colcon_core.environment:checking '/home/chelse/ros2_ws/install/rob599_basic' for CMake module files
[5.435s] Level 1:colcon.colcon_core.environment:checking '/home/chelse/ros2_ws/install/rob599_basic' for CMake config files
[5.436s] Level 1:colcon.colcon_core.environment:checking '/home/chelse/ros2_ws/install/rob599_basic/lib'
[5.436s] Level 1:colcon.colcon_core.environment:checking '/home/chelse/ros2_ws/install/rob599_basic/bin'
[5.436s] Level 1:colcon.colcon_core.environment:checking '/home/chelse/ros2_ws/install/rob599_basic/lib/pkgconfig/rob599_basic.pc'
[5.436s] Level 1:colcon.colcon_core.environment:checking '/home/chelse/ros2_ws/install/rob599_basic/lib/python3.10/site-packages'
[5.436s] Level 1:colcon.colcon_core.shell:create_environment_hook('rob599_basic', 'pythonpath')
[5.459s] INFO:colcon.colcon_core.shell:Creating environment hook '/home/chelse/ros2_ws/install/rob599_basic/share/rob599_basic/hook/pythonpath.ps1'
[5.459s] INFO:colcon.colcon_core.shell:Creating environment descriptor '/home/chelse/ros2_ws/install/rob599_basic/share/rob599_basic/hook/pythonpath.dsv'
[5.460s] INFO:colcon.colcon_core.shell:Creating environment hook '/home/chelse/ros2_ws/install/rob599_basic/share/rob599_basic/hook/pythonpath.sh'
[5.461s] Level 1:colcon.colcon_core.environment:checking '/home/chelse/ros2_ws/install/rob599_basic/bin'
[5.461s] Level 1:colcon.colcon_core.environment:create_environment_scripts_only(rob599_basic)
[5.481s] INFO:colcon.colcon_core.shell:Creating package script '/home/chelse/ros2_ws/install/rob599_basic/share/rob599_basic/package.ps1'
[5.482s] INFO:colcon.colcon_core.shell:Creating package descriptor '/home/chelse/ros2_ws/install/rob599_basic/share/rob599_basic/package.dsv'
[5.483s] INFO:colcon.colcon_core.shell:Creating package script '/home/chelse/ros2_ws/install/rob599_basic/share/rob599_basic/package.sh'
[5.484s] INFO:colcon.colcon_core.shell:Creating package script '/home/chelse/ros2_ws/install/rob599_basic/share/rob599_basic/package.bash'
[5.484s] INFO:colcon.colcon_core.shell:Creating package script '/home/chelse/ros2_ws/install/rob599_basic/share/rob599_basic/package.zsh'
[5.485s] Level 1:colcon.colcon_core.environment:create_file_with_runtime_dependencies(/home/chelse/ros2_ws/install/rob599_basic/share/colcon-core/packages/rob599_basic)
[5.486s] DEBUG:colcon.colcon_parallel_executor.executor.parallel:closing loop
[5.486s] DEBUG:colcon.colcon_parallel_executor.executor.parallel:loop closed
[5.487s] DEBUG:colcon.colcon_parallel_executor.executor.parallel:run_until_complete finished with '0'
[5.487s] DEBUG:colcon.colcon_core.event_reactor:joining thread
[5.520s] INFO:colcon.colcon_core.plugin_system:Skipping extension 'colcon_notification.desktop_notification.terminal_notifier': Not used on non-Darwin systems
[5.520s] INFO:colcon.colcon_core.plugin_system:Skipping extension 'colcon_notification.desktop_notification.win32': Not used on non-Windows systems
[5.520s] INFO:colcon.colcon_notification.desktop_notification:Sending desktop notification using 'notify2'
[5.538s] DEBUG:colcon.colcon_core.event_reactor:joined thread
[5.579s] INFO:colcon.colcon_core.shell:Creating prefix script '/home/chelse/ros2_ws/install/local_setup.ps1'
[5.580s] INFO:colcon.colcon_core.shell:Creating prefix util module '/home/chelse/ros2_ws/install/_local_setup_util_ps1.py'
[5.582s] INFO:colcon.colcon_core.shell:Creating prefix chain script '/home/chelse/ros2_ws/install/setup.ps1'
[5.604s] INFO:colcon.colcon_core.shell:Creating prefix script '/home/chelse/ros2_ws/install/local_setup.sh'
[5.605s] INFO:colcon.colcon_core.shell:Creating prefix util module '/home/chelse/ros2_ws/install/_local_setup_util_sh.py'
[5.606s] INFO:colcon.colcon_core.shell:Creating prefix chain script '/home/chelse/ros2_ws/install/setup.sh'
[5.630s] INFO:colcon.colcon_core.shell:Creating prefix script '/home/chelse/ros2_ws/install/local_setup.bash'
[5.631s] INFO:colcon.colcon_core.shell:Creating prefix chain script '/home/chelse/ros2_ws/install/setup.bash'
[5.652s] INFO:colcon.colcon_core.shell:Creating prefix script '/home/chelse/ros2_ws/install/local_setup.zsh'
[5.653s] INFO:colcon.colcon_core.shell:Creating prefix chain script '/home/chelse/ros2_ws/install/setup.zsh'
