[0.043s] Invoking command in '/home/chelse/ros2_ws/build/rob599_msgs': /usr/bin/cmake --build /home/chelse/ros2_ws/build/rob599_msgs -- -j12 -l12
[0.105s] [  2%] Built target rob599_msgs__cpp
[0.113s] [ 12%] Built target rob599_msgs__rosidl_generator_c
[0.120s] [ 12%] Built target ament_cmake_python_copy_rob599_msgs
[0.148s] [ 23%] Built target rob599_msgs__rosidl_typesupport_cpp
[0.151s] [ 34%] Built target rob599_msgs__rosidl_typesupport_fastrtps_cpp
[0.154s] [ 44%] Built target rob599_msgs__rosidl_typesupport_c
[0.155s] [ 55%] Built target rob599_msgs__rosidl_typesupport_introspection_cpp
[0.156s] [ 65%] Built target rob599_msgs__rosidl_typesupport_introspection_c
[0.156s] [ 76%] Built target rob599_msgs__rosidl_typesupport_fastrtps_c
[0.177s] [ 76%] Built target rob599_msgs
[0.202s] [ 78%] Built target rob599_msgs__py
[0.227s] [ 87%] Built target rob599_msgs__rosidl_generator_py
[0.252s] [ 91%] Built target rob599_msgs__rosidl_typesupport_introspection_c__pyext
[0.252s] [ 95%] Built target rob599_msgs__rosidl_typesupport_fastrtps_c__pyext
[0.258s] [100%] Built target rob599_msgs__rosidl_typesupport_c__pyext
[0.343s] running egg_info
[0.343s] writing rob599_msgs.egg-info/PKG-INFO
[0.344s] writing dependency_links to rob599_msgs.egg-info/dependency_links.txt
[0.344s] writing top-level names to rob599_msgs.egg-info/top_level.txt
[0.346s] reading manifest file 'rob599_msgs.egg-info/SOURCES.txt'
[0.346s] writing manifest file 'rob599_msgs.egg-info/SOURCES.txt'
[0.375s] [100%] Built target ament_cmake_python_build_rob599_msgs_egg
