[1.409s] DEBUG:colcon:Command line arguments: ['/home/chelse/.local/bin/colcon', 'build']
[1.409s] DEBUG:colcon:Parsed command line arguments: Namespace(log_base=None, log_level=None, verb_name='build', build_base='build', install_base='install', merge_install=False, symlink_install=False, test_result_base=None, continue_on_error=False, executor='parallel', parallel_workers=12, event_handlers=None, ignore_user_meta=False, metas=['./colcon.meta'], base_paths=['.'], packages_ignore=None, packages_ignore_regex=None, paths=None, packages_up_to=None, packages_up_to_regex=None, packages_above=None, packages_above_and_dependencies=None, packages_above_depth=None, packages_select_by_dep=None, packages_skip_by_dep=None, packages_skip_up_to=None, packages_select_build_failed=False, packages_skip_build_finished=False, packages_select_test_failures=False, packages_skip_test_passed=False, packages_select=None, packages_skip=None, packages_select_regex=None, packages_skip_regex=None, packages_start=None, packages_end=None, cmake_args=None, cmake_target=None, cmake_target_skip_unavailable=False, cmake_clean_cache=False, cmake_clean_first=False, cmake_force_configure=False, ament_cmake_args=None, catkin_cmake_args=None, catkin_skip_building_tests=False, verb_parser=<colcon_defaults.argument_parser.defaults.DefaultArgumentsDecorator object at 0x7f5e33a30c10>, verb_extension=<colcon_core.verb.build.BuildVerb object at 0x7f5e33a303d0>, main=<bound method BuildVerb.main of <colcon_core.verb.build.BuildVerb object at 0x7f5e33a303d0>>)
[1.476s] Level 1:colcon.colcon_core.package_discovery:discover_packages(colcon_meta) check parameters
[1.476s] Level 1:colcon.colcon_core.package_discovery:discover_packages(recursive) check parameters
[1.476s] Level 1:colcon.colcon_core.package_discovery:discover_packages(ignore) check parameters
[1.476s] Level 1:colcon.colcon_core.package_discovery:discover_packages(path) check parameters
[1.477s] Level 1:colcon.colcon_core.package_discovery:discover_packages(colcon_meta) discover
[1.477s] Level 1:colcon.colcon_core.package_discovery:discover_packages(recursive) discover
[1.477s] INFO:colcon.colcon_core.package_discovery:Crawling recursively for packages in '/home/chelse/ros2_ws'
[1.477s] Level 1:colcon.colcon_core.package_identification:_identify(.) by extensions ['ignore', 'ignore_ament_install']
[1.477s] Level 1:colcon.colcon_core.package_identification:_identify(.) by extension 'ignore'
[1.477s] Level 1:colcon.colcon_core.package_identification:_identify(.) by extension 'ignore_ament_install'
[1.477s] Level 1:colcon.colcon_core.package_identification:_identify(.) by extensions ['colcon_pkg']
[1.477s] Level 1:colcon.colcon_core.package_identification:_identify(.) by extension 'colcon_pkg'
[1.478s] Level 1:colcon.colcon_core.package_identification:_identify(.) by extensions ['colcon_meta']
[1.478s] Level 1:colcon.colcon_core.package_identification:_identify(.) by extension 'colcon_meta'
[1.478s] Level 1:colcon.colcon_core.package_identification:_identify(.) by extensions ['ros']
[1.478s] Level 1:colcon.colcon_core.package_identification:_identify(.) by extension 'ros'
[1.496s] Level 1:colcon.colcon_core.package_identification:_identify(.) by extensions ['cmake', 'python']
[1.496s] Level 1:colcon.colcon_core.package_identification:_identify(.) by extension 'cmake'
[1.497s] Level 1:colcon.colcon_core.package_identification:_identify(.) by extension 'python'
[1.497s] Level 1:colcon.colcon_core.package_identification:_identify(.) by extensions ['python_setup_py']
[1.497s] Level 1:colcon.colcon_core.package_identification:_identify(.) by extension 'python_setup_py'
[1.497s] Level 1:colcon.colcon_core.package_identification:_identify(build) by extensions ['ignore', 'ignore_ament_install']
[1.497s] Level 1:colcon.colcon_core.package_identification:_identify(build) by extension 'ignore'
[1.498s] Level 1:colcon.colcon_core.package_identification:_identify(build) ignored
[1.498s] Level 1:colcon.colcon_core.package_identification:_identify(install) by extensions ['ignore', 'ignore_ament_install']
[1.498s] Level 1:colcon.colcon_core.package_identification:_identify(install) by extension 'ignore'
[1.498s] Level 1:colcon.colcon_core.package_identification:_identify(install) ignored
[1.499s] Level 1:colcon.colcon_core.package_identification:_identify(log) by extensions ['ignore', 'ignore_ament_install']
[1.499s] Level 1:colcon.colcon_core.package_identification:_identify(log) by extension 'ignore'
[1.499s] Level 1:colcon.colcon_core.package_identification:_identify(log) ignored
[1.500s] Level 1:colcon.colcon_core.package_identification:_identify(src) by extensions ['ignore', 'ignore_ament_install']
[1.500s] Level 1:colcon.colcon_core.package_identification:_identify(src) by extension 'ignore'
[1.500s] Level 1:colcon.colcon_core.package_identification:_identify(src) by extension 'ignore_ament_install'
[1.500s] Level 1:colcon.colcon_core.package_identification:_identify(src) by extensions ['colcon_pkg']
[1.500s] Level 1:colcon.colcon_core.package_identification:_identify(src) by extension 'colcon_pkg'
[1.500s] Level 1:colcon.colcon_core.package_identification:_identify(src) by extensions ['colcon_meta']
[1.500s] Level 1:colcon.colcon_core.package_identification:_identify(src) by extension 'colcon_meta'
[1.500s] Level 1:colcon.colcon_core.package_identification:_identify(src) by extensions ['ros']
[1.501s] Level 1:colcon.colcon_core.package_identification:_identify(src) by extension 'ros'
[1.501s] Level 1:colcon.colcon_core.package_identification:_identify(src) by extensions ['cmake', 'python']
[1.501s] Level 1:colcon.colcon_core.package_identification:_identify(src) by extension 'cmake'
[1.501s] Level 1:colcon.colcon_core.package_identification:_identify(src) by extension 'python'
[1.501s] Level 1:colcon.colcon_core.package_identification:_identify(src) by extensions ['python_setup_py']
[1.501s] Level 1:colcon.colcon_core.package_identification:_identify(src) by extension 'python_setup_py'
[1.501s] Level 1:colcon.colcon_core.package_identification:_identify(src/stiffness_test_rig) by extensions ['ignore', 'ignore_ament_install']
[1.501s] Level 1:colcon.colcon_core.package_identification:_identify(src/stiffness_test_rig) by extension 'ignore'
[1.502s] Level 1:colcon.colcon_core.package_identification:_identify(src/stiffness_test_rig) by extension 'ignore_ament_install'
[1.502s] Level 1:colcon.colcon_core.package_identification:_identify(src/stiffness_test_rig) by extensions ['colcon_pkg']
[1.502s] Level 1:colcon.colcon_core.package_identification:_identify(src/stiffness_test_rig) by extension 'colcon_pkg'
[1.502s] Level 1:colcon.colcon_core.package_identification:_identify(src/stiffness_test_rig) by extensions ['colcon_meta']
[1.502s] Level 1:colcon.colcon_core.package_identification:_identify(src/stiffness_test_rig) by extension 'colcon_meta'
[1.502s] Level 1:colcon.colcon_core.package_identification:_identify(src/stiffness_test_rig) by extensions ['ros']
[1.502s] Level 1:colcon.colcon_core.package_identification:_identify(src/stiffness_test_rig) by extension 'ros'
[1.507s] DEBUG:colcon.colcon_core.package_identification:Package 'src/stiffness_test_rig' with type 'ros.ament_python' and name 'stiffness_test_rig'
[1.507s] Level 1:colcon.colcon_core.package_discovery:discover_packages(recursive) using defaults
[1.507s] Level 1:colcon.colcon_core.package_discovery:discover_packages(ignore) discover
[1.507s] Level 1:colcon.colcon_core.package_discovery:discover_packages(ignore) using defaults
[1.507s] Level 1:colcon.colcon_core.package_discovery:discover_packages(path) discover
[1.507s] Level 1:colcon.colcon_core.package_discovery:discover_packages(path) using defaults
[1.625s] Level 5:colcon.colcon_core.verb:set package 'stiffness_test_rig' build argument 'cmake_args' from command line to 'None'
[1.625s] Level 5:colcon.colcon_core.verb:set package 'stiffness_test_rig' build argument 'cmake_target' from command line to 'None'
[1.625s] Level 5:colcon.colcon_core.verb:set package 'stiffness_test_rig' build argument 'cmake_target_skip_unavailable' from command line to 'False'
[1.625s] Level 5:colcon.colcon_core.verb:set package 'stiffness_test_rig' build argument 'cmake_clean_cache' from command line to 'False'
[1.625s] Level 5:colcon.colcon_core.verb:set package 'stiffness_test_rig' build argument 'cmake_clean_first' from command line to 'False'
[1.625s] Level 5:colcon.colcon_core.verb:set package 'stiffness_test_rig' build argument 'cmake_force_configure' from command line to 'False'
[1.625s] Level 5:colcon.colcon_core.verb:set package 'stiffness_test_rig' build argument 'ament_cmake_args' from command line to 'None'
[1.626s] Level 5:colcon.colcon_core.verb:set package 'stiffness_test_rig' build argument 'catkin_cmake_args' from command line to 'None'
[1.626s] Level 5:colcon.colcon_core.verb:set package 'stiffness_test_rig' build argument 'catkin_skip_building_tests' from command line to 'False'
[1.626s] DEBUG:colcon.colcon_core.verb:Building package 'stiffness_test_rig' with the following arguments: {'ament_cmake_args': None, 'build_base': '/home/chelse/ros2_ws/build/stiffness_test_rig', 'catkin_cmake_args': None, 'catkin_skip_building_tests': False, 'cmake_args': None, 'cmake_clean_cache': False, 'cmake_clean_first': False, 'cmake_force_configure': False, 'cmake_target': None, 'cmake_target_skip_unavailable': False, 'install_base': '/home/chelse/ros2_ws/install/stiffness_test_rig', 'merge_install': False, 'path': '/home/chelse/ros2_ws/src/stiffness_test_rig', 'symlink_install': False, 'test_result_base': None}
[1.648s] INFO:colcon.colcon_core.executor:Executing jobs using 'parallel' executor
[1.670s] DEBUG:colcon.colcon_parallel_executor.executor.parallel:run_until_complete
[1.671s] INFO:colcon.colcon_ros.task.ament_python.build:Building ROS package in '/home/chelse/ros2_ws/src/stiffness_test_rig' with build type 'ament_python'
[1.671s] Level 1:colcon.colcon_core.shell:create_environment_hook('stiffness_test_rig', 'ament_prefix_path')
[1.695s] INFO:colcon.colcon_core.plugin_system:Skipping extension 'colcon_core.shell.bat': Not used on non-Windows systems
[1.695s] INFO:colcon.colcon_core.shell:Creating environment hook '/home/chelse/ros2_ws/install/stiffness_test_rig/share/stiffness_test_rig/hook/ament_prefix_path.ps1'
[1.696s] INFO:colcon.colcon_core.shell:Creating environment descriptor '/home/chelse/ros2_ws/install/stiffness_test_rig/share/stiffness_test_rig/hook/ament_prefix_path.dsv'
[1.697s] INFO:colcon.colcon_core.shell:Creating environment hook '/home/chelse/ros2_ws/install/stiffness_test_rig/share/stiffness_test_rig/hook/ament_prefix_path.sh'
[1.725s] INFO:colcon.colcon_core.shell:Skip shell extension 'powershell' for command environment: Not usable outside of PowerShell
[1.725s] DEBUG:colcon.colcon_core.shell:Skip shell extension 'dsv' for command environment
[2.157s] INFO:colcon.colcon_core.task.python.build:Building Python package in '/home/chelse/ros2_ws/src/stiffness_test_rig'
[2.177s] INFO:colcon.colcon_core.shell:Skip shell extension 'powershell' for command environment: Not usable outside of PowerShell
[2.177s] DEBUG:colcon.colcon_core.shell:Skip shell extension 'dsv' for command environment
[2.714s] DEBUG:colcon.colcon_core.event_handler.log_command:Invoking command in '/home/chelse/ros2_ws/src/stiffness_test_rig': PYTHONPATH=/home/chelse/ros2_ws/build/stiffness_test_rig/prefix_override:/home/chelse/ros2_ws/install/stiffness_test_rig/lib/python3.10/site-packages:${PYTHONPATH} /usr/bin/python3 setup.py egg_info --egg-base ../../build/stiffness_test_rig build --build-base /home/chelse/ros2_ws/build/stiffness_test_rig/build install --record /home/chelse/ros2_ws/build/stiffness_test_rig/install.log --single-version-externally-managed
[3.143s] DEBUG:colcon.colcon_core.event_handler.log_command:Invoked command in '/home/chelse/ros2_ws/src/stiffness_test_rig' returned '0': PYTHONPATH=/home/chelse/ros2_ws/build/stiffness_test_rig/prefix_override:/home/chelse/ros2_ws/install/stiffness_test_rig/lib/python3.10/site-packages:${PYTHONPATH} /usr/bin/python3 setup.py egg_info --egg-base ../../build/stiffness_test_rig build --build-base /home/chelse/ros2_ws/build/stiffness_test_rig/build install --record /home/chelse/ros2_ws/build/stiffness_test_rig/install.log --single-version-externally-managed
[3.167s] Level 1:colcon.colcon_core.environment:checking '/home/chelse/ros2_ws/install/stiffness_test_rig' for CMake module files
[3.168s] Level 1:colcon.colcon_core.environment:checking '/home/chelse/ros2_ws/install/stiffness_test_rig' for CMake config files
[3.168s] Level 1:colcon.colcon_core.shell:create_environment_hook('stiffness_test_rig', 'cmake_prefix_path')
[3.189s] INFO:colcon.colcon_core.shell:Creating environment hook '/home/chelse/ros2_ws/install/stiffness_test_rig/share/stiffness_test_rig/hook/cmake_prefix_path.ps1'
[3.190s] INFO:colcon.colcon_core.shell:Creating environment descriptor '/home/chelse/ros2_ws/install/stiffness_test_rig/share/stiffness_test_rig/hook/cmake_prefix_path.dsv'
[3.191s] INFO:colcon.colcon_core.shell:Creating environment hook '/home/chelse/ros2_ws/install/stiffness_test_rig/share/stiffness_test_rig/hook/cmake_prefix_path.sh'
[3.192s] Level 1:colcon.colcon_core.environment:checking '/home/chelse/ros2_ws/install/stiffness_test_rig/lib'
[3.192s] Level 1:colcon.colcon_core.environment:checking '/home/chelse/ros2_ws/install/stiffness_test_rig/bin'
[3.192s] Level 1:colcon.colcon_core.environment:checking '/home/chelse/ros2_ws/install/stiffness_test_rig/lib/pkgconfig/stiffness_test_rig.pc'
[3.193s] Level 1:colcon.colcon_core.environment:checking '/home/chelse/ros2_ws/install/stiffness_test_rig/lib/python3.10/site-packages'
[3.193s] Level 1:colcon.colcon_core.shell:create_environment_hook('stiffness_test_rig', 'pythonpath')
[3.214s] INFO:colcon.colcon_core.shell:Creating environment hook '/home/chelse/ros2_ws/install/stiffness_test_rig/share/stiffness_test_rig/hook/pythonpath.ps1'
[3.215s] INFO:colcon.colcon_core.shell:Creating environment descriptor '/home/chelse/ros2_ws/install/stiffness_test_rig/share/stiffness_test_rig/hook/pythonpath.dsv'
[3.216s] INFO:colcon.colcon_core.shell:Creating environment hook '/home/chelse/ros2_ws/install/stiffness_test_rig/share/stiffness_test_rig/hook/pythonpath.sh'
[3.217s] Level 1:colcon.colcon_core.environment:checking '/home/chelse/ros2_ws/install/stiffness_test_rig/bin'
[3.217s] Level 1:colcon.colcon_core.environment:create_environment_scripts_only(stiffness_test_rig)
[3.245s] INFO:colcon.colcon_core.shell:Creating package script '/home/chelse/ros2_ws/install/stiffness_test_rig/share/stiffness_test_rig/package.ps1'
[3.246s] INFO:colcon.colcon_core.shell:Creating package descriptor '/home/chelse/ros2_ws/install/stiffness_test_rig/share/stiffness_test_rig/package.dsv'
[3.247s] INFO:colcon.colcon_core.shell:Creating package script '/home/chelse/ros2_ws/install/stiffness_test_rig/share/stiffness_test_rig/package.sh'
[3.249s] INFO:colcon.colcon_core.shell:Creating package script '/home/chelse/ros2_ws/install/stiffness_test_rig/share/stiffness_test_rig/package.bash'
[3.250s] INFO:colcon.colcon_core.shell:Creating package script '/home/chelse/ros2_ws/install/stiffness_test_rig/share/stiffness_test_rig/package.zsh'
[3.251s] Level 1:colcon.colcon_core.environment:create_file_with_runtime_dependencies(/home/chelse/ros2_ws/install/stiffness_test_rig/share/colcon-core/packages/stiffness_test_rig)
[3.251s] DEBUG:colcon.colcon_parallel_executor.executor.parallel:closing loop
[3.252s] DEBUG:colcon.colcon_parallel_executor.executor.parallel:loop closed
[3.252s] DEBUG:colcon.colcon_parallel_executor.executor.parallel:run_until_complete finished with '0'
[3.252s] DEBUG:colcon.colcon_core.event_reactor:joining thread
[3.284s] INFO:colcon.colcon_core.plugin_system:Skipping extension 'colcon_notification.desktop_notification.terminal_notifier': Not used on non-Darwin systems
[3.284s] INFO:colcon.colcon_core.plugin_system:Skipping extension 'colcon_notification.desktop_notification.win32': Not used on non-Windows systems
[3.284s] INFO:colcon.colcon_notification.desktop_notification:Sending desktop notification using 'notify2'
[3.305s] DEBUG:colcon.colcon_core.event_reactor:joined thread
[3.337s] INFO:colcon.colcon_core.shell:Creating prefix script '/home/chelse/ros2_ws/install/local_setup.ps1'
[3.339s] INFO:colcon.colcon_core.shell:Creating prefix util module '/home/chelse/ros2_ws/install/_local_setup_util_ps1.py'
[3.341s] INFO:colcon.colcon_core.shell:Creating prefix chain script '/home/chelse/ros2_ws/install/setup.ps1'
[3.366s] INFO:colcon.colcon_core.shell:Creating prefix script '/home/chelse/ros2_ws/install/local_setup.sh'
[3.367s] INFO:colcon.colcon_core.shell:Creating prefix util module '/home/chelse/ros2_ws/install/_local_setup_util_sh.py'
[3.368s] INFO:colcon.colcon_core.shell:Creating prefix chain script '/home/chelse/ros2_ws/install/setup.sh'
[3.392s] INFO:colcon.colcon_core.shell:Creating prefix script '/home/chelse/ros2_ws/install/local_setup.bash'
[3.392s] INFO:colcon.colcon_core.shell:Creating prefix chain script '/home/chelse/ros2_ws/install/setup.bash'
[3.417s] INFO:colcon.colcon_core.shell:Creating prefix script '/home/chelse/ros2_ws/install/local_setup.zsh'
[3.417s] INFO:colcon.colcon_core.shell:Creating prefix chain script '/home/chelse/ros2_ws/install/setup.zsh'
