/home/chelse/ros2_ws/install/rob599_basic/lib/python3.10/site-packages/rob599_basic/publisher.py
/home/chelse/ros2_ws/install/rob599_basic/lib/python3.10/site-packages/rob599_basic/__init__.py
/home/chelse/ros2_ws/install/rob599_basic/lib/python3.10/site-packages/rob599_basic/action_client.py
/home/chelse/ros2_ws/install/rob599_basic/lib/python3.10/site-packages/rob599_basic/multiplier.py
/home/chelse/ros2_ws/install/rob599_basic/lib/python3.10/site-packages/rob599_basic/service_client.py
/home/chelse/ros2_ws/install/rob599_basic/lib/python3.10/site-packages/rob599_basic/subscriber.py
/home/chelse/ros2_ws/install/rob599_basic/lib/python3.10/site-packages/rob599_basic/action_server.py
/home/chelse/ros2_ws/install/rob599_basic/lib/python3.10/site-packages/rob599_basic/service.py
/home/chelse/ros2_ws/install/rob599_basic/lib/python3.10/site-packages/rob599_basic/params.py
/home/chelse/ros2_ws/install/rob599_basic/lib/python3.10/site-packages/rob599_basic/__pycache__/publisher.cpython-310.pyc
/home/chelse/ros2_ws/install/rob599_basic/lib/python3.10/site-packages/rob599_basic/__pycache__/__init__.cpython-310.pyc
/home/chelse/ros2_ws/install/rob599_basic/lib/python3.10/site-packages/rob599_basic/__pycache__/action_client.cpython-310.pyc
/home/chelse/ros2_ws/install/rob599_basic/lib/python3.10/site-packages/rob599_basic/__pycache__/multiplier.cpython-310.pyc
/home/chelse/ros2_ws/install/rob599_basic/lib/python3.10/site-packages/rob599_basic/__pycache__/service_client.cpython-310.pyc
/home/chelse/ros2_ws/install/rob599_basic/lib/python3.10/site-packages/rob599_basic/__pycache__/subscriber.cpython-310.pyc
/home/chelse/ros2_ws/install/rob599_basic/lib/python3.10/site-packages/rob599_basic/__pycache__/action_server.cpython-310.pyc
/home/chelse/ros2_ws/install/rob599_basic/lib/python3.10/site-packages/rob599_basic/__pycache__/service.cpython-310.pyc
/home/chelse/ros2_ws/install/rob599_basic/lib/python3.10/site-packages/rob599_basic/__pycache__/params.cpython-310.pyc
/home/chelse/ros2_ws/install/rob599_basic/share/ament_index/resource_index/packages/rob599_basic
/home/chelse/ros2_ws/install/rob599_basic/share/rob599_basic/package.xml
/home/chelse/ros2_ws/install/rob599_basic/share/rob599_basic/launch/doubler_launch.py
/home/chelse/ros2_ws/install/rob599_basic/share/rob599_basic/launch/cascade_launch.py
/home/chelse/ros2_ws/install/rob599_basic/lib/python3.10/site-packages/rob599_basic-0.0.0-py3.10.egg-info/SOURCES.txt
/home/chelse/ros2_ws/install/rob599_basic/lib/python3.10/site-packages/rob599_basic-0.0.0-py3.10.egg-info/zip-safe
/home/chelse/ros2_ws/install/rob599_basic/lib/python3.10/site-packages/rob599_basic-0.0.0-py3.10.egg-info/entry_points.txt
/home/chelse/ros2_ws/install/rob599_basic/lib/python3.10/site-packages/rob599_basic-0.0.0-py3.10.egg-info/PKG-INFO
/home/chelse/ros2_ws/install/rob599_basic/lib/python3.10/site-packages/rob599_basic-0.0.0-py3.10.egg-info/requires.txt
/home/chelse/ros2_ws/install/rob599_basic/lib/python3.10/site-packages/rob599_basic-0.0.0-py3.10.egg-info/top_level.txt
/home/chelse/ros2_ws/install/rob599_basic/lib/python3.10/site-packages/rob599_basic-0.0.0-py3.10.egg-info/dependency_links.txt
/home/chelse/ros2_ws/install/rob599_basic/lib/rob599_basic/action_client
/home/chelse/ros2_ws/install/rob599_basic/lib/rob599_basic/action_server
/home/chelse/ros2_ws/install/rob599_basic/lib/rob599_basic/client
/home/chelse/ros2_ws/install/rob599_basic/lib/rob599_basic/doubler
/home/chelse/ros2_ws/install/rob599_basic/lib/rob599_basic/noiser
/home/chelse/ros2_ws/install/rob599_basic/lib/rob599_basic/parameter_demo
/home/chelse/ros2_ws/install/rob599_basic/lib/rob599_basic/publisher
/home/chelse/ros2_ws/install/rob599_basic/lib/rob599_basic/service
/home/chelse/ros2_ws/install/rob599_basic/lib/rob599_basic/subscriber
