[1.290s] DEBUG:colcon:Command line arguments: ['/home/chelse/.local/bin/colcon', 'build']
[1.290s] DEBUG:colcon:Parsed command line arguments: Namespace(log_base=None, log_level=None, verb_name='build', build_base='build', install_base='install', merge_install=False, symlink_install=False, test_result_base=None, continue_on_error=False, executor='parallel', parallel_workers=12, event_handlers=None, ignore_user_meta=False, metas=['./colcon.meta'], base_paths=['.'], packages_ignore=None, packages_ignore_regex=None, paths=None, packages_up_to=None, packages_up_to_regex=None, packages_above=None, packages_above_and_dependencies=None, packages_above_depth=None, packages_select_by_dep=None, packages_skip_by_dep=None, packages_skip_up_to=None, packages_select_build_failed=False, packages_skip_build_finished=False, packages_select_test_failures=False, packages_skip_test_passed=False, packages_select=None, packages_skip=None, packages_select_regex=None, packages_skip_regex=None, packages_start=None, packages_end=None, cmake_args=None, cmake_target=None, cmake_target_skip_unavailable=False, cmake_clean_cache=False, cmake_clean_first=False, cmake_force_configure=False, ament_cmake_args=None, catkin_cmake_args=None, catkin_skip_building_tests=False, verb_parser=<colcon_defaults.argument_parser.defaults.DefaultArgumentsDecorator object at 0x7f29f1af8820>, verb_extension=<colcon_core.verb.build.BuildVerb object at 0x7f29f1afbfa0>, main=<bound method BuildVerb.main of <colcon_core.verb.build.BuildVerb object at 0x7f29f1afbfa0>>)
[1.351s] Level 1:colcon.colcon_core.package_discovery:discover_packages(colcon_meta) check parameters
[1.351s] Level 1:colcon.colcon_core.package_discovery:discover_packages(recursive) check parameters
[1.351s] Level 1:colcon.colcon_core.package_discovery:discover_packages(ignore) check parameters
[1.351s] Level 1:colcon.colcon_core.package_discovery:discover_packages(path) check parameters
[1.352s] Level 1:colcon.colcon_core.package_discovery:discover_packages(colcon_meta) discover
[1.352s] Level 1:colcon.colcon_core.package_discovery:discover_packages(recursive) discover
[1.352s] INFO:colcon.colcon_core.package_discovery:Crawling recursively for packages in '/home/chelse/ros2_ws'
[1.352s] Level 1:colcon.colcon_core.package_identification:_identify(.) by extensions ['ignore', 'ignore_ament_install']
[1.352s] Level 1:colcon.colcon_core.package_identification:_identify(.) by extension 'ignore'
[1.352s] Level 1:colcon.colcon_core.package_identification:_identify(.) by extension 'ignore_ament_install'
[1.352s] Level 1:colcon.colcon_core.package_identification:_identify(.) by extensions ['colcon_pkg']
[1.352s] Level 1:colcon.colcon_core.package_identification:_identify(.) by extension 'colcon_pkg'
[1.352s] Level 1:colcon.colcon_core.package_identification:_identify(.) by extensions ['colcon_meta']
[1.353s] Level 1:colcon.colcon_core.package_identification:_identify(.) by extension 'colcon_meta'
[1.353s] Level 1:colcon.colcon_core.package_identification:_identify(.) by extensions ['ros']
[1.353s] Level 1:colcon.colcon_core.package_identification:_identify(.) by extension 'ros'
[1.367s] Level 1:colcon.colcon_core.package_identification:_identify(.) by extensions ['cmake', 'python']
[1.367s] Level 1:colcon.colcon_core.package_identification:_identify(.) by extension 'cmake'
[1.368s] Level 1:colcon.colcon_core.package_identification:_identify(.) by extension 'python'
[1.368s] Level 1:colcon.colcon_core.package_identification:_identify(.) by extensions ['python_setup_py']
[1.368s] Level 1:colcon.colcon_core.package_identification:_identify(.) by extension 'python_setup_py'
[1.368s] Level 1:colcon.colcon_core.package_identification:_identify(build) by extensions ['ignore', 'ignore_ament_install']
[1.368s] Level 1:colcon.colcon_core.package_identification:_identify(build) by extension 'ignore'
[1.368s] Level 1:colcon.colcon_core.package_identification:_identify(build) ignored
[1.369s] Level 1:colcon.colcon_core.package_identification:_identify(install) by extensions ['ignore', 'ignore_ament_install']
[1.369s] Level 1:colcon.colcon_core.package_identification:_identify(install) by extension 'ignore'
[1.369s] Level 1:colcon.colcon_core.package_identification:_identify(install) ignored
[1.369s] Level 1:colcon.colcon_core.package_identification:_identify(log) by extensions ['ignore', 'ignore_ament_install']
[1.369s] Level 1:colcon.colcon_core.package_identification:_identify(log) by extension 'ignore'
[1.369s] Level 1:colcon.colcon_core.package_identification:_identify(log) ignored
[1.370s] Level 1:colcon.colcon_core.package_identification:_identify(src) by extensions ['ignore', 'ignore_ament_install']
[1.370s] Level 1:colcon.colcon_core.package_identification:_identify(src) by extension 'ignore'
[1.370s] Level 1:colcon.colcon_core.package_identification:_identify(src) by extension 'ignore_ament_install'
[1.370s] Level 1:colcon.colcon_core.package_identification:_identify(src) by extensions ['colcon_pkg']
[1.370s] Level 1:colcon.colcon_core.package_identification:_identify(src) by extension 'colcon_pkg'
[1.370s] Level 1:colcon.colcon_core.package_identification:_identify(src) by extensions ['colcon_meta']
[1.370s] Level 1:colcon.colcon_core.package_identification:_identify(src) by extension 'colcon_meta'
[1.370s] Level 1:colcon.colcon_core.package_identification:_identify(src) by extensions ['ros']
[1.370s] Level 1:colcon.colcon_core.package_identification:_identify(src) by extension 'ros'
[1.370s] Level 1:colcon.colcon_core.package_identification:_identify(src) by extensions ['cmake', 'python']
[1.370s] Level 1:colcon.colcon_core.package_identification:_identify(src) by extension 'cmake'
[1.371s] Level 1:colcon.colcon_core.package_identification:_identify(src) by extension 'python'
[1.371s] Level 1:colcon.colcon_core.package_identification:_identify(src) by extensions ['python_setup_py']
[1.371s] Level 1:colcon.colcon_core.package_identification:_identify(src) by extension 'python_setup_py'
[1.371s] Level 1:colcon.colcon_core.package_identification:_identify(src/rob599_hw2) by extensions ['ignore', 'ignore_ament_install']
[1.371s] Level 1:colcon.colcon_core.package_identification:_identify(src/rob599_hw2) by extension 'ignore'
[1.371s] Level 1:colcon.colcon_core.package_identification:_identify(src/rob599_hw2) by extension 'ignore_ament_install'
[1.371s] Level 1:colcon.colcon_core.package_identification:_identify(src/rob599_hw2) by extensions ['colcon_pkg']
[1.371s] Level 1:colcon.colcon_core.package_identification:_identify(src/rob599_hw2) by extension 'colcon_pkg'
[1.371s] Level 1:colcon.colcon_core.package_identification:_identify(src/rob599_hw2) by extensions ['colcon_meta']
[1.371s] Level 1:colcon.colcon_core.package_identification:_identify(src/rob599_hw2) by extension 'colcon_meta'
[1.371s] Level 1:colcon.colcon_core.package_identification:_identify(src/rob599_hw2) by extensions ['ros']
[1.372s] Level 1:colcon.colcon_core.package_identification:_identify(src/rob599_hw2) by extension 'ros'
[1.375s] DEBUG:colcon.colcon_core.package_identification:Package 'src/rob599_hw2' with type 'ros.ament_python' and name 'rob599_hw2'
[1.375s] Level 1:colcon.colcon_core.package_identification:_identify(src/rob599r2) by extensions ['ignore', 'ignore_ament_install']
[1.376s] Level 1:colcon.colcon_core.package_identification:_identify(src/rob599r2) by extension 'ignore'
[1.376s] Level 1:colcon.colcon_core.package_identification:_identify(src/rob599r2) by extension 'ignore_ament_install'
[1.376s] Level 1:colcon.colcon_core.package_identification:_identify(src/rob599r2) by extensions ['colcon_pkg']
[1.376s] Level 1:colcon.colcon_core.package_identification:_identify(src/rob599r2) by extension 'colcon_pkg'
[1.376s] Level 1:colcon.colcon_core.package_identification:_identify(src/rob599r2) by extensions ['colcon_meta']
[1.376s] Level 1:colcon.colcon_core.package_identification:_identify(src/rob599r2) by extension 'colcon_meta'
[1.376s] Level 1:colcon.colcon_core.package_identification:_identify(src/rob599r2) by extensions ['ros']
[1.376s] Level 1:colcon.colcon_core.package_identification:_identify(src/rob599r2) by extension 'ros'
[1.376s] Level 1:colcon.colcon_core.package_identification:_identify(src/rob599r2) by extensions ['cmake', 'python']
[1.377s] Level 1:colcon.colcon_core.package_identification:_identify(src/rob599r2) by extension 'cmake'
[1.377s] Level 1:colcon.colcon_core.package_identification:_identify(src/rob599r2) by extension 'python'
[1.377s] Level 1:colcon.colcon_core.package_identification:_identify(src/rob599r2) by extensions ['python_setup_py']
[1.377s] Level 1:colcon.colcon_core.package_identification:_identify(src/rob599r2) by extension 'python_setup_py'
[1.377s] Level 1:colcon.colcon_core.package_identification:_identify(src/rob599r2/rob599_basic) by extensions ['ignore', 'ignore_ament_install']
[1.377s] Level 1:colcon.colcon_core.package_identification:_identify(src/rob599r2/rob599_basic) by extension 'ignore'
[1.377s] Level 1:colcon.colcon_core.package_identification:_identify(src/rob599r2/rob599_basic) by extension 'ignore_ament_install'
[1.377s] Level 1:colcon.colcon_core.package_identification:_identify(src/rob599r2/rob599_basic) by extensions ['colcon_pkg']
[1.377s] Level 1:colcon.colcon_core.package_identification:_identify(src/rob599r2/rob599_basic) by extension 'colcon_pkg'
[1.377s] Level 1:colcon.colcon_core.package_identification:_identify(src/rob599r2/rob599_basic) by extensions ['colcon_meta']
[1.378s] Level 1:colcon.colcon_core.package_identification:_identify(src/rob599r2/rob599_basic) by extension 'colcon_meta'
[1.378s] Level 1:colcon.colcon_core.package_identification:_identify(src/rob599r2/rob599_basic) by extensions ['ros']
[1.378s] Level 1:colcon.colcon_core.package_identification:_identify(src/rob599r2/rob599_basic) by extension 'ros'
[1.378s] DEBUG:colcon.colcon_core.package_identification:Package 'src/rob599r2/rob599_basic' with type 'ros.ament_python' and name 'rob599_basic'
[1.379s] Level 1:colcon.colcon_core.package_identification:_identify(src/rob599r2/rob599_msgs) by extensions ['ignore', 'ignore_ament_install']
[1.379s] Level 1:colcon.colcon_core.package_identification:_identify(src/rob599r2/rob599_msgs) by extension 'ignore'
[1.379s] Level 1:colcon.colcon_core.package_identification:_identify(src/rob599r2/rob599_msgs) by extension 'ignore_ament_install'
[1.379s] Level 1:colcon.colcon_core.package_identification:_identify(src/rob599r2/rob599_msgs) by extensions ['colcon_pkg']
[1.379s] Level 1:colcon.colcon_core.package_identification:_identify(src/rob599r2/rob599_msgs) by extension 'colcon_pkg'
[1.379s] Level 1:colcon.colcon_core.package_identification:_identify(src/rob599r2/rob599_msgs) by extensions ['colcon_meta']
[1.379s] Level 1:colcon.colcon_core.package_identification:_identify(src/rob599r2/rob599_msgs) by extension 'colcon_meta'
[1.379s] Level 1:colcon.colcon_core.package_identification:_identify(src/rob599r2/rob599_msgs) by extensions ['ros']
[1.379s] Level 1:colcon.colcon_core.package_identification:_identify(src/rob599r2/rob599_msgs) by extension 'ros'
[1.380s] DEBUG:colcon.colcon_core.package_identification:Package 'src/rob599r2/rob599_msgs' with type 'ros.ament_cmake' and name 'rob599_msgs'
[1.380s] Level 1:colcon.colcon_core.package_identification:_identify(src/ros_tutorials) by extensions ['ignore', 'ignore_ament_install']
[1.381s] Level 1:colcon.colcon_core.package_identification:_identify(src/ros_tutorials) by extension 'ignore'
[1.381s] Level 1:colcon.colcon_core.package_identification:_identify(src/ros_tutorials) by extension 'ignore_ament_install'
[1.381s] Level 1:colcon.colcon_core.package_identification:_identify(src/ros_tutorials) by extensions ['colcon_pkg']
[1.381s] Level 1:colcon.colcon_core.package_identification:_identify(src/ros_tutorials) by extension 'colcon_pkg'
[1.381s] Level 1:colcon.colcon_core.package_identification:_identify(src/ros_tutorials) by extensions ['colcon_meta']
[1.381s] Level 1:colcon.colcon_core.package_identification:_identify(src/ros_tutorials) by extension 'colcon_meta'
[1.381s] Level 1:colcon.colcon_core.package_identification:_identify(src/ros_tutorials) by extensions ['ros']
[1.381s] Level 1:colcon.colcon_core.package_identification:_identify(src/ros_tutorials) by extension 'ros'
[1.381s] Level 1:colcon.colcon_core.package_identification:_identify(src/ros_tutorials) by extensions ['cmake', 'python']
[1.381s] Level 1:colcon.colcon_core.package_identification:_identify(src/ros_tutorials) by extension 'cmake'
[1.382s] Level 1:colcon.colcon_core.package_identification:_identify(src/ros_tutorials) by extension 'python'
[1.382s] Level 1:colcon.colcon_core.package_identification:_identify(src/ros_tutorials) by extensions ['python_setup_py']
[1.382s] Level 1:colcon.colcon_core.package_identification:_identify(src/ros_tutorials) by extension 'python_setup_py'
[1.382s] Level 1:colcon.colcon_core.package_identification:_identify(src/ros_tutorials/ros_tutorials) by extensions ['ignore', 'ignore_ament_install']
[1.382s] Level 1:colcon.colcon_core.package_identification:_identify(src/ros_tutorials/ros_tutorials) by extension 'ignore'
[1.382s] Level 1:colcon.colcon_core.package_identification:_identify(src/ros_tutorials/ros_tutorials) ignored
[1.382s] Level 1:colcon.colcon_core.package_identification:_identify(src/ros_tutorials/roscpp_tutorials) by extensions ['ignore', 'ignore_ament_install']
[1.383s] Level 1:colcon.colcon_core.package_identification:_identify(src/ros_tutorials/roscpp_tutorials) by extension 'ignore'
[1.383s] Level 1:colcon.colcon_core.package_identification:_identify(src/ros_tutorials/roscpp_tutorials) ignored
[1.383s] Level 1:colcon.colcon_core.package_identification:_identify(src/ros_tutorials/rospy_tutorials) by extensions ['ignore', 'ignore_ament_install']
[1.383s] Level 1:colcon.colcon_core.package_identification:_identify(src/ros_tutorials/rospy_tutorials) by extension 'ignore'
[1.383s] Level 1:colcon.colcon_core.package_identification:_identify(src/ros_tutorials/rospy_tutorials) ignored
[1.383s] Level 1:colcon.colcon_core.package_identification:_identify(src/ros_tutorials/turtlesim) by extensions ['ignore', 'ignore_ament_install']
[1.384s] Level 1:colcon.colcon_core.package_identification:_identify(src/ros_tutorials/turtlesim) by extension 'ignore'
[1.384s] Level 1:colcon.colcon_core.package_identification:_identify(src/ros_tutorials/turtlesim) by extension 'ignore_ament_install'
[1.384s] Level 1:colcon.colcon_core.package_identification:_identify(src/ros_tutorials/turtlesim) by extensions ['colcon_pkg']
[1.384s] Level 1:colcon.colcon_core.package_identification:_identify(src/ros_tutorials/turtlesim) by extension 'colcon_pkg'
[1.384s] Level 1:colcon.colcon_core.package_identification:_identify(src/ros_tutorials/turtlesim) by extensions ['colcon_meta']
[1.384s] Level 1:colcon.colcon_core.package_identification:_identify(src/ros_tutorials/turtlesim) by extension 'colcon_meta'
[1.384s] Level 1:colcon.colcon_core.package_identification:_identify(src/ros_tutorials/turtlesim) by extensions ['ros']
[1.384s] Level 1:colcon.colcon_core.package_identification:_identify(src/ros_tutorials/turtlesim) by extension 'ros'
[1.386s] DEBUG:colcon.colcon_core.package_identification:Package 'src/ros_tutorials/turtlesim' with type 'ros.ament_cmake' and name 'turtlesim'
[1.386s] Level 1:colcon.colcon_core.package_discovery:discover_packages(recursive) using defaults
[1.386s] Level 1:colcon.colcon_core.package_discovery:discover_packages(ignore) discover
[1.386s] Level 1:colcon.colcon_core.package_discovery:discover_packages(ignore) using defaults
[1.386s] Level 1:colcon.colcon_core.package_discovery:discover_packages(path) discover
[1.386s] Level 1:colcon.colcon_core.package_discovery:discover_packages(path) using defaults
[1.489s] Level 5:colcon.colcon_core.verb:set package 'rob599_hw2' build argument 'cmake_args' from command line to 'None'
[1.489s] Level 5:colcon.colcon_core.verb:set package 'rob599_hw2' build argument 'cmake_target' from command line to 'None'
[1.489s] Level 5:colcon.colcon_core.verb:set package 'rob599_hw2' build argument 'cmake_target_skip_unavailable' from command line to 'False'
[1.489s] Level 5:colcon.colcon_core.verb:set package 'rob599_hw2' build argument 'cmake_clean_cache' from command line to 'False'
[1.489s] Level 5:colcon.colcon_core.verb:set package 'rob599_hw2' build argument 'cmake_clean_first' from command line to 'False'
[1.489s] Level 5:colcon.colcon_core.verb:set package 'rob599_hw2' build argument 'cmake_force_configure' from command line to 'False'
[1.489s] Level 5:colcon.colcon_core.verb:set package 'rob599_hw2' build argument 'ament_cmake_args' from command line to 'None'
[1.489s] Level 5:colcon.colcon_core.verb:set package 'rob599_hw2' build argument 'catkin_cmake_args' from command line to 'None'
[1.490s] Level 5:colcon.colcon_core.verb:set package 'rob599_hw2' build argument 'catkin_skip_building_tests' from command line to 'False'
[1.490s] DEBUG:colcon.colcon_core.verb:Building package 'rob599_hw2' with the following arguments: {'ament_cmake_args': None, 'build_base': '/home/chelse/ros2_ws/build/rob599_hw2', 'catkin_cmake_args': None, 'catkin_skip_building_tests': False, 'cmake_args': None, 'cmake_clean_cache': False, 'cmake_clean_first': False, 'cmake_force_configure': False, 'cmake_target': None, 'cmake_target_skip_unavailable': False, 'install_base': '/home/chelse/ros2_ws/install/rob599_hw2', 'merge_install': False, 'path': '/home/chelse/ros2_ws/src/rob599_hw2', 'symlink_install': False, 'test_result_base': None}
[1.509s] Level 5:colcon.colcon_core.verb:set package 'rob599_msgs' build argument 'cmake_args' from command line to 'None'
[1.510s] Level 5:colcon.colcon_core.verb:set package 'rob599_msgs' build argument 'cmake_target' from command line to 'None'
[1.510s] Level 5:colcon.colcon_core.verb:set package 'rob599_msgs' build argument 'cmake_target_skip_unavailable' from command line to 'False'
[1.510s] Level 5:colcon.colcon_core.verb:set package 'rob599_msgs' build argument 'cmake_clean_cache' from command line to 'False'
[1.510s] Level 5:colcon.colcon_core.verb:set package 'rob599_msgs' build argument 'cmake_clean_first' from command line to 'False'
[1.510s] Level 5:colcon.colcon_core.verb:set package 'rob599_msgs' build argument 'cmake_force_configure' from command line to 'False'
[1.510s] Level 5:colcon.colcon_core.verb:set package 'rob599_msgs' build argument 'ament_cmake_args' from command line to 'None'
[1.510s] Level 5:colcon.colcon_core.verb:set package 'rob599_msgs' build argument 'catkin_cmake_args' from command line to 'None'
[1.510s] Level 5:colcon.colcon_core.verb:set package 'rob599_msgs' build argument 'catkin_skip_building_tests' from command line to 'False'
[1.510s] DEBUG:colcon.colcon_core.verb:Building package 'rob599_msgs' with the following arguments: {'ament_cmake_args': None, 'build_base': '/home/chelse/ros2_ws/build/rob599_msgs', 'catkin_cmake_args': None, 'catkin_skip_building_tests': False, 'cmake_args': None, 'cmake_clean_cache': False, 'cmake_clean_first': False, 'cmake_force_configure': False, 'cmake_target': None, 'cmake_target_skip_unavailable': False, 'install_base': '/home/chelse/ros2_ws/install/rob599_msgs', 'merge_install': False, 'path': '/home/chelse/ros2_ws/src/rob599r2/rob599_msgs', 'symlink_install': False, 'test_result_base': None}
[1.530s] Level 5:colcon.colcon_core.verb:set package 'turtlesim' build argument 'cmake_args' from command line to 'None'
[1.530s] Level 5:colcon.colcon_core.verb:set package 'turtlesim' build argument 'cmake_target' from command line to 'None'
[1.530s] Level 5:colcon.colcon_core.verb:set package 'turtlesim' build argument 'cmake_target_skip_unavailable' from command line to 'False'
[1.530s] Level 5:colcon.colcon_core.verb:set package 'turtlesim' build argument 'cmake_clean_cache' from command line to 'False'
[1.530s] Level 5:colcon.colcon_core.verb:set package 'turtlesim' build argument 'cmake_clean_first' from command line to 'False'
[1.530s] Level 5:colcon.colcon_core.verb:set package 'turtlesim' build argument 'cmake_force_configure' from command line to 'False'
[1.530s] Level 5:colcon.colcon_core.verb:set package 'turtlesim' build argument 'ament_cmake_args' from command line to 'None'
[1.530s] Level 5:colcon.colcon_core.verb:set package 'turtlesim' build argument 'catkin_cmake_args' from command line to 'None'
[1.530s] Level 5:colcon.colcon_core.verb:set package 'turtlesim' build argument 'catkin_skip_building_tests' from command line to 'False'
[1.530s] DEBUG:colcon.colcon_core.verb:Building package 'turtlesim' with the following arguments: {'ament_cmake_args': None, 'build_base': '/home/chelse/ros2_ws/build/turtlesim', 'catkin_cmake_args': None, 'catkin_skip_building_tests': False, 'cmake_args': None, 'cmake_clean_cache': False, 'cmake_clean_first': False, 'cmake_force_configure': False, 'cmake_target': None, 'cmake_target_skip_unavailable': False, 'install_base': '/home/chelse/ros2_ws/install/turtlesim', 'merge_install': False, 'path': '/home/chelse/ros2_ws/src/ros_tutorials/turtlesim', 'symlink_install': False, 'test_result_base': None}
[1.549s] Level 5:colcon.colcon_core.verb:set package 'rob599_basic' build argument 'cmake_args' from command line to 'None'
[1.549s] Level 5:colcon.colcon_core.verb:set package 'rob599_basic' build argument 'cmake_target' from command line to 'None'
[1.549s] Level 5:colcon.colcon_core.verb:set package 'rob599_basic' build argument 'cmake_target_skip_unavailable' from command line to 'False'
[1.549s] Level 5:colcon.colcon_core.verb:set package 'rob599_basic' build argument 'cmake_clean_cache' from command line to 'False'
[1.549s] Level 5:colcon.colcon_core.verb:set package 'rob599_basic' build argument 'cmake_clean_first' from command line to 'False'
[1.549s] Level 5:colcon.colcon_core.verb:set package 'rob599_basic' build argument 'cmake_force_configure' from command line to 'False'
[1.549s] Level 5:colcon.colcon_core.verb:set package 'rob599_basic' build argument 'ament_cmake_args' from command line to 'None'
[1.550s] Level 5:colcon.colcon_core.verb:set package 'rob599_basic' build argument 'catkin_cmake_args' from command line to 'None'
[1.550s] Level 5:colcon.colcon_core.verb:set package 'rob599_basic' build argument 'catkin_skip_building_tests' from command line to 'False'
[1.550s] DEBUG:colcon.colcon_core.verb:Building package 'rob599_basic' with the following arguments: {'ament_cmake_args': None, 'build_base': '/home/chelse/ros2_ws/build/rob599_basic', 'catkin_cmake_args': None, 'catkin_skip_building_tests': False, 'cmake_args': None, 'cmake_clean_cache': False, 'cmake_clean_first': False, 'cmake_force_configure': False, 'cmake_target': None, 'cmake_target_skip_unavailable': False, 'install_base': '/home/chelse/ros2_ws/install/rob599_basic', 'merge_install': False, 'path': '/home/chelse/ros2_ws/src/rob599r2/rob599_basic', 'symlink_install': False, 'test_result_base': None}
[1.568s] INFO:colcon.colcon_core.executor:Executing jobs using 'parallel' executor
[1.588s] DEBUG:colcon.colcon_parallel_executor.executor.parallel:run_until_complete
[1.589s] INFO:colcon.colcon_ros.task.ament_cmake.build:Building ROS package in '/home/chelse/ros2_ws/src/rob599r2/rob599_msgs' with build type 'ament_cmake'
[1.589s] INFO:colcon.colcon_cmake.task.cmake.build:Building CMake package in '/home/chelse/ros2_ws/src/rob599r2/rob599_msgs'
[1.613s] INFO:colcon.colcon_core.plugin_system:Skipping extension 'colcon_core.shell.bat': Not used on non-Windows systems
[1.613s] INFO:colcon.colcon_core.shell:Skip shell extension 'powershell' for command environment: Not usable outside of PowerShell
[1.613s] DEBUG:colcon.colcon_core.shell:Skip shell extension 'dsv' for command environment
[1.681s] INFO:colcon.colcon_ros.task.ament_python.build:Building ROS package in '/home/chelse/ros2_ws/src/rob599_hw2' with build type 'ament_python'
[1.681s] Level 1:colcon.colcon_core.shell:create_environment_hook('rob599_hw2', 'ament_prefix_path')
[1.706s] INFO:colcon.colcon_core.shell:Creating environment hook '/home/chelse/ros2_ws/install/rob599_hw2/share/rob599_hw2/hook/ament_prefix_path.ps1'
[1.707s] INFO:colcon.colcon_core.shell:Creating environment descriptor '/home/chelse/ros2_ws/install/rob599_hw2/share/rob599_hw2/hook/ament_prefix_path.dsv'
[1.708s] INFO:colcon.colcon_core.shell:Creating environment hook '/home/chelse/ros2_ws/install/rob599_hw2/share/rob599_hw2/hook/ament_prefix_path.sh'
[1.732s] INFO:colcon.colcon_core.shell:Skip shell extension 'powershell' for command environment: Not usable outside of PowerShell
[1.732s] DEBUG:colcon.colcon_core.shell:Skip shell extension 'dsv' for command environment
[1.800s] INFO:colcon.colcon_ros.task.ament_cmake.build:Building ROS package in '/home/chelse/ros2_ws/src/ros_tutorials/turtlesim' with build type 'ament_cmake'
[1.800s] INFO:colcon.colcon_cmake.task.cmake.build:Building CMake package in '/home/chelse/ros2_ws/src/ros_tutorials/turtlesim'
[1.823s] INFO:colcon.colcon_core.shell:Skip shell extension 'powershell' for command environment: Not usable outside of PowerShell
[1.823s] DEBUG:colcon.colcon_core.shell:Skip shell extension 'dsv' for command environment
[1.896s] DEBUG:colcon.colcon_core.event_handler.log_command:Invoking command in '/home/chelse/ros2_ws/build/rob599_msgs': CMAKE_PREFIX_PATH=${CMAKE_PREFIX_PATH}:/home/chelse/ros2_ws/install/rob599_basic:/opt/ros/humble /usr/bin/cmake --build /home/chelse/ros2_ws/build/rob599_msgs -- -j12 -l12
[2.367s] INFO:colcon.colcon_core.task.python.build:Building Python package in '/home/chelse/ros2_ws/src/rob599_hw2'
[2.392s] INFO:colcon.colcon_core.shell:Skip shell extension 'powershell' for command environment: Not usable outside of PowerShell
[2.392s] DEBUG:colcon.colcon_core.shell:Skip shell extension 'dsv' for command environment
[2.495s] DEBUG:colcon.colcon_core.event_handler.log_command:Invoking command in '/home/chelse/ros2_ws/build/turtlesim': CMAKE_PREFIX_PATH=${CMAKE_PREFIX_PATH}:/home/chelse/ros2_ws/install/rob599_basic:/opt/ros/humble /usr/bin/cmake --build /home/chelse/ros2_ws/build/turtlesim -- -j12 -l12
[2.525s] DEBUG:colcon.colcon_core.event_handler.log_command:Invoked command in '/home/chelse/ros2_ws/build/rob599_msgs' returned '0': CMAKE_PREFIX_PATH=${CMAKE_PREFIX_PATH}:/home/chelse/ros2_ws/install/rob599_basic:/opt/ros/humble /usr/bin/cmake --build /home/chelse/ros2_ws/build/rob599_msgs -- -j12 -l12
[2.825s] DEBUG:colcon.colcon_core.event_handler.log_command:Invoking command in '/home/chelse/ros2_ws/build/rob599_msgs': CMAKE_PREFIX_PATH=${CMAKE_PREFIX_PATH}:/home/chelse/ros2_ws/install/rob599_basic:/opt/ros/humble /usr/bin/cmake --install /home/chelse/ros2_ws/build/rob599_msgs
[2.954s] Level 1:colcon.colcon_core.environment:create_environment_scripts_only(rob599_msgs)
[2.968s] DEBUG:colcon.colcon_core.event_handler.log_command:Invoked command in '/home/chelse/ros2_ws/build/rob599_msgs' returned '0': CMAKE_PREFIX_PATH=${CMAKE_PREFIX_PATH}:/home/chelse/ros2_ws/install/rob599_basic:/opt/ros/humble /usr/bin/cmake --install /home/chelse/ros2_ws/build/rob599_msgs
[3.007s] Level 1:colcon.colcon_core.environment:checking '/home/chelse/ros2_ws/install/rob599_msgs' for CMake module files
[3.008s] Level 1:colcon.colcon_core.environment:checking '/home/chelse/ros2_ws/install/rob599_msgs' for CMake config files
[3.009s] Level 1:colcon.colcon_core.shell:create_environment_hook('rob599_msgs', 'cmake_prefix_path')
[3.040s] INFO:colcon.colcon_core.shell:Creating environment hook '/home/chelse/ros2_ws/install/rob599_msgs/share/rob599_msgs/hook/cmake_prefix_path.ps1'
[3.041s] INFO:colcon.colcon_core.shell:Creating environment descriptor '/home/chelse/ros2_ws/install/rob599_msgs/share/rob599_msgs/hook/cmake_prefix_path.dsv'
[3.042s] INFO:colcon.colcon_core.shell:Creating environment hook '/home/chelse/ros2_ws/install/rob599_msgs/share/rob599_msgs/hook/cmake_prefix_path.sh'
[3.043s] Level 1:colcon.colcon_core.environment:checking '/home/chelse/ros2_ws/install/rob599_msgs/lib'
[3.043s] Level 1:colcon.colcon_core.shell:create_environment_hook('rob599_msgs', 'ld_library_path_lib')
[3.073s] INFO:colcon.colcon_core.shell:Creating environment hook '/home/chelse/ros2_ws/install/rob599_msgs/share/rob599_msgs/hook/ld_library_path_lib.ps1'
[3.074s] INFO:colcon.colcon_core.shell:Creating environment descriptor '/home/chelse/ros2_ws/install/rob599_msgs/share/rob599_msgs/hook/ld_library_path_lib.dsv'
[3.074s] INFO:colcon.colcon_core.shell:Creating environment hook '/home/chelse/ros2_ws/install/rob599_msgs/share/rob599_msgs/hook/ld_library_path_lib.sh'
[3.075s] Level 1:colcon.colcon_core.environment:checking '/home/chelse/ros2_ws/install/rob599_msgs/bin'
[3.075s] Level 1:colcon.colcon_core.environment:checking '/home/chelse/ros2_ws/install/rob599_msgs/lib/pkgconfig/rob599_msgs.pc'
[3.076s] Level 1:colcon.colcon_core.environment:checking '/home/chelse/ros2_ws/install/rob599_msgs/lib/python3.10/site-packages'
[3.076s] Level 1:colcon.colcon_core.environment:checking '/home/chelse/ros2_ws/install/rob599_msgs/bin'
[3.103s] INFO:colcon.colcon_core.shell:Creating package script '/home/chelse/ros2_ws/install/rob599_msgs/share/rob599_msgs/package.ps1'
[3.105s] INFO:colcon.colcon_core.shell:Creating package descriptor '/home/chelse/ros2_ws/install/rob599_msgs/share/rob599_msgs/package.dsv'
[3.106s] INFO:colcon.colcon_core.shell:Creating package script '/home/chelse/ros2_ws/install/rob599_msgs/share/rob599_msgs/package.sh'
[3.107s] INFO:colcon.colcon_core.shell:Creating package script '/home/chelse/ros2_ws/install/rob599_msgs/share/rob599_msgs/package.bash'
[3.108s] INFO:colcon.colcon_core.shell:Creating package script '/home/chelse/ros2_ws/install/rob599_msgs/share/rob599_msgs/package.zsh'
[3.109s] Level 1:colcon.colcon_core.environment:create_file_with_runtime_dependencies(/home/chelse/ros2_ws/install/rob599_msgs/share/colcon-core/packages/rob599_msgs)
[3.279s] DEBUG:colcon.colcon_core.event_handler.log_command:Invoking command in '/home/chelse/ros2_ws/src/rob599_hw2': PYTHONPATH=/home/chelse/ros2_ws/build/rob599_hw2/prefix_override:/home/chelse/ros2_ws/install/rob599_hw2/lib/python3.10/site-packages:${PYTHONPATH} /usr/bin/python3 setup.py egg_info --egg-base ../../build/rob599_hw2 build --build-base /home/chelse/ros2_ws/build/rob599_hw2/build install --record /home/chelse/ros2_ws/build/rob599_hw2/install.log --single-version-externally-managed
[3.299s] DEBUG:colcon.colcon_core.event_handler.log_command:Invoked command in '/home/chelse/ros2_ws/build/turtlesim' returned '0': CMAKE_PREFIX_PATH=${CMAKE_PREFIX_PATH}:/home/chelse/ros2_ws/install/rob599_basic:/opt/ros/humble /usr/bin/cmake --build /home/chelse/ros2_ws/build/turtlesim -- -j12 -l12
[3.358s] Level 1:colcon.colcon_core.environment:create_environment_scripts_only(rob599_msgs)
[3.388s] Level 1:colcon.colcon_core.environment:checking '/home/chelse/ros2_ws/install/rob599_msgs' for CMake module files
[3.389s] Level 1:colcon.colcon_core.environment:checking '/home/chelse/ros2_ws/install/rob599_msgs' for CMake config files
[3.390s] Level 1:colcon.colcon_core.shell:create_environment_hook('rob599_msgs', 'cmake_prefix_path')
[3.428s] INFO:colcon.colcon_core.shell:Creating environment hook '/home/chelse/ros2_ws/install/rob599_msgs/share/rob599_msgs/hook/cmake_prefix_path.ps1'
[3.429s] INFO:colcon.colcon_core.shell:Creating environment descriptor '/home/chelse/ros2_ws/install/rob599_msgs/share/rob599_msgs/hook/cmake_prefix_path.dsv'
[3.430s] INFO:colcon.colcon_core.shell:Creating environment hook '/home/chelse/ros2_ws/install/rob599_msgs/share/rob599_msgs/hook/cmake_prefix_path.sh'
[3.431s] Level 1:colcon.colcon_core.environment:checking '/home/chelse/ros2_ws/install/rob599_msgs/lib'
[3.431s] Level 1:colcon.colcon_core.shell:create_environment_hook('rob599_msgs', 'ld_library_path_lib')
[3.464s] INFO:colcon.colcon_core.shell:Creating environment hook '/home/chelse/ros2_ws/install/rob599_msgs/share/rob599_msgs/hook/ld_library_path_lib.ps1'
[3.464s] INFO:colcon.colcon_core.shell:Creating environment descriptor '/home/chelse/ros2_ws/install/rob599_msgs/share/rob599_msgs/hook/ld_library_path_lib.dsv'
[3.465s] INFO:colcon.colcon_core.shell:Creating environment hook '/home/chelse/ros2_ws/install/rob599_msgs/share/rob599_msgs/hook/ld_library_path_lib.sh'
[3.466s] Level 1:colcon.colcon_core.environment:checking '/home/chelse/ros2_ws/install/rob599_msgs/bin'
[3.466s] Level 1:colcon.colcon_core.environment:checking '/home/chelse/ros2_ws/install/rob599_msgs/lib/pkgconfig/rob599_msgs.pc'
[3.466s] Level 1:colcon.colcon_core.environment:checking '/home/chelse/ros2_ws/install/rob599_msgs/lib/python3.10/site-packages'
[3.467s] Level 1:colcon.colcon_core.environment:checking '/home/chelse/ros2_ws/install/rob599_msgs/bin'
[3.499s] INFO:colcon.colcon_core.shell:Creating package script '/home/chelse/ros2_ws/install/rob599_msgs/share/rob599_msgs/package.ps1'
[3.500s] INFO:colcon.colcon_core.shell:Creating package descriptor '/home/chelse/ros2_ws/install/rob599_msgs/share/rob599_msgs/package.dsv'
[3.502s] INFO:colcon.colcon_core.shell:Creating package script '/home/chelse/ros2_ws/install/rob599_msgs/share/rob599_msgs/package.sh'
[3.503s] INFO:colcon.colcon_core.shell:Creating package script '/home/chelse/ros2_ws/install/rob599_msgs/share/rob599_msgs/package.bash'
[3.503s] INFO:colcon.colcon_core.shell:Creating package script '/home/chelse/ros2_ws/install/rob599_msgs/share/rob599_msgs/package.zsh'
[3.504s] Level 1:colcon.colcon_core.environment:create_file_with_runtime_dependencies(/home/chelse/ros2_ws/install/rob599_msgs/share/colcon-core/packages/rob599_msgs)
[3.505s] INFO:colcon.colcon_ros.task.ament_python.build:Building ROS package in '/home/chelse/ros2_ws/src/rob599r2/rob599_basic' with build type 'ament_python'
[3.505s] Level 1:colcon.colcon_core.shell:create_environment_hook('rob599_basic', 'ament_prefix_path')
[3.540s] INFO:colcon.colcon_core.shell:Creating environment hook '/home/chelse/ros2_ws/install/rob599_basic/share/rob599_basic/hook/ament_prefix_path.ps1'
[3.541s] INFO:colcon.colcon_core.shell:Creating environment descriptor '/home/chelse/ros2_ws/install/rob599_basic/share/rob599_basic/hook/ament_prefix_path.dsv'
[3.542s] INFO:colcon.colcon_core.shell:Creating environment hook '/home/chelse/ros2_ws/install/rob599_basic/share/rob599_basic/hook/ament_prefix_path.sh'
[3.573s] INFO:colcon.colcon_core.shell:Skip shell extension 'powershell' for command environment: Not usable outside of PowerShell
[3.573s] DEBUG:colcon.colcon_core.shell:Skip shell extension 'dsv' for command environment
[4.055s] INFO:colcon.colcon_core.task.python.build:Building Python package in '/home/chelse/ros2_ws/src/rob599r2/rob599_basic'
[4.076s] INFO:colcon.colcon_core.shell:Skip shell extension 'powershell' for command environment: Not usable outside of PowerShell
[4.076s] DEBUG:colcon.colcon_core.shell:Skip shell extension 'dsv' for command environment
[4.143s] DEBUG:colcon.colcon_core.event_handler.log_command:Invoking command in '/home/chelse/ros2_ws/build/turtlesim': CMAKE_PREFIX_PATH=${CMAKE_PREFIX_PATH}:/home/chelse/ros2_ws/install/rob599_basic:/opt/ros/humble /usr/bin/cmake --install /home/chelse/ros2_ws/build/turtlesim
[4.146s] DEBUG:colcon.colcon_core.event_handler.log_command:Invoked command in '/home/chelse/ros2_ws/src/rob599_hw2' returned '0': PYTHONPATH=/home/chelse/ros2_ws/build/rob599_hw2/prefix_override:/home/chelse/ros2_ws/install/rob599_hw2/lib/python3.10/site-packages:${PYTHONPATH} /usr/bin/python3 setup.py egg_info --egg-base ../../build/rob599_hw2 build --build-base /home/chelse/ros2_ws/build/rob599_hw2/build install --record /home/chelse/ros2_ws/build/rob599_hw2/install.log --single-version-externally-managed
[4.218s] Level 1:colcon.colcon_core.environment:checking '/home/chelse/ros2_ws/install/rob599_hw2' for CMake module files
[4.221s] Level 1:colcon.colcon_core.environment:checking '/home/chelse/ros2_ws/install/rob599_hw2' for CMake config files
[4.225s] Level 1:colcon.colcon_core.shell:create_environment_hook('rob599_hw2', 'cmake_prefix_path')
[4.303s] INFO:colcon.colcon_core.shell:Creating environment hook '/home/chelse/ros2_ws/install/rob599_hw2/share/rob599_hw2/hook/cmake_prefix_path.ps1'
[4.304s] INFO:colcon.colcon_core.shell:Creating environment descriptor '/home/chelse/ros2_ws/install/rob599_hw2/share/rob599_hw2/hook/cmake_prefix_path.dsv'
[4.304s] INFO:colcon.colcon_core.shell:Creating environment hook '/home/chelse/ros2_ws/install/rob599_hw2/share/rob599_hw2/hook/cmake_prefix_path.sh'
[4.305s] Level 1:colcon.colcon_core.environment:checking '/home/chelse/ros2_ws/install/rob599_hw2/lib'
[4.306s] Level 1:colcon.colcon_core.environment:checking '/home/chelse/ros2_ws/install/rob599_hw2/bin'
[4.306s] Level 1:colcon.colcon_core.environment:checking '/home/chelse/ros2_ws/install/rob599_hw2/lib/pkgconfig/rob599_hw2.pc'
[4.306s] Level 1:colcon.colcon_core.environment:checking '/home/chelse/ros2_ws/install/rob599_hw2/lib/python3.10/site-packages'
[4.306s] Level 1:colcon.colcon_core.shell:create_environment_hook('rob599_hw2', 'pythonpath')
[4.333s] INFO:colcon.colcon_core.shell:Creating environment hook '/home/chelse/ros2_ws/install/rob599_hw2/share/rob599_hw2/hook/pythonpath.ps1'
[4.334s] INFO:colcon.colcon_core.shell:Creating environment descriptor '/home/chelse/ros2_ws/install/rob599_hw2/share/rob599_hw2/hook/pythonpath.dsv'
[4.334s] INFO:colcon.colcon_core.shell:Creating environment hook '/home/chelse/ros2_ws/install/rob599_hw2/share/rob599_hw2/hook/pythonpath.sh'
[4.335s] Level 1:colcon.colcon_core.environment:checking '/home/chelse/ros2_ws/install/rob599_hw2/bin'
[4.335s] Level 1:colcon.colcon_core.environment:create_environment_scripts_only(rob599_hw2)
[4.359s] INFO:colcon.colcon_core.shell:Creating package script '/home/chelse/ros2_ws/install/rob599_hw2/share/rob599_hw2/package.ps1'
[4.359s] INFO:colcon.colcon_core.shell:Creating package descriptor '/home/chelse/ros2_ws/install/rob599_hw2/share/rob599_hw2/package.dsv'
[4.360s] INFO:colcon.colcon_core.shell:Creating package script '/home/chelse/ros2_ws/install/rob599_hw2/share/rob599_hw2/package.sh'
[4.361s] INFO:colcon.colcon_core.shell:Creating package script '/home/chelse/ros2_ws/install/rob599_hw2/share/rob599_hw2/package.bash'
[4.361s] INFO:colcon.colcon_core.shell:Creating package script '/home/chelse/ros2_ws/install/rob599_hw2/share/rob599_hw2/package.zsh'
[4.362s] Level 1:colcon.colcon_core.environment:create_file_with_runtime_dependencies(/home/chelse/ros2_ws/install/rob599_hw2/share/colcon-core/packages/rob599_hw2)
[4.367s] Level 1:colcon.colcon_core.environment:create_environment_scripts_only(turtlesim)
[4.367s] DEBUG:colcon.colcon_core.event_handler.log_command:Invoked command in '/home/chelse/ros2_ws/build/turtlesim' returned '0': CMAKE_PREFIX_PATH=${CMAKE_PREFIX_PATH}:/home/chelse/ros2_ws/install/rob599_basic:/opt/ros/humble /usr/bin/cmake --install /home/chelse/ros2_ws/build/turtlesim
[4.395s] Level 1:colcon.colcon_core.environment:checking '/home/chelse/ros2_ws/install/turtlesim' for CMake module files
[4.396s] Level 1:colcon.colcon_core.environment:checking '/home/chelse/ros2_ws/install/turtlesim' for CMake config files
[4.397s] Level 1:colcon.colcon_core.shell:create_environment_hook('turtlesim', 'cmake_prefix_path')
[4.425s] INFO:colcon.colcon_core.shell:Creating environment hook '/home/chelse/ros2_ws/install/turtlesim/share/turtlesim/hook/cmake_prefix_path.ps1'
[4.426s] INFO:colcon.colcon_core.shell:Creating environment descriptor '/home/chelse/ros2_ws/install/turtlesim/share/turtlesim/hook/cmake_prefix_path.dsv'
[4.426s] INFO:colcon.colcon_core.shell:Creating environment hook '/home/chelse/ros2_ws/install/turtlesim/share/turtlesim/hook/cmake_prefix_path.sh'
[4.427s] Level 1:colcon.colcon_core.environment:checking '/home/chelse/ros2_ws/install/turtlesim/lib'
[4.427s] Level 1:colcon.colcon_core.shell:create_environment_hook('turtlesim', 'ld_library_path_lib')
[4.451s] INFO:colcon.colcon_core.shell:Creating environment hook '/home/chelse/ros2_ws/install/turtlesim/share/turtlesim/hook/ld_library_path_lib.ps1'
[4.452s] INFO:colcon.colcon_core.shell:Creating environment descriptor '/home/chelse/ros2_ws/install/turtlesim/share/turtlesim/hook/ld_library_path_lib.dsv'
[4.453s] INFO:colcon.colcon_core.shell:Creating environment hook '/home/chelse/ros2_ws/install/turtlesim/share/turtlesim/hook/ld_library_path_lib.sh'
[4.453s] Level 1:colcon.colcon_core.environment:checking '/home/chelse/ros2_ws/install/turtlesim/bin'
[4.454s] Level 1:colcon.colcon_core.environment:checking '/home/chelse/ros2_ws/install/turtlesim/lib/pkgconfig/turtlesim.pc'
[4.454s] Level 1:colcon.colcon_core.environment:checking '/home/chelse/ros2_ws/install/turtlesim/lib/python3.10/site-packages'
[4.454s] Level 1:colcon.colcon_core.environment:checking '/home/chelse/ros2_ws/install/turtlesim/bin'
[4.477s] INFO:colcon.colcon_core.shell:Creating package script '/home/chelse/ros2_ws/install/turtlesim/share/turtlesim/package.ps1'
[4.478s] INFO:colcon.colcon_core.shell:Creating package descriptor '/home/chelse/ros2_ws/install/turtlesim/share/turtlesim/package.dsv'
[4.479s] INFO:colcon.colcon_core.shell:Creating package script '/home/chelse/ros2_ws/install/turtlesim/share/turtlesim/package.sh'
[4.479s] INFO:colcon.colcon_core.shell:Creating package script '/home/chelse/ros2_ws/install/turtlesim/share/turtlesim/package.bash'
[4.480s] INFO:colcon.colcon_core.shell:Creating package script '/home/chelse/ros2_ws/install/turtlesim/share/turtlesim/package.zsh'
[4.480s] Level 1:colcon.colcon_core.environment:create_file_with_runtime_dependencies(/home/chelse/ros2_ws/install/turtlesim/share/colcon-core/packages/turtlesim)
[4.899s] Level 1:colcon.colcon_core.environment:create_environment_scripts_only(turtlesim)
[4.923s] Level 1:colcon.colcon_core.environment:checking '/home/chelse/ros2_ws/install/turtlesim' for CMake module files
[4.924s] Level 1:colcon.colcon_core.environment:checking '/home/chelse/ros2_ws/install/turtlesim' for CMake config files
[4.925s] Level 1:colcon.colcon_core.shell:create_environment_hook('turtlesim', 'cmake_prefix_path')
[4.947s] INFO:colcon.colcon_core.shell:Creating environment hook '/home/chelse/ros2_ws/install/turtlesim/share/turtlesim/hook/cmake_prefix_path.ps1'
[4.947s] INFO:colcon.colcon_core.shell:Creating environment descriptor '/home/chelse/ros2_ws/install/turtlesim/share/turtlesim/hook/cmake_prefix_path.dsv'
[4.948s] INFO:colcon.colcon_core.shell:Creating environment hook '/home/chelse/ros2_ws/install/turtlesim/share/turtlesim/hook/cmake_prefix_path.sh'
[4.949s] Level 1:colcon.colcon_core.environment:checking '/home/chelse/ros2_ws/install/turtlesim/lib'
[4.949s] Level 1:colcon.colcon_core.shell:create_environment_hook('turtlesim', 'ld_library_path_lib')
[4.968s] INFO:colcon.colcon_core.shell:Creating environment hook '/home/chelse/ros2_ws/install/turtlesim/share/turtlesim/hook/ld_library_path_lib.ps1'
[4.969s] INFO:colcon.colcon_core.shell:Creating environment descriptor '/home/chelse/ros2_ws/install/turtlesim/share/turtlesim/hook/ld_library_path_lib.dsv'
[4.970s] INFO:colcon.colcon_core.shell:Creating environment hook '/home/chelse/ros2_ws/install/turtlesim/share/turtlesim/hook/ld_library_path_lib.sh'
[4.970s] Level 1:colcon.colcon_core.environment:checking '/home/chelse/ros2_ws/install/turtlesim/bin'
[4.970s] Level 1:colcon.colcon_core.environment:checking '/home/chelse/ros2_ws/install/turtlesim/lib/pkgconfig/turtlesim.pc'
[4.971s] Level 1:colcon.colcon_core.environment:checking '/home/chelse/ros2_ws/install/turtlesim/lib/python3.10/site-packages'
[4.971s] Level 1:colcon.colcon_core.environment:checking '/home/chelse/ros2_ws/install/turtlesim/bin'
[4.991s] INFO:colcon.colcon_core.shell:Creating package script '/home/chelse/ros2_ws/install/turtlesim/share/turtlesim/package.ps1'
[4.991s] INFO:colcon.colcon_core.shell:Creating package descriptor '/home/chelse/ros2_ws/install/turtlesim/share/turtlesim/package.dsv'
[4.992s] INFO:colcon.colcon_core.shell:Creating package script '/home/chelse/ros2_ws/install/turtlesim/share/turtlesim/package.sh'
[4.993s] INFO:colcon.colcon_core.shell:Creating package script '/home/chelse/ros2_ws/install/turtlesim/share/turtlesim/package.bash'
[4.993s] INFO:colcon.colcon_core.shell:Creating package script '/home/chelse/ros2_ws/install/turtlesim/share/turtlesim/package.zsh'
[4.994s] Level 1:colcon.colcon_core.environment:create_file_with_runtime_dependencies(/home/chelse/ros2_ws/install/turtlesim/share/colcon-core/packages/turtlesim)
[5.000s] DEBUG:colcon.colcon_core.event_handler.log_command:Invoking command in '/home/chelse/ros2_ws/src/rob599r2/rob599_basic': CMAKE_PREFIX_PATH=/home/chelse/ros2_ws/install/rob599_msgs:/home/chelse/ros2_ws/install/rob599_hw2_msgs:/home/chelse/ros2_ws/install/turtlesim:/home/chelse/ros2_ws/install/rob599_hw2 LD_LIBRARY_PATH=/home/chelse/ros2_ws/install/rob599_msgs/lib:/home/chelse/ros2_ws/install/turtlesim/lib:/opt/ros/humble/opt/rviz_ogre_vendor/lib:/opt/ros/humble/lib/x86_64-linux-gnu:/opt/ros/humble/lib PYTHONPATH=/home/chelse/ros2_ws/build/rob599_basic/prefix_override:/home/chelse/ros2_ws/install/rob599_basic/lib/python3.10/site-packages:${PYTHONPATH} /usr/bin/python3 setup.py egg_info --egg-base ../../../build/rob599_basic build --build-base /home/chelse/ros2_ws/build/rob599_basic/build install --record /home/chelse/ros2_ws/build/rob599_basic/install.log --install-scripts $base/lib/rob599_basic --single-version-externally-managed
[5.378s] DEBUG:colcon.colcon_core.event_handler.log_command:Invoked command in '/home/chelse/ros2_ws/src/rob599r2/rob599_basic' returned '0': CMAKE_PREFIX_PATH=/home/chelse/ros2_ws/install/rob599_msgs:/home/chelse/ros2_ws/install/rob599_hw2_msgs:/home/chelse/ros2_ws/install/turtlesim:/home/chelse/ros2_ws/install/rob599_hw2 LD_LIBRARY_PATH=/home/chelse/ros2_ws/install/rob599_msgs/lib:/home/chelse/ros2_ws/install/turtlesim/lib:/opt/ros/humble/opt/rviz_ogre_vendor/lib:/opt/ros/humble/lib/x86_64-linux-gnu:/opt/ros/humble/lib PYTHONPATH=/home/chelse/ros2_ws/build/rob599_basic/prefix_override:/home/chelse/ros2_ws/install/rob599_basic/lib/python3.10/site-packages:${PYTHONPATH} /usr/bin/python3 setup.py egg_info --egg-base ../../../build/rob599_basic build --build-base /home/chelse/ros2_ws/build/rob599_basic/build install --record /home/chelse/ros2_ws/build/rob599_basic/install.log --install-scripts $base/lib/rob599_basic --single-version-externally-managed
[5.397s] Level 1:colcon.colcon_core.environment:checking '/home/chelse/ros2_ws/install/rob599_basic' for CMake module files
[5.398s] Level 1:colcon.colcon_core.environment:checking '/home/chelse/ros2_ws/install/rob599_basic' for CMake config files
[5.399s] Level 1:colcon.colcon_core.environment:checking '/home/chelse/ros2_ws/install/rob599_basic/lib'
[5.399s] Level 1:colcon.colcon_core.environment:checking '/home/chelse/ros2_ws/install/rob599_basic/bin'
[5.399s] Level 1:colcon.colcon_core.environment:checking '/home/chelse/ros2_ws/install/rob599_basic/lib/pkgconfig/rob599_basic.pc'
[5.399s] Level 1:colcon.colcon_core.environment:checking '/home/chelse/ros2_ws/install/rob599_basic/lib/python3.10/site-packages'
[5.399s] Level 1:colcon.colcon_core.shell:create_environment_hook('rob599_basic', 'pythonpath')
[5.421s] INFO:colcon.colcon_core.shell:Creating environment hook '/home/chelse/ros2_ws/install/rob599_basic/share/rob599_basic/hook/pythonpath.ps1'
[5.422s] INFO:colcon.colcon_core.shell:Creating environment descriptor '/home/chelse/ros2_ws/install/rob599_basic/share/rob599_basic/hook/pythonpath.dsv'
[5.422s] INFO:colcon.colcon_core.shell:Creating environment hook '/home/chelse/ros2_ws/install/rob599_basic/share/rob599_basic/hook/pythonpath.sh'
[5.423s] Level 1:colcon.colcon_core.environment:checking '/home/chelse/ros2_ws/install/rob599_basic/bin'
[5.423s] Level 1:colcon.colcon_core.environment:create_environment_scripts_only(rob599_basic)
[5.444s] INFO:colcon.colcon_core.shell:Creating package script '/home/chelse/ros2_ws/install/rob599_basic/share/rob599_basic/package.ps1'
[5.445s] INFO:colcon.colcon_core.shell:Creating package descriptor '/home/chelse/ros2_ws/install/rob599_basic/share/rob599_basic/package.dsv'
[5.445s] INFO:colcon.colcon_core.shell:Creating package script '/home/chelse/ros2_ws/install/rob599_basic/share/rob599_basic/package.sh'
[5.446s] INFO:colcon.colcon_core.shell:Creating package script '/home/chelse/ros2_ws/install/rob599_basic/share/rob599_basic/package.bash'
[5.447s] INFO:colcon.colcon_core.shell:Creating package script '/home/chelse/ros2_ws/install/rob599_basic/share/rob599_basic/package.zsh'
[5.447s] Level 1:colcon.colcon_core.environment:create_file_with_runtime_dependencies(/home/chelse/ros2_ws/install/rob599_basic/share/colcon-core/packages/rob599_basic)
[5.448s] DEBUG:colcon.colcon_parallel_executor.executor.parallel:closing loop
[5.448s] DEBUG:colcon.colcon_parallel_executor.executor.parallel:loop closed
[5.448s] DEBUG:colcon.colcon_parallel_executor.executor.parallel:run_until_complete finished with '0'
[5.449s] DEBUG:colcon.colcon_core.event_reactor:joining thread
[5.479s] INFO:colcon.colcon_core.plugin_system:Skipping extension 'colcon_notification.desktop_notification.terminal_notifier': Not used on non-Darwin systems
[5.479s] INFO:colcon.colcon_core.plugin_system:Skipping extension 'colcon_notification.desktop_notification.win32': Not used on non-Windows systems
[5.479s] INFO:colcon.colcon_notification.desktop_notification:Sending desktop notification using 'notify2'
[5.500s] DEBUG:colcon.colcon_core.event_reactor:joined thread
[5.540s] INFO:colcon.colcon_core.shell:Creating prefix script '/home/chelse/ros2_ws/install/local_setup.ps1'
[5.542s] INFO:colcon.colcon_core.shell:Creating prefix util module '/home/chelse/ros2_ws/install/_local_setup_util_ps1.py'
[5.544s] INFO:colcon.colcon_core.shell:Creating prefix chain script '/home/chelse/ros2_ws/install/setup.ps1'
[5.567s] INFO:colcon.colcon_core.shell:Creating prefix script '/home/chelse/ros2_ws/install/local_setup.sh'
[5.568s] INFO:colcon.colcon_core.shell:Creating prefix util module '/home/chelse/ros2_ws/install/_local_setup_util_sh.py'
[5.569s] INFO:colcon.colcon_core.shell:Creating prefix chain script '/home/chelse/ros2_ws/install/setup.sh'
[5.593s] INFO:colcon.colcon_core.shell:Creating prefix script '/home/chelse/ros2_ws/install/local_setup.bash'
[5.594s] INFO:colcon.colcon_core.shell:Creating prefix chain script '/home/chelse/ros2_ws/install/setup.bash'
[5.627s] INFO:colcon.colcon_core.shell:Creating prefix script '/home/chelse/ros2_ws/install/local_setup.zsh'
[5.628s] INFO:colcon.colcon_core.shell:Creating prefix chain script '/home/chelse/ros2_ws/install/setup.zsh'
