[0.181s] Invoking command in '/home/chelse/ros2_ws/build/rob599_msgs': CMAKE_PREFIX_PATH=${CMAKE_PREFIX_PATH}:/home/chelse/ros2_ws/install/rob599_basic:/opt/ros/humble /usr/bin/cmake --build /home/chelse/ros2_ws/build/rob599_msgs -- -j12 -l12
[0.468s] [  2%] Built target rob599_msgs__cpp
[0.468s] [ 12%] Built target rob599_msgs__rosidl_generator_c
[0.468s] [ 12%] Built target ament_cmake_python_copy_rob599_msgs
[0.468s] [ 27%] Built target rob599_msgs__rosidl_typesupport_introspection_cpp
[0.468s] [ 34%] Built target rob599_msgs__rosidl_typesupport_fastrtps_c
[0.468s] [ 44%] Built target rob599_msgs__rosidl_typesupport_introspection_c
[0.469s] [ 55%] Built target rob599_msgs__rosidl_typesupport_cpp
[0.469s] [ 65%] Built target rob599_msgs__rosidl_typesupport_c
[0.469s] [ 76%] Built target rob599_msgs__rosidl_typesupport_fastrtps_cpp
[0.469s] [ 76%] Built target rob599_msgs
[0.469s] [ 78%] Built target rob599_msgs__py
[0.470s] [ 87%] Built target rob599_msgs__rosidl_generator_py
[0.470s] [ 97%] Built target rob599_msgs__rosidl_typesupport_fastrtps_c__pyext
[0.470s] [ 97%] Built target rob599_msgs__rosidl_typesupport_c__pyext
[0.470s] [100%] Built target rob599_msgs__rosidl_typesupport_introspection_c__pyext
[0.471s] running egg_info
[0.471s] writing rob599_msgs.egg-info/PKG-INFO
[0.471s] writing dependency_links to rob599_msgs.egg-info/dependency_links.txt
[0.472s] writing top-level names to rob599_msgs.egg-info/top_level.txt
[0.472s] reading manifest file 'rob599_msgs.egg-info/SOURCES.txt'
[0.472s] writing manifest file 'rob599_msgs.egg-info/SOURCES.txt'
[0.482s] [100%] Built target ament_cmake_python_build_rob599_msgs_egg
[0.493s] Invoked command in '/home/chelse/ros2_ws/build/rob599_msgs' returned '0': CMAKE_PREFIX_PATH=${CMAKE_PREFIX_PATH}:/home/chelse/ros2_ws/install/rob599_basic:/opt/ros/humble /usr/bin/cmake --build /home/chelse/ros2_ws/build/rob599_msgs -- -j12 -l12
[0.611s] Invoking command in '/home/chelse/ros2_ws/build/rob599_msgs': CMAKE_PREFIX_PATH=${CMAKE_PREFIX_PATH}:/home/chelse/ros2_ws/install/rob599_basic:/opt/ros/humble /usr/bin/cmake --install /home/chelse/ros2_ws/build/rob599_msgs
[0.618s] -- Install configuration: ""
[0.618s] -- Up-to-date: /home/chelse/ros2_ws/install/rob599_msgs/share/ament_index/resource_index/rosidl_interfaces/rob599_msgs
[0.618s] -- Up-to-date: /home/chelse/ros2_ws/install/rob599_msgs/include/rob599_msgs/rob599_msgs
[0.618s] -- Up-to-date: /home/chelse/ros2_ws/install/rob599_msgs/include/rob599_msgs/rob599_msgs/action
[0.618s] -- Up-to-date: /home/chelse/ros2_ws/install/rob599_msgs/include/rob599_msgs/rob599_msgs/action/detail
[0.618s] -- Up-to-date: /home/chelse/ros2_ws/install/rob599_msgs/include/rob599_msgs/rob599_msgs/action/detail/fibonacci__functions.h
[0.618s] -- Up-to-date: /home/chelse/ros2_ws/install/rob599_msgs/include/rob599_msgs/rob599_msgs/action/detail/fibonacci__type_support.h
[0.618s] -- Up-to-date: /home/chelse/ros2_ws/install/rob599_msgs/include/rob599_msgs/rob599_msgs/action/detail/fibonacci__functions.c
[0.618s] -- Up-to-date: /home/chelse/ros2_ws/install/rob599_msgs/include/rob599_msgs/rob599_msgs/action/detail/fibonacci__struct.h
[0.618s] -- Up-to-date: /home/chelse/ros2_ws/install/rob599_msgs/include/rob599_msgs/rob599_msgs/action/fibonacci.h
[0.618s] -- Up-to-date: /home/chelse/ros2_ws/install/rob599_msgs/include/rob599_msgs/rob599_msgs/msg
[0.618s] -- Up-to-date: /home/chelse/ros2_ws/install/rob599_msgs/include/rob599_msgs/rob599_msgs/msg/rosidl_generator_c__visibility_control.h
[0.619s] -- Up-to-date: /home/chelse/ros2_ws/install/rob599_msgs/include/rob599_msgs/rob599_msgs/srv
[0.619s] -- Up-to-date: /home/chelse/ros2_ws/install/rob599_msgs/include/rob599_msgs/rob599_msgs/srv/fib_service.h
[0.619s] -- Up-to-date: /home/chelse/ros2_ws/install/rob599_msgs/include/rob599_msgs/rob599_msgs/srv/detail
[0.619s] -- Up-to-date: /home/chelse/ros2_ws/install/rob599_msgs/include/rob599_msgs/rob599_msgs/srv/detail/doubler__functions.h
[0.619s] -- Up-to-date: /home/chelse/ros2_ws/install/rob599_msgs/include/rob599_msgs/rob599_msgs/srv/detail/fib_service__type_support.h
[0.619s] -- Up-to-date: /home/chelse/ros2_ws/install/rob599_msgs/include/rob599_msgs/rob599_msgs/srv/detail/doubler__functions.c
[0.619s] -- Up-to-date: /home/chelse/ros2_ws/install/rob599_msgs/include/rob599_msgs/rob599_msgs/srv/detail/fib_service__functions.c
[0.619s] -- Up-to-date: /home/chelse/ros2_ws/install/rob599_msgs/include/rob599_msgs/rob599_msgs/srv/detail/fib_service__functions.h
[0.619s] -- Up-to-date: /home/chelse/ros2_ws/install/rob599_msgs/include/rob599_msgs/rob599_msgs/srv/detail/doubler__struct.h
[0.619s] -- Up-to-date: /home/chelse/ros2_ws/install/rob599_msgs/include/rob599_msgs/rob599_msgs/srv/detail/doubler__type_support.h
[0.619s] -- Up-to-date: /home/chelse/ros2_ws/install/rob599_msgs/include/rob599_msgs/rob599_msgs/srv/detail/fib_service__struct.h
[0.619s] -- Up-to-date: /home/chelse/ros2_ws/install/rob599_msgs/include/rob599_msgs/rob599_msgs/srv/doubler.h
[0.619s] -- Up-to-date: /home/chelse/ros2_ws/install/rob599_msgs/share/rob599_msgs/environment/library_path.sh
[0.619s] -- Up-to-date: /home/chelse/ros2_ws/install/rob599_msgs/share/rob599_msgs/environment/library_path.dsv
[0.619s] -- Up-to-date: /home/chelse/ros2_ws/install/rob599_msgs/lib/librob599_msgs__rosidl_generator_c.so
[0.620s] -- Up-to-date: /home/chelse/ros2_ws/install/rob599_msgs/include/rob599_msgs/rob599_msgs
[0.620s] -- Up-to-date: /home/chelse/ros2_ws/install/rob599_msgs/include/rob599_msgs/rob599_msgs/action
[0.620s] -- Up-to-date: /home/chelse/ros2_ws/install/rob599_msgs/include/rob599_msgs/rob599_msgs/action/detail
[0.620s] -- Up-to-date: /home/chelse/ros2_ws/install/rob599_msgs/include/rob599_msgs/rob599_msgs/action/detail/fibonacci__rosidl_typesupport_fastrtps_c.h
[0.620s] -- Up-to-date: /home/chelse/ros2_ws/install/rob599_msgs/include/rob599_msgs/rob599_msgs/msg
[0.620s] -- Up-to-date: /home/chelse/ros2_ws/install/rob599_msgs/include/rob599_msgs/rob599_msgs/msg/rosidl_typesupport_fastrtps_c__visibility_control.h
[0.620s] -- Up-to-date: /home/chelse/ros2_ws/install/rob599_msgs/include/rob599_msgs/rob599_msgs/srv
[0.620s] -- Up-to-date: /home/chelse/ros2_ws/install/rob599_msgs/include/rob599_msgs/rob599_msgs/srv/detail
[0.620s] -- Up-to-date: /home/chelse/ros2_ws/install/rob599_msgs/include/rob599_msgs/rob599_msgs/srv/detail/fib_service__rosidl_typesupport_fastrtps_c.h
[0.620s] -- Up-to-date: /home/chelse/ros2_ws/install/rob599_msgs/include/rob599_msgs/rob599_msgs/srv/detail/doubler__rosidl_typesupport_fastrtps_c.h
[0.620s] -- Up-to-date: /home/chelse/ros2_ws/install/rob599_msgs/lib/librob599_msgs__rosidl_typesupport_fastrtps_c.so
[0.620s] -- Up-to-date: /home/chelse/ros2_ws/install/rob599_msgs/include/rob599_msgs/rob599_msgs
[0.620s] -- Up-to-date: /home/chelse/ros2_ws/install/rob599_msgs/include/rob599_msgs/rob599_msgs/action
[0.620s] -- Up-to-date: /home/chelse/ros2_ws/install/rob599_msgs/include/rob599_msgs/rob599_msgs/action/detail
[0.621s] -- Up-to-date: /home/chelse/ros2_ws/install/rob599_msgs/include/rob599_msgs/rob599_msgs/action/detail/fibonacci__rosidl_typesupport_introspection_c.h
[0.621s] -- Up-to-date: /home/chelse/ros2_ws/install/rob599_msgs/include/rob599_msgs/rob599_msgs/action/detail/fibonacci__type_support.c
[0.621s] -- Up-to-date: /home/chelse/ros2_ws/install/rob599_msgs/include/rob599_msgs/rob599_msgs/msg
[0.621s] -- Up-to-date: /home/chelse/ros2_ws/install/rob599_msgs/include/rob599_msgs/rob599_msgs/msg/rosidl_typesupport_introspection_c__visibility_control.h
[0.621s] -- Up-to-date: /home/chelse/ros2_ws/install/rob599_msgs/include/rob599_msgs/rob599_msgs/srv
[0.621s] -- Up-to-date: /home/chelse/ros2_ws/install/rob599_msgs/include/rob599_msgs/rob599_msgs/srv/detail
[0.621s] -- Up-to-date: /home/chelse/ros2_ws/install/rob599_msgs/include/rob599_msgs/rob599_msgs/srv/detail/fib_service__type_support.c
[0.621s] -- Up-to-date: /home/chelse/ros2_ws/install/rob599_msgs/include/rob599_msgs/rob599_msgs/srv/detail/doubler__rosidl_typesupport_introspection_c.h
[0.621s] -- Up-to-date: /home/chelse/ros2_ws/install/rob599_msgs/include/rob599_msgs/rob599_msgs/srv/detail/fib_service__rosidl_typesupport_introspection_c.h
[0.621s] -- Up-to-date: /home/chelse/ros2_ws/install/rob599_msgs/include/rob599_msgs/rob599_msgs/srv/detail/doubler__type_support.c
[0.621s] -- Up-to-date: /home/chelse/ros2_ws/install/rob599_msgs/lib/librob599_msgs__rosidl_typesupport_introspection_c.so
[0.621s] -- Up-to-date: /home/chelse/ros2_ws/install/rob599_msgs/lib/librob599_msgs__rosidl_typesupport_c.so
[0.621s] -- Up-to-date: /home/chelse/ros2_ws/install/rob599_msgs/include/rob599_msgs/rob599_msgs
[0.621s] -- Up-to-date: /home/chelse/ros2_ws/install/rob599_msgs/include/rob599_msgs/rob599_msgs/action
[0.622s] -- Up-to-date: /home/chelse/ros2_ws/install/rob599_msgs/include/rob599_msgs/rob599_msgs/action/detail
[0.622s] -- Up-to-date: /home/chelse/ros2_ws/install/rob599_msgs/include/rob599_msgs/rob599_msgs/action/detail/fibonacci__builder.hpp
[0.622s] -- Up-to-date: /home/chelse/ros2_ws/install/rob599_msgs/include/rob599_msgs/rob599_msgs/action/detail/fibonacci__traits.hpp
[0.622s] -- Up-to-date: /home/chelse/ros2_ws/install/rob599_msgs/include/rob599_msgs/rob599_msgs/action/detail/fibonacci__struct.hpp
[0.622s] -- Up-to-date: /home/chelse/ros2_ws/install/rob599_msgs/include/rob599_msgs/rob599_msgs/action/fibonacci.hpp
[0.622s] -- Up-to-date: /home/chelse/ros2_ws/install/rob599_msgs/include/rob599_msgs/rob599_msgs/srv
[0.622s] -- Up-to-date: /home/chelse/ros2_ws/install/rob599_msgs/include/rob599_msgs/rob599_msgs/srv/detail
[0.622s] -- Up-to-date: /home/chelse/ros2_ws/install/rob599_msgs/include/rob599_msgs/rob599_msgs/srv/detail/fib_service__struct.hpp
[0.622s] -- Up-to-date: /home/chelse/ros2_ws/install/rob599_msgs/include/rob599_msgs/rob599_msgs/srv/detail/fib_service__traits.hpp
[0.622s] -- Up-to-date: /home/chelse/ros2_ws/install/rob599_msgs/include/rob599_msgs/rob599_msgs/srv/detail/doubler__struct.hpp
[0.622s] -- Up-to-date: /home/chelse/ros2_ws/install/rob599_msgs/include/rob599_msgs/rob599_msgs/srv/detail/doubler__builder.hpp
[0.622s] -- Up-to-date: /home/chelse/ros2_ws/install/rob599_msgs/include/rob599_msgs/rob599_msgs/srv/detail/fib_service__builder.hpp
[0.622s] -- Up-to-date: /home/chelse/ros2_ws/install/rob599_msgs/include/rob599_msgs/rob599_msgs/srv/detail/doubler__traits.hpp
[0.622s] -- Up-to-date: /home/chelse/ros2_ws/install/rob599_msgs/include/rob599_msgs/rob599_msgs/srv/fib_service.hpp
[0.622s] -- Up-to-date: /home/chelse/ros2_ws/install/rob599_msgs/include/rob599_msgs/rob599_msgs/srv/doubler.hpp
[0.623s] -- Up-to-date: /home/chelse/ros2_ws/install/rob599_msgs/include/rob599_msgs/rob599_msgs
[0.623s] -- Up-to-date: /home/chelse/ros2_ws/install/rob599_msgs/include/rob599_msgs/rob599_msgs/action
[0.623s] -- Up-to-date: /home/chelse/ros2_ws/install/rob599_msgs/include/rob599_msgs/rob599_msgs/action/detail
[0.623s] -- Up-to-date: /home/chelse/ros2_ws/install/rob599_msgs/include/rob599_msgs/rob599_msgs/action/detail/fibonacci__rosidl_typesupport_fastrtps_cpp.hpp
[0.623s] -- Up-to-date: /home/chelse/ros2_ws/install/rob599_msgs/include/rob599_msgs/rob599_msgs/action/detail/dds_fastrtps
[0.623s] -- Up-to-date: /home/chelse/ros2_ws/install/rob599_msgs/include/rob599_msgs/rob599_msgs/msg
[0.623s] -- Up-to-date: /home/chelse/ros2_ws/install/rob599_msgs/include/rob599_msgs/rob599_msgs/msg/rosidl_typesupport_fastrtps_cpp__visibility_control.h
[0.623s] -- Up-to-date: /home/chelse/ros2_ws/install/rob599_msgs/include/rob599_msgs/rob599_msgs/srv
[0.623s] -- Up-to-date: /home/chelse/ros2_ws/install/rob599_msgs/include/rob599_msgs/rob599_msgs/srv/detail
[0.623s] -- Up-to-date: /home/chelse/ros2_ws/install/rob599_msgs/include/rob599_msgs/rob599_msgs/srv/detail/doubler__rosidl_typesupport_fastrtps_cpp.hpp
[0.623s] -- Up-to-date: /home/chelse/ros2_ws/install/rob599_msgs/include/rob599_msgs/rob599_msgs/srv/detail/dds_fastrtps
[0.623s] -- Up-to-date: /home/chelse/ros2_ws/install/rob599_msgs/include/rob599_msgs/rob599_msgs/srv/detail/fib_service__rosidl_typesupport_fastrtps_cpp.hpp
[0.623s] -- Up-to-date: /home/chelse/ros2_ws/install/rob599_msgs/lib/librob599_msgs__rosidl_typesupport_fastrtps_cpp.so
[0.623s] -- Up-to-date: /home/chelse/ros2_ws/install/rob599_msgs/include/rob599_msgs/rob599_msgs
[0.623s] -- Up-to-date: /home/chelse/ros2_ws/install/rob599_msgs/include/rob599_msgs/rob599_msgs/action
[0.624s] -- Up-to-date: /home/chelse/ros2_ws/install/rob599_msgs/include/rob599_msgs/rob599_msgs/action/detail
[0.624s] -- Up-to-date: /home/chelse/ros2_ws/install/rob599_msgs/include/rob599_msgs/rob599_msgs/action/detail/fibonacci__rosidl_typesupport_introspection_cpp.hpp
[0.624s] -- Up-to-date: /home/chelse/ros2_ws/install/rob599_msgs/include/rob599_msgs/rob599_msgs/action/detail/fibonacci__type_support.cpp
[0.624s] -- Up-to-date: /home/chelse/ros2_ws/install/rob599_msgs/include/rob599_msgs/rob599_msgs/srv
[0.624s] -- Up-to-date: /home/chelse/ros2_ws/install/rob599_msgs/include/rob599_msgs/rob599_msgs/srv/detail
[0.624s] -- Up-to-date: /home/chelse/ros2_ws/install/rob599_msgs/include/rob599_msgs/rob599_msgs/srv/detail/doubler__type_support.cpp
[0.624s] -- Up-to-date: /home/chelse/ros2_ws/install/rob599_msgs/include/rob599_msgs/rob599_msgs/srv/detail/fib_service__rosidl_typesupport_introspection_cpp.hpp
[0.624s] -- Up-to-date: /home/chelse/ros2_ws/install/rob599_msgs/include/rob599_msgs/rob599_msgs/srv/detail/fib_service__type_support.cpp
[0.624s] -- Up-to-date: /home/chelse/ros2_ws/install/rob599_msgs/include/rob599_msgs/rob599_msgs/srv/detail/doubler__rosidl_typesupport_introspection_cpp.hpp
[0.624s] -- Up-to-date: /home/chelse/ros2_ws/install/rob599_msgs/lib/librob599_msgs__rosidl_typesupport_introspection_cpp.so
[0.624s] -- Up-to-date: /home/chelse/ros2_ws/install/rob599_msgs/lib/librob599_msgs__rosidl_typesupport_cpp.so
[0.624s] -- Up-to-date: /home/chelse/ros2_ws/install/rob599_msgs/share/rob599_msgs/environment/pythonpath.sh
[0.624s] -- Up-to-date: /home/chelse/ros2_ws/install/rob599_msgs/share/rob599_msgs/environment/pythonpath.dsv
[0.624s] -- Up-to-date: /home/chelse/ros2_ws/install/rob599_msgs/local/lib/python3.10/dist-packages/rob599_msgs-0.1.0-py3.10.egg-info
[0.624s] -- Installing: /home/chelse/ros2_ws/install/rob599_msgs/local/lib/python3.10/dist-packages/rob599_msgs-0.1.0-py3.10.egg-info/SOURCES.txt
[0.625s] -- Installing: /home/chelse/ros2_ws/install/rob599_msgs/local/lib/python3.10/dist-packages/rob599_msgs-0.1.0-py3.10.egg-info/PKG-INFO
[0.625s] -- Installing: /home/chelse/ros2_ws/install/rob599_msgs/local/lib/python3.10/dist-packages/rob599_msgs-0.1.0-py3.10.egg-info/top_level.txt
[0.625s] -- Installing: /home/chelse/ros2_ws/install/rob599_msgs/local/lib/python3.10/dist-packages/rob599_msgs-0.1.0-py3.10.egg-info/dependency_links.txt
[0.625s] -- Up-to-date: /home/chelse/ros2_ws/install/rob599_msgs/local/lib/python3.10/dist-packages/rob599_msgs
[0.625s] -- Up-to-date: /home/chelse/ros2_ws/install/rob599_msgs/local/lib/python3.10/dist-packages/rob599_msgs/action
[0.625s] -- Up-to-date: /home/chelse/ros2_ws/install/rob599_msgs/local/lib/python3.10/dist-packages/rob599_msgs/action/_fibonacci_s.c
[0.625s] -- Up-to-date: /home/chelse/ros2_ws/install/rob599_msgs/local/lib/python3.10/dist-packages/rob599_msgs/action/__init__.py
[0.625s] -- Up-to-date: /home/chelse/ros2_ws/install/rob599_msgs/local/lib/python3.10/dist-packages/rob599_msgs/action/_fibonacci.py
[0.625s] -- Up-to-date: /home/chelse/ros2_ws/install/rob599_msgs/local/lib/python3.10/dist-packages/rob599_msgs/rob599_msgs_s__rosidl_typesupport_fastrtps_c.cpython-310-x86_64-linux-gnu.so
[0.625s] -- Up-to-date: /home/chelse/ros2_ws/install/rob599_msgs/local/lib/python3.10/dist-packages/rob599_msgs/librob599_msgs__rosidl_generator_py.so
[0.626s] -- Up-to-date: /home/chelse/ros2_ws/install/rob599_msgs/local/lib/python3.10/dist-packages/rob599_msgs/_rob599_msgs_s.ep.rosidl_typesupport_c.c
[0.626s] -- Up-to-date: /home/chelse/ros2_ws/install/rob599_msgs/local/lib/python3.10/dist-packages/rob599_msgs/rob599_msgs_s__rosidl_typesupport_c.cpython-310-x86_64-linux-gnu.so
[0.626s] -- Up-to-date: /home/chelse/ros2_ws/install/rob599_msgs/local/lib/python3.10/dist-packages/rob599_msgs/__init__.py
[0.626s] -- Up-to-date: /home/chelse/ros2_ws/install/rob599_msgs/local/lib/python3.10/dist-packages/rob599_msgs/rob599_msgs_s__rosidl_typesupport_introspection_c.cpython-310-x86_64-linux-gnu.so
[0.626s] -- Up-to-date: /home/chelse/ros2_ws/install/rob599_msgs/local/lib/python3.10/dist-packages/rob599_msgs/_rob599_msgs_s.ep.rosidl_typesupport_fastrtps_c.c
[0.626s] -- Up-to-date: /home/chelse/ros2_ws/install/rob599_msgs/local/lib/python3.10/dist-packages/rob599_msgs/srv
[0.626s] -- Up-to-date: /home/chelse/ros2_ws/install/rob599_msgs/local/lib/python3.10/dist-packages/rob599_msgs/srv/_doubler.py
[0.626s] -- Up-to-date: /home/chelse/ros2_ws/install/rob599_msgs/local/lib/python3.10/dist-packages/rob599_msgs/srv/__init__.py
[0.626s] -- Up-to-date: /home/chelse/ros2_ws/install/rob599_msgs/local/lib/python3.10/dist-packages/rob599_msgs/srv/_fib_service_s.c
[0.627s] -- Up-to-date: /home/chelse/ros2_ws/install/rob599_msgs/local/lib/python3.10/dist-packages/rob599_msgs/srv/_doubler_s.c
[0.627s] -- Up-to-date: /home/chelse/ros2_ws/install/rob599_msgs/local/lib/python3.10/dist-packages/rob599_msgs/srv/_fib_service.py
[0.627s] -- Up-to-date: /home/chelse/ros2_ws/install/rob599_msgs/local/lib/python3.10/dist-packages/rob599_msgs/_rob599_msgs_s.ep.rosidl_typesupport_introspection_c.c
[0.656s] Listing '/home/chelse/ros2_ws/install/rob599_msgs/local/lib/python3.10/dist-packages/rob599_msgs'...
[0.656s] Listing '/home/chelse/ros2_ws/install/rob599_msgs/local/lib/python3.10/dist-packages/rob599_msgs/action'...
[0.657s] Listing '/home/chelse/ros2_ws/install/rob599_msgs/local/lib/python3.10/dist-packages/rob599_msgs/srv'...
[0.660s] -- Up-to-date: /home/chelse/ros2_ws/install/rob599_msgs/local/lib/python3.10/dist-packages/rob599_msgs/rob599_msgs_s__rosidl_typesupport_fastrtps_c.cpython-310-x86_64-linux-gnu.so
[0.661s] -- Up-to-date: /home/chelse/ros2_ws/install/rob599_msgs/local/lib/python3.10/dist-packages/rob599_msgs/rob599_msgs_s__rosidl_typesupport_introspection_c.cpython-310-x86_64-linux-gnu.so
[0.661s] -- Up-to-date: /home/chelse/ros2_ws/install/rob599_msgs/local/lib/python3.10/dist-packages/rob599_msgs/rob599_msgs_s__rosidl_typesupport_c.cpython-310-x86_64-linux-gnu.so
[0.661s] -- Up-to-date: /home/chelse/ros2_ws/install/rob599_msgs/lib/librob599_msgs__rosidl_generator_py.so
[0.662s] -- Up-to-date: /home/chelse/ros2_ws/install/rob599_msgs/share/rob599_msgs/srv/Doubler.idl
[0.662s] -- Up-to-date: /home/chelse/ros2_ws/install/rob599_msgs/share/rob599_msgs/srv/FibService.idl
[0.662s] -- Up-to-date: /home/chelse/ros2_ws/install/rob599_msgs/share/rob599_msgs/action/Fibonacci.idl
[0.662s] -- Up-to-date: /home/chelse/ros2_ws/install/rob599_msgs/share/rob599_msgs/srv/Doubler.srv
[0.662s] -- Up-to-date: /home/chelse/ros2_ws/install/rob599_msgs/share/rob599_msgs/srv/Doubler_Request.msg
[0.662s] -- Up-to-date: /home/chelse/ros2_ws/install/rob599_msgs/share/rob599_msgs/srv/Doubler_Response.msg
[0.662s] -- Up-to-date: /home/chelse/ros2_ws/install/rob599_msgs/share/rob599_msgs/srv/FibService.srv
[0.662s] -- Up-to-date: /home/chelse/ros2_ws/install/rob599_msgs/share/rob599_msgs/srv/FibService_Request.msg
[0.662s] -- Up-to-date: /home/chelse/ros2_ws/install/rob599_msgs/share/rob599_msgs/srv/FibService_Response.msg
[0.662s] -- Up-to-date: /home/chelse/ros2_ws/install/rob599_msgs/share/rob599_msgs/action/Fibonacci.action
[0.662s] -- Up-to-date: /home/chelse/ros2_ws/install/rob599_msgs/share/ament_index/resource_index/package_run_dependencies/rob599_msgs
[0.663s] -- Up-to-date: /home/chelse/ros2_ws/install/rob599_msgs/share/ament_index/resource_index/parent_prefix_path/rob599_msgs
[0.663s] -- Up-to-date: /home/chelse/ros2_ws/install/rob599_msgs/share/rob599_msgs/environment/ament_prefix_path.sh
[0.663s] -- Up-to-date: /home/chelse/ros2_ws/install/rob599_msgs/share/rob599_msgs/environment/ament_prefix_path.dsv
[0.663s] -- Up-to-date: /home/chelse/ros2_ws/install/rob599_msgs/share/rob599_msgs/environment/path.sh
[0.663s] -- Up-to-date: /home/chelse/ros2_ws/install/rob599_msgs/share/rob599_msgs/environment/path.dsv
[0.663s] -- Up-to-date: /home/chelse/ros2_ws/install/rob599_msgs/share/rob599_msgs/local_setup.bash
[0.663s] -- Up-to-date: /home/chelse/ros2_ws/install/rob599_msgs/share/rob599_msgs/local_setup.sh
[0.663s] -- Up-to-date: /home/chelse/ros2_ws/install/rob599_msgs/share/rob599_msgs/local_setup.zsh
[0.663s] -- Up-to-date: /home/chelse/ros2_ws/install/rob599_msgs/share/rob599_msgs/local_setup.dsv
[0.663s] -- Installing: /home/chelse/ros2_ws/install/rob599_msgs/share/rob599_msgs/package.dsv
[0.663s] -- Up-to-date: /home/chelse/ros2_ws/install/rob599_msgs/share/ament_index/resource_index/packages/rob599_msgs
[0.663s] -- Up-to-date: /home/chelse/ros2_ws/install/rob599_msgs/share/rob599_msgs/cmake/export_rob599_msgs__rosidl_generator_cExport.cmake
[0.663s] -- Up-to-date: /home/chelse/ros2_ws/install/rob599_msgs/share/rob599_msgs/cmake/export_rob599_msgs__rosidl_generator_cExport-noconfig.cmake
[0.664s] -- Up-to-date: /home/chelse/ros2_ws/install/rob599_msgs/share/rob599_msgs/cmake/export_rob599_msgs__rosidl_typesupport_fastrtps_cExport.cmake
[0.664s] -- Up-to-date: /home/chelse/ros2_ws/install/rob599_msgs/share/rob599_msgs/cmake/export_rob599_msgs__rosidl_typesupport_fastrtps_cExport-noconfig.cmake
[0.664s] -- Up-to-date: /home/chelse/ros2_ws/install/rob599_msgs/share/rob599_msgs/cmake/rob599_msgs__rosidl_typesupport_introspection_cExport.cmake
[0.664s] -- Up-to-date: /home/chelse/ros2_ws/install/rob599_msgs/share/rob599_msgs/cmake/rob599_msgs__rosidl_typesupport_introspection_cExport-noconfig.cmake
[0.664s] -- Up-to-date: /home/chelse/ros2_ws/install/rob599_msgs/share/rob599_msgs/cmake/rob599_msgs__rosidl_typesupport_cExport.cmake
[0.664s] -- Up-to-date: /home/chelse/ros2_ws/install/rob599_msgs/share/rob599_msgs/cmake/rob599_msgs__rosidl_typesupport_cExport-noconfig.cmake
[0.664s] -- Up-to-date: /home/chelse/ros2_ws/install/rob599_msgs/share/rob599_msgs/cmake/export_rob599_msgs__rosidl_generator_cppExport.cmake
[0.664s] -- Up-to-date: /home/chelse/ros2_ws/install/rob599_msgs/share/rob599_msgs/cmake/export_rob599_msgs__rosidl_typesupport_fastrtps_cppExport.cmake
[0.664s] -- Up-to-date: /home/chelse/ros2_ws/install/rob599_msgs/share/rob599_msgs/cmake/export_rob599_msgs__rosidl_typesupport_fastrtps_cppExport-noconfig.cmake
[0.664s] -- Up-to-date: /home/chelse/ros2_ws/install/rob599_msgs/share/rob599_msgs/cmake/rob599_msgs__rosidl_typesupport_introspection_cppExport.cmake
[0.664s] -- Up-to-date: /home/chelse/ros2_ws/install/rob599_msgs/share/rob599_msgs/cmake/rob599_msgs__rosidl_typesupport_introspection_cppExport-noconfig.cmake
[0.665s] -- Up-to-date: /home/chelse/ros2_ws/install/rob599_msgs/share/rob599_msgs/cmake/rob599_msgs__rosidl_typesupport_cppExport.cmake
[0.665s] -- Up-to-date: /home/chelse/ros2_ws/install/rob599_msgs/share/rob599_msgs/cmake/rob599_msgs__rosidl_typesupport_cppExport-noconfig.cmake
[0.665s] -- Up-to-date: /home/chelse/ros2_ws/install/rob599_msgs/share/rob599_msgs/cmake/export_rob599_msgs__rosidl_generator_pyExport.cmake
[0.665s] -- Up-to-date: /home/chelse/ros2_ws/install/rob599_msgs/share/rob599_msgs/cmake/export_rob599_msgs__rosidl_generator_pyExport-noconfig.cmake
[0.665s] -- Up-to-date: /home/chelse/ros2_ws/install/rob599_msgs/share/rob599_msgs/cmake/rosidl_cmake-extras.cmake
[0.665s] -- Up-to-date: /home/chelse/ros2_ws/install/rob599_msgs/share/rob599_msgs/cmake/ament_cmake_export_dependencies-extras.cmake
[0.665s] -- Up-to-date: /home/chelse/ros2_ws/install/rob599_msgs/share/rob599_msgs/cmake/ament_cmake_export_include_directories-extras.cmake
[0.665s] -- Up-to-date: /home/chelse/ros2_ws/install/rob599_msgs/share/rob599_msgs/cmake/ament_cmake_export_libraries-extras.cmake
[0.665s] -- Up-to-date: /home/chelse/ros2_ws/install/rob599_msgs/share/rob599_msgs/cmake/ament_cmake_export_targets-extras.cmake
[0.665s] -- Up-to-date: /home/chelse/ros2_ws/install/rob599_msgs/share/rob599_msgs/cmake/rosidl_cmake_export_typesupport_targets-extras.cmake
[0.665s] -- Up-to-date: /home/chelse/ros2_ws/install/rob599_msgs/share/rob599_msgs/cmake/rosidl_cmake_export_typesupport_libraries-extras.cmake
[0.665s] -- Up-to-date: /home/chelse/ros2_ws/install/rob599_msgs/share/rob599_msgs/cmake/rob599_msgsConfig.cmake
[0.666s] -- Up-to-date: /home/chelse/ros2_ws/install/rob599_msgs/share/rob599_msgs/cmake/rob599_msgsConfig-version.cmake
[0.666s] -- Up-to-date: /home/chelse/ros2_ws/install/rob599_msgs/share/rob599_msgs/package.xml
[0.667s] Invoked command in '/home/chelse/ros2_ws/build/rob599_msgs' returned '0': CMAKE_PREFIX_PATH=${CMAKE_PREFIX_PATH}:/home/chelse/ros2_ws/install/rob599_basic:/opt/ros/humble /usr/bin/cmake --install /home/chelse/ros2_ws/build/rob599_msgs
