[0.474s] Invoking command in '/home/chelse/ros2_ws/build/rob599_hw2_msgs': CMAKE_PREFIX_PATH=${CMAKE_PREFIX_PATH}:/home/chelse/ros2_ws/install/rob599_hw3:/home/chelse/ros2_ws/install/rob599_hw2:/opt/ros/humble /usr/bin/cmake --build /home/chelse/ros2_ws/build/rob599_hw2_msgs -- -j12 -l12
[0.563s] -- Found ament_cmake: 1.3.7 (/opt/ros/humble/share/ament_cmake/cmake)
[1.000s] -- Found rosidl_default_generators: 1.2.0 (/opt/ros/humble/share/rosidl_default_generators/cmake)
[1.007s] -- Using all available rosidl_typesupport_c: rosidl_typesupport_fastrtps_c;rosidl_typesupport_introspection_c
[1.020s] -- Found rosidl_adapter: 3.1.5 (/opt/ros/humble/share/rosidl_adapter/cmake)
[1.150s] -- Using all available rosidl_typesupport_cpp: rosidl_typesupport_fastrtps_cpp;rosidl_typesupport_introspection_cpp
[2.842s] -- Found ament_cmake_ros: 0.10.0 (/opt/ros/humble/share/ament_cmake_ros/cmake)
[3.405s] -- Using all available rosidl_typesupport_c: rosidl_typesupport_fastrtps_c;rosidl_typesupport_introspection_c
[4.247s] -- Using all available rosidl_typesupport_cpp: rosidl_typesupport_fastrtps_cpp;rosidl_typesupport_introspection_cpp
[4.326s] -- Found python_cmake_module: 0.10.0 (/opt/ros/humble/share/python_cmake_module/cmake)
[4.409s] -- Using PYTHON_EXECUTABLE: /usr/bin/python3
[4.409s] -- Using PYTHON_INCLUDE_DIRS: /usr/include/python3.10
[4.409s] -- Using PYTHON_LIBRARIES: /usr/lib/x86_64-linux-gnu/libpython3.10.so
[4.489s] -- Found ament_lint_auto: 0.12.10 (/opt/ros/humble/share/ament_lint_auto/cmake)
[4.529s] -- Added test 'lint_cmake' to check CMake code style
[4.535s] -- Added test 'xmllint' to check XML markup files
[4.541s] -- Configuring done
[4.699s] -- Generating done
[4.711s] -- Build files have been written to: /home/chelse/ros2_ws/build/rob599_hw2_msgs
[4.792s] [  1%] [34m[1mGenerating C code for ROS interfaces[0m
[4.828s] [  2%] [34m[1mGenerating C++ code for ROS interfaces[0m
[4.862s] [  2%] Built target ament_cmake_python_copy_rob599_hw2_msgs
[5.804s] running egg_info
[5.807s] writing rob599_hw2_msgs.egg-info/PKG-INFO
[5.807s] writing dependency_links to rob599_hw2_msgs.egg-info/dependency_links.txt
[5.808s] writing top-level names to rob599_hw2_msgs.egg-info/top_level.txt
[5.818s] reading manifest file 'rob599_hw2_msgs.egg-info/SOURCES.txt'
[5.821s] writing manifest file 'rob599_hw2_msgs.egg-info/SOURCES.txt'
[5.903s] [  2%] Built target ament_cmake_python_build_rob599_hw2_msgs_egg
[9.207s] [  2%] Built target rob599_hw2_msgs__cpp
[9.240s] [  3%] [34m[1mGenerating C++ type support dispatch for ROS interfaces[0m
[9.244s] [  4%] [34m[1mGenerating C++ type support for eProsima Fast-RTPS[0m
[9.248s] [  5%] [34m[1mGenerating C++ introspection for ROS interfaces[0m
[9.748s] [35m[1mConsolidate compiler generated dependencies of target rob599_hw2_msgs__rosidl_generator_c[0m
[9.796s] [  6%] [32mBuilding C object CMakeFiles/rob599_hw2_msgs__rosidl_generator_c.dir/rosidl_generator_c/rob599_hw2_msgs/srv/detail/apply_brakes__functions.c.o[0m
[9.801s] [  7%] [32mBuilding C object CMakeFiles/rob599_hw2_msgs__rosidl_generator_c.dir/rosidl_generator_c/rob599_hw2_msgs/srv/detail/save_places__functions.c.o[0m
[9.814s] [  8%] [32mBuilding C object CMakeFiles/rob599_hw2_msgs__rosidl_generator_c.dir/rosidl_generator_c/rob599_hw2_msgs/srv/detail/load_places__functions.c.o[0m
[9.824s] [  9%] [32mBuilding C object CMakeFiles/rob599_hw2_msgs__rosidl_generator_c.dir/rosidl_generator_c/rob599_hw2_msgs/srv/detail/clear_positions__functions.c.o[0m
[9.825s] [ 10%] [32mBuilding C object CMakeFiles/rob599_hw2_msgs__rosidl_generator_c.dir/rosidl_generator_c/rob599_hw2_msgs/srv/detail/knock_knock__functions.c.o[0m
[9.834s] [ 11%] [32mBuilding C object CMakeFiles/rob599_hw2_msgs__rosidl_generator_c.dir/rosidl_generator_c/rob599_hw2_msgs/srv/detail/memorize_position__functions.c.o[0m
[9.837s] [ 12%] [32mBuilding C object CMakeFiles/rob599_hw2_msgs__rosidl_generator_c.dir/rosidl_generator_c/rob599_hw2_msgs/action/detail/go_to__functions.c.o[0m
[9.840s] [ 13%] [32mBuilding C object CMakeFiles/rob599_hw2_msgs__rosidl_generator_c.dir/rosidl_generator_c/rob599_hw2_msgs/action/detail/launch_rocket__functions.c.o[0m
[9.864s] [ 14%] [32mBuilding C object CMakeFiles/rob599_hw2_msgs__rosidl_generator_c.dir/rosidl_generator_c/rob599_hw2_msgs/action/detail/patrol__functions.c.o[0m
[10.535s] [ 15%] [32m[1mLinking C shared library librob599_hw2_msgs__rosidl_generator_c.so[0m
[10.730s] [ 15%] Built target rob599_hw2_msgs__rosidl_generator_c
[10.777s] [ 16%] [34m[1mGenerating C type support dispatch for ROS interfaces[0m
[10.784s] [ 17%] [34m[1mGenerating C introspection for ROS interfaces[0m
[10.792s] [ 18%] [34m[1mGenerating C type support for eProsima Fast-RTPS[0m
[12.700s] [35m[1mConsolidate compiler generated dependencies of target rob599_hw2_msgs__rosidl_typesupport_cpp[0m
[12.782s] [ 20%] [32mBuilding CXX object CMakeFiles/rob599_hw2_msgs__rosidl_typesupport_cpp.dir/rosidl_typesupport_cpp/rob599_hw2_msgs/srv/apply_brakes__type_support.cpp.o[0m
[12.795s] [ 21%] [32mBuilding CXX object CMakeFiles/rob599_hw2_msgs__rosidl_typesupport_cpp.dir/rosidl_typesupport_cpp/rob599_hw2_msgs/srv/memorize_position__type_support.cpp.o[0m
[12.812s] [ 22%] [32mBuilding CXX object CMakeFiles/rob599_hw2_msgs__rosidl_typesupport_cpp.dir/rosidl_typesupport_cpp/rob599_hw2_msgs/srv/clear_positions__type_support.cpp.o[0m
[12.822s] [ 23%] [32mBuilding CXX object CMakeFiles/rob599_hw2_msgs__rosidl_typesupport_cpp.dir/rosidl_typesupport_cpp/rob599_hw2_msgs/action/launch_rocket__type_support.cpp.o[0m
[12.828s] [ 24%] [32mBuilding CXX object CMakeFiles/rob599_hw2_msgs__rosidl_typesupport_cpp.dir/rosidl_typesupport_cpp/rob599_hw2_msgs/srv/save_places__type_support.cpp.o[0m
[12.837s] [ 25%] [32mBuilding CXX object CMakeFiles/rob599_hw2_msgs__rosidl_typesupport_cpp.dir/rosidl_typesupport_cpp/rob599_hw2_msgs/srv/knock_knock__type_support.cpp.o[0m
[12.848s] [ 26%] [32mBuilding CXX object CMakeFiles/rob599_hw2_msgs__rosidl_typesupport_cpp.dir/rosidl_typesupport_cpp/rob599_hw2_msgs/srv/load_places__type_support.cpp.o[0m
[14.713s] [35m[1mConsolidate compiler generated dependencies of target rob599_hw2_msgs__rosidl_typesupport_introspection_cpp[0m
[14.763s] [ 27%] [32mBuilding CXX object CMakeFiles/rob599_hw2_msgs__rosidl_typesupport_cpp.dir/rosidl_typesupport_cpp/rob599_hw2_msgs/action/go_to__type_support.cpp.o[0m
[14.786s] [ 28%] [32mBuilding CXX object CMakeFiles/rob599_hw2_msgs__rosidl_typesupport_cpp.dir/rosidl_typesupport_cpp/rob599_hw2_msgs/action/patrol__type_support.cpp.o[0m
[14.868s] [ 29%] [32mBuilding CXX object CMakeFiles/rob599_hw2_msgs__rosidl_typesupport_introspection_cpp.dir/rosidl_typesupport_introspection_cpp/rob599_hw2_msgs/srv/detail/apply_brakes__type_support.cpp.o[0m
[14.891s] [ 30%] [32mBuilding CXX object CMakeFiles/rob599_hw2_msgs__rosidl_typesupport_introspection_cpp.dir/rosidl_typesupport_introspection_cpp/rob599_hw2_msgs/srv/detail/memorize_position__type_support.cpp.o[0m
[14.934s] [ 31%] [32mBuilding CXX object CMakeFiles/rob599_hw2_msgs__rosidl_typesupport_introspection_cpp.dir/rosidl_typesupport_introspection_cpp/rob599_hw2_msgs/srv/detail/save_places__type_support.cpp.o[0m
[14.944s] [ 32%] [32mBuilding CXX object CMakeFiles/rob599_hw2_msgs__rosidl_typesupport_introspection_cpp.dir/rosidl_typesupport_introspection_cpp/rob599_hw2_msgs/srv/detail/clear_positions__type_support.cpp.o[0m
[14.957s] [35m[1mConsolidate compiler generated dependencies of target rob599_hw2_msgs__rosidl_typesupport_c[0m
[15.079s] [ 33%] [32mBuilding CXX object CMakeFiles/rob599_hw2_msgs__rosidl_typesupport_c.dir/rosidl_typesupport_c/rob599_hw2_msgs/srv/apply_brakes__type_support.cpp.o[0m
[15.098s] [ 34%] [32mBuilding CXX object CMakeFiles/rob599_hw2_msgs__rosidl_typesupport_c.dir/rosidl_typesupport_c/rob599_hw2_msgs/srv/memorize_position__type_support.cpp.o[0m
[15.315s] [ 35%] [32mBuilding CXX object CMakeFiles/rob599_hw2_msgs__rosidl_typesupport_c.dir/rosidl_typesupport_c/rob599_hw2_msgs/srv/clear_positions__type_support.cpp.o[0m
[15.379s] [ 36%] [32mBuilding CXX object CMakeFiles/rob599_hw2_msgs__rosidl_typesupport_c.dir/rosidl_typesupport_c/rob599_hw2_msgs/srv/save_places__type_support.cpp.o[0m
[15.592s] [ 37%] [32mBuilding CXX object CMakeFiles/rob599_hw2_msgs__rosidl_typesupport_c.dir/rosidl_typesupport_c/rob599_hw2_msgs/srv/load_places__type_support.cpp.o[0m
[15.635s] [ 38%] [32mBuilding CXX object CMakeFiles/rob599_hw2_msgs__rosidl_typesupport_c.dir/rosidl_typesupport_c/rob599_hw2_msgs/srv/knock_knock__type_support.cpp.o[0m
[15.834s] [ 40%] [32mBuilding CXX object CMakeFiles/rob599_hw2_msgs__rosidl_typesupport_introspection_cpp.dir/rosidl_typesupport_introspection_cpp/rob599_hw2_msgs/srv/detail/load_places__type_support.cpp.o[0m
[15.880s] [ 41%] [32mBuilding CXX object CMakeFiles/rob599_hw2_msgs__rosidl_typesupport_c.dir/rosidl_typesupport_c/rob599_hw2_msgs/action/launch_rocket__type_support.cpp.o[0m
[16.135s] [ 42%] [32mBuilding CXX object CMakeFiles/rob599_hw2_msgs__rosidl_typesupport_c.dir/rosidl_typesupport_c/rob599_hw2_msgs/action/go_to__type_support.cpp.o[0m
[16.146s] [ 43%] [32mBuilding CXX object CMakeFiles/rob599_hw2_msgs__rosidl_typesupport_c.dir/rosidl_typesupport_c/rob599_hw2_msgs/action/patrol__type_support.cpp.o[0m
[16.513s] [ 44%] [32mBuilding CXX object CMakeFiles/rob599_hw2_msgs__rosidl_typesupport_introspection_cpp.dir/rosidl_typesupport_introspection_cpp/rob599_hw2_msgs/srv/detail/knock_knock__type_support.cpp.o[0m
[16.594s] [35m[1mConsolidate compiler generated dependencies of target rob599_hw2_msgs__rosidl_typesupport_fastrtps_cpp[0m
[16.632s] [ 45%] [32m[1mLinking CXX shared library librob599_hw2_msgs__rosidl_typesupport_c.so[0m
[16.805s] [ 46%] [32mBuilding CXX object CMakeFiles/rob599_hw2_msgs__rosidl_typesupport_fastrtps_cpp.dir/rosidl_typesupport_fastrtps_cpp/rob599_hw2_msgs/srv/detail/dds_fastrtps/apply_brakes__type_support.cpp.o[0m
[16.965s] [ 46%] Built target rob599_hw2_msgs__rosidl_typesupport_c
[17.067s] [ 47%] [32mBuilding CXX object CMakeFiles/rob599_hw2_msgs__rosidl_typesupport_introspection_cpp.dir/rosidl_typesupport_introspection_cpp/rob599_hw2_msgs/action/detail/launch_rocket__type_support.cpp.o[0m
[17.352s] [ 48%] [32mBuilding CXX object CMakeFiles/rob599_hw2_msgs__rosidl_typesupport_introspection_cpp.dir/rosidl_typesupport_introspection_cpp/rob599_hw2_msgs/action/detail/go_to__type_support.cpp.o[0m
[17.581s] [ 49%] [32mBuilding CXX object CMakeFiles/rob599_hw2_msgs__rosidl_typesupport_introspection_cpp.dir/rosidl_typesupport_introspection_cpp/rob599_hw2_msgs/action/detail/patrol__type_support.cpp.o[0m
[17.905s] [ 50%] [32mBuilding CXX object CMakeFiles/rob599_hw2_msgs__rosidl_typesupport_fastrtps_cpp.dir/rosidl_typesupport_fastrtps_cpp/rob599_hw2_msgs/srv/detail/dds_fastrtps/memorize_position__type_support.cpp.o[0m
[17.923s] [ 51%] [32m[1mLinking CXX shared library librob599_hw2_msgs__rosidl_typesupport_cpp.so[0m
[18.053s] [ 52%] [32mBuilding CXX object CMakeFiles/rob599_hw2_msgs__rosidl_typesupport_fastrtps_cpp.dir/rosidl_typesupport_fastrtps_cpp/rob599_hw2_msgs/srv/detail/dds_fastrtps/clear_positions__type_support.cpp.o[0m
[18.161s] [ 53%] [32mBuilding CXX object CMakeFiles/rob599_hw2_msgs__rosidl_typesupport_fastrtps_cpp.dir/rosidl_typesupport_fastrtps_cpp/rob599_hw2_msgs/srv/detail/dds_fastrtps/save_places__type_support.cpp.o[0m
[18.190s] [35m[1mConsolidate compiler generated dependencies of target rob599_hw2_msgs__rosidl_typesupport_fastrtps_c[0m
[18.204s] [35m[1mConsolidate compiler generated dependencies of target rob599_hw2_msgs__rosidl_typesupport_introspection_c[0m
[18.252s] [ 53%] Built target rob599_hw2_msgs__rosidl_typesupport_cpp
[18.291s] [ 54%] [32mBuilding C object CMakeFiles/rob599_hw2_msgs__rosidl_typesupport_introspection_c.dir/rosidl_typesupport_introspection_c/rob599_hw2_msgs/srv/detail/apply_brakes__type_support.c.o[0m
[18.325s] [ 55%] [32mBuilding C object CMakeFiles/rob599_hw2_msgs__rosidl_typesupport_introspection_c.dir/rosidl_typesupport_introspection_c/rob599_hw2_msgs/srv/detail/memorize_position__type_support.c.o[0m
[18.363s] [ 56%] [32mBuilding CXX object CMakeFiles/rob599_hw2_msgs__rosidl_typesupport_fastrtps_c.dir/rosidl_typesupport_fastrtps_c/rob599_hw2_msgs/srv/detail/apply_brakes__type_support_c.cpp.o[0m
[18.490s] [ 57%] [32mBuilding CXX object CMakeFiles/rob599_hw2_msgs__rosidl_typesupport_fastrtps_c.dir/rosidl_typesupport_fastrtps_c/rob599_hw2_msgs/srv/detail/memorize_position__type_support_c.cpp.o[0m
[18.597s] [ 58%] [32mBuilding CXX object CMakeFiles/rob599_hw2_msgs__rosidl_typesupport_fastrtps_c.dir/rosidl_typesupport_fastrtps_c/rob599_hw2_msgs/srv/detail/clear_positions__type_support_c.cpp.o[0m
[18.720s] [ 60%] [32mBuilding C object CMakeFiles/rob599_hw2_msgs__rosidl_typesupport_introspection_c.dir/rosidl_typesupport_introspection_c/rob599_hw2_msgs/srv/detail/clear_positions__type_support.c.o[0m
[19.071s] [ 61%] [32mBuilding C object CMakeFiles/rob599_hw2_msgs__rosidl_typesupport_introspection_c.dir/rosidl_typesupport_introspection_c/rob599_hw2_msgs/srv/detail/save_places__type_support.c.o[0m
[19.190s] [ 62%] [32mBuilding C object CMakeFiles/rob599_hw2_msgs__rosidl_typesupport_introspection_c.dir/rosidl_typesupport_introspection_c/rob599_hw2_msgs/srv/detail/load_places__type_support.c.o[0m
[19.425s] [ 63%] [32mBuilding C object CMakeFiles/rob599_hw2_msgs__rosidl_typesupport_introspection_c.dir/rosidl_typesupport_introspection_c/rob599_hw2_msgs/srv/detail/knock_knock__type_support.c.o[0m
[19.453s] [ 64%] [32mBuilding C object CMakeFiles/rob599_hw2_msgs__rosidl_typesupport_introspection_c.dir/rosidl_typesupport_introspection_c/rob599_hw2_msgs/action/detail/launch_rocket__type_support.c.o[0m
[19.630s] [ 65%] [32mBuilding C object CMakeFiles/rob599_hw2_msgs__rosidl_typesupport_introspection_c.dir/rosidl_typesupport_introspection_c/rob599_hw2_msgs/action/detail/go_to__type_support.c.o[0m
[19.754s] [ 66%] [32mBuilding CXX object CMakeFiles/rob599_hw2_msgs__rosidl_typesupport_fastrtps_cpp.dir/rosidl_typesupport_fastrtps_cpp/rob599_hw2_msgs/srv/detail/dds_fastrtps/load_places__type_support.cpp.o[0m
[19.790s] [ 67%] [32mBuilding CXX object CMakeFiles/rob599_hw2_msgs__rosidl_typesupport_fastrtps_cpp.dir/rosidl_typesupport_fastrtps_cpp/rob599_hw2_msgs/srv/detail/dds_fastrtps/knock_knock__type_support.cpp.o[0m
[19.916s] [ 68%] [32mBuilding CXX object CMakeFiles/rob599_hw2_msgs__rosidl_typesupport_fastrtps_cpp.dir/rosidl_typesupport_fastrtps_cpp/rob599_hw2_msgs/action/detail/dds_fastrtps/launch_rocket__type_support.cpp.o[0m
[20.085s] [ 69%] [32mBuilding C object CMakeFiles/rob599_hw2_msgs__rosidl_typesupport_introspection_c.dir/rosidl_typesupport_introspection_c/rob599_hw2_msgs/action/detail/patrol__type_support.c.o[0m
[20.188s] [ 70%] [32mBuilding CXX object CMakeFiles/rob599_hw2_msgs__rosidl_typesupport_fastrtps_c.dir/rosidl_typesupport_fastrtps_c/rob599_hw2_msgs/srv/detail/save_places__type_support_c.cpp.o[0m
[20.266s] [ 71%] [32mBuilding CXX object CMakeFiles/rob599_hw2_msgs__rosidl_typesupport_fastrtps_cpp.dir/rosidl_typesupport_fastrtps_cpp/rob599_hw2_msgs/action/detail/dds_fastrtps/go_to__type_support.cpp.o[0m
[20.439s] [ 72%] [32m[1mLinking C shared library librob599_hw2_msgs__rosidl_typesupport_introspection_c.so[0m
[20.695s] [ 73%] [32mBuilding CXX object CMakeFiles/rob599_hw2_msgs__rosidl_typesupport_fastrtps_c.dir/rosidl_typesupport_fastrtps_c/rob599_hw2_msgs/srv/detail/load_places__type_support_c.cpp.o[0m
[20.729s] [ 73%] Built target rob599_hw2_msgs__rosidl_typesupport_introspection_c
[20.777s] [ 74%] [32mBuilding CXX object CMakeFiles/rob599_hw2_msgs__rosidl_typesupport_fastrtps_c.dir/rosidl_typesupport_fastrtps_c/rob599_hw2_msgs/srv/detail/knock_knock__type_support_c.cpp.o[0m
[20.943s] [ 75%] [32mBuilding CXX object CMakeFiles/rob599_hw2_msgs__rosidl_typesupport_fastrtps_cpp.dir/rosidl_typesupport_fastrtps_cpp/rob599_hw2_msgs/action/detail/dds_fastrtps/patrol__type_support.cpp.o[0m
[21.090s] [ 76%] [32mBuilding CXX object CMakeFiles/rob599_hw2_msgs__rosidl_typesupport_fastrtps_c.dir/rosidl_typesupport_fastrtps_c/rob599_hw2_msgs/action/detail/launch_rocket__type_support_c.cpp.o[0m
[21.173s] [ 77%] [32mBuilding CXX object CMakeFiles/rob599_hw2_msgs__rosidl_typesupport_fastrtps_c.dir/rosidl_typesupport_fastrtps_c/rob599_hw2_msgs/action/detail/patrol__type_support_c.cpp.o[0m
[21.186s] [ 78%] [32mBuilding CXX object CMakeFiles/rob599_hw2_msgs__rosidl_typesupport_fastrtps_c.dir/rosidl_typesupport_fastrtps_c/rob599_hw2_msgs/action/detail/go_to__type_support_c.cpp.o[0m
[21.684s] [ 80%] [32m[1mLinking CXX shared library librob599_hw2_msgs__rosidl_typesupport_introspection_cpp.so[0m
[22.247s] [ 80%] Built target rob599_hw2_msgs__rosidl_typesupport_introspection_cpp
[23.114s] [ 81%] [32m[1mLinking CXX shared library librob599_hw2_msgs__rosidl_typesupport_fastrtps_c.so[0m
[23.386s] [ 81%] Built target rob599_hw2_msgs__rosidl_typesupport_fastrtps_c
[23.414s] [ 82%] [32m[1mLinking CXX shared library librob599_hw2_msgs__rosidl_typesupport_fastrtps_cpp.so[0m
[23.725s] [ 82%] Built target rob599_hw2_msgs__rosidl_typesupport_fastrtps_cpp
[23.785s] [ 82%] Built target rob599_hw2_msgs
[23.850s] [ 83%] [34m[1mGenerating Python code for ROS interfaces[0m
[32.025s] [ 83%] Built target rob599_hw2_msgs__py
[32.059s] [35m[1mConsolidate compiler generated dependencies of target rob599_hw2_msgs__rosidl_generator_py[0m
[32.125s] [ 85%] [32mBuilding C object CMakeFiles/rob599_hw2_msgs__rosidl_generator_py.dir/rosidl_generator_py/rob599_hw2_msgs/srv/_apply_brakes_s.c.o[0m
[32.127s] [ 86%] [32mBuilding C object CMakeFiles/rob599_hw2_msgs__rosidl_generator_py.dir/rosidl_generator_py/rob599_hw2_msgs/srv/_clear_positions_s.c.o[0m
[32.128s] [ 86%] [32mBuilding C object CMakeFiles/rob599_hw2_msgs__rosidl_generator_py.dir/rosidl_generator_py/rob599_hw2_msgs/srv/_memorize_position_s.c.o[0m
[32.130s] [ 87%] [32mBuilding C object CMakeFiles/rob599_hw2_msgs__rosidl_generator_py.dir/rosidl_generator_py/rob599_hw2_msgs/srv/_load_places_s.c.o[0m
[32.132s] [ 88%] [32mBuilding C object CMakeFiles/rob599_hw2_msgs__rosidl_generator_py.dir/rosidl_generator_py/rob599_hw2_msgs/srv/_knock_knock_s.c.o[0m
[32.135s] [ 89%] [32mBuilding C object CMakeFiles/rob599_hw2_msgs__rosidl_generator_py.dir/rosidl_generator_py/rob599_hw2_msgs/action/_go_to_s.c.o[0m
[32.142s] [ 90%] [32mBuilding C object CMakeFiles/rob599_hw2_msgs__rosidl_generator_py.dir/rosidl_generator_py/rob599_hw2_msgs/srv/_save_places_s.c.o[0m
[32.143s] [ 91%] [32mBuilding C object CMakeFiles/rob599_hw2_msgs__rosidl_generator_py.dir/rosidl_generator_py/rob599_hw2_msgs/action/_patrol_s.c.o[0m
[32.146s] [ 92%] [32mBuilding C object CMakeFiles/rob599_hw2_msgs__rosidl_generator_py.dir/rosidl_generator_py/rob599_hw2_msgs/action/_launch_rocket_s.c.o[0m
[32.760s] [ 93%] [32m[1mLinking C shared library rosidl_generator_py/rob599_hw2_msgs/librob599_hw2_msgs__rosidl_generator_py.so[0m
[32.922s] [ 93%] Built target rob599_hw2_msgs__rosidl_generator_py
[32.960s] [35m[1mConsolidate compiler generated dependencies of target rob599_hw2_msgs__rosidl_typesupport_c__pyext[0m
[32.960s] [35m[1mConsolidate compiler generated dependencies of target rob599_hw2_msgs__rosidl_typesupport_fastrtps_c__pyext[0m
[32.962s] [35m[1mConsolidate compiler generated dependencies of target rob599_hw2_msgs__rosidl_typesupport_introspection_c__pyext[0m
[33.004s] [ 94%] [32mBuilding C object CMakeFiles/rob599_hw2_msgs__rosidl_typesupport_fastrtps_c__pyext.dir/rosidl_generator_py/rob599_hw2_msgs/_rob599_hw2_msgs_s.ep.rosidl_typesupport_fastrtps_c.c.o[0m
[33.009s] [ 95%] [32mBuilding C object CMakeFiles/rob599_hw2_msgs__rosidl_typesupport_introspection_c__pyext.dir/rosidl_generator_py/rob599_hw2_msgs/_rob599_hw2_msgs_s.ep.rosidl_typesupport_introspection_c.c.o[0m
[33.009s] [ 96%] [32mBuilding C object CMakeFiles/rob599_hw2_msgs__rosidl_typesupport_c__pyext.dir/rosidl_generator_py/rob599_hw2_msgs/_rob599_hw2_msgs_s.ep.rosidl_typesupport_c.c.o[0m
[33.644s] [ 97%] [32m[1mLinking C shared library rosidl_generator_py/rob599_hw2_msgs/rob599_hw2_msgs_s__rosidl_typesupport_c.cpython-310-x86_64-linux-gnu.so[0m
[33.676s] [ 98%] [32m[1mLinking C shared library rosidl_generator_py/rob599_hw2_msgs/rob599_hw2_msgs_s__rosidl_typesupport_introspection_c.cpython-310-x86_64-linux-gnu.so[0m
[33.763s] [100%] [32m[1mLinking C shared library rosidl_generator_py/rob599_hw2_msgs/rob599_hw2_msgs_s__rosidl_typesupport_fastrtps_c.cpython-310-x86_64-linux-gnu.so[0m
[33.784s] [100%] Built target rob599_hw2_msgs__rosidl_typesupport_c__pyext
[33.808s] [100%] Built target rob599_hw2_msgs__rosidl_typesupport_introspection_c__pyext
[33.899s] [100%] Built target rob599_hw2_msgs__rosidl_typesupport_fastrtps_c__pyext
[33.942s] Invoked command in '/home/chelse/ros2_ws/build/rob599_hw2_msgs' returned '0': CMAKE_PREFIX_PATH=${CMAKE_PREFIX_PATH}:/home/chelse/ros2_ws/install/rob599_hw3:/home/chelse/ros2_ws/install/rob599_hw2:/opt/ros/humble /usr/bin/cmake --build /home/chelse/ros2_ws/build/rob599_hw2_msgs -- -j12 -l12
[34.730s] Invoking command in '/home/chelse/ros2_ws/build/rob599_hw2_msgs': CMAKE_PREFIX_PATH=${CMAKE_PREFIX_PATH}:/home/chelse/ros2_ws/install/rob599_hw3:/home/chelse/ros2_ws/install/rob599_hw2:/opt/ros/humble /usr/bin/cmake --install /home/chelse/ros2_ws/build/rob599_hw2_msgs
[34.758s] -- Install configuration: ""
[34.758s] -- Installing: /home/chelse/ros2_ws/install/rob599_hw2_msgs/share/ament_index/resource_index/rosidl_interfaces/rob599_hw2_msgs
[34.759s] -- Up-to-date: /home/chelse/ros2_ws/install/rob599_hw2_msgs/include/rob599_hw2_msgs/rob599_hw2_msgs
[34.760s] -- Up-to-date: /home/chelse/ros2_ws/install/rob599_hw2_msgs/include/rob599_hw2_msgs/rob599_hw2_msgs/action
[34.760s] -- Up-to-date: /home/chelse/ros2_ws/install/rob599_hw2_msgs/include/rob599_hw2_msgs/rob599_hw2_msgs/action/detail
[34.760s] -- Installing: /home/chelse/ros2_ws/install/rob599_hw2_msgs/include/rob599_hw2_msgs/rob599_hw2_msgs/action/detail/launch_rocket__functions.h
[34.761s] -- Installing: /home/chelse/ros2_ws/install/rob599_hw2_msgs/include/rob599_hw2_msgs/rob599_hw2_msgs/action/detail/go_to__struct.h
[34.761s] -- Installing: /home/chelse/ros2_ws/install/rob599_hw2_msgs/include/rob599_hw2_msgs/rob599_hw2_msgs/action/detail/launch_rocket__struct.h
[34.762s] -- Installing: /home/chelse/ros2_ws/install/rob599_hw2_msgs/include/rob599_hw2_msgs/rob599_hw2_msgs/action/detail/patrol__functions.h
[34.762s] -- Installing: /home/chelse/ros2_ws/install/rob599_hw2_msgs/include/rob599_hw2_msgs/rob599_hw2_msgs/action/detail/patrol__type_support.h
[34.763s] -- Installing: /home/chelse/ros2_ws/install/rob599_hw2_msgs/include/rob599_hw2_msgs/rob599_hw2_msgs/action/detail/go_to__type_support.h
[34.763s] -- Installing: /home/chelse/ros2_ws/install/rob599_hw2_msgs/include/rob599_hw2_msgs/rob599_hw2_msgs/action/detail/launch_rocket__functions.c
[34.763s] -- Installing: /home/chelse/ros2_ws/install/rob599_hw2_msgs/include/rob599_hw2_msgs/rob599_hw2_msgs/action/detail/patrol__functions.c
[34.764s] -- Installing: /home/chelse/ros2_ws/install/rob599_hw2_msgs/include/rob599_hw2_msgs/rob599_hw2_msgs/action/detail/patrol__struct.h
[34.765s] -- Installing: /home/chelse/ros2_ws/install/rob599_hw2_msgs/include/rob599_hw2_msgs/rob599_hw2_msgs/action/detail/go_to__functions.h
[34.766s] -- Installing: /home/chelse/ros2_ws/install/rob599_hw2_msgs/include/rob599_hw2_msgs/rob599_hw2_msgs/action/detail/launch_rocket__type_support.h
[34.766s] -- Installing: /home/chelse/ros2_ws/install/rob599_hw2_msgs/include/rob599_hw2_msgs/rob599_hw2_msgs/action/detail/go_to__functions.c
[34.767s] -- Installing: /home/chelse/ros2_ws/install/rob599_hw2_msgs/include/rob599_hw2_msgs/rob599_hw2_msgs/action/launch_rocket.h
[34.768s] -- Installing: /home/chelse/ros2_ws/install/rob599_hw2_msgs/include/rob599_hw2_msgs/rob599_hw2_msgs/action/go_to.h
[34.769s] -- Installing: /home/chelse/ros2_ws/install/rob599_hw2_msgs/include/rob599_hw2_msgs/rob599_hw2_msgs/action/patrol.h
[34.769s] -- Up-to-date: /home/chelse/ros2_ws/install/rob599_hw2_msgs/include/rob599_hw2_msgs/rob599_hw2_msgs/msg
[34.770s] -- Up-to-date: /home/chelse/ros2_ws/install/rob599_hw2_msgs/include/rob599_hw2_msgs/rob599_hw2_msgs/msg/rosidl_generator_c__visibility_control.h
[34.770s] -- Up-to-date: /home/chelse/ros2_ws/install/rob599_hw2_msgs/include/rob599_hw2_msgs/rob599_hw2_msgs/srv
[34.770s] -- Installing: /home/chelse/ros2_ws/install/rob599_hw2_msgs/include/rob599_hw2_msgs/rob599_hw2_msgs/srv/clear_positions.h
[34.771s] -- Up-to-date: /home/chelse/ros2_ws/install/rob599_hw2_msgs/include/rob599_hw2_msgs/rob599_hw2_msgs/srv/detail
[34.771s] -- Installing: /home/chelse/ros2_ws/install/rob599_hw2_msgs/include/rob599_hw2_msgs/rob599_hw2_msgs/srv/detail/save_places__functions.c
[34.772s] -- Installing: /home/chelse/ros2_ws/install/rob599_hw2_msgs/include/rob599_hw2_msgs/rob599_hw2_msgs/srv/detail/load_places__struct.h
[34.772s] -- Installing: /home/chelse/ros2_ws/install/rob599_hw2_msgs/include/rob599_hw2_msgs/rob599_hw2_msgs/srv/detail/knock_knock__functions.h
[34.772s] -- Installing: /home/chelse/ros2_ws/install/rob599_hw2_msgs/include/rob599_hw2_msgs/rob599_hw2_msgs/srv/detail/save_places__functions.h
[34.772s] -- Installing: /home/chelse/ros2_ws/install/rob599_hw2_msgs/include/rob599_hw2_msgs/rob599_hw2_msgs/srv/detail/clear_positions__type_support.h
[34.773s] -- Installing: /home/chelse/ros2_ws/install/rob599_hw2_msgs/include/rob599_hw2_msgs/rob599_hw2_msgs/srv/detail/apply_brakes__type_support.h
[34.773s] -- Installing: /home/chelse/ros2_ws/install/rob599_hw2_msgs/include/rob599_hw2_msgs/rob599_hw2_msgs/srv/detail/knock_knock__struct.h
[34.773s] -- Installing: /home/chelse/ros2_ws/install/rob599_hw2_msgs/include/rob599_hw2_msgs/rob599_hw2_msgs/srv/detail/clear_positions__struct.h
[34.774s] -- Installing: /home/chelse/ros2_ws/install/rob599_hw2_msgs/include/rob599_hw2_msgs/rob599_hw2_msgs/srv/detail/load_places__functions.c
[34.774s] -- Installing: /home/chelse/ros2_ws/install/rob599_hw2_msgs/include/rob599_hw2_msgs/rob599_hw2_msgs/srv/detail/memorize_position__functions.c
[34.775s] -- Installing: /home/chelse/ros2_ws/install/rob599_hw2_msgs/include/rob599_hw2_msgs/rob599_hw2_msgs/srv/detail/apply_brakes__struct.h
[34.776s] -- Installing: /home/chelse/ros2_ws/install/rob599_hw2_msgs/include/rob599_hw2_msgs/rob599_hw2_msgs/srv/detail/knock_knock__type_support.h
[34.776s] -- Installing: /home/chelse/ros2_ws/install/rob599_hw2_msgs/include/rob599_hw2_msgs/rob599_hw2_msgs/srv/detail/clear_positions__functions.h
[34.777s] -- Installing: /home/chelse/ros2_ws/install/rob599_hw2_msgs/include/rob599_hw2_msgs/rob599_hw2_msgs/srv/detail/apply_brakes__functions.c
[34.777s] -- Installing: /home/chelse/ros2_ws/install/rob599_hw2_msgs/include/rob599_hw2_msgs/rob599_hw2_msgs/srv/detail/memorize_position__type_support.h
[34.778s] -- Installing: /home/chelse/ros2_ws/install/rob599_hw2_msgs/include/rob599_hw2_msgs/rob599_hw2_msgs/srv/detail/load_places__type_support.h
[34.778s] -- Installing: /home/chelse/ros2_ws/install/rob599_hw2_msgs/include/rob599_hw2_msgs/rob599_hw2_msgs/srv/detail/apply_brakes__functions.h
[34.778s] -- Installing: /home/chelse/ros2_ws/install/rob599_hw2_msgs/include/rob599_hw2_msgs/rob599_hw2_msgs/srv/detail/save_places__struct.h
[34.779s] -- Installing: /home/chelse/ros2_ws/install/rob599_hw2_msgs/include/rob599_hw2_msgs/rob599_hw2_msgs/srv/detail/clear_positions__functions.c
[34.779s] -- Installing: /home/chelse/ros2_ws/install/rob599_hw2_msgs/include/rob599_hw2_msgs/rob599_hw2_msgs/srv/detail/knock_knock__functions.c
[34.780s] -- Installing: /home/chelse/ros2_ws/install/rob599_hw2_msgs/include/rob599_hw2_msgs/rob599_hw2_msgs/srv/detail/save_places__type_support.h
[34.780s] -- Installing: /home/chelse/ros2_ws/install/rob599_hw2_msgs/include/rob599_hw2_msgs/rob599_hw2_msgs/srv/detail/memorize_position__functions.h
[34.781s] -- Installing: /home/chelse/ros2_ws/install/rob599_hw2_msgs/include/rob599_hw2_msgs/rob599_hw2_msgs/srv/detail/memorize_position__struct.h
[34.781s] -- Installing: /home/chelse/ros2_ws/install/rob599_hw2_msgs/include/rob599_hw2_msgs/rob599_hw2_msgs/srv/detail/load_places__functions.h
[34.782s] -- Installing: /home/chelse/ros2_ws/install/rob599_hw2_msgs/include/rob599_hw2_msgs/rob599_hw2_msgs/srv/memorize_position.h
[34.783s] -- Installing: /home/chelse/ros2_ws/install/rob599_hw2_msgs/include/rob599_hw2_msgs/rob599_hw2_msgs/srv/apply_brakes.h
[34.783s] -- Installing: /home/chelse/ros2_ws/install/rob599_hw2_msgs/include/rob599_hw2_msgs/rob599_hw2_msgs/srv/knock_knock.h
[34.783s] -- Installing: /home/chelse/ros2_ws/install/rob599_hw2_msgs/include/rob599_hw2_msgs/rob599_hw2_msgs/srv/load_places.h
[34.784s] -- Installing: /home/chelse/ros2_ws/install/rob599_hw2_msgs/include/rob599_hw2_msgs/rob599_hw2_msgs/srv/save_places.h
[34.784s] -- Up-to-date: /home/chelse/ros2_ws/install/rob599_hw2_msgs/share/rob599_hw2_msgs/environment/library_path.sh
[34.784s] -- Installing: /home/chelse/ros2_ws/install/rob599_hw2_msgs/share/rob599_hw2_msgs/environment/library_path.dsv
[34.785s] -- Installing: /home/chelse/ros2_ws/install/rob599_hw2_msgs/lib/librob599_hw2_msgs__rosidl_generator_c.so
[34.788s] -- Set runtime path of "/home/chelse/ros2_ws/install/rob599_hw2_msgs/lib/librob599_hw2_msgs__rosidl_generator_c.so" to ""
[34.788s] -- Up-to-date: /home/chelse/ros2_ws/install/rob599_hw2_msgs/include/rob599_hw2_msgs/rob599_hw2_msgs
[34.789s] -- Up-to-date: /home/chelse/ros2_ws/install/rob599_hw2_msgs/include/rob599_hw2_msgs/rob599_hw2_msgs/action
[34.789s] -- Up-to-date: /home/chelse/ros2_ws/install/rob599_hw2_msgs/include/rob599_hw2_msgs/rob599_hw2_msgs/action/detail
[34.790s] -- Installing: /home/chelse/ros2_ws/install/rob599_hw2_msgs/include/rob599_hw2_msgs/rob599_hw2_msgs/action/detail/launch_rocket__rosidl_typesupport_fastrtps_c.h
[34.790s] -- Installing: /home/chelse/ros2_ws/install/rob599_hw2_msgs/include/rob599_hw2_msgs/rob599_hw2_msgs/action/detail/patrol__rosidl_typesupport_fastrtps_c.h
[34.791s] -- Installing: /home/chelse/ros2_ws/install/rob599_hw2_msgs/include/rob599_hw2_msgs/rob599_hw2_msgs/action/detail/go_to__rosidl_typesupport_fastrtps_c.h
[34.791s] -- Up-to-date: /home/chelse/ros2_ws/install/rob599_hw2_msgs/include/rob599_hw2_msgs/rob599_hw2_msgs/msg
[34.792s] -- Up-to-date: /home/chelse/ros2_ws/install/rob599_hw2_msgs/include/rob599_hw2_msgs/rob599_hw2_msgs/msg/rosidl_typesupport_fastrtps_c__visibility_control.h
[34.792s] -- Up-to-date: /home/chelse/ros2_ws/install/rob599_hw2_msgs/include/rob599_hw2_msgs/rob599_hw2_msgs/srv
[34.793s] -- Up-to-date: /home/chelse/ros2_ws/install/rob599_hw2_msgs/include/rob599_hw2_msgs/rob599_hw2_msgs/srv/detail
[34.793s] -- Installing: /home/chelse/ros2_ws/install/rob599_hw2_msgs/include/rob599_hw2_msgs/rob599_hw2_msgs/srv/detail/clear_positions__rosidl_typesupport_fastrtps_c.h
[34.793s] -- Installing: /home/chelse/ros2_ws/install/rob599_hw2_msgs/include/rob599_hw2_msgs/rob599_hw2_msgs/srv/detail/apply_brakes__rosidl_typesupport_fastrtps_c.h
[34.793s] -- Installing: /home/chelse/ros2_ws/install/rob599_hw2_msgs/include/rob599_hw2_msgs/rob599_hw2_msgs/srv/detail/save_places__rosidl_typesupport_fastrtps_c.h
[34.794s] -- Installing: /home/chelse/ros2_ws/install/rob599_hw2_msgs/include/rob599_hw2_msgs/rob599_hw2_msgs/srv/detail/knock_knock__rosidl_typesupport_fastrtps_c.h
[34.794s] -- Installing: /home/chelse/ros2_ws/install/rob599_hw2_msgs/include/rob599_hw2_msgs/rob599_hw2_msgs/srv/detail/load_places__rosidl_typesupport_fastrtps_c.h
[34.794s] -- Installing: /home/chelse/ros2_ws/install/rob599_hw2_msgs/include/rob599_hw2_msgs/rob599_hw2_msgs/srv/detail/memorize_position__rosidl_typesupport_fastrtps_c.h
[34.794s] -- Installing: /home/chelse/ros2_ws/install/rob599_hw2_msgs/lib/librob599_hw2_msgs__rosidl_typesupport_fastrtps_c.so
[34.796s] -- Set runtime path of "/home/chelse/ros2_ws/install/rob599_hw2_msgs/lib/librob599_hw2_msgs__rosidl_typesupport_fastrtps_c.so" to ""
[34.796s] -- Up-to-date: /home/chelse/ros2_ws/install/rob599_hw2_msgs/include/rob599_hw2_msgs/rob599_hw2_msgs
[34.797s] -- Up-to-date: /home/chelse/ros2_ws/install/rob599_hw2_msgs/include/rob599_hw2_msgs/rob599_hw2_msgs/action
[34.797s] -- Up-to-date: /home/chelse/ros2_ws/install/rob599_hw2_msgs/include/rob599_hw2_msgs/rob599_hw2_msgs/action/detail
[34.797s] -- Installing: /home/chelse/ros2_ws/install/rob599_hw2_msgs/include/rob599_hw2_msgs/rob599_hw2_msgs/action/detail/patrol__rosidl_typesupport_introspection_c.h
[34.798s] -- Installing: /home/chelse/ros2_ws/install/rob599_hw2_msgs/include/rob599_hw2_msgs/rob599_hw2_msgs/action/detail/go_to__type_support.c
[34.798s] -- Installing: /home/chelse/ros2_ws/install/rob599_hw2_msgs/include/rob599_hw2_msgs/rob599_hw2_msgs/action/detail/go_to__rosidl_typesupport_introspection_c.h
[34.799s] -- Installing: /home/chelse/ros2_ws/install/rob599_hw2_msgs/include/rob599_hw2_msgs/rob599_hw2_msgs/action/detail/patrol__type_support.c
[34.799s] -- Installing: /home/chelse/ros2_ws/install/rob599_hw2_msgs/include/rob599_hw2_msgs/rob599_hw2_msgs/action/detail/launch_rocket__type_support.c
[34.800s] -- Installing: /home/chelse/ros2_ws/install/rob599_hw2_msgs/include/rob599_hw2_msgs/rob599_hw2_msgs/action/detail/launch_rocket__rosidl_typesupport_introspection_c.h
[34.801s] -- Up-to-date: /home/chelse/ros2_ws/install/rob599_hw2_msgs/include/rob599_hw2_msgs/rob599_hw2_msgs/msg
[34.801s] -- Up-to-date: /home/chelse/ros2_ws/install/rob599_hw2_msgs/include/rob599_hw2_msgs/rob599_hw2_msgs/msg/rosidl_typesupport_introspection_c__visibility_control.h
[34.801s] -- Up-to-date: /home/chelse/ros2_ws/install/rob599_hw2_msgs/include/rob599_hw2_msgs/rob599_hw2_msgs/srv
[34.801s] -- Up-to-date: /home/chelse/ros2_ws/install/rob599_hw2_msgs/include/rob599_hw2_msgs/rob599_hw2_msgs/srv/detail
[34.802s] -- Installing: /home/chelse/ros2_ws/install/rob599_hw2_msgs/include/rob599_hw2_msgs/rob599_hw2_msgs/srv/detail/clear_positions__type_support.c
[34.803s] -- Installing: /home/chelse/ros2_ws/install/rob599_hw2_msgs/include/rob599_hw2_msgs/rob599_hw2_msgs/srv/detail/save_places__type_support.c
[34.803s] -- Installing: /home/chelse/ros2_ws/install/rob599_hw2_msgs/include/rob599_hw2_msgs/rob599_hw2_msgs/srv/detail/memorize_position__type_support.c
[34.804s] -- Installing: /home/chelse/ros2_ws/install/rob599_hw2_msgs/include/rob599_hw2_msgs/rob599_hw2_msgs/srv/detail/clear_positions__rosidl_typesupport_introspection_c.h
[34.804s] -- Installing: /home/chelse/ros2_ws/install/rob599_hw2_msgs/include/rob599_hw2_msgs/rob599_hw2_msgs/srv/detail/load_places__type_support.c
[34.805s] -- Installing: /home/chelse/ros2_ws/install/rob599_hw2_msgs/include/rob599_hw2_msgs/rob599_hw2_msgs/srv/detail/memorize_position__rosidl_typesupport_introspection_c.h
[34.805s] -- Installing: /home/chelse/ros2_ws/install/rob599_hw2_msgs/include/rob599_hw2_msgs/rob599_hw2_msgs/srv/detail/knock_knock__rosidl_typesupport_introspection_c.h
[34.806s] -- Installing: /home/chelse/ros2_ws/install/rob599_hw2_msgs/include/rob599_hw2_msgs/rob599_hw2_msgs/srv/detail/apply_brakes__rosidl_typesupport_introspection_c.h
[34.806s] -- Installing: /home/chelse/ros2_ws/install/rob599_hw2_msgs/include/rob599_hw2_msgs/rob599_hw2_msgs/srv/detail/load_places__rosidl_typesupport_introspection_c.h
[34.807s] -- Installing: /home/chelse/ros2_ws/install/rob599_hw2_msgs/include/rob599_hw2_msgs/rob599_hw2_msgs/srv/detail/apply_brakes__type_support.c
[34.808s] -- Installing: /home/chelse/ros2_ws/install/rob599_hw2_msgs/include/rob599_hw2_msgs/rob599_hw2_msgs/srv/detail/knock_knock__type_support.c
[34.808s] -- Installing: /home/chelse/ros2_ws/install/rob599_hw2_msgs/include/rob599_hw2_msgs/rob599_hw2_msgs/srv/detail/save_places__rosidl_typesupport_introspection_c.h
[34.809s] -- Installing: /home/chelse/ros2_ws/install/rob599_hw2_msgs/lib/librob599_hw2_msgs__rosidl_typesupport_introspection_c.so
[34.811s] -- Set runtime path of "/home/chelse/ros2_ws/install/rob599_hw2_msgs/lib/librob599_hw2_msgs__rosidl_typesupport_introspection_c.so" to ""
[34.812s] -- Installing: /home/chelse/ros2_ws/install/rob599_hw2_msgs/lib/librob599_hw2_msgs__rosidl_typesupport_c.so
[34.815s] -- Set runtime path of "/home/chelse/ros2_ws/install/rob599_hw2_msgs/lib/librob599_hw2_msgs__rosidl_typesupport_c.so" to ""
[34.815s] -- Up-to-date: /home/chelse/ros2_ws/install/rob599_hw2_msgs/include/rob599_hw2_msgs/rob599_hw2_msgs
[34.816s] -- Up-to-date: /home/chelse/ros2_ws/install/rob599_hw2_msgs/include/rob599_hw2_msgs/rob599_hw2_msgs/action
[34.816s] -- Up-to-date: /home/chelse/ros2_ws/install/rob599_hw2_msgs/include/rob599_hw2_msgs/rob599_hw2_msgs/action/detail
[34.817s] -- Installing: /home/chelse/ros2_ws/install/rob599_hw2_msgs/include/rob599_hw2_msgs/rob599_hw2_msgs/action/detail/patrol__traits.hpp
[34.817s] -- Installing: /home/chelse/ros2_ws/install/rob599_hw2_msgs/include/rob599_hw2_msgs/rob599_hw2_msgs/action/detail/launch_rocket__traits.hpp
[34.817s] -- Installing: /home/chelse/ros2_ws/install/rob599_hw2_msgs/include/rob599_hw2_msgs/rob599_hw2_msgs/action/detail/patrol__builder.hpp
[34.817s] -- Installing: /home/chelse/ros2_ws/install/rob599_hw2_msgs/include/rob599_hw2_msgs/rob599_hw2_msgs/action/detail/go_to__traits.hpp
[34.818s] -- Installing: /home/chelse/ros2_ws/install/rob599_hw2_msgs/include/rob599_hw2_msgs/rob599_hw2_msgs/action/detail/launch_rocket__builder.hpp
[34.818s] -- Installing: /home/chelse/ros2_ws/install/rob599_hw2_msgs/include/rob599_hw2_msgs/rob599_hw2_msgs/action/detail/go_to__builder.hpp
[34.818s] -- Installing: /home/chelse/ros2_ws/install/rob599_hw2_msgs/include/rob599_hw2_msgs/rob599_hw2_msgs/action/detail/go_to__struct.hpp
[34.819s] -- Installing: /home/chelse/ros2_ws/install/rob599_hw2_msgs/include/rob599_hw2_msgs/rob599_hw2_msgs/action/detail/launch_rocket__struct.hpp
[34.819s] -- Installing: /home/chelse/ros2_ws/install/rob599_hw2_msgs/include/rob599_hw2_msgs/rob599_hw2_msgs/action/detail/patrol__struct.hpp
[34.820s] -- Installing: /home/chelse/ros2_ws/install/rob599_hw2_msgs/include/rob599_hw2_msgs/rob599_hw2_msgs/action/patrol.hpp
[34.821s] -- Installing: /home/chelse/ros2_ws/install/rob599_hw2_msgs/include/rob599_hw2_msgs/rob599_hw2_msgs/action/launch_rocket.hpp
[34.821s] -- Installing: /home/chelse/ros2_ws/install/rob599_hw2_msgs/include/rob599_hw2_msgs/rob599_hw2_msgs/action/go_to.hpp
[34.822s] -- Up-to-date: /home/chelse/ros2_ws/install/rob599_hw2_msgs/include/rob599_hw2_msgs/rob599_hw2_msgs/srv
[34.822s] -- Installing: /home/chelse/ros2_ws/install/rob599_hw2_msgs/include/rob599_hw2_msgs/rob599_hw2_msgs/srv/memorize_position.hpp
[34.823s] -- Installing: /home/chelse/ros2_ws/install/rob599_hw2_msgs/include/rob599_hw2_msgs/rob599_hw2_msgs/srv/clear_positions.hpp
[34.823s] -- Installing: /home/chelse/ros2_ws/install/rob599_hw2_msgs/include/rob599_hw2_msgs/rob599_hw2_msgs/srv/save_places.hpp
[34.824s] -- Installing: /home/chelse/ros2_ws/install/rob599_hw2_msgs/include/rob599_hw2_msgs/rob599_hw2_msgs/srv/load_places.hpp
[34.824s] -- Up-to-date: /home/chelse/ros2_ws/install/rob599_hw2_msgs/include/rob599_hw2_msgs/rob599_hw2_msgs/srv/detail
[34.824s] -- Installing: /home/chelse/ros2_ws/install/rob599_hw2_msgs/include/rob599_hw2_msgs/rob599_hw2_msgs/srv/detail/clear_positions__builder.hpp
[34.825s] -- Installing: /home/chelse/ros2_ws/install/rob599_hw2_msgs/include/rob599_hw2_msgs/rob599_hw2_msgs/srv/detail/apply_brakes__struct.hpp
[34.825s] -- Installing: /home/chelse/ros2_ws/install/rob599_hw2_msgs/include/rob599_hw2_msgs/rob599_hw2_msgs/srv/detail/save_places__traits.hpp
[34.826s] -- Installing: /home/chelse/ros2_ws/install/rob599_hw2_msgs/include/rob599_hw2_msgs/rob599_hw2_msgs/srv/detail/apply_brakes__traits.hpp
[34.826s] -- Installing: /home/chelse/ros2_ws/install/rob599_hw2_msgs/include/rob599_hw2_msgs/rob599_hw2_msgs/srv/detail/clear_positions__struct.hpp
[34.827s] -- Installing: /home/chelse/ros2_ws/install/rob599_hw2_msgs/include/rob599_hw2_msgs/rob599_hw2_msgs/srv/detail/load_places__struct.hpp
[34.827s] -- Installing: /home/chelse/ros2_ws/install/rob599_hw2_msgs/include/rob599_hw2_msgs/rob599_hw2_msgs/srv/detail/knock_knock__builder.hpp
[34.827s] -- Installing: /home/chelse/ros2_ws/install/rob599_hw2_msgs/include/rob599_hw2_msgs/rob599_hw2_msgs/srv/detail/load_places__traits.hpp
[34.828s] -- Installing: /home/chelse/ros2_ws/install/rob599_hw2_msgs/include/rob599_hw2_msgs/rob599_hw2_msgs/srv/detail/knock_knock__struct.hpp
[34.828s] -- Installing: /home/chelse/ros2_ws/install/rob599_hw2_msgs/include/rob599_hw2_msgs/rob599_hw2_msgs/srv/detail/knock_knock__traits.hpp
[34.828s] -- Installing: /home/chelse/ros2_ws/install/rob599_hw2_msgs/include/rob599_hw2_msgs/rob599_hw2_msgs/srv/detail/apply_brakes__builder.hpp
[34.829s] -- Installing: /home/chelse/ros2_ws/install/rob599_hw2_msgs/include/rob599_hw2_msgs/rob599_hw2_msgs/srv/detail/memorize_position__builder.hpp
[34.829s] -- Installing: /home/chelse/ros2_ws/install/rob599_hw2_msgs/include/rob599_hw2_msgs/rob599_hw2_msgs/srv/detail/memorize_position__traits.hpp
[34.830s] -- Installing: /home/chelse/ros2_ws/install/rob599_hw2_msgs/include/rob599_hw2_msgs/rob599_hw2_msgs/srv/detail/save_places__struct.hpp
[34.830s] -- Installing: /home/chelse/ros2_ws/install/rob599_hw2_msgs/include/rob599_hw2_msgs/rob599_hw2_msgs/srv/detail/load_places__builder.hpp
[34.831s] -- Installing: /home/chelse/ros2_ws/install/rob599_hw2_msgs/include/rob599_hw2_msgs/rob599_hw2_msgs/srv/detail/clear_positions__traits.hpp
[34.831s] -- Installing: /home/chelse/ros2_ws/install/rob599_hw2_msgs/include/rob599_hw2_msgs/rob599_hw2_msgs/srv/detail/memorize_position__struct.hpp
[34.832s] -- Installing: /home/chelse/ros2_ws/install/rob599_hw2_msgs/include/rob599_hw2_msgs/rob599_hw2_msgs/srv/detail/save_places__builder.hpp
[34.833s] -- Installing: /home/chelse/ros2_ws/install/rob599_hw2_msgs/include/rob599_hw2_msgs/rob599_hw2_msgs/srv/knock_knock.hpp
[34.833s] -- Installing: /home/chelse/ros2_ws/install/rob599_hw2_msgs/include/rob599_hw2_msgs/rob599_hw2_msgs/srv/apply_brakes.hpp
[34.834s] -- Up-to-date: /home/chelse/ros2_ws/install/rob599_hw2_msgs/include/rob599_hw2_msgs/rob599_hw2_msgs
[34.834s] -- Up-to-date: /home/chelse/ros2_ws/install/rob599_hw2_msgs/include/rob599_hw2_msgs/rob599_hw2_msgs/action
[34.835s] -- Up-to-date: /home/chelse/ros2_ws/install/rob599_hw2_msgs/include/rob599_hw2_msgs/rob599_hw2_msgs/action/detail
[34.835s] -- Installing: /home/chelse/ros2_ws/install/rob599_hw2_msgs/include/rob599_hw2_msgs/rob599_hw2_msgs/action/detail/go_to__rosidl_typesupport_fastrtps_cpp.hpp
[34.836s] -- Installing: /home/chelse/ros2_ws/install/rob599_hw2_msgs/include/rob599_hw2_msgs/rob599_hw2_msgs/action/detail/patrol__rosidl_typesupport_fastrtps_cpp.hpp
[34.836s] -- Up-to-date: /home/chelse/ros2_ws/install/rob599_hw2_msgs/include/rob599_hw2_msgs/rob599_hw2_msgs/action/detail/dds_fastrtps
[34.837s] -- Installing: /home/chelse/ros2_ws/install/rob599_hw2_msgs/include/rob599_hw2_msgs/rob599_hw2_msgs/action/detail/launch_rocket__rosidl_typesupport_fastrtps_cpp.hpp
[34.837s] -- Up-to-date: /home/chelse/ros2_ws/install/rob599_hw2_msgs/include/rob599_hw2_msgs/rob599_hw2_msgs/msg
[34.837s] -- Up-to-date: /home/chelse/ros2_ws/install/rob599_hw2_msgs/include/rob599_hw2_msgs/rob599_hw2_msgs/msg/rosidl_typesupport_fastrtps_cpp__visibility_control.h
[34.838s] -- Up-to-date: /home/chelse/ros2_ws/install/rob599_hw2_msgs/include/rob599_hw2_msgs/rob599_hw2_msgs/srv
[34.838s] -- Up-to-date: /home/chelse/ros2_ws/install/rob599_hw2_msgs/include/rob599_hw2_msgs/rob599_hw2_msgs/srv/detail
[34.838s] -- Installing: /home/chelse/ros2_ws/install/rob599_hw2_msgs/include/rob599_hw2_msgs/rob599_hw2_msgs/srv/detail/knock_knock__rosidl_typesupport_fastrtps_cpp.hpp
[34.839s] -- Installing: /home/chelse/ros2_ws/install/rob599_hw2_msgs/include/rob599_hw2_msgs/rob599_hw2_msgs/srv/detail/memorize_position__rosidl_typesupport_fastrtps_cpp.hpp
[34.839s] -- Installing: /home/chelse/ros2_ws/install/rob599_hw2_msgs/include/rob599_hw2_msgs/rob599_hw2_msgs/srv/detail/save_places__rosidl_typesupport_fastrtps_cpp.hpp
[34.839s] -- Installing: /home/chelse/ros2_ws/install/rob599_hw2_msgs/include/rob599_hw2_msgs/rob599_hw2_msgs/srv/detail/load_places__rosidl_typesupport_fastrtps_cpp.hpp
[34.839s] -- Installing: /home/chelse/ros2_ws/install/rob599_hw2_msgs/include/rob599_hw2_msgs/rob599_hw2_msgs/srv/detail/apply_brakes__rosidl_typesupport_fastrtps_cpp.hpp
[34.840s] -- Installing: /home/chelse/ros2_ws/install/rob599_hw2_msgs/include/rob599_hw2_msgs/rob599_hw2_msgs/srv/detail/clear_positions__rosidl_typesupport_fastrtps_cpp.hpp
[34.840s] -- Up-to-date: /home/chelse/ros2_ws/install/rob599_hw2_msgs/include/rob599_hw2_msgs/rob599_hw2_msgs/srv/detail/dds_fastrtps
[34.841s] -- Installing: /home/chelse/ros2_ws/install/rob599_hw2_msgs/lib/librob599_hw2_msgs__rosidl_typesupport_fastrtps_cpp.so
[34.844s] -- Set runtime path of "/home/chelse/ros2_ws/install/rob599_hw2_msgs/lib/librob599_hw2_msgs__rosidl_typesupport_fastrtps_cpp.so" to ""
[34.844s] -- Up-to-date: /home/chelse/ros2_ws/install/rob599_hw2_msgs/include/rob599_hw2_msgs/rob599_hw2_msgs
[34.845s] -- Up-to-date: /home/chelse/ros2_ws/install/rob599_hw2_msgs/include/rob599_hw2_msgs/rob599_hw2_msgs/action
[34.845s] -- Up-to-date: /home/chelse/ros2_ws/install/rob599_hw2_msgs/include/rob599_hw2_msgs/rob599_hw2_msgs/action/detail
[34.845s] -- Installing: /home/chelse/ros2_ws/install/rob599_hw2_msgs/include/rob599_hw2_msgs/rob599_hw2_msgs/action/detail/go_to__rosidl_typesupport_introspection_cpp.hpp
[34.845s] -- Installing: /home/chelse/ros2_ws/install/rob599_hw2_msgs/include/rob599_hw2_msgs/rob599_hw2_msgs/action/detail/launch_rocket__type_support.cpp
[34.846s] -- Installing: /home/chelse/ros2_ws/install/rob599_hw2_msgs/include/rob599_hw2_msgs/rob599_hw2_msgs/action/detail/patrol__rosidl_typesupport_introspection_cpp.hpp
[34.846s] -- Installing: /home/chelse/ros2_ws/install/rob599_hw2_msgs/include/rob599_hw2_msgs/rob599_hw2_msgs/action/detail/launch_rocket__rosidl_typesupport_introspection_cpp.hpp
[34.847s] -- Installing: /home/chelse/ros2_ws/install/rob599_hw2_msgs/include/rob599_hw2_msgs/rob599_hw2_msgs/action/detail/go_to__type_support.cpp
[34.847s] -- Installing: /home/chelse/ros2_ws/install/rob599_hw2_msgs/include/rob599_hw2_msgs/rob599_hw2_msgs/action/detail/patrol__type_support.cpp
[34.848s] -- Up-to-date: /home/chelse/ros2_ws/install/rob599_hw2_msgs/include/rob599_hw2_msgs/rob599_hw2_msgs/srv
[34.848s] -- Up-to-date: /home/chelse/ros2_ws/install/rob599_hw2_msgs/include/rob599_hw2_msgs/rob599_hw2_msgs/srv/detail
[34.849s] -- Installing: /home/chelse/ros2_ws/install/rob599_hw2_msgs/include/rob599_hw2_msgs/rob599_hw2_msgs/srv/detail/save_places__rosidl_typesupport_introspection_cpp.hpp
[34.849s] -- Installing: /home/chelse/ros2_ws/install/rob599_hw2_msgs/include/rob599_hw2_msgs/rob599_hw2_msgs/srv/detail/save_places__type_support.cpp
[34.850s] -- Installing: /home/chelse/ros2_ws/install/rob599_hw2_msgs/include/rob599_hw2_msgs/rob599_hw2_msgs/srv/detail/clear_positions__rosidl_typesupport_introspection_cpp.hpp
[34.850s] -- Installing: /home/chelse/ros2_ws/install/rob599_hw2_msgs/include/rob599_hw2_msgs/rob599_hw2_msgs/srv/detail/apply_brakes__rosidl_typesupport_introspection_cpp.hpp
[34.851s] -- Installing: /home/chelse/ros2_ws/install/rob599_hw2_msgs/include/rob599_hw2_msgs/rob599_hw2_msgs/srv/detail/knock_knock__type_support.cpp
[34.851s] -- Installing: /home/chelse/ros2_ws/install/rob599_hw2_msgs/include/rob599_hw2_msgs/rob599_hw2_msgs/srv/detail/clear_positions__type_support.cpp
[34.852s] -- Installing: /home/chelse/ros2_ws/install/rob599_hw2_msgs/include/rob599_hw2_msgs/rob599_hw2_msgs/srv/detail/memorize_position__type_support.cpp
[34.852s] -- Installing: /home/chelse/ros2_ws/install/rob599_hw2_msgs/include/rob599_hw2_msgs/rob599_hw2_msgs/srv/detail/memorize_position__rosidl_typesupport_introspection_cpp.hpp
[34.853s] -- Installing: /home/chelse/ros2_ws/install/rob599_hw2_msgs/include/rob599_hw2_msgs/rob599_hw2_msgs/srv/detail/load_places__type_support.cpp
[34.853s] -- Installing: /home/chelse/ros2_ws/install/rob599_hw2_msgs/include/rob599_hw2_msgs/rob599_hw2_msgs/srv/detail/load_places__rosidl_typesupport_introspection_cpp.hpp
[34.854s] -- Installing: /home/chelse/ros2_ws/install/rob599_hw2_msgs/include/rob599_hw2_msgs/rob599_hw2_msgs/srv/detail/apply_brakes__type_support.cpp
[34.855s] -- Installing: /home/chelse/ros2_ws/install/rob599_hw2_msgs/include/rob599_hw2_msgs/rob599_hw2_msgs/srv/detail/knock_knock__rosidl_typesupport_introspection_cpp.hpp
[34.856s] -- Installing: /home/chelse/ros2_ws/install/rob599_hw2_msgs/lib/librob599_hw2_msgs__rosidl_typesupport_introspection_cpp.so
[34.858s] -- Set runtime path of "/home/chelse/ros2_ws/install/rob599_hw2_msgs/lib/librob599_hw2_msgs__rosidl_typesupport_introspection_cpp.so" to ""
[34.859s] -- Installing: /home/chelse/ros2_ws/install/rob599_hw2_msgs/lib/librob599_hw2_msgs__rosidl_typesupport_cpp.so
[34.862s] -- Set runtime path of "/home/chelse/ros2_ws/install/rob599_hw2_msgs/lib/librob599_hw2_msgs__rosidl_typesupport_cpp.so" to ""
[34.862s] -- Up-to-date: /home/chelse/ros2_ws/install/rob599_hw2_msgs/share/rob599_hw2_msgs/environment/pythonpath.sh
[34.863s] -- Installing: /home/chelse/ros2_ws/install/rob599_hw2_msgs/share/rob599_hw2_msgs/environment/pythonpath.dsv
[34.863s] -- Up-to-date: /home/chelse/ros2_ws/install/rob599_hw2_msgs/local/lib/python3.10/dist-packages/rob599_hw2_msgs-0.0.0-py3.10.egg-info
[34.863s] -- Installing: /home/chelse/ros2_ws/install/rob599_hw2_msgs/local/lib/python3.10/dist-packages/rob599_hw2_msgs-0.0.0-py3.10.egg-info/SOURCES.txt
[34.864s] -- Installing: /home/chelse/ros2_ws/install/rob599_hw2_msgs/local/lib/python3.10/dist-packages/rob599_hw2_msgs-0.0.0-py3.10.egg-info/PKG-INFO
[34.864s] -- Installing: /home/chelse/ros2_ws/install/rob599_hw2_msgs/local/lib/python3.10/dist-packages/rob599_hw2_msgs-0.0.0-py3.10.egg-info/top_level.txt
[34.865s] -- Installing: /home/chelse/ros2_ws/install/rob599_hw2_msgs/local/lib/python3.10/dist-packages/rob599_hw2_msgs-0.0.0-py3.10.egg-info/dependency_links.txt
[34.865s] -- Up-to-date: /home/chelse/ros2_ws/install/rob599_hw2_msgs/local/lib/python3.10/dist-packages/rob599_hw2_msgs
[34.866s] -- Installing: /home/chelse/ros2_ws/install/rob599_hw2_msgs/local/lib/python3.10/dist-packages/rob599_hw2_msgs/rob599_hw2_msgs_s__rosidl_typesupport_c.cpython-310-x86_64-linux-gnu.so
[34.866s] -- Up-to-date: /home/chelse/ros2_ws/install/rob599_hw2_msgs/local/lib/python3.10/dist-packages/rob599_hw2_msgs/action
[34.866s] -- Installing: /home/chelse/ros2_ws/install/rob599_hw2_msgs/local/lib/python3.10/dist-packages/rob599_hw2_msgs/action/_go_to_s.c
[34.867s] -- Installing: /home/chelse/ros2_ws/install/rob599_hw2_msgs/local/lib/python3.10/dist-packages/rob599_hw2_msgs/action/_go_to.py
[34.867s] -- Installing: /home/chelse/ros2_ws/install/rob599_hw2_msgs/local/lib/python3.10/dist-packages/rob599_hw2_msgs/action/__init__.py
[34.868s] -- Installing: /home/chelse/ros2_ws/install/rob599_hw2_msgs/local/lib/python3.10/dist-packages/rob599_hw2_msgs/action/_launch_rocket.py
[34.868s] -- Installing: /home/chelse/ros2_ws/install/rob599_hw2_msgs/local/lib/python3.10/dist-packages/rob599_hw2_msgs/action/_patrol_s.c
[34.869s] -- Installing: /home/chelse/ros2_ws/install/rob599_hw2_msgs/local/lib/python3.10/dist-packages/rob599_hw2_msgs/action/_launch_rocket_s.c
[34.869s] -- Installing: /home/chelse/ros2_ws/install/rob599_hw2_msgs/local/lib/python3.10/dist-packages/rob599_hw2_msgs/action/_patrol.py
[34.870s] -- Installing: /home/chelse/ros2_ws/install/rob599_hw2_msgs/local/lib/python3.10/dist-packages/rob599_hw2_msgs/_rob599_hw2_msgs_s.ep.rosidl_typesupport_introspection_c.c
[34.871s] -- Installing: /home/chelse/ros2_ws/install/rob599_hw2_msgs/local/lib/python3.10/dist-packages/rob599_hw2_msgs/__init__.py
[34.871s] -- Installing: /home/chelse/ros2_ws/install/rob599_hw2_msgs/local/lib/python3.10/dist-packages/rob599_hw2_msgs/rob599_hw2_msgs_s__rosidl_typesupport_introspection_c.cpython-310-x86_64-linux-gnu.so
[34.872s] -- Installing: /home/chelse/ros2_ws/install/rob599_hw2_msgs/local/lib/python3.10/dist-packages/rob599_hw2_msgs/librob599_hw2_msgs__rosidl_generator_py.so
[34.873s] -- Installing: /home/chelse/ros2_ws/install/rob599_hw2_msgs/local/lib/python3.10/dist-packages/rob599_hw2_msgs/_rob599_hw2_msgs_s.ep.rosidl_typesupport_fastrtps_c.c
[34.874s] -- Installing: /home/chelse/ros2_ws/install/rob599_hw2_msgs/local/lib/python3.10/dist-packages/rob599_hw2_msgs/rob599_hw2_msgs_s__rosidl_typesupport_fastrtps_c.cpython-310-x86_64-linux-gnu.so
[34.875s] -- Up-to-date: /home/chelse/ros2_ws/install/rob599_hw2_msgs/local/lib/python3.10/dist-packages/rob599_hw2_msgs/srv
[34.875s] -- Installing: /home/chelse/ros2_ws/install/rob599_hw2_msgs/local/lib/python3.10/dist-packages/rob599_hw2_msgs/srv/_knock_knock.py
[34.876s] -- Installing: /home/chelse/ros2_ws/install/rob599_hw2_msgs/local/lib/python3.10/dist-packages/rob599_hw2_msgs/srv/_knock_knock_s.c
[34.876s] -- Installing: /home/chelse/ros2_ws/install/rob599_hw2_msgs/local/lib/python3.10/dist-packages/rob599_hw2_msgs/srv/_load_places_s.c
[34.877s] -- Installing: /home/chelse/ros2_ws/install/rob599_hw2_msgs/local/lib/python3.10/dist-packages/rob599_hw2_msgs/srv/_clear_positions.py
[34.877s] -- Installing: /home/chelse/ros2_ws/install/rob599_hw2_msgs/local/lib/python3.10/dist-packages/rob599_hw2_msgs/srv/_save_places_s.c
[34.877s] -- Installing: /home/chelse/ros2_ws/install/rob599_hw2_msgs/local/lib/python3.10/dist-packages/rob599_hw2_msgs/srv/_load_places.py
[34.878s] -- Installing: /home/chelse/ros2_ws/install/rob599_hw2_msgs/local/lib/python3.10/dist-packages/rob599_hw2_msgs/srv/_apply_brakes_s.c
[34.878s] -- Installing: /home/chelse/ros2_ws/install/rob599_hw2_msgs/local/lib/python3.10/dist-packages/rob599_hw2_msgs/srv/__init__.py
[34.878s] -- Installing: /home/chelse/ros2_ws/install/rob599_hw2_msgs/local/lib/python3.10/dist-packages/rob599_hw2_msgs/srv/_memorize_position.py
[34.879s] -- Installing: /home/chelse/ros2_ws/install/rob599_hw2_msgs/local/lib/python3.10/dist-packages/rob599_hw2_msgs/srv/_clear_positions_s.c
[34.879s] -- Installing: /home/chelse/ros2_ws/install/rob599_hw2_msgs/local/lib/python3.10/dist-packages/rob599_hw2_msgs/srv/_save_places.py
[34.880s] -- Installing: /home/chelse/ros2_ws/install/rob599_hw2_msgs/local/lib/python3.10/dist-packages/rob599_hw2_msgs/srv/_memorize_position_s.c
[34.880s] -- Installing: /home/chelse/ros2_ws/install/rob599_hw2_msgs/local/lib/python3.10/dist-packages/rob599_hw2_msgs/srv/_apply_brakes.py
[34.881s] -- Installing: /home/chelse/ros2_ws/install/rob599_hw2_msgs/local/lib/python3.10/dist-packages/rob599_hw2_msgs/_rob599_hw2_msgs_s.ep.rosidl_typesupport_c.c
[35.061s] Listing '/home/chelse/ros2_ws/install/rob599_hw2_msgs/local/lib/python3.10/dist-packages/rob599_hw2_msgs'...
[35.062s] Compiling '/home/chelse/ros2_ws/install/rob599_hw2_msgs/local/lib/python3.10/dist-packages/rob599_hw2_msgs/__init__.py'...
[35.062s] Listing '/home/chelse/ros2_ws/install/rob599_hw2_msgs/local/lib/python3.10/dist-packages/rob599_hw2_msgs/action'...
[35.062s] Compiling '/home/chelse/ros2_ws/install/rob599_hw2_msgs/local/lib/python3.10/dist-packages/rob599_hw2_msgs/action/__init__.py'...
[35.063s] Compiling '/home/chelse/ros2_ws/install/rob599_hw2_msgs/local/lib/python3.10/dist-packages/rob599_hw2_msgs/action/_go_to.py'...
[35.063s] Compiling '/home/chelse/ros2_ws/install/rob599_hw2_msgs/local/lib/python3.10/dist-packages/rob599_hw2_msgs/action/_launch_rocket.py'...
[35.063s] Compiling '/home/chelse/ros2_ws/install/rob599_hw2_msgs/local/lib/python3.10/dist-packages/rob599_hw2_msgs/action/_patrol.py'...
[35.063s] Listing '/home/chelse/ros2_ws/install/rob599_hw2_msgs/local/lib/python3.10/dist-packages/rob599_hw2_msgs/srv'...
[35.063s] Compiling '/home/chelse/ros2_ws/install/rob599_hw2_msgs/local/lib/python3.10/dist-packages/rob599_hw2_msgs/srv/__init__.py'...
[35.063s] Compiling '/home/chelse/ros2_ws/install/rob599_hw2_msgs/local/lib/python3.10/dist-packages/rob599_hw2_msgs/srv/_apply_brakes.py'...
[35.064s] Compiling '/home/chelse/ros2_ws/install/rob599_hw2_msgs/local/lib/python3.10/dist-packages/rob599_hw2_msgs/srv/_clear_positions.py'...
[35.064s] Compiling '/home/chelse/ros2_ws/install/rob599_hw2_msgs/local/lib/python3.10/dist-packages/rob599_hw2_msgs/srv/_knock_knock.py'...
[35.064s] Compiling '/home/chelse/ros2_ws/install/rob599_hw2_msgs/local/lib/python3.10/dist-packages/rob599_hw2_msgs/srv/_load_places.py'...
[35.064s] Compiling '/home/chelse/ros2_ws/install/rob599_hw2_msgs/local/lib/python3.10/dist-packages/rob599_hw2_msgs/srv/_memorize_position.py'...
[35.065s] Compiling '/home/chelse/ros2_ws/install/rob599_hw2_msgs/local/lib/python3.10/dist-packages/rob599_hw2_msgs/srv/_save_places.py'...
[35.075s] -- Installing: /home/chelse/ros2_ws/install/rob599_hw2_msgs/local/lib/python3.10/dist-packages/rob599_hw2_msgs/rob599_hw2_msgs_s__rosidl_typesupport_fastrtps_c.cpython-310-x86_64-linux-gnu.so
[35.077s] -- Set runtime path of "/home/chelse/ros2_ws/install/rob599_hw2_msgs/local/lib/python3.10/dist-packages/rob599_hw2_msgs/rob599_hw2_msgs_s__rosidl_typesupport_fastrtps_c.cpython-310-x86_64-linux-gnu.so" to ""
[35.078s] -- Installing: /home/chelse/ros2_ws/install/rob599_hw2_msgs/local/lib/python3.10/dist-packages/rob599_hw2_msgs/rob599_hw2_msgs_s__rosidl_typesupport_introspection_c.cpython-310-x86_64-linux-gnu.so
[35.080s] -- Set runtime path of "/home/chelse/ros2_ws/install/rob599_hw2_msgs/local/lib/python3.10/dist-packages/rob599_hw2_msgs/rob599_hw2_msgs_s__rosidl_typesupport_introspection_c.cpython-310-x86_64-linux-gnu.so" to ""
[35.081s] -- Installing: /home/chelse/ros2_ws/install/rob599_hw2_msgs/local/lib/python3.10/dist-packages/rob599_hw2_msgs/rob599_hw2_msgs_s__rosidl_typesupport_c.cpython-310-x86_64-linux-gnu.so
[35.083s] -- Set runtime path of "/home/chelse/ros2_ws/install/rob599_hw2_msgs/local/lib/python3.10/dist-packages/rob599_hw2_msgs/rob599_hw2_msgs_s__rosidl_typesupport_c.cpython-310-x86_64-linux-gnu.so" to ""
[35.084s] -- Installing: /home/chelse/ros2_ws/install/rob599_hw2_msgs/lib/librob599_hw2_msgs__rosidl_generator_py.so
[35.086s] -- Set runtime path of "/home/chelse/ros2_ws/install/rob599_hw2_msgs/lib/librob599_hw2_msgs__rosidl_generator_py.so" to ""
[35.086s] -- Up-to-date: /home/chelse/ros2_ws/install/rob599_hw2_msgs/share/rob599_hw2_msgs/srv/ApplyBrakes.idl
[35.087s] -- Up-to-date: /home/chelse/ros2_ws/install/rob599_hw2_msgs/share/rob599_hw2_msgs/srv/MemorizePosition.idl
[35.087s] -- Up-to-date: /home/chelse/ros2_ws/install/rob599_hw2_msgs/share/rob599_hw2_msgs/srv/ClearPositions.idl
[35.087s] -- Up-to-date: /home/chelse/ros2_ws/install/rob599_hw2_msgs/share/rob599_hw2_msgs/srv/SavePlaces.idl
[35.088s] -- Up-to-date: /home/chelse/ros2_ws/install/rob599_hw2_msgs/share/rob599_hw2_msgs/srv/LoadPlaces.idl
[35.088s] -- Installing: /home/chelse/ros2_ws/install/rob599_hw2_msgs/share/rob599_hw2_msgs/srv/KnockKnock.idl
[35.088s] -- Up-to-date: /home/chelse/ros2_ws/install/rob599_hw2_msgs/share/rob599_hw2_msgs/action/LaunchRocket.idl
[35.089s] -- Installing: /home/chelse/ros2_ws/install/rob599_hw2_msgs/share/rob599_hw2_msgs/action/GoTo.idl
[35.089s] -- Installing: /home/chelse/ros2_ws/install/rob599_hw2_msgs/share/rob599_hw2_msgs/action/Patrol.idl
[35.090s] -- Up-to-date: /home/chelse/ros2_ws/install/rob599_hw2_msgs/share/rob599_hw2_msgs/srv/ApplyBrakes.srv
[35.090s] -- Up-to-date: /home/chelse/ros2_ws/install/rob599_hw2_msgs/share/rob599_hw2_msgs/srv/ApplyBrakes_Request.msg
[35.091s] -- Up-to-date: /home/chelse/ros2_ws/install/rob599_hw2_msgs/share/rob599_hw2_msgs/srv/ApplyBrakes_Response.msg
[35.091s] -- Up-to-date: /home/chelse/ros2_ws/install/rob599_hw2_msgs/share/rob599_hw2_msgs/srv/MemorizePosition.srv
[35.091s] -- Up-to-date: /home/chelse/ros2_ws/install/rob599_hw2_msgs/share/rob599_hw2_msgs/srv/MemorizePosition_Request.msg
[35.092s] -- Up-to-date: /home/chelse/ros2_ws/install/rob599_hw2_msgs/share/rob599_hw2_msgs/srv/MemorizePosition_Response.msg
[35.092s] -- Up-to-date: /home/chelse/ros2_ws/install/rob599_hw2_msgs/share/rob599_hw2_msgs/srv/ClearPositions.srv
[35.092s] -- Up-to-date: /home/chelse/ros2_ws/install/rob599_hw2_msgs/share/rob599_hw2_msgs/srv/ClearPositions_Request.msg
[35.092s] -- Up-to-date: /home/chelse/ros2_ws/install/rob599_hw2_msgs/share/rob599_hw2_msgs/srv/ClearPositions_Response.msg
[35.093s] -- Up-to-date: /home/chelse/ros2_ws/install/rob599_hw2_msgs/share/rob599_hw2_msgs/srv/SavePlaces.srv
[35.093s] -- Up-to-date: /home/chelse/ros2_ws/install/rob599_hw2_msgs/share/rob599_hw2_msgs/srv/SavePlaces_Request.msg
[35.093s] -- Up-to-date: /home/chelse/ros2_ws/install/rob599_hw2_msgs/share/rob599_hw2_msgs/srv/SavePlaces_Response.msg
[35.094s] -- Up-to-date: /home/chelse/ros2_ws/install/rob599_hw2_msgs/share/rob599_hw2_msgs/srv/LoadPlaces.srv
[35.094s] -- Up-to-date: /home/chelse/ros2_ws/install/rob599_hw2_msgs/share/rob599_hw2_msgs/srv/LoadPlaces_Request.msg
[35.094s] -- Up-to-date: /home/chelse/ros2_ws/install/rob599_hw2_msgs/share/rob599_hw2_msgs/srv/LoadPlaces_Response.msg
[35.094s] -- Installing: /home/chelse/ros2_ws/install/rob599_hw2_msgs/share/rob599_hw2_msgs/srv/KnockKnock.srv
[35.094s] -- Installing: /home/chelse/ros2_ws/install/rob599_hw2_msgs/share/rob599_hw2_msgs/srv/KnockKnock_Request.msg
[35.095s] -- Installing: /home/chelse/ros2_ws/install/rob599_hw2_msgs/share/rob599_hw2_msgs/srv/KnockKnock_Response.msg
[35.095s] -- Up-to-date: /home/chelse/ros2_ws/install/rob599_hw2_msgs/share/rob599_hw2_msgs/action/LaunchRocket.action
[35.095s] -- Installing: /home/chelse/ros2_ws/install/rob599_hw2_msgs/share/rob599_hw2_msgs/action/GoTo.action
[35.095s] -- Installing: /home/chelse/ros2_ws/install/rob599_hw2_msgs/share/rob599_hw2_msgs/action/Patrol.action
[35.096s] -- Up-to-date: /home/chelse/ros2_ws/install/rob599_hw2_msgs/share/ament_index/resource_index/package_run_dependencies/rob599_hw2_msgs
[35.096s] -- Up-to-date: /home/chelse/ros2_ws/install/rob599_hw2_msgs/share/ament_index/resource_index/parent_prefix_path/rob599_hw2_msgs
[35.096s] -- Up-to-date: /home/chelse/ros2_ws/install/rob599_hw2_msgs/share/rob599_hw2_msgs/environment/ament_prefix_path.sh
[35.096s] -- Installing: /home/chelse/ros2_ws/install/rob599_hw2_msgs/share/rob599_hw2_msgs/environment/ament_prefix_path.dsv
[35.097s] -- Up-to-date: /home/chelse/ros2_ws/install/rob599_hw2_msgs/share/rob599_hw2_msgs/environment/path.sh
[35.097s] -- Installing: /home/chelse/ros2_ws/install/rob599_hw2_msgs/share/rob599_hw2_msgs/environment/path.dsv
[35.097s] -- Up-to-date: /home/chelse/ros2_ws/install/rob599_hw2_msgs/share/rob599_hw2_msgs/local_setup.bash
[35.097s] -- Up-to-date: /home/chelse/ros2_ws/install/rob599_hw2_msgs/share/rob599_hw2_msgs/local_setup.sh
[35.098s] -- Up-to-date: /home/chelse/ros2_ws/install/rob599_hw2_msgs/share/rob599_hw2_msgs/local_setup.zsh
[35.098s] -- Installing: /home/chelse/ros2_ws/install/rob599_hw2_msgs/share/rob599_hw2_msgs/local_setup.dsv
[35.099s] -- Installing: /home/chelse/ros2_ws/install/rob599_hw2_msgs/share/rob599_hw2_msgs/package.dsv
[35.100s] -- Up-to-date: /home/chelse/ros2_ws/install/rob599_hw2_msgs/share/ament_index/resource_index/packages/rob599_hw2_msgs
[35.101s] -- Up-to-date: /home/chelse/ros2_ws/install/rob599_hw2_msgs/share/rob599_hw2_msgs/cmake/export_rob599_hw2_msgs__rosidl_generator_cExport.cmake
[35.101s] -- Up-to-date: /home/chelse/ros2_ws/install/rob599_hw2_msgs/share/rob599_hw2_msgs/cmake/export_rob599_hw2_msgs__rosidl_generator_cExport-noconfig.cmake
[35.101s] -- Up-to-date: /home/chelse/ros2_ws/install/rob599_hw2_msgs/share/rob599_hw2_msgs/cmake/export_rob599_hw2_msgs__rosidl_typesupport_fastrtps_cExport.cmake
[35.102s] -- Up-to-date: /home/chelse/ros2_ws/install/rob599_hw2_msgs/share/rob599_hw2_msgs/cmake/export_rob599_hw2_msgs__rosidl_typesupport_fastrtps_cExport-noconfig.cmake
[35.102s] -- Up-to-date: /home/chelse/ros2_ws/install/rob599_hw2_msgs/share/rob599_hw2_msgs/cmake/rob599_hw2_msgs__rosidl_typesupport_introspection_cExport.cmake
[35.103s] -- Up-to-date: /home/chelse/ros2_ws/install/rob599_hw2_msgs/share/rob599_hw2_msgs/cmake/rob599_hw2_msgs__rosidl_typesupport_introspection_cExport-noconfig.cmake
[35.103s] -- Up-to-date: /home/chelse/ros2_ws/install/rob599_hw2_msgs/share/rob599_hw2_msgs/cmake/rob599_hw2_msgs__rosidl_typesupport_cExport.cmake
[35.103s] -- Up-to-date: /home/chelse/ros2_ws/install/rob599_hw2_msgs/share/rob599_hw2_msgs/cmake/rob599_hw2_msgs__rosidl_typesupport_cExport-noconfig.cmake
[35.104s] -- Up-to-date: /home/chelse/ros2_ws/install/rob599_hw2_msgs/share/rob599_hw2_msgs/cmake/export_rob599_hw2_msgs__rosidl_generator_cppExport.cmake
[35.104s] -- Up-to-date: /home/chelse/ros2_ws/install/rob599_hw2_msgs/share/rob599_hw2_msgs/cmake/export_rob599_hw2_msgs__rosidl_typesupport_fastrtps_cppExport.cmake
[35.104s] -- Up-to-date: /home/chelse/ros2_ws/install/rob599_hw2_msgs/share/rob599_hw2_msgs/cmake/export_rob599_hw2_msgs__rosidl_typesupport_fastrtps_cppExport-noconfig.cmake
[35.105s] -- Up-to-date: /home/chelse/ros2_ws/install/rob599_hw2_msgs/share/rob599_hw2_msgs/cmake/rob599_hw2_msgs__rosidl_typesupport_introspection_cppExport.cmake
[35.105s] -- Up-to-date: /home/chelse/ros2_ws/install/rob599_hw2_msgs/share/rob599_hw2_msgs/cmake/rob599_hw2_msgs__rosidl_typesupport_introspection_cppExport-noconfig.cmake
[35.105s] -- Up-to-date: /home/chelse/ros2_ws/install/rob599_hw2_msgs/share/rob599_hw2_msgs/cmake/rob599_hw2_msgs__rosidl_typesupport_cppExport.cmake
[35.106s] -- Up-to-date: /home/chelse/ros2_ws/install/rob599_hw2_msgs/share/rob599_hw2_msgs/cmake/rob599_hw2_msgs__rosidl_typesupport_cppExport-noconfig.cmake
[35.106s] -- Up-to-date: /home/chelse/ros2_ws/install/rob599_hw2_msgs/share/rob599_hw2_msgs/cmake/export_rob599_hw2_msgs__rosidl_generator_pyExport.cmake
[35.107s] -- Up-to-date: /home/chelse/ros2_ws/install/rob599_hw2_msgs/share/rob599_hw2_msgs/cmake/export_rob599_hw2_msgs__rosidl_generator_pyExport-noconfig.cmake
[35.107s] -- Installing: /home/chelse/ros2_ws/install/rob599_hw2_msgs/share/rob599_hw2_msgs/cmake/rosidl_cmake-extras.cmake
[35.108s] -- Up-to-date: /home/chelse/ros2_ws/install/rob599_hw2_msgs/share/rob599_hw2_msgs/cmake/ament_cmake_export_dependencies-extras.cmake
[35.108s] -- Up-to-date: /home/chelse/ros2_ws/install/rob599_hw2_msgs/share/rob599_hw2_msgs/cmake/ament_cmake_export_include_directories-extras.cmake
[35.108s] -- Up-to-date: /home/chelse/ros2_ws/install/rob599_hw2_msgs/share/rob599_hw2_msgs/cmake/ament_cmake_export_libraries-extras.cmake
[35.109s] -- Up-to-date: /home/chelse/ros2_ws/install/rob599_hw2_msgs/share/rob599_hw2_msgs/cmake/ament_cmake_export_targets-extras.cmake
[35.110s] -- Up-to-date: /home/chelse/ros2_ws/install/rob599_hw2_msgs/share/rob599_hw2_msgs/cmake/rosidl_cmake_export_typesupport_targets-extras.cmake
[35.110s] -- Up-to-date: /home/chelse/ros2_ws/install/rob599_hw2_msgs/share/rob599_hw2_msgs/cmake/rosidl_cmake_export_typesupport_libraries-extras.cmake
[35.111s] -- Up-to-date: /home/chelse/ros2_ws/install/rob599_hw2_msgs/share/rob599_hw2_msgs/cmake/rob599_hw2_msgsConfig.cmake
[35.111s] -- Up-to-date: /home/chelse/ros2_ws/install/rob599_hw2_msgs/share/rob599_hw2_msgs/cmake/rob599_hw2_msgsConfig-version.cmake
[35.111s] -- Up-to-date: /home/chelse/ros2_ws/install/rob599_hw2_msgs/share/rob599_hw2_msgs/package.xml
[35.117s] Invoked command in '/home/chelse/ros2_ws/build/rob599_hw2_msgs' returned '0': CMAKE_PREFIX_PATH=${CMAKE_PREFIX_PATH}:/home/chelse/ros2_ws/install/rob599_hw3:/home/chelse/ros2_ws/install/rob599_hw2:/opt/ros/humble /usr/bin/cmake --install /home/chelse/ros2_ws/build/rob599_hw2_msgs
