[0.065s] Invoking command in '/home/chelse/ros2_ws/build/turtlesim': CMAKE_PREFIX_PATH=${CMAKE_PREFIX_PATH}:/opt/ros/humble:/home/chelse/ros2_ws/install/rob599_basic /usr/bin/cmake --build /home/chelse/ros2_ws/build/turtlesim -- -j12 -l12
[0.122s] [  1%] Built target turtlesim__cpp
[0.124s] [ 11%] Built target turtlesim__rosidl_generator_c
[0.142s] [ 11%] Built target ament_cmake_python_copy_turtlesim
[0.166s] [ 21%] Built target turtlesim__rosidl_typesupport_cpp
[0.172s] [ 36%] Built target turtlesim__rosidl_typesupport_fastrtps_cpp
[0.172s] [ 41%] Built target turtlesim__rosidl_typesupport_introspection_cpp
[0.184s] [ 51%] Built target turtlesim__rosidl_typesupport_c
[0.186s] [ 64%] Built target turtlesim__rosidl_typesupport_introspection_c
[0.186s] [ 71%] Built target turtlesim__rosidl_typesupport_fastrtps_c
[0.209s] [ 73%] Built target draw_square
[0.210s] [ 75%] Built target turtle_teleop_key
[0.210s] [ 77%] Built target mimic
[0.217s] [ 77%] Built target turtlesim
[0.219s] [ 83%] Built target turtlesim_node
[0.239s] [ 84%] Built target turtlesim__py
[0.268s] [ 93%] Built target turtlesim__rosidl_generator_py
[0.293s] [100%] Built target turtlesim__rosidl_typesupport_fastrtps_c__pyext
[0.293s] [100%] Built target turtlesim__rosidl_typesupport_c__pyext
[0.293s] [100%] Built target turtlesim__rosidl_typesupport_introspection_c__pyext
[0.408s] running egg_info
[0.409s] writing turtlesim.egg-info/PKG-INFO
[0.410s] writing dependency_links to turtlesim.egg-info/dependency_links.txt
[0.410s] writing top-level names to turtlesim.egg-info/top_level.txt
[0.412s] reading manifest file 'turtlesim.egg-info/SOURCES.txt'
[0.413s] writing manifest file 'turtlesim.egg-info/SOURCES.txt'
[0.441s] [100%] Built target ament_cmake_python_build_turtlesim_egg
