[0.401s] Invoking command in '/home/chelse/ros2_ws/build/rob599_hw2_msgs': CMAKE_PREFIX_PATH=${CMAKE_PREFIX_PATH}:/home/chelse/ros2_ws/install/rob599_basic:/opt/ros/humble /usr/bin/cmake /home/chelse/ros2_ws/src/rob599_hw2_msgs -DCMAKE_INSTALL_PREFIX=/home/chelse/ros2_ws/install/rob599_hw2_msgs
[0.501s] -- The C compiler identification is GNU 11.4.0
[0.615s] -- The CXX compiler identification is GNU 11.4.0
[0.624s] -- Detecting C compiler ABI info
[0.689s] -- Detecting C compiler ABI info - done
[0.696s] -- Check for working C compiler: /usr/bin/cc - skipped
[0.696s] -- Detecting C compile features
[0.697s] -- Detecting C compile features - done
[0.700s] -- Detecting CXX compiler ABI info
[0.785s] -- Detecting CXX compiler ABI info - done
[0.791s] -- Check for working CXX compiler: /usr/bin/c++ - skipped
[0.791s] -- Detecting CXX compile features
[0.791s] -- Detecting CXX compile features - done
[0.795s] -- Found ament_cmake: 1.3.7 (/opt/ros/humble/share/ament_cmake/cmake)
[0.967s] -- Found Python3: /usr/bin/python3.10 (found version "3.10.12") found components: Interpreter 
[1.064s] -- Found rosidl_default_generators: 1.2.0 (/opt/ros/humble/share/rosidl_default_generators/cmake)
[1.068s] -- Using all available rosidl_typesupport_c: rosidl_typesupport_fastrtps_c;rosidl_typesupport_introspection_c
[1.075s] -- Found rosidl_adapter: 3.1.5 (/opt/ros/humble/share/rosidl_adapter/cmake)
[1.122s] -- Using all available rosidl_typesupport_cpp: rosidl_typesupport_fastrtps_cpp;rosidl_typesupport_introspection_cpp
[1.160s] [31mCMake Error at /opt/ros/humble/share/rosidl_cmake/cmake/rosidl_generate_interfaces.cmake:93 (message):
[1.160s]   rosidl_generate_interfaces() the passed file 'your custom interfaces will
[1.160s]   be here' doesn't exist relative to the CMAKE_CURRENT_SOURCE_DIR
[1.160s]   '/home/chelse/ros2_ws/src/rob599_hw2_msgs'
[1.160s] Call Stack (most recent call first):
[1.160s]   CMakeLists.txt:15 (rosidl_generate_interfaces)
[1.160s] 
[1.160s] [0m
[1.160s] -- Configuring incomplete, errors occurred!
[1.160s] See also "/home/chelse/ros2_ws/build/rob599_hw2_msgs/CMakeFiles/CMakeOutput.log".
[1.330s] Invoked command in '/home/chelse/ros2_ws/build/rob599_hw2_msgs' returned '1': CMAKE_PREFIX_PATH=${CMAKE_PREFIX_PATH}:/home/chelse/ros2_ws/install/rob599_basic:/opt/ros/humble /usr/bin/cmake /home/chelse/ros2_ws/src/rob599_hw2_msgs -DCMAKE_INSTALL_PREFIX=/home/chelse/ros2_ws/install/rob599_hw2_msgs
