[0.850s] Invoking command in '/home/chelse/ros2_ws/src/rob599_hw2': PYTHONPATH=/home/chelse/ros2_ws/build/rob599_hw2/prefix_override:/home/chelse/ros2_ws/install/rob599_hw2/lib/python3.10/site-packages:${PYTHONPATH} /usr/bin/python3 setup.py egg_info --egg-base ../../build/rob599_hw2 build --build-base /home/chelse/ros2_ws/build/rob599_hw2/build install --record /home/chelse/ros2_ws/build/rob599_hw2/install.log --single-version-externally-managed
[1.068s] running egg_info
[1.070s] writing ../../build/rob599_hw2/rob599_hw2.egg-info/PKG-INFO
[1.070s] writing dependency_links to ../../build/rob599_hw2/rob599_hw2.egg-info/dependency_links.txt
[1.070s] writing entry points to ../../build/rob599_hw2/rob599_hw2.egg-info/entry_points.txt
[1.070s] writing requirements to ../../build/rob599_hw2/rob599_hw2.egg-info/requires.txt
[1.071s] writing top-level names to ../../build/rob599_hw2/rob599_hw2.egg-info/top_level.txt
[1.073s] reading manifest file '../../build/rob599_hw2/rob599_hw2.egg-info/SOURCES.txt'
[1.073s] adding license file 'LICENSE'
[1.074s] writing manifest file '../../build/rob599_hw2/rob599_hw2.egg-info/SOURCES.txt'
[1.074s] running build
[1.074s] running build_py
[1.074s] copying rob599_hw2/speed_publisher.py -> /home/chelse/ros2_ws/build/rob599_hw2/build/lib/rob599_hw2
[1.075s] copying rob599_hw2/speed_limiter.py -> /home/chelse/ros2_ws/build/rob599_hw2/build/lib/rob599_hw2
[1.075s] running install
[1.075s] /usr/lib/python3/dist-packages/setuptools/command/install.py:34: SetuptoolsDeprecationWarning: setup.py install is deprecated. Use build and pip and other standards-based tools.
[1.075s]   warnings.warn(
[1.076s] running install_lib
[1.077s] copying /home/chelse/ros2_ws/build/rob599_hw2/build/lib/rob599_hw2/speed_publisher.py -> /home/chelse/ros2_ws/install/rob599_hw2/lib/python3.10/site-packages/rob599_hw2
[1.077s] copying /home/chelse/ros2_ws/build/rob599_hw2/build/lib/rob599_hw2/speed_limiter.py -> /home/chelse/ros2_ws/install/rob599_hw2/lib/python3.10/site-packages/rob599_hw2
[1.078s] byte-compiling /home/chelse/ros2_ws/install/rob599_hw2/lib/python3.10/site-packages/rob599_hw2/speed_publisher.py to speed_publisher.cpython-310.pyc
[1.078s] byte-compiling /home/chelse/ros2_ws/install/rob599_hw2/lib/python3.10/site-packages/rob599_hw2/speed_limiter.py to speed_limiter.cpython-310.pyc
[1.079s] running install_data
[1.080s] copying launch/speed_limit_launch.py -> /home/chelse/ros2_ws/install/rob599_hw2/share/rob599_hw2/launch
[1.080s] running install_egg_info
[1.082s] removing '/home/chelse/ros2_ws/install/rob599_hw2/lib/python3.10/site-packages/rob599_hw2-0.0.0-py3.10.egg-info' (and everything under it)
[1.083s] Copying ../../build/rob599_hw2/rob599_hw2.egg-info to /home/chelse/ros2_ws/install/rob599_hw2/lib/python3.10/site-packages/rob599_hw2-0.0.0-py3.10.egg-info
[1.084s] running install_scripts
[1.104s] Installing speed_limiter script to /home/chelse/ros2_ws/install/rob599_hw2/lib/rob599_hw2
[1.105s] Installing speed_publisher script to /home/chelse/ros2_ws/install/rob599_hw2/lib/rob599_hw2
[1.105s] Installing twist_tester script to /home/chelse/ros2_ws/install/rob599_hw2/lib/rob599_hw2
[1.105s] writing list of installed files to '/home/chelse/ros2_ws/build/rob599_hw2/install.log'
[1.351s] Invoked command in '/home/chelse/ros2_ws/src/rob599_hw2' returned '0': PYTHONPATH=/home/chelse/ros2_ws/build/rob599_hw2/prefix_override:/home/chelse/ros2_ws/install/rob599_hw2/lib/python3.10/site-packages:${PYTHONPATH} /usr/bin/python3 setup.py egg_info --egg-base ../../build/rob599_hw2 build --build-base /home/chelse/ros2_ws/build/rob599_hw2/build install --record /home/chelse/ros2_ws/build/rob599_hw2/install.log --single-version-externally-managed
