[0.124s] Invoking command in '/home/chelse/ros2_ws/build/rob599_msgs': CMAKE_PREFIX_PATH=/opt/ros/humble /usr/bin/cmake --build /home/chelse/ros2_ws/build/rob599_msgs -- -j12 -l12
[0.160s] [35m[1mConsolidate compiler generated dependencies of target rob599_msgs__rosidl_generator_c[0m
[0.171s] [  2%] Built target rob599_msgs__cpp
[0.173s] [ 12%] Built target rob599_msgs__rosidl_generator_c
[0.184s] [ 12%] Built target ament_cmake_python_copy_rob599_msgs
[0.188s] [35m[1mConsolidate compiler generated dependencies of target rob599_msgs__rosidl_typesupport_cpp[0m
[0.188s] [35m[1mConsolidate compiler generated dependencies of target rob599_msgs__rosidl_typesupport_fastrtps_cpp[0m
[0.188s] [35m[1mConsolidate compiler generated dependencies of target rob599_msgs__rosidl_typesupport_c[0m
[0.189s] [35m[1mConsolidate compiler generated dependencies of target rob599_msgs__rosidl_typesupport_introspection_c[0m
[0.189s] [35m[1mConsolidate compiler generated dependencies of target rob599_msgs__rosidl_typesupport_fastrtps_c[0m
[0.189s] [35m[1mConsolidate compiler generated dependencies of target rob599_msgs__rosidl_typesupport_introspection_cpp[0m
[0.209s] [ 34%] Built target rob599_msgs__rosidl_typesupport_introspection_c
[0.209s] [ 34%] Built target rob599_msgs__rosidl_typesupport_c
[0.213s] [ 44%] Built target rob599_msgs__rosidl_typesupport_cpp
[0.215s] [ 55%] Built target rob599_msgs__rosidl_typesupport_fastrtps_cpp
[0.218s] [ 76%] Built target rob599_msgs__rosidl_typesupport_fastrtps_c
[0.218s] [ 76%] Built target rob599_msgs__rosidl_typesupport_introspection_cpp
[0.240s] [ 76%] Built target rob599_msgs
[0.267s] [ 78%] Built target rob599_msgs__py
[0.277s] [35m[1mConsolidate compiler generated dependencies of target rob599_msgs__rosidl_generator_py[0m
[0.291s] [ 87%] Built target rob599_msgs__rosidl_generator_py
[0.300s] [35m[1mConsolidate compiler generated dependencies of target rob599_msgs__rosidl_typesupport_fastrtps_c__pyext[0m
[0.301s] [35m[1mConsolidate compiler generated dependencies of target rob599_msgs__rosidl_typesupport_introspection_c__pyext[0m
[0.301s] [35m[1mConsolidate compiler generated dependencies of target rob599_msgs__rosidl_typesupport_c__pyext[0m
[0.314s] [ 91%] Built target rob599_msgs__rosidl_typesupport_fastrtps_c__pyext
[0.314s] [ 95%] Built target rob599_msgs__rosidl_typesupport_introspection_c__pyext
[0.315s] [100%] Built target rob599_msgs__rosidl_typesupport_c__pyext
[0.435s] running egg_info
[0.436s] writing rob599_msgs.egg-info/PKG-INFO
[0.436s] writing dependency_links to rob599_msgs.egg-info/dependency_links.txt
[0.436s] writing top-level names to rob599_msgs.egg-info/top_level.txt
[0.438s] reading manifest file 'rob599_msgs.egg-info/SOURCES.txt'
[0.439s] writing manifest file 'rob599_msgs.egg-info/SOURCES.txt'
[0.462s] [100%] Built target ament_cmake_python_build_rob599_msgs_egg
