[0.761s] Invoking command in '/home/chelse/ros2_ws/src/rob599_hw2': CMAKE_PREFIX_PATH=/home/chelse/ros2_ws/install/rob599_hw2_msgs:/home/chelse/ros2_ws/install/turtlesim:/home/chelse/ros2_ws/install/rob599_msgs:/home/chelse/ros2_ws/install/rob599_hw2 PYTHONPATH=/home/chelse/ros2_ws/build/rob599_hw2/prefix_override:/home/chelse/ros2_ws/install/rob599_hw2/lib/python3.10/site-packages:${PYTHONPATH} /usr/bin/python3 setup.py egg_info --egg-base ../../build/rob599_hw2 build --build-base /home/chelse/ros2_ws/build/rob599_hw2/build install --record /home/chelse/ros2_ws/build/rob599_hw2/install.log --single-version-externally-managed
[0.970s] running egg_info
[0.970s] writing ../../build/rob599_hw2/rob599_hw2.egg-info/PKG-INFO
[0.971s] writing dependency_links to ../../build/rob599_hw2/rob599_hw2.egg-info/dependency_links.txt
[0.971s] writing entry points to ../../build/rob599_hw2/rob599_hw2.egg-info/entry_points.txt
[0.971s] writing requirements to ../../build/rob599_hw2/rob599_hw2.egg-info/requires.txt
[0.971s] writing top-level names to ../../build/rob599_hw2/rob599_hw2.egg-info/top_level.txt
[0.973s] reading manifest file '../../build/rob599_hw2/rob599_hw2.egg-info/SOURCES.txt'
[0.973s] adding license file 'LICENSE'
[0.974s] writing manifest file '../../build/rob599_hw2/rob599_hw2.egg-info/SOURCES.txt'
[0.974s] running build
[0.974s] running build_py
[0.974s] copying rob599_hw2/nasa_client.py -> /home/chelse/ros2_ws/build/rob599_hw2/build/lib/rob599_hw2
[0.974s] copying rob599_hw2/nasa_client_beforeCancel.py -> /home/chelse/ros2_ws/build/rob599_hw2/build/lib/rob599_hw2
[0.975s] copying rob599_hw2/nasa.py -> /home/chelse/ros2_ws/build/rob599_hw2/build/lib/rob599_hw2
[0.975s] copying rob599_hw2/nasaBeforeCancel.py -> /home/chelse/ros2_ws/build/rob599_hw2/build/lib/rob599_hw2
[0.975s] running install
[0.975s] /usr/lib/python3/dist-packages/setuptools/command/install.py:34: SetuptoolsDeprecationWarning: setup.py install is deprecated. Use build and pip and other standards-based tools.
[0.975s]   warnings.warn(
[0.975s] running install_lib
[0.976s] copying /home/chelse/ros2_ws/build/rob599_hw2/build/lib/rob599_hw2/nasa_client.py -> /home/chelse/ros2_ws/install/rob599_hw2/lib/python3.10/site-packages/rob599_hw2
[0.976s] copying /home/chelse/ros2_ws/build/rob599_hw2/build/lib/rob599_hw2/nasa_client_beforeCancel.py -> /home/chelse/ros2_ws/install/rob599_hw2/lib/python3.10/site-packages/rob599_hw2
[0.977s] copying /home/chelse/ros2_ws/build/rob599_hw2/build/lib/rob599_hw2/nasa.py -> /home/chelse/ros2_ws/install/rob599_hw2/lib/python3.10/site-packages/rob599_hw2
[0.977s] copying /home/chelse/ros2_ws/build/rob599_hw2/build/lib/rob599_hw2/nasaBeforeCancel.py -> /home/chelse/ros2_ws/install/rob599_hw2/lib/python3.10/site-packages/rob599_hw2
[0.977s] byte-compiling /home/chelse/ros2_ws/install/rob599_hw2/lib/python3.10/site-packages/rob599_hw2/nasa_client.py to nasa_client.cpython-310.pyc
[0.978s] byte-compiling /home/chelse/ros2_ws/install/rob599_hw2/lib/python3.10/site-packages/rob599_hw2/nasa_client_beforeCancel.py to nasa_client_beforeCancel.cpython-310.pyc
[0.978s] byte-compiling /home/chelse/ros2_ws/install/rob599_hw2/lib/python3.10/site-packages/rob599_hw2/nasa.py to nasa.cpython-310.pyc
[0.979s] byte-compiling /home/chelse/ros2_ws/install/rob599_hw2/lib/python3.10/site-packages/rob599_hw2/nasaBeforeCancel.py to nasaBeforeCancel.cpython-310.pyc
[0.979s] running install_data
[0.980s] running install_egg_info
[0.981s] removing '/home/chelse/ros2_ws/install/rob599_hw2/lib/python3.10/site-packages/rob599_hw2-0.0.0-py3.10.egg-info' (and everything under it)
[0.981s] Copying ../../build/rob599_hw2/rob599_hw2.egg-info to /home/chelse/ros2_ws/install/rob599_hw2/lib/python3.10/site-packages/rob599_hw2-0.0.0-py3.10.egg-info
[0.982s] running install_scripts
[1.000s] Installing nasa script to /home/chelse/ros2_ws/install/rob599_hw2/lib/rob599_hw2
[1.001s] Installing nasa_client script to /home/chelse/ros2_ws/install/rob599_hw2/lib/rob599_hw2
[1.001s] Installing speed_limiter script to /home/chelse/ros2_ws/install/rob599_hw2/lib/rob599_hw2
[1.001s] Installing speed_publisher script to /home/chelse/ros2_ws/install/rob599_hw2/lib/rob599_hw2
[1.001s] Installing twist_tester script to /home/chelse/ros2_ws/install/rob599_hw2/lib/rob599_hw2
[1.001s] writing list of installed files to '/home/chelse/ros2_ws/build/rob599_hw2/install.log'
[1.020s] Invoked command in '/home/chelse/ros2_ws/src/rob599_hw2' returned '0': CMAKE_PREFIX_PATH=/home/chelse/ros2_ws/install/rob599_hw2_msgs:/home/chelse/ros2_ws/install/turtlesim:/home/chelse/ros2_ws/install/rob599_msgs:/home/chelse/ros2_ws/install/rob599_hw2 PYTHONPATH=/home/chelse/ros2_ws/build/rob599_hw2/prefix_override:/home/chelse/ros2_ws/install/rob599_hw2/lib/python3.10/site-packages:${PYTHONPATH} /usr/bin/python3 setup.py egg_info --egg-base ../../build/rob599_hw2 build --build-base /home/chelse/ros2_ws/build/rob599_hw2/build install --record /home/chelse/ros2_ws/build/rob599_hw2/install.log --single-version-externally-managed
