[3.418s] Invoking command in '/home/chelse/ros2_ws/src/rob599_hw3': PYTHONPATH=/home/chelse/ros2_ws/build/rob599_hw3/prefix_override:/home/chelse/ros2_ws/install/rob599_hw3/lib/python3.10/site-packages:${PYTHONPATH} /usr/bin/python3 setup.py egg_info --egg-base ../../build/rob599_hw3 build --build-base /home/chelse/ros2_ws/build/rob599_hw3/build install --record /home/chelse/ros2_ws/build/rob599_hw3/install.log --single-version-externally-managed
[5.082s] running egg_info
[5.102s] writing ../../build/rob599_hw3/rob599_hw3.egg-info/PKG-INFO
[5.104s] writing dependency_links to ../../build/rob599_hw3/rob599_hw3.egg-info/dependency_links.txt
[5.112s] writing entry points to ../../build/rob599_hw3/rob599_hw3.egg-info/entry_points.txt
[5.113s] writing requirements to ../../build/rob599_hw3/rob599_hw3.egg-info/requires.txt
[5.113s] writing top-level names to ../../build/rob599_hw3/rob599_hw3.egg-info/top_level.txt
[5.142s] reading manifest file '../../build/rob599_hw3/rob599_hw3.egg-info/SOURCES.txt'
[5.150s] writing manifest file '../../build/rob599_hw3/rob599_hw3.egg-info/SOURCES.txt'
[5.152s] running build
[5.152s] running build_py
[5.152s] running install
[5.155s] /usr/lib/python3/dist-packages/setuptools/command/install.py:34: SetuptoolsDeprecationWarning: setup.py install is deprecated. Use build and pip and other standards-based tools.
[5.155s]   warnings.warn(
[5.155s] running install_lib
[5.173s] running install_data
[5.180s] running install_egg_info
[5.200s] removing '/home/chelse/ros2_ws/install/rob599_hw3/lib/python3.10/site-packages/rob599_hw3-0.0.0-py3.10.egg-info' (and everything under it)
[5.207s] Copying ../../build/rob599_hw3/rob599_hw3.egg-info to /home/chelse/ros2_ws/install/rob599_hw3/lib/python3.10/site-packages/rob599_hw3-0.0.0-py3.10.egg-info
[5.208s] running install_scripts
[5.349s] Installing places script to /home/chelse/ros2_ws/install/rob599_hw3/lib/rob599_hw3
[5.351s] Installing places_client script to /home/chelse/ros2_ws/install/rob599_hw3/lib/rob599_hw3
[5.354s] writing list of installed files to '/home/chelse/ros2_ws/build/rob599_hw3/install.log'
[5.624s] Invoked command in '/home/chelse/ros2_ws/src/rob599_hw3' returned '0': PYTHONPATH=/home/chelse/ros2_ws/build/rob599_hw3/prefix_override:/home/chelse/ros2_ws/install/rob599_hw3/lib/python3.10/site-packages:${PYTHONPATH} /usr/bin/python3 setup.py egg_info --egg-base ../../build/rob599_hw3 build --build-base /home/chelse/ros2_ws/build/rob599_hw3/build install --record /home/chelse/ros2_ws/build/rob599_hw3/install.log --single-version-externally-managed
