[1.114s] DEBUG:colcon:Command line arguments: ['/home/chelse/.local/bin/colcon', 'build']
[1.114s] DEBUG:colcon:Parsed command line arguments: Namespace(log_base=None, log_level=None, verb_name='build', build_base='build', install_base='install', merge_install=False, symlink_install=False, test_result_base=None, continue_on_error=False, executor='parallel', parallel_workers=12, event_handlers=None, ignore_user_meta=False, metas=['./colcon.meta'], base_paths=['.'], packages_ignore=None, packages_ignore_regex=None, paths=None, packages_up_to=None, packages_up_to_regex=None, packages_above=None, packages_above_and_dependencies=None, packages_above_depth=None, packages_select_by_dep=None, packages_skip_by_dep=None, packages_skip_up_to=None, packages_select_build_failed=False, packages_skip_build_finished=False, packages_select_test_failures=False, packages_skip_test_passed=False, packages_select=None, packages_skip=None, packages_select_regex=None, packages_skip_regex=None, packages_start=None, packages_end=None, cmake_args=None, cmake_target=None, cmake_target_skip_unavailable=False, cmake_clean_cache=False, cmake_clean_first=False, cmake_force_configure=False, ament_cmake_args=None, catkin_cmake_args=None, catkin_skip_building_tests=False, verb_parser=<colcon_defaults.argument_parser.defaults.DefaultArgumentsDecorator object at 0x7f77b4def2b0>, verb_extension=<colcon_core.verb.build.BuildVerb object at 0x7f77b4dec0d0>, main=<bound method BuildVerb.main of <colcon_core.verb.build.BuildVerb object at 0x7f77b4dec0d0>>)
[1.166s] Level 1:colcon.colcon_core.package_discovery:discover_packages(colcon_meta) check parameters
[1.166s] Level 1:colcon.colcon_core.package_discovery:discover_packages(recursive) check parameters
[1.166s] Level 1:colcon.colcon_core.package_discovery:discover_packages(ignore) check parameters
[1.166s] Level 1:colcon.colcon_core.package_discovery:discover_packages(path) check parameters
[1.166s] Level 1:colcon.colcon_core.package_discovery:discover_packages(colcon_meta) discover
[1.166s] Level 1:colcon.colcon_core.package_discovery:discover_packages(recursive) discover
[1.166s] INFO:colcon.colcon_core.package_discovery:Crawling recursively for packages in '/home/chelse/ros2_ws'
[1.166s] Level 1:colcon.colcon_core.package_identification:_identify(.) by extensions ['ignore', 'ignore_ament_install']
[1.167s] Level 1:colcon.colcon_core.package_identification:_identify(.) by extension 'ignore'
[1.167s] Level 1:colcon.colcon_core.package_identification:_identify(.) by extension 'ignore_ament_install'
[1.167s] Level 1:colcon.colcon_core.package_identification:_identify(.) by extensions ['colcon_pkg']
[1.167s] Level 1:colcon.colcon_core.package_identification:_identify(.) by extension 'colcon_pkg'
[1.167s] Level 1:colcon.colcon_core.package_identification:_identify(.) by extensions ['colcon_meta']
[1.167s] Level 1:colcon.colcon_core.package_identification:_identify(.) by extension 'colcon_meta'
[1.167s] Level 1:colcon.colcon_core.package_identification:_identify(.) by extensions ['ros']
[1.167s] Level 1:colcon.colcon_core.package_identification:_identify(.) by extension 'ros'
[1.177s] Level 1:colcon.colcon_core.package_identification:_identify(.) by extensions ['cmake', 'python']
[1.177s] Level 1:colcon.colcon_core.package_identification:_identify(.) by extension 'cmake'
[1.177s] Level 1:colcon.colcon_core.package_identification:_identify(.) by extension 'python'
[1.177s] Level 1:colcon.colcon_core.package_identification:_identify(.) by extensions ['python_setup_py']
[1.177s] Level 1:colcon.colcon_core.package_identification:_identify(.) by extension 'python_setup_py'
[1.178s] Level 1:colcon.colcon_core.package_identification:_identify(build) by extensions ['ignore', 'ignore_ament_install']
[1.178s] Level 1:colcon.colcon_core.package_identification:_identify(build) by extension 'ignore'
[1.178s] Level 1:colcon.colcon_core.package_identification:_identify(build) ignored
[1.178s] Level 1:colcon.colcon_core.package_identification:_identify(install) by extensions ['ignore', 'ignore_ament_install']
[1.178s] Level 1:colcon.colcon_core.package_identification:_identify(install) by extension 'ignore'
[1.178s] Level 1:colcon.colcon_core.package_identification:_identify(install) ignored
[1.178s] Level 1:colcon.colcon_core.package_identification:_identify(log) by extensions ['ignore', 'ignore_ament_install']
[1.178s] Level 1:colcon.colcon_core.package_identification:_identify(log) by extension 'ignore'
[1.178s] Level 1:colcon.colcon_core.package_identification:_identify(log) ignored
[1.178s] Level 1:colcon.colcon_core.package_identification:_identify(src) by extensions ['ignore', 'ignore_ament_install']
[1.178s] Level 1:colcon.colcon_core.package_identification:_identify(src) by extension 'ignore'
[1.178s] Level 1:colcon.colcon_core.package_identification:_identify(src) by extension 'ignore_ament_install'
[1.179s] Level 1:colcon.colcon_core.package_identification:_identify(src) by extensions ['colcon_pkg']
[1.179s] Level 1:colcon.colcon_core.package_identification:_identify(src) by extension 'colcon_pkg'
[1.179s] Level 1:colcon.colcon_core.package_identification:_identify(src) by extensions ['colcon_meta']
[1.179s] Level 1:colcon.colcon_core.package_identification:_identify(src) by extension 'colcon_meta'
[1.179s] Level 1:colcon.colcon_core.package_identification:_identify(src) by extensions ['ros']
[1.179s] Level 1:colcon.colcon_core.package_identification:_identify(src) by extension 'ros'
[1.179s] Level 1:colcon.colcon_core.package_identification:_identify(src) by extensions ['cmake', 'python']
[1.179s] Level 1:colcon.colcon_core.package_identification:_identify(src) by extension 'cmake'
[1.179s] Level 1:colcon.colcon_core.package_identification:_identify(src) by extension 'python'
[1.179s] Level 1:colcon.colcon_core.package_identification:_identify(src) by extensions ['python_setup_py']
[1.179s] Level 1:colcon.colcon_core.package_identification:_identify(src) by extension 'python_setup_py'
[1.179s] Level 1:colcon.colcon_core.package_identification:_identify(src/build) by extensions ['ignore', 'ignore_ament_install']
[1.179s] Level 1:colcon.colcon_core.package_identification:_identify(src/build) by extension 'ignore'
[1.179s] Level 1:colcon.colcon_core.package_identification:_identify(src/build) ignored
[1.179s] Level 1:colcon.colcon_core.package_identification:_identify(src/install) by extensions ['ignore', 'ignore_ament_install']
[1.179s] Level 1:colcon.colcon_core.package_identification:_identify(src/install) by extension 'ignore'
[1.180s] Level 1:colcon.colcon_core.package_identification:_identify(src/install) ignored
[1.180s] Level 1:colcon.colcon_core.package_identification:_identify(src/log) by extensions ['ignore', 'ignore_ament_install']
[1.180s] Level 1:colcon.colcon_core.package_identification:_identify(src/log) by extension 'ignore'
[1.180s] Level 1:colcon.colcon_core.package_identification:_identify(src/log) ignored
[1.180s] Level 1:colcon.colcon_core.package_identification:_identify(src/rob599_hw2) by extensions ['ignore', 'ignore_ament_install']
[1.180s] Level 1:colcon.colcon_core.package_identification:_identify(src/rob599_hw2) by extension 'ignore'
[1.180s] Level 1:colcon.colcon_core.package_identification:_identify(src/rob599_hw2) by extension 'ignore_ament_install'
[1.180s] Level 1:colcon.colcon_core.package_identification:_identify(src/rob599_hw2) by extensions ['colcon_pkg']
[1.180s] Level 1:colcon.colcon_core.package_identification:_identify(src/rob599_hw2) by extension 'colcon_pkg'
[1.180s] Level 1:colcon.colcon_core.package_identification:_identify(src/rob599_hw2) by extensions ['colcon_meta']
[1.180s] Level 1:colcon.colcon_core.package_identification:_identify(src/rob599_hw2) by extension 'colcon_meta'
[1.180s] Level 1:colcon.colcon_core.package_identification:_identify(src/rob599_hw2) by extensions ['ros']
[1.180s] Level 1:colcon.colcon_core.package_identification:_identify(src/rob599_hw2) by extension 'ros'
[1.183s] DEBUG:colcon.colcon_core.package_identification:Package 'src/rob599_hw2' with type 'ros.ament_python' and name 'rob599_hw2'
[1.183s] Level 1:colcon.colcon_core.package_identification:_identify(src/rob599_hw2_msgs) by extensions ['ignore', 'ignore_ament_install']
[1.183s] Level 1:colcon.colcon_core.package_identification:_identify(src/rob599_hw2_msgs) by extension 'ignore'
[1.183s] Level 1:colcon.colcon_core.package_identification:_identify(src/rob599_hw2_msgs) by extension 'ignore_ament_install'
[1.183s] Level 1:colcon.colcon_core.package_identification:_identify(src/rob599_hw2_msgs) by extensions ['colcon_pkg']
[1.183s] Level 1:colcon.colcon_core.package_identification:_identify(src/rob599_hw2_msgs) by extension 'colcon_pkg'
[1.183s] Level 1:colcon.colcon_core.package_identification:_identify(src/rob599_hw2_msgs) by extensions ['colcon_meta']
[1.183s] Level 1:colcon.colcon_core.package_identification:_identify(src/rob599_hw2_msgs) by extension 'colcon_meta'
[1.183s] Level 1:colcon.colcon_core.package_identification:_identify(src/rob599_hw2_msgs) by extensions ['ros']
[1.183s] Level 1:colcon.colcon_core.package_identification:_identify(src/rob599_hw2_msgs) by extension 'ros'
[1.184s] DEBUG:colcon.colcon_core.package_identification:Package 'src/rob599_hw2_msgs' with type 'ros.ament_cmake' and name 'rob599_hw2_msgs'
[1.184s] Level 1:colcon.colcon_core.package_identification:_identify(src/rob599_hw3) by extensions ['ignore', 'ignore_ament_install']
[1.184s] Level 1:colcon.colcon_core.package_identification:_identify(src/rob599_hw3) by extension 'ignore'
[1.184s] Level 1:colcon.colcon_core.package_identification:_identify(src/rob599_hw3) by extension 'ignore_ament_install'
[1.184s] Level 1:colcon.colcon_core.package_identification:_identify(src/rob599_hw3) by extensions ['colcon_pkg']
[1.184s] Level 1:colcon.colcon_core.package_identification:_identify(src/rob599_hw3) by extension 'colcon_pkg'
[1.184s] Level 1:colcon.colcon_core.package_identification:_identify(src/rob599_hw3) by extensions ['colcon_meta']
[1.184s] Level 1:colcon.colcon_core.package_identification:_identify(src/rob599_hw3) by extension 'colcon_meta'
[1.184s] Level 1:colcon.colcon_core.package_identification:_identify(src/rob599_hw3) by extensions ['ros']
[1.184s] Level 1:colcon.colcon_core.package_identification:_identify(src/rob599_hw3) by extension 'ros'
[1.185s] DEBUG:colcon.colcon_core.package_identification:Package 'src/rob599_hw3' with type 'ros.ament_python' and name 'rob599_hw3'
[1.185s] Level 1:colcon.colcon_core.package_discovery:discover_packages(recursive) using defaults
[1.185s] Level 1:colcon.colcon_core.package_discovery:discover_packages(ignore) discover
[1.185s] Level 1:colcon.colcon_core.package_discovery:discover_packages(ignore) using defaults
[1.185s] Level 1:colcon.colcon_core.package_discovery:discover_packages(path) discover
[1.185s] Level 1:colcon.colcon_core.package_discovery:discover_packages(path) using defaults
[1.266s] Level 5:colcon.colcon_core.verb:set package 'rob599_hw2_msgs' build argument 'cmake_args' from command line to 'None'
[1.266s] Level 5:colcon.colcon_core.verb:set package 'rob599_hw2_msgs' build argument 'cmake_target' from command line to 'None'
[1.266s] Level 5:colcon.colcon_core.verb:set package 'rob599_hw2_msgs' build argument 'cmake_target_skip_unavailable' from command line to 'False'
[1.266s] Level 5:colcon.colcon_core.verb:set package 'rob599_hw2_msgs' build argument 'cmake_clean_cache' from command line to 'False'
[1.266s] Level 5:colcon.colcon_core.verb:set package 'rob599_hw2_msgs' build argument 'cmake_clean_first' from command line to 'False'
[1.266s] Level 5:colcon.colcon_core.verb:set package 'rob599_hw2_msgs' build argument 'cmake_force_configure' from command line to 'False'
[1.266s] Level 5:colcon.colcon_core.verb:set package 'rob599_hw2_msgs' build argument 'ament_cmake_args' from command line to 'None'
[1.266s] Level 5:colcon.colcon_core.verb:set package 'rob599_hw2_msgs' build argument 'catkin_cmake_args' from command line to 'None'
[1.266s] Level 5:colcon.colcon_core.verb:set package 'rob599_hw2_msgs' build argument 'catkin_skip_building_tests' from command line to 'False'
[1.266s] DEBUG:colcon.colcon_core.verb:Building package 'rob599_hw2_msgs' with the following arguments: {'ament_cmake_args': None, 'build_base': '/home/chelse/ros2_ws/build/rob599_hw2_msgs', 'catkin_cmake_args': None, 'catkin_skip_building_tests': False, 'cmake_args': None, 'cmake_clean_cache': False, 'cmake_clean_first': False, 'cmake_force_configure': False, 'cmake_target': None, 'cmake_target_skip_unavailable': False, 'install_base': '/home/chelse/ros2_ws/install/rob599_hw2_msgs', 'merge_install': False, 'path': '/home/chelse/ros2_ws/src/rob599_hw2_msgs', 'symlink_install': False, 'test_result_base': None}
[1.281s] Level 5:colcon.colcon_core.verb:set package 'rob599_hw3' build argument 'cmake_args' from command line to 'None'
[1.281s] Level 5:colcon.colcon_core.verb:set package 'rob599_hw3' build argument 'cmake_target' from command line to 'None'
[1.281s] Level 5:colcon.colcon_core.verb:set package 'rob599_hw3' build argument 'cmake_target_skip_unavailable' from command line to 'False'
[1.281s] Level 5:colcon.colcon_core.verb:set package 'rob599_hw3' build argument 'cmake_clean_cache' from command line to 'False'
[1.281s] Level 5:colcon.colcon_core.verb:set package 'rob599_hw3' build argument 'cmake_clean_first' from command line to 'False'
[1.281s] Level 5:colcon.colcon_core.verb:set package 'rob599_hw3' build argument 'cmake_force_configure' from command line to 'False'
[1.281s] Level 5:colcon.colcon_core.verb:set package 'rob599_hw3' build argument 'ament_cmake_args' from command line to 'None'
[1.281s] Level 5:colcon.colcon_core.verb:set package 'rob599_hw3' build argument 'catkin_cmake_args' from command line to 'None'
[1.281s] Level 5:colcon.colcon_core.verb:set package 'rob599_hw3' build argument 'catkin_skip_building_tests' from command line to 'False'
[1.281s] DEBUG:colcon.colcon_core.verb:Building package 'rob599_hw3' with the following arguments: {'ament_cmake_args': None, 'build_base': '/home/chelse/ros2_ws/build/rob599_hw3', 'catkin_cmake_args': None, 'catkin_skip_building_tests': False, 'cmake_args': None, 'cmake_clean_cache': False, 'cmake_clean_first': False, 'cmake_force_configure': False, 'cmake_target': None, 'cmake_target_skip_unavailable': False, 'install_base': '/home/chelse/ros2_ws/install/rob599_hw3', 'merge_install': False, 'path': '/home/chelse/ros2_ws/src/rob599_hw3', 'symlink_install': False, 'test_result_base': None}
[1.297s] Level 5:colcon.colcon_core.verb:set package 'rob599_hw2' build argument 'cmake_args' from command line to 'None'
[1.297s] Level 5:colcon.colcon_core.verb:set package 'rob599_hw2' build argument 'cmake_target' from command line to 'None'
[1.297s] Level 5:colcon.colcon_core.verb:set package 'rob599_hw2' build argument 'cmake_target_skip_unavailable' from command line to 'False'
[1.297s] Level 5:colcon.colcon_core.verb:set package 'rob599_hw2' build argument 'cmake_clean_cache' from command line to 'False'
[1.297s] Level 5:colcon.colcon_core.verb:set package 'rob599_hw2' build argument 'cmake_clean_first' from command line to 'False'
[1.297s] Level 5:colcon.colcon_core.verb:set package 'rob599_hw2' build argument 'cmake_force_configure' from command line to 'False'
[1.297s] Level 5:colcon.colcon_core.verb:set package 'rob599_hw2' build argument 'ament_cmake_args' from command line to 'None'
[1.297s] Level 5:colcon.colcon_core.verb:set package 'rob599_hw2' build argument 'catkin_cmake_args' from command line to 'None'
[1.297s] Level 5:colcon.colcon_core.verb:set package 'rob599_hw2' build argument 'catkin_skip_building_tests' from command line to 'False'
[1.297s] DEBUG:colcon.colcon_core.verb:Building package 'rob599_hw2' with the following arguments: {'ament_cmake_args': None, 'build_base': '/home/chelse/ros2_ws/build/rob599_hw2', 'catkin_cmake_args': None, 'catkin_skip_building_tests': False, 'cmake_args': None, 'cmake_clean_cache': False, 'cmake_clean_first': False, 'cmake_force_configure': False, 'cmake_target': None, 'cmake_target_skip_unavailable': False, 'install_base': '/home/chelse/ros2_ws/install/rob599_hw2', 'merge_install': False, 'path': '/home/chelse/ros2_ws/src/rob599_hw2', 'symlink_install': False, 'test_result_base': None}
[1.312s] INFO:colcon.colcon_core.executor:Executing jobs using 'parallel' executor
[1.329s] DEBUG:colcon.colcon_parallel_executor.executor.parallel:run_until_complete
[1.330s] INFO:colcon.colcon_ros.task.ament_cmake.build:Building ROS package in '/home/chelse/ros2_ws/src/rob599_hw2_msgs' with build type 'ament_cmake'
[1.330s] INFO:colcon.colcon_cmake.task.cmake.build:Building CMake package in '/home/chelse/ros2_ws/src/rob599_hw2_msgs'
[1.348s] INFO:colcon.colcon_core.plugin_system:Skipping extension 'colcon_core.shell.bat': Not used on non-Windows systems
[1.348s] INFO:colcon.colcon_core.shell:Skip shell extension 'powershell' for command environment: Not usable outside of PowerShell
[1.348s] DEBUG:colcon.colcon_core.shell:Skip shell extension 'dsv' for command environment
[1.400s] INFO:colcon.colcon_ros.task.ament_python.build:Building ROS package in '/home/chelse/ros2_ws/src/rob599_hw3' with build type 'ament_python'
[1.400s] Level 1:colcon.colcon_core.shell:create_environment_hook('rob599_hw3', 'ament_prefix_path')
[1.418s] INFO:colcon.colcon_core.shell:Creating environment hook '/home/chelse/ros2_ws/install/rob599_hw3/share/rob599_hw3/hook/ament_prefix_path.ps1'
[1.419s] INFO:colcon.colcon_core.shell:Creating environment descriptor '/home/chelse/ros2_ws/install/rob599_hw3/share/rob599_hw3/hook/ament_prefix_path.dsv'
[1.419s] INFO:colcon.colcon_core.shell:Creating environment hook '/home/chelse/ros2_ws/install/rob599_hw3/share/rob599_hw3/hook/ament_prefix_path.sh'
[1.437s] INFO:colcon.colcon_core.shell:Skip shell extension 'powershell' for command environment: Not usable outside of PowerShell
[1.437s] DEBUG:colcon.colcon_core.shell:Skip shell extension 'dsv' for command environment
[1.502s] DEBUG:colcon.colcon_core.event_handler.log_command:Invoking command in '/home/chelse/ros2_ws/build/rob599_hw2_msgs': CMAKE_PREFIX_PATH=${CMAKE_PREFIX_PATH}:/home/chelse/ros2_ws/install/rob599_hw3:/home/chelse/ros2_ws/install/rob599_hw2:/opt/ros/humble /usr/bin/cmake --build /home/chelse/ros2_ws/build/rob599_hw2_msgs -- -j12 -l12
[1.796s] INFO:colcon.colcon_core.task.python.build:Building Python package in '/home/chelse/ros2_ws/src/rob599_hw3'
[1.817s] INFO:colcon.colcon_core.shell:Skip shell extension 'powershell' for command environment: Not usable outside of PowerShell
[1.817s] DEBUG:colcon.colcon_core.shell:Skip shell extension 'dsv' for command environment
[1.903s] DEBUG:colcon.colcon_core.event_handler.log_command:Invoked command in '/home/chelse/ros2_ws/build/rob599_hw2_msgs' returned '0': CMAKE_PREFIX_PATH=${CMAKE_PREFIX_PATH}:/home/chelse/ros2_ws/install/rob599_hw3:/home/chelse/ros2_ws/install/rob599_hw2:/opt/ros/humble /usr/bin/cmake --build /home/chelse/ros2_ws/build/rob599_hw2_msgs -- -j12 -l12
[2.141s] DEBUG:colcon.colcon_core.event_handler.log_command:Invoking command in '/home/chelse/ros2_ws/build/rob599_hw2_msgs': CMAKE_PREFIX_PATH=${CMAKE_PREFIX_PATH}:/home/chelse/ros2_ws/install/rob599_hw3:/home/chelse/ros2_ws/install/rob599_hw2:/opt/ros/humble /usr/bin/cmake --install /home/chelse/ros2_ws/build/rob599_hw2_msgs
[2.207s] Level 1:colcon.colcon_core.environment:create_environment_scripts_only(rob599_hw2_msgs)
[2.209s] DEBUG:colcon.colcon_core.event_handler.log_command:Invoked command in '/home/chelse/ros2_ws/build/rob599_hw2_msgs' returned '0': CMAKE_PREFIX_PATH=${CMAKE_PREFIX_PATH}:/home/chelse/ros2_ws/install/rob599_hw3:/home/chelse/ros2_ws/install/rob599_hw2:/opt/ros/humble /usr/bin/cmake --install /home/chelse/ros2_ws/build/rob599_hw2_msgs
[2.229s] Level 1:colcon.colcon_core.environment:checking '/home/chelse/ros2_ws/install/rob599_hw2_msgs' for CMake module files
[2.230s] Level 1:colcon.colcon_core.environment:checking '/home/chelse/ros2_ws/install/rob599_hw2_msgs' for CMake config files
[2.230s] Level 1:colcon.colcon_core.shell:create_environment_hook('rob599_hw2_msgs', 'cmake_prefix_path')
[2.246s] INFO:colcon.colcon_core.shell:Creating environment hook '/home/chelse/ros2_ws/install/rob599_hw2_msgs/share/rob599_hw2_msgs/hook/cmake_prefix_path.ps1'
[2.247s] INFO:colcon.colcon_core.shell:Creating environment descriptor '/home/chelse/ros2_ws/install/rob599_hw2_msgs/share/rob599_hw2_msgs/hook/cmake_prefix_path.dsv'
[2.247s] INFO:colcon.colcon_core.shell:Creating environment hook '/home/chelse/ros2_ws/install/rob599_hw2_msgs/share/rob599_hw2_msgs/hook/cmake_prefix_path.sh'
[2.248s] Level 1:colcon.colcon_core.environment:checking '/home/chelse/ros2_ws/install/rob599_hw2_msgs/lib'
[2.248s] Level 1:colcon.colcon_core.shell:create_environment_hook('rob599_hw2_msgs', 'ld_library_path_lib')
[2.267s] INFO:colcon.colcon_core.shell:Creating environment hook '/home/chelse/ros2_ws/install/rob599_hw2_msgs/share/rob599_hw2_msgs/hook/ld_library_path_lib.ps1'
[2.268s] INFO:colcon.colcon_core.shell:Creating environment descriptor '/home/chelse/ros2_ws/install/rob599_hw2_msgs/share/rob599_hw2_msgs/hook/ld_library_path_lib.dsv'
[2.268s] INFO:colcon.colcon_core.shell:Creating environment hook '/home/chelse/ros2_ws/install/rob599_hw2_msgs/share/rob599_hw2_msgs/hook/ld_library_path_lib.sh'
[2.268s] Level 1:colcon.colcon_core.environment:checking '/home/chelse/ros2_ws/install/rob599_hw2_msgs/bin'
[2.268s] Level 1:colcon.colcon_core.environment:checking '/home/chelse/ros2_ws/install/rob599_hw2_msgs/lib/pkgconfig/rob599_hw2_msgs.pc'
[2.268s] Level 1:colcon.colcon_core.environment:checking '/home/chelse/ros2_ws/install/rob599_hw2_msgs/lib/python3.10/site-packages'
[2.269s] Level 1:colcon.colcon_core.environment:checking '/home/chelse/ros2_ws/install/rob599_hw2_msgs/bin'
[2.290s] INFO:colcon.colcon_core.shell:Creating package script '/home/chelse/ros2_ws/install/rob599_hw2_msgs/share/rob599_hw2_msgs/package.ps1'
[2.292s] INFO:colcon.colcon_core.shell:Creating package descriptor '/home/chelse/ros2_ws/install/rob599_hw2_msgs/share/rob599_hw2_msgs/package.dsv'
[2.292s] INFO:colcon.colcon_core.shell:Creating package script '/home/chelse/ros2_ws/install/rob599_hw2_msgs/share/rob599_hw2_msgs/package.sh'
[2.293s] INFO:colcon.colcon_core.shell:Creating package script '/home/chelse/ros2_ws/install/rob599_hw2_msgs/share/rob599_hw2_msgs/package.bash'
[2.294s] INFO:colcon.colcon_core.shell:Creating package script '/home/chelse/ros2_ws/install/rob599_hw2_msgs/share/rob599_hw2_msgs/package.zsh'
[2.296s] Level 1:colcon.colcon_core.environment:create_file_with_runtime_dependencies(/home/chelse/ros2_ws/install/rob599_hw2_msgs/share/colcon-core/packages/rob599_hw2_msgs)
[2.300s] DEBUG:colcon.colcon_core.event_handler.log_command:Invoking command in '/home/chelse/ros2_ws/src/rob599_hw3': PYTHONPATH=/home/chelse/ros2_ws/build/rob599_hw3/prefix_override:/home/chelse/ros2_ws/install/rob599_hw3/lib/python3.10/site-packages:${PYTHONPATH} /usr/bin/python3 setup.py egg_info --egg-base ../../build/rob599_hw3 build --build-base /home/chelse/ros2_ws/build/rob599_hw3/build install --record /home/chelse/ros2_ws/build/rob599_hw3/install.log --single-version-externally-managed
[2.543s] Level 1:colcon.colcon_core.environment:create_environment_scripts_only(rob599_hw2_msgs)
[2.568s] Level 1:colcon.colcon_core.environment:checking '/home/chelse/ros2_ws/install/rob599_hw2_msgs' for CMake module files
[2.569s] Level 1:colcon.colcon_core.environment:checking '/home/chelse/ros2_ws/install/rob599_hw2_msgs' for CMake config files
[2.569s] Level 1:colcon.colcon_core.shell:create_environment_hook('rob599_hw2_msgs', 'cmake_prefix_path')
[2.586s] INFO:colcon.colcon_core.shell:Creating environment hook '/home/chelse/ros2_ws/install/rob599_hw2_msgs/share/rob599_hw2_msgs/hook/cmake_prefix_path.ps1'
[2.587s] INFO:colcon.colcon_core.shell:Creating environment descriptor '/home/chelse/ros2_ws/install/rob599_hw2_msgs/share/rob599_hw2_msgs/hook/cmake_prefix_path.dsv'
[2.587s] INFO:colcon.colcon_core.shell:Creating environment hook '/home/chelse/ros2_ws/install/rob599_hw2_msgs/share/rob599_hw2_msgs/hook/cmake_prefix_path.sh'
[2.588s] Level 1:colcon.colcon_core.environment:checking '/home/chelse/ros2_ws/install/rob599_hw2_msgs/lib'
[2.588s] Level 1:colcon.colcon_core.shell:create_environment_hook('rob599_hw2_msgs', 'ld_library_path_lib')
[2.605s] INFO:colcon.colcon_core.shell:Creating environment hook '/home/chelse/ros2_ws/install/rob599_hw2_msgs/share/rob599_hw2_msgs/hook/ld_library_path_lib.ps1'
[2.605s] INFO:colcon.colcon_core.shell:Creating environment descriptor '/home/chelse/ros2_ws/install/rob599_hw2_msgs/share/rob599_hw2_msgs/hook/ld_library_path_lib.dsv'
[2.606s] INFO:colcon.colcon_core.shell:Creating environment hook '/home/chelse/ros2_ws/install/rob599_hw2_msgs/share/rob599_hw2_msgs/hook/ld_library_path_lib.sh'
[2.606s] Level 1:colcon.colcon_core.environment:checking '/home/chelse/ros2_ws/install/rob599_hw2_msgs/bin'
[2.606s] Level 1:colcon.colcon_core.environment:checking '/home/chelse/ros2_ws/install/rob599_hw2_msgs/lib/pkgconfig/rob599_hw2_msgs.pc'
[2.606s] Level 1:colcon.colcon_core.environment:checking '/home/chelse/ros2_ws/install/rob599_hw2_msgs/lib/python3.10/site-packages'
[2.606s] Level 1:colcon.colcon_core.environment:checking '/home/chelse/ros2_ws/install/rob599_hw2_msgs/bin'
[2.624s] INFO:colcon.colcon_core.shell:Creating package script '/home/chelse/ros2_ws/install/rob599_hw2_msgs/share/rob599_hw2_msgs/package.ps1'
[2.625s] INFO:colcon.colcon_core.shell:Creating package descriptor '/home/chelse/ros2_ws/install/rob599_hw2_msgs/share/rob599_hw2_msgs/package.dsv'
[2.625s] INFO:colcon.colcon_core.shell:Creating package script '/home/chelse/ros2_ws/install/rob599_hw2_msgs/share/rob599_hw2_msgs/package.sh'
[2.625s] INFO:colcon.colcon_core.shell:Creating package script '/home/chelse/ros2_ws/install/rob599_hw2_msgs/share/rob599_hw2_msgs/package.bash'
[2.626s] INFO:colcon.colcon_core.shell:Creating package script '/home/chelse/ros2_ws/install/rob599_hw2_msgs/share/rob599_hw2_msgs/package.zsh'
[2.626s] Level 1:colcon.colcon_core.environment:create_file_with_runtime_dependencies(/home/chelse/ros2_ws/install/rob599_hw2_msgs/share/colcon-core/packages/rob599_hw2_msgs)
[2.627s] INFO:colcon.colcon_ros.task.ament_python.build:Building ROS package in '/home/chelse/ros2_ws/src/rob599_hw2' with build type 'ament_python'
[2.627s] Level 1:colcon.colcon_core.shell:create_environment_hook('rob599_hw2', 'ament_prefix_path')
[2.643s] INFO:colcon.colcon_core.shell:Creating environment hook '/home/chelse/ros2_ws/install/rob599_hw2/share/rob599_hw2/hook/ament_prefix_path.ps1'
[2.643s] INFO:colcon.colcon_core.shell:Creating environment descriptor '/home/chelse/ros2_ws/install/rob599_hw2/share/rob599_hw2/hook/ament_prefix_path.dsv'
[2.644s] INFO:colcon.colcon_core.shell:Creating environment hook '/home/chelse/ros2_ws/install/rob599_hw2/share/rob599_hw2/hook/ament_prefix_path.sh'
[2.659s] INFO:colcon.colcon_core.shell:Skip shell extension 'powershell' for command environment: Not usable outside of PowerShell
[2.659s] DEBUG:colcon.colcon_core.shell:Skip shell extension 'dsv' for command environment
[2.712s] DEBUG:colcon.colcon_core.event_handler.log_command:Invoked command in '/home/chelse/ros2_ws/src/rob599_hw3' returned '0': PYTHONPATH=/home/chelse/ros2_ws/build/rob599_hw3/prefix_override:/home/chelse/ros2_ws/install/rob599_hw3/lib/python3.10/site-packages:${PYTHONPATH} /usr/bin/python3 setup.py egg_info --egg-base ../../build/rob599_hw3 build --build-base /home/chelse/ros2_ws/build/rob599_hw3/build install --record /home/chelse/ros2_ws/build/rob599_hw3/install.log --single-version-externally-managed
[2.727s] Level 1:colcon.colcon_core.environment:checking '/home/chelse/ros2_ws/install/rob599_hw3' for CMake module files
[2.727s] Level 1:colcon.colcon_core.environment:checking '/home/chelse/ros2_ws/install/rob599_hw3' for CMake config files
[2.728s] Level 1:colcon.colcon_core.environment:checking '/home/chelse/ros2_ws/install/rob599_hw3/lib'
[2.728s] Level 1:colcon.colcon_core.environment:checking '/home/chelse/ros2_ws/install/rob599_hw3/bin'
[2.728s] Level 1:colcon.colcon_core.environment:checking '/home/chelse/ros2_ws/install/rob599_hw3/lib/pkgconfig/rob599_hw3.pc'
[2.728s] Level 1:colcon.colcon_core.environment:checking '/home/chelse/ros2_ws/install/rob599_hw3/lib/python3.10/site-packages'
[2.728s] Level 1:colcon.colcon_core.shell:create_environment_hook('rob599_hw3', 'pythonpath')
[2.744s] INFO:colcon.colcon_core.shell:Creating environment hook '/home/chelse/ros2_ws/install/rob599_hw3/share/rob599_hw3/hook/pythonpath.ps1'
[2.744s] INFO:colcon.colcon_core.shell:Creating environment descriptor '/home/chelse/ros2_ws/install/rob599_hw3/share/rob599_hw3/hook/pythonpath.dsv'
[2.744s] INFO:colcon.colcon_core.shell:Creating environment hook '/home/chelse/ros2_ws/install/rob599_hw3/share/rob599_hw3/hook/pythonpath.sh'
[2.745s] Level 1:colcon.colcon_core.environment:checking '/home/chelse/ros2_ws/install/rob599_hw3/bin'
[2.745s] Level 1:colcon.colcon_core.environment:create_environment_scripts_only(rob599_hw3)
[2.760s] INFO:colcon.colcon_core.shell:Creating package script '/home/chelse/ros2_ws/install/rob599_hw3/share/rob599_hw3/package.ps1'
[2.761s] INFO:colcon.colcon_core.shell:Creating package descriptor '/home/chelse/ros2_ws/install/rob599_hw3/share/rob599_hw3/package.dsv'
[2.761s] INFO:colcon.colcon_core.shell:Creating package script '/home/chelse/ros2_ws/install/rob599_hw3/share/rob599_hw3/package.sh'
[2.762s] INFO:colcon.colcon_core.shell:Creating package script '/home/chelse/ros2_ws/install/rob599_hw3/share/rob599_hw3/package.bash'
[2.762s] INFO:colcon.colcon_core.shell:Creating package script '/home/chelse/ros2_ws/install/rob599_hw3/share/rob599_hw3/package.zsh'
[2.762s] Level 1:colcon.colcon_core.environment:create_file_with_runtime_dependencies(/home/chelse/ros2_ws/install/rob599_hw3/share/colcon-core/packages/rob599_hw3)
[3.044s] INFO:colcon.colcon_core.task.python.build:Building Python package in '/home/chelse/ros2_ws/src/rob599_hw2'
[3.060s] INFO:colcon.colcon_core.shell:Skip shell extension 'powershell' for command environment: Not usable outside of PowerShell
[3.060s] DEBUG:colcon.colcon_core.shell:Skip shell extension 'dsv' for command environment
[3.489s] DEBUG:colcon.colcon_core.event_handler.log_command:Invoking command in '/home/chelse/ros2_ws/src/rob599_hw2': PYTHONPATH=/home/chelse/ros2_ws/build/rob599_hw2/prefix_override:/home/chelse/ros2_ws/install/rob599_hw2/lib/python3.10/site-packages:${PYTHONPATH} /usr/bin/python3 setup.py egg_info --egg-base ../../build/rob599_hw2 build --build-base /home/chelse/ros2_ws/build/rob599_hw2/build install --record /home/chelse/ros2_ws/build/rob599_hw2/install.log --single-version-externally-managed
[3.786s] DEBUG:colcon.colcon_core.event_handler.log_command:Invoked command in '/home/chelse/ros2_ws/src/rob599_hw2' returned '0': PYTHONPATH=/home/chelse/ros2_ws/build/rob599_hw2/prefix_override:/home/chelse/ros2_ws/install/rob599_hw2/lib/python3.10/site-packages:${PYTHONPATH} /usr/bin/python3 setup.py egg_info --egg-base ../../build/rob599_hw2 build --build-base /home/chelse/ros2_ws/build/rob599_hw2/build install --record /home/chelse/ros2_ws/build/rob599_hw2/install.log --single-version-externally-managed
[3.801s] Level 1:colcon.colcon_core.environment:checking '/home/chelse/ros2_ws/install/rob599_hw2' for CMake module files
[3.802s] Level 1:colcon.colcon_core.environment:checking '/home/chelse/ros2_ws/install/rob599_hw2' for CMake config files
[3.802s] Level 1:colcon.colcon_core.environment:checking '/home/chelse/ros2_ws/install/rob599_hw2/lib'
[3.802s] Level 1:colcon.colcon_core.environment:checking '/home/chelse/ros2_ws/install/rob599_hw2/bin'
[3.803s] Level 1:colcon.colcon_core.environment:checking '/home/chelse/ros2_ws/install/rob599_hw2/lib/pkgconfig/rob599_hw2.pc'
[3.803s] Level 1:colcon.colcon_core.environment:checking '/home/chelse/ros2_ws/install/rob599_hw2/lib/python3.10/site-packages'
[3.803s] Level 1:colcon.colcon_core.shell:create_environment_hook('rob599_hw2', 'pythonpath')
[3.818s] INFO:colcon.colcon_core.shell:Creating environment hook '/home/chelse/ros2_ws/install/rob599_hw2/share/rob599_hw2/hook/pythonpath.ps1'
[3.818s] INFO:colcon.colcon_core.shell:Creating environment descriptor '/home/chelse/ros2_ws/install/rob599_hw2/share/rob599_hw2/hook/pythonpath.dsv'
[3.818s] INFO:colcon.colcon_core.shell:Creating environment hook '/home/chelse/ros2_ws/install/rob599_hw2/share/rob599_hw2/hook/pythonpath.sh'
[3.819s] Level 1:colcon.colcon_core.environment:checking '/home/chelse/ros2_ws/install/rob599_hw2/bin'
[3.819s] Level 1:colcon.colcon_core.environment:create_environment_scripts_only(rob599_hw2)
[3.834s] INFO:colcon.colcon_core.shell:Creating package script '/home/chelse/ros2_ws/install/rob599_hw2/share/rob599_hw2/package.ps1'
[3.835s] INFO:colcon.colcon_core.shell:Creating package descriptor '/home/chelse/ros2_ws/install/rob599_hw2/share/rob599_hw2/package.dsv'
[3.835s] INFO:colcon.colcon_core.shell:Creating package script '/home/chelse/ros2_ws/install/rob599_hw2/share/rob599_hw2/package.sh'
[3.836s] INFO:colcon.colcon_core.shell:Creating package script '/home/chelse/ros2_ws/install/rob599_hw2/share/rob599_hw2/package.bash'
[3.836s] INFO:colcon.colcon_core.shell:Creating package script '/home/chelse/ros2_ws/install/rob599_hw2/share/rob599_hw2/package.zsh'
[3.836s] Level 1:colcon.colcon_core.environment:create_file_with_runtime_dependencies(/home/chelse/ros2_ws/install/rob599_hw2/share/colcon-core/packages/rob599_hw2)
[3.836s] DEBUG:colcon.colcon_parallel_executor.executor.parallel:closing loop
[3.837s] DEBUG:colcon.colcon_parallel_executor.executor.parallel:loop closed
[3.837s] DEBUG:colcon.colcon_parallel_executor.executor.parallel:run_until_complete finished with '0'
[3.837s] DEBUG:colcon.colcon_core.event_reactor:joining thread
[3.858s] INFO:colcon.colcon_core.plugin_system:Skipping extension 'colcon_notification.desktop_notification.terminal_notifier': Not used on non-Darwin systems
[3.858s] INFO:colcon.colcon_core.plugin_system:Skipping extension 'colcon_notification.desktop_notification.win32': Not used on non-Windows systems
[3.858s] INFO:colcon.colcon_notification.desktop_notification:Sending desktop notification using 'notify2'
[3.869s] DEBUG:colcon.colcon_core.event_reactor:joined thread
[3.884s] INFO:colcon.colcon_core.shell:Creating prefix script '/home/chelse/ros2_ws/install/local_setup.ps1'
[3.885s] INFO:colcon.colcon_core.shell:Creating prefix util module '/home/chelse/ros2_ws/install/_local_setup_util_ps1.py'
[3.886s] INFO:colcon.colcon_core.shell:Creating prefix chain script '/home/chelse/ros2_ws/install/setup.ps1'
[3.903s] INFO:colcon.colcon_core.shell:Creating prefix script '/home/chelse/ros2_ws/install/local_setup.sh'
[3.903s] INFO:colcon.colcon_core.shell:Creating prefix util module '/home/chelse/ros2_ws/install/_local_setup_util_sh.py'
[3.904s] INFO:colcon.colcon_core.shell:Creating prefix chain script '/home/chelse/ros2_ws/install/setup.sh'
[3.920s] INFO:colcon.colcon_core.shell:Creating prefix script '/home/chelse/ros2_ws/install/local_setup.bash'
[3.921s] INFO:colcon.colcon_core.shell:Creating prefix chain script '/home/chelse/ros2_ws/install/setup.bash'
[3.938s] INFO:colcon.colcon_core.shell:Creating prefix script '/home/chelse/ros2_ws/install/local_setup.zsh'
[3.938s] INFO:colcon.colcon_core.shell:Creating prefix chain script '/home/chelse/ros2_ws/install/setup.zsh'
