[0.743s] Invoking command in '/home/chelse/ros2_ws/src/rob599_hw3': PYTHONPATH=/home/chelse/ros2_ws/build/rob599_hw3/prefix_override:/home/chelse/ros2_ws/install/rob599_hw3/lib/python3.10/site-packages:${PYTHONPATH} /usr/bin/python3 setup.py egg_info --egg-base ../../build/rob599_hw3 build --build-base /home/chelse/ros2_ws/build/rob599_hw3/build install --record /home/chelse/ros2_ws/build/rob599_hw3/install.log --single-version-externally-managed
[0.961s] running egg_info
[0.962s] writing ../../build/rob599_hw3/rob599_hw3.egg-info/PKG-INFO
[0.962s] writing dependency_links to ../../build/rob599_hw3/rob599_hw3.egg-info/dependency_links.txt
[0.962s] writing entry points to ../../build/rob599_hw3/rob599_hw3.egg-info/entry_points.txt
[0.962s] writing requirements to ../../build/rob599_hw3/rob599_hw3.egg-info/requires.txt
[0.962s] writing top-level names to ../../build/rob599_hw3/rob599_hw3.egg-info/top_level.txt
[0.964s] reading manifest file '../../build/rob599_hw3/rob599_hw3.egg-info/SOURCES.txt'
[0.965s] writing manifest file '../../build/rob599_hw3/rob599_hw3.egg-info/SOURCES.txt'
[0.965s] running build
[0.965s] running build_py
[0.965s] copying rob599_hw3/places_client.py -> /home/chelse/ros2_ws/build/rob599_hw3/build/lib/rob599_hw3
[0.965s] running install
[0.965s] /usr/lib/python3/dist-packages/setuptools/command/install.py:34: SetuptoolsDeprecationWarning: setup.py install is deprecated. Use build and pip and other standards-based tools.
[0.965s]   warnings.warn(
[0.966s] running install_lib
[0.966s] copying /home/chelse/ros2_ws/build/rob599_hw3/build/lib/rob599_hw3/places_client.py -> /home/chelse/ros2_ws/install/rob599_hw3/lib/python3.10/site-packages/rob599_hw3
[0.967s] byte-compiling /home/chelse/ros2_ws/install/rob599_hw3/lib/python3.10/site-packages/rob599_hw3/places_client.py to places_client.cpython-310.pyc
[0.967s] running install_data
[0.968s] running install_egg_info
[0.969s] removing '/home/chelse/ros2_ws/install/rob599_hw3/lib/python3.10/site-packages/rob599_hw3-0.0.0-py3.10.egg-info' (and everything under it)
[0.970s] Copying ../../build/rob599_hw3/rob599_hw3.egg-info to /home/chelse/ros2_ws/install/rob599_hw3/lib/python3.10/site-packages/rob599_hw3-0.0.0-py3.10.egg-info
[0.971s] running install_scripts
[0.989s] Installing places script to /home/chelse/ros2_ws/install/rob599_hw3/lib/rob599_hw3
[0.989s] Installing places_client script to /home/chelse/ros2_ws/install/rob599_hw3/lib/rob599_hw3
[0.989s] writing list of installed files to '/home/chelse/ros2_ws/build/rob599_hw3/install.log'
[1.239s] Invoked command in '/home/chelse/ros2_ws/src/rob599_hw3' returned '0': PYTHONPATH=/home/chelse/ros2_ws/build/rob599_hw3/prefix_override:/home/chelse/ros2_ws/install/rob599_hw3/lib/python3.10/site-packages:${PYTHONPATH} /usr/bin/python3 setup.py egg_info --egg-base ../../build/rob599_hw3 build --build-base /home/chelse/ros2_ws/build/rob599_hw3/build install --record /home/chelse/ros2_ws/build/rob599_hw3/install.log --single-version-externally-managed
