[2.342s] Invoking command in '/home/chelse/ros2_ws/src/rob599_hw3': PYTHONPATH=/home/chelse/ros2_ws/build/rob599_hw3/prefix_override:/home/chelse/ros2_ws/install/rob599_hw3/lib/python3.10/site-packages:${PYTHONPATH} /usr/bin/python3 setup.py egg_info --egg-base ../../build/rob599_hw3 build --build-base /home/chelse/ros2_ws/build/rob599_hw3/build install --record /home/chelse/ros2_ws/build/rob599_hw3/install.log --single-version-externally-managed
[3.051s] running egg_info
[3.054s] writing ../../build/rob599_hw3/rob599_hw3.egg-info/PKG-INFO
[3.054s] writing dependency_links to ../../build/rob599_hw3/rob599_hw3.egg-info/dependency_links.txt
[3.055s] writing entry points to ../../build/rob599_hw3/rob599_hw3.egg-info/entry_points.txt
[3.056s] writing requirements to ../../build/rob599_hw3/rob599_hw3.egg-info/requires.txt
[3.056s] writing top-level names to ../../build/rob599_hw3/rob599_hw3.egg-info/top_level.txt
[3.063s] reading manifest file '../../build/rob599_hw3/rob599_hw3.egg-info/SOURCES.txt'
[3.067s] writing manifest file '../../build/rob599_hw3/rob599_hw3.egg-info/SOURCES.txt'
[3.067s] running build
[3.067s] running build_py
[3.068s] copying rob599_hw3/places.py -> /home/chelse/ros2_ws/build/rob599_hw3/build/lib/rob599_hw3
[3.069s] running install
[3.069s] /usr/lib/python3/dist-packages/setuptools/command/install.py:34: SetuptoolsDeprecationWarning: setup.py install is deprecated. Use build and pip and other standards-based tools.
[3.069s]   warnings.warn(
[3.070s] running install_lib
[3.073s] copying /home/chelse/ros2_ws/build/rob599_hw3/build/lib/rob599_hw3/places.py -> /home/chelse/ros2_ws/install/rob599_hw3/lib/python3.10/site-packages/rob599_hw3
[3.075s] byte-compiling /home/chelse/ros2_ws/install/rob599_hw3/lib/python3.10/site-packages/rob599_hw3/places.py to places.cpython-310.pyc
[3.078s] running install_data
[3.080s] running install_egg_info
[3.086s] removing '/home/chelse/ros2_ws/install/rob599_hw3/lib/python3.10/site-packages/rob599_hw3-0.0.0-py3.10.egg-info' (and everything under it)
[3.087s] Copying ../../build/rob599_hw3/rob599_hw3.egg-info to /home/chelse/ros2_ws/install/rob599_hw3/lib/python3.10/site-packages/rob599_hw3-0.0.0-py3.10.egg-info
[3.090s] running install_scripts
[3.150s] Installing places script to /home/chelse/ros2_ws/install/rob599_hw3/lib/rob599_hw3
[3.150s] Installing places_client script to /home/chelse/ros2_ws/install/rob599_hw3/lib/rob599_hw3
[3.152s] writing list of installed files to '/home/chelse/ros2_ws/build/rob599_hw3/install.log'
[3.836s] Invoked command in '/home/chelse/ros2_ws/src/rob599_hw3' returned '0': PYTHONPATH=/home/chelse/ros2_ws/build/rob599_hw3/prefix_override:/home/chelse/ros2_ws/install/rob599_hw3/lib/python3.10/site-packages:${PYTHONPATH} /usr/bin/python3 setup.py egg_info --egg-base ../../build/rob599_hw3 build --build-base /home/chelse/ros2_ws/build/rob599_hw3/build install --record /home/chelse/ros2_ws/build/rob599_hw3/install.log --single-version-externally-managed
