[1.203s] Invoking command in '/home/chelse/ros2_ws/src/rob599_hw2': CMAKE_PREFIX_PATH=/home/chelse/ros2_ws/install/rob599_hw2_msgs:/home/chelse/ros2_ws/install/turtlesim:/home/chelse/ros2_ws/install/rob599_msgs:/home/chelse/ros2_ws/install/rob599_hw2 LD_LIBRARY_PATH=/home/chelse/ros2_ws/install/rob599_hw2_msgs/lib:/opt/ros/humble/opt/rviz_ogre_vendor/lib:/opt/ros/humble/lib/x86_64-linux-gnu:/opt/ros/humble/lib:/home/chelse/ros2_ws/install/turtlesim/lib:/home/chelse/ros2_ws/install/rob599_msgs/lib PYTHONPATH=/home/chelse/ros2_ws/build/rob599_hw2/prefix_override:/home/chelse/ros2_ws/install/rob599_hw2/lib/python3.10/site-packages:${PYTHONPATH} /usr/bin/python3 setup.py egg_info --egg-base ../../build/rob599_hw2 build --build-base /home/chelse/ros2_ws/build/rob599_hw2/build install --record /home/chelse/ros2_ws/build/rob599_hw2/install.log --single-version-externally-managed
[1.407s] running egg_info
[1.408s] writing ../../build/rob599_hw2/rob599_hw2.egg-info/PKG-INFO
[1.408s] writing dependency_links to ../../build/rob599_hw2/rob599_hw2.egg-info/dependency_links.txt
[1.408s] writing entry points to ../../build/rob599_hw2/rob599_hw2.egg-info/entry_points.txt
[1.408s] writing requirements to ../../build/rob599_hw2/rob599_hw2.egg-info/requires.txt
[1.408s] writing top-level names to ../../build/rob599_hw2/rob599_hw2.egg-info/top_level.txt
[1.410s] reading manifest file '../../build/rob599_hw2/rob599_hw2.egg-info/SOURCES.txt'
[1.410s] adding license file 'LICENSE'
[1.411s] writing manifest file '../../build/rob599_hw2/rob599_hw2.egg-info/SOURCES.txt'
[1.411s] running build
[1.411s] running build_py
[1.412s] running install
[1.412s] /usr/lib/python3/dist-packages/setuptools/command/install.py:34: SetuptoolsDeprecationWarning: setup.py install is deprecated. Use build and pip and other standards-based tools.
[1.412s]   warnings.warn(
[1.412s] running install_lib
[1.413s] running install_data
[1.414s] running install_egg_info
[1.415s] removing '/home/chelse/ros2_ws/install/rob599_hw2/lib/python3.10/site-packages/rob599_hw2-0.0.0-py3.10.egg-info' (and everything under it)
[1.416s] Copying ../../build/rob599_hw2/rob599_hw2.egg-info to /home/chelse/ros2_ws/install/rob599_hw2/lib/python3.10/site-packages/rob599_hw2-0.0.0-py3.10.egg-info
[1.416s] running install_scripts
[1.436s] Installing nasa script to /home/chelse/ros2_ws/install/rob599_hw2/lib/rob599_hw2
[1.436s] Installing nasa_client script to /home/chelse/ros2_ws/install/rob599_hw2/lib/rob599_hw2
[1.436s] Installing speed_limiter script to /home/chelse/ros2_ws/install/rob599_hw2/lib/rob599_hw2
[1.436s] Installing speed_publisher script to /home/chelse/ros2_ws/install/rob599_hw2/lib/rob599_hw2
[1.436s] Installing twist_tester script to /home/chelse/ros2_ws/install/rob599_hw2/lib/rob599_hw2
[1.436s] writing list of installed files to '/home/chelse/ros2_ws/build/rob599_hw2/install.log'
[1.461s] Invoked command in '/home/chelse/ros2_ws/src/rob599_hw2' returned '0': CMAKE_PREFIX_PATH=/home/chelse/ros2_ws/install/rob599_hw2_msgs:/home/chelse/ros2_ws/install/turtlesim:/home/chelse/ros2_ws/install/rob599_msgs:/home/chelse/ros2_ws/install/rob599_hw2 LD_LIBRARY_PATH=/home/chelse/ros2_ws/install/rob599_hw2_msgs/lib:/opt/ros/humble/opt/rviz_ogre_vendor/lib:/opt/ros/humble/lib/x86_64-linux-gnu:/opt/ros/humble/lib:/home/chelse/ros2_ws/install/turtlesim/lib:/home/chelse/ros2_ws/install/rob599_msgs/lib PYTHONPATH=/home/chelse/ros2_ws/build/rob599_hw2/prefix_override:/home/chelse/ros2_ws/install/rob599_hw2/lib/python3.10/site-packages:${PYTHONPATH} /usr/bin/python3 setup.py egg_info --egg-base ../../build/rob599_hw2 build --build-base /home/chelse/ros2_ws/build/rob599_hw2/build install --record /home/chelse/ros2_ws/build/rob599_hw2/install.log --single-version-externally-managed
