[0.912s] DEBUG:colcon:Command line arguments: ['/home/chelse/.local/bin/colcon', 'build']
[0.912s] DEBUG:colcon:Parsed command line arguments: Namespace(log_base=None, log_level=None, verb_name='build', build_base='build', install_base='install', merge_install=False, symlink_install=False, test_result_base=None, continue_on_error=False, executor='parallel', parallel_workers=12, event_handlers=None, ignore_user_meta=False, metas=['./colcon.meta'], base_paths=['.'], packages_ignore=None, packages_ignore_regex=None, paths=None, packages_up_to=None, packages_up_to_regex=None, packages_above=None, packages_above_and_dependencies=None, packages_above_depth=None, packages_select_by_dep=None, packages_skip_by_dep=None, packages_skip_up_to=None, packages_select_build_failed=False, packages_skip_build_finished=False, packages_select_test_failures=False, packages_skip_test_passed=False, packages_select=None, packages_skip=None, packages_select_regex=None, packages_skip_regex=None, packages_start=None, packages_end=None, cmake_args=None, cmake_target=None, cmake_target_skip_unavailable=False, cmake_clean_cache=False, cmake_clean_first=False, cmake_force_configure=False, ament_cmake_args=None, catkin_cmake_args=None, catkin_skip_building_tests=False, verb_parser=<colcon_defaults.argument_parser.defaults.DefaultArgumentsDecorator object at 0x7f14a843b5b0>, verb_extension=<colcon_core.verb.build.BuildVerb object at 0x7f14a8438400>, main=<bound method BuildVerb.main of <colcon_core.verb.build.BuildVerb object at 0x7f14a8438400>>)
[0.957s] Level 1:colcon.colcon_core.package_discovery:discover_packages(colcon_meta) check parameters
[0.958s] Level 1:colcon.colcon_core.package_discovery:discover_packages(recursive) check parameters
[0.958s] Level 1:colcon.colcon_core.package_discovery:discover_packages(ignore) check parameters
[0.958s] Level 1:colcon.colcon_core.package_discovery:discover_packages(path) check parameters
[0.958s] Level 1:colcon.colcon_core.package_discovery:discover_packages(colcon_meta) discover
[0.958s] Level 1:colcon.colcon_core.package_discovery:discover_packages(recursive) discover
[0.958s] INFO:colcon.colcon_core.package_discovery:Crawling recursively for packages in '/home/chelse/ros2_ws'
[0.958s] Level 1:colcon.colcon_core.package_identification:_identify(.) by extensions ['ignore', 'ignore_ament_install']
[0.958s] Level 1:colcon.colcon_core.package_identification:_identify(.) by extension 'ignore'
[0.958s] Level 1:colcon.colcon_core.package_identification:_identify(.) by extension 'ignore_ament_install'
[0.958s] Level 1:colcon.colcon_core.package_identification:_identify(.) by extensions ['colcon_pkg']
[0.958s] Level 1:colcon.colcon_core.package_identification:_identify(.) by extension 'colcon_pkg'
[0.958s] Level 1:colcon.colcon_core.package_identification:_identify(.) by extensions ['colcon_meta']
[0.958s] Level 1:colcon.colcon_core.package_identification:_identify(.) by extension 'colcon_meta'
[0.958s] Level 1:colcon.colcon_core.package_identification:_identify(.) by extensions ['ros']
[0.958s] Level 1:colcon.colcon_core.package_identification:_identify(.) by extension 'ros'
[0.969s] Level 1:colcon.colcon_core.package_identification:_identify(.) by extensions ['cmake', 'python']
[0.969s] Level 1:colcon.colcon_core.package_identification:_identify(.) by extension 'cmake'
[0.969s] Level 1:colcon.colcon_core.package_identification:_identify(.) by extension 'python'
[0.969s] Level 1:colcon.colcon_core.package_identification:_identify(.) by extensions ['python_setup_py']
[0.969s] Level 1:colcon.colcon_core.package_identification:_identify(.) by extension 'python_setup_py'
[0.970s] Level 1:colcon.colcon_core.package_identification:_identify(build) by extensions ['ignore', 'ignore_ament_install']
[0.970s] Level 1:colcon.colcon_core.package_identification:_identify(build) by extension 'ignore'
[0.970s] Level 1:colcon.colcon_core.package_identification:_identify(build) ignored
[0.970s] Level 1:colcon.colcon_core.package_identification:_identify(install) by extensions ['ignore', 'ignore_ament_install']
[0.970s] Level 1:colcon.colcon_core.package_identification:_identify(install) by extension 'ignore'
[0.970s] Level 1:colcon.colcon_core.package_identification:_identify(install) ignored
[0.970s] Level 1:colcon.colcon_core.package_identification:_identify(log) by extensions ['ignore', 'ignore_ament_install']
[0.970s] Level 1:colcon.colcon_core.package_identification:_identify(log) by extension 'ignore'
[0.970s] Level 1:colcon.colcon_core.package_identification:_identify(log) ignored
[0.970s] Level 1:colcon.colcon_core.package_identification:_identify(src) by extensions ['ignore', 'ignore_ament_install']
[0.971s] Level 1:colcon.colcon_core.package_identification:_identify(src) by extension 'ignore'
[0.971s] Level 1:colcon.colcon_core.package_identification:_identify(src) by extension 'ignore_ament_install'
[0.971s] Level 1:colcon.colcon_core.package_identification:_identify(src) by extensions ['colcon_pkg']
[0.971s] Level 1:colcon.colcon_core.package_identification:_identify(src) by extension 'colcon_pkg'
[0.971s] Level 1:colcon.colcon_core.package_identification:_identify(src) by extensions ['colcon_meta']
[0.971s] Level 1:colcon.colcon_core.package_identification:_identify(src) by extension 'colcon_meta'
[0.971s] Level 1:colcon.colcon_core.package_identification:_identify(src) by extensions ['ros']
[0.971s] Level 1:colcon.colcon_core.package_identification:_identify(src) by extension 'ros'
[0.971s] Level 1:colcon.colcon_core.package_identification:_identify(src) by extensions ['cmake', 'python']
[0.971s] Level 1:colcon.colcon_core.package_identification:_identify(src) by extension 'cmake'
[0.971s] Level 1:colcon.colcon_core.package_identification:_identify(src) by extension 'python'
[0.971s] Level 1:colcon.colcon_core.package_identification:_identify(src) by extensions ['python_setup_py']
[0.971s] Level 1:colcon.colcon_core.package_identification:_identify(src) by extension 'python_setup_py'
[0.971s] Level 1:colcon.colcon_core.package_identification:_identify(src/rob599_hw2) by extensions ['ignore', 'ignore_ament_install']
[0.971s] Level 1:colcon.colcon_core.package_identification:_identify(src/rob599_hw2) by extension 'ignore'
[0.971s] Level 1:colcon.colcon_core.package_identification:_identify(src/rob599_hw2) by extension 'ignore_ament_install'
[0.971s] Level 1:colcon.colcon_core.package_identification:_identify(src/rob599_hw2) by extensions ['colcon_pkg']
[0.971s] Level 1:colcon.colcon_core.package_identification:_identify(src/rob599_hw2) by extension 'colcon_pkg'
[0.971s] Level 1:colcon.colcon_core.package_identification:_identify(src/rob599_hw2) by extensions ['colcon_meta']
[0.971s] Level 1:colcon.colcon_core.package_identification:_identify(src/rob599_hw2) by extension 'colcon_meta'
[0.971s] Level 1:colcon.colcon_core.package_identification:_identify(src/rob599_hw2) by extensions ['ros']
[0.972s] Level 1:colcon.colcon_core.package_identification:_identify(src/rob599_hw2) by extension 'ros'
[0.974s] DEBUG:colcon.colcon_core.package_identification:Package 'src/rob599_hw2' with type 'ros.ament_python' and name 'rob599_hw2'
[0.974s] Level 1:colcon.colcon_core.package_identification:_identify(src/rob599_hw2_msgs) by extensions ['ignore', 'ignore_ament_install']
[0.974s] Level 1:colcon.colcon_core.package_identification:_identify(src/rob599_hw2_msgs) by extension 'ignore'
[0.974s] Level 1:colcon.colcon_core.package_identification:_identify(src/rob599_hw2_msgs) by extension 'ignore_ament_install'
[0.974s] Level 1:colcon.colcon_core.package_identification:_identify(src/rob599_hw2_msgs) by extensions ['colcon_pkg']
[0.974s] Level 1:colcon.colcon_core.package_identification:_identify(src/rob599_hw2_msgs) by extension 'colcon_pkg'
[0.974s] Level 1:colcon.colcon_core.package_identification:_identify(src/rob599_hw2_msgs) by extensions ['colcon_meta']
[0.974s] Level 1:colcon.colcon_core.package_identification:_identify(src/rob599_hw2_msgs) by extension 'colcon_meta'
[0.974s] Level 1:colcon.colcon_core.package_identification:_identify(src/rob599_hw2_msgs) by extensions ['ros']
[0.974s] Level 1:colcon.colcon_core.package_identification:_identify(src/rob599_hw2_msgs) by extension 'ros'
[0.975s] DEBUG:colcon.colcon_core.package_identification:Package 'src/rob599_hw2_msgs' with type 'ros.ament_cmake' and name 'rob599_hw2_msgs'
[0.975s] Level 1:colcon.colcon_core.package_identification:_identify(src/rob599r2) by extensions ['ignore', 'ignore_ament_install']
[0.975s] Level 1:colcon.colcon_core.package_identification:_identify(src/rob599r2) by extension 'ignore'
[0.975s] Level 1:colcon.colcon_core.package_identification:_identify(src/rob599r2) by extension 'ignore_ament_install'
[0.975s] Level 1:colcon.colcon_core.package_identification:_identify(src/rob599r2) by extensions ['colcon_pkg']
[0.975s] Level 1:colcon.colcon_core.package_identification:_identify(src/rob599r2) by extension 'colcon_pkg'
[0.975s] Level 1:colcon.colcon_core.package_identification:_identify(src/rob599r2) by extensions ['colcon_meta']
[0.975s] Level 1:colcon.colcon_core.package_identification:_identify(src/rob599r2) by extension 'colcon_meta'
[0.975s] Level 1:colcon.colcon_core.package_identification:_identify(src/rob599r2) by extensions ['ros']
[0.975s] Level 1:colcon.colcon_core.package_identification:_identify(src/rob599r2) by extension 'ros'
[0.975s] Level 1:colcon.colcon_core.package_identification:_identify(src/rob599r2) by extensions ['cmake', 'python']
[0.975s] Level 1:colcon.colcon_core.package_identification:_identify(src/rob599r2) by extension 'cmake'
[0.975s] Level 1:colcon.colcon_core.package_identification:_identify(src/rob599r2) by extension 'python'
[0.975s] Level 1:colcon.colcon_core.package_identification:_identify(src/rob599r2) by extensions ['python_setup_py']
[0.976s] Level 1:colcon.colcon_core.package_identification:_identify(src/rob599r2) by extension 'python_setup_py'
[0.976s] Level 1:colcon.colcon_core.package_identification:_identify(src/rob599r2/rob599_basic) by extensions ['ignore', 'ignore_ament_install']
[0.976s] Level 1:colcon.colcon_core.package_identification:_identify(src/rob599r2/rob599_basic) by extension 'ignore'
[0.976s] Level 1:colcon.colcon_core.package_identification:_identify(src/rob599r2/rob599_basic) by extension 'ignore_ament_install'
[0.976s] Level 1:colcon.colcon_core.package_identification:_identify(src/rob599r2/rob599_basic) by extensions ['colcon_pkg']
[0.976s] Level 1:colcon.colcon_core.package_identification:_identify(src/rob599r2/rob599_basic) by extension 'colcon_pkg'
[0.976s] Level 1:colcon.colcon_core.package_identification:_identify(src/rob599r2/rob599_basic) by extensions ['colcon_meta']
[0.976s] Level 1:colcon.colcon_core.package_identification:_identify(src/rob599r2/rob599_basic) by extension 'colcon_meta'
[0.976s] Level 1:colcon.colcon_core.package_identification:_identify(src/rob599r2/rob599_basic) by extensions ['ros']
[0.976s] Level 1:colcon.colcon_core.package_identification:_identify(src/rob599r2/rob599_basic) by extension 'ros'
[0.977s] DEBUG:colcon.colcon_core.package_identification:Package 'src/rob599r2/rob599_basic' with type 'ros.ament_python' and name 'rob599_basic'
[0.977s] Level 1:colcon.colcon_core.package_identification:_identify(src/rob599r2/rob599_msgs) by extensions ['ignore', 'ignore_ament_install']
[0.977s] Level 1:colcon.colcon_core.package_identification:_identify(src/rob599r2/rob599_msgs) by extension 'ignore'
[0.977s] Level 1:colcon.colcon_core.package_identification:_identify(src/rob599r2/rob599_msgs) by extension 'ignore_ament_install'
[0.977s] Level 1:colcon.colcon_core.package_identification:_identify(src/rob599r2/rob599_msgs) by extensions ['colcon_pkg']
[0.977s] Level 1:colcon.colcon_core.package_identification:_identify(src/rob599r2/rob599_msgs) by extension 'colcon_pkg'
[0.977s] Level 1:colcon.colcon_core.package_identification:_identify(src/rob599r2/rob599_msgs) by extensions ['colcon_meta']
[0.977s] Level 1:colcon.colcon_core.package_identification:_identify(src/rob599r2/rob599_msgs) by extension 'colcon_meta'
[0.977s] Level 1:colcon.colcon_core.package_identification:_identify(src/rob599r2/rob599_msgs) by extensions ['ros']
[0.977s] Level 1:colcon.colcon_core.package_identification:_identify(src/rob599r2/rob599_msgs) by extension 'ros'
[0.978s] DEBUG:colcon.colcon_core.package_identification:Package 'src/rob599r2/rob599_msgs' with type 'ros.ament_cmake' and name 'rob599_msgs'
[0.978s] Level 1:colcon.colcon_core.package_identification:_identify(src/ros_tutorials) by extensions ['ignore', 'ignore_ament_install']
[0.978s] Level 1:colcon.colcon_core.package_identification:_identify(src/ros_tutorials) by extension 'ignore'
[0.978s] Level 1:colcon.colcon_core.package_identification:_identify(src/ros_tutorials) by extension 'ignore_ament_install'
[0.978s] Level 1:colcon.colcon_core.package_identification:_identify(src/ros_tutorials) by extensions ['colcon_pkg']
[0.978s] Level 1:colcon.colcon_core.package_identification:_identify(src/ros_tutorials) by extension 'colcon_pkg'
[0.978s] Level 1:colcon.colcon_core.package_identification:_identify(src/ros_tutorials) by extensions ['colcon_meta']
[0.978s] Level 1:colcon.colcon_core.package_identification:_identify(src/ros_tutorials) by extension 'colcon_meta'
[0.978s] Level 1:colcon.colcon_core.package_identification:_identify(src/ros_tutorials) by extensions ['ros']
[0.978s] Level 1:colcon.colcon_core.package_identification:_identify(src/ros_tutorials) by extension 'ros'
[0.978s] Level 1:colcon.colcon_core.package_identification:_identify(src/ros_tutorials) by extensions ['cmake', 'python']
[0.978s] Level 1:colcon.colcon_core.package_identification:_identify(src/ros_tutorials) by extension 'cmake'
[0.978s] Level 1:colcon.colcon_core.package_identification:_identify(src/ros_tutorials) by extension 'python'
[0.978s] Level 1:colcon.colcon_core.package_identification:_identify(src/ros_tutorials) by extensions ['python_setup_py']
[0.978s] Level 1:colcon.colcon_core.package_identification:_identify(src/ros_tutorials) by extension 'python_setup_py'
[0.978s] Level 1:colcon.colcon_core.package_identification:_identify(src/ros_tutorials/ros_tutorials) by extensions ['ignore', 'ignore_ament_install']
[0.978s] Level 1:colcon.colcon_core.package_identification:_identify(src/ros_tutorials/ros_tutorials) by extension 'ignore'
[0.979s] Level 1:colcon.colcon_core.package_identification:_identify(src/ros_tutorials/ros_tutorials) ignored
[0.979s] Level 1:colcon.colcon_core.package_identification:_identify(src/ros_tutorials/roscpp_tutorials) by extensions ['ignore', 'ignore_ament_install']
[0.979s] Level 1:colcon.colcon_core.package_identification:_identify(src/ros_tutorials/roscpp_tutorials) by extension 'ignore'
[0.979s] Level 1:colcon.colcon_core.package_identification:_identify(src/ros_tutorials/roscpp_tutorials) ignored
[0.979s] Level 1:colcon.colcon_core.package_identification:_identify(src/ros_tutorials/rospy_tutorials) by extensions ['ignore', 'ignore_ament_install']
[0.979s] Level 1:colcon.colcon_core.package_identification:_identify(src/ros_tutorials/rospy_tutorials) by extension 'ignore'
[0.979s] Level 1:colcon.colcon_core.package_identification:_identify(src/ros_tutorials/rospy_tutorials) ignored
[0.979s] Level 1:colcon.colcon_core.package_identification:_identify(src/ros_tutorials/turtlesim) by extensions ['ignore', 'ignore_ament_install']
[0.979s] Level 1:colcon.colcon_core.package_identification:_identify(src/ros_tutorials/turtlesim) by extension 'ignore'
[0.979s] Level 1:colcon.colcon_core.package_identification:_identify(src/ros_tutorials/turtlesim) by extension 'ignore_ament_install'
[0.979s] Level 1:colcon.colcon_core.package_identification:_identify(src/ros_tutorials/turtlesim) by extensions ['colcon_pkg']
[0.979s] Level 1:colcon.colcon_core.package_identification:_identify(src/ros_tutorials/turtlesim) by extension 'colcon_pkg'
[0.979s] Level 1:colcon.colcon_core.package_identification:_identify(src/ros_tutorials/turtlesim) by extensions ['colcon_meta']
[0.979s] Level 1:colcon.colcon_core.package_identification:_identify(src/ros_tutorials/turtlesim) by extension 'colcon_meta'
[0.979s] Level 1:colcon.colcon_core.package_identification:_identify(src/ros_tutorials/turtlesim) by extensions ['ros']
[0.979s] Level 1:colcon.colcon_core.package_identification:_identify(src/ros_tutorials/turtlesim) by extension 'ros'
[0.980s] DEBUG:colcon.colcon_core.package_identification:Package 'src/ros_tutorials/turtlesim' with type 'ros.ament_cmake' and name 'turtlesim'
[0.980s] Level 1:colcon.colcon_core.package_discovery:discover_packages(recursive) using defaults
[0.981s] Level 1:colcon.colcon_core.package_discovery:discover_packages(ignore) discover
[0.981s] Level 1:colcon.colcon_core.package_discovery:discover_packages(ignore) using defaults
[0.981s] Level 1:colcon.colcon_core.package_discovery:discover_packages(path) discover
[0.981s] Level 1:colcon.colcon_core.package_discovery:discover_packages(path) using defaults
[1.053s] Level 5:colcon.colcon_core.verb:set package 'rob599_hw2_msgs' build argument 'cmake_args' from command line to 'None'
[1.054s] Level 5:colcon.colcon_core.verb:set package 'rob599_hw2_msgs' build argument 'cmake_target' from command line to 'None'
[1.054s] Level 5:colcon.colcon_core.verb:set package 'rob599_hw2_msgs' build argument 'cmake_target_skip_unavailable' from command line to 'False'
[1.054s] Level 5:colcon.colcon_core.verb:set package 'rob599_hw2_msgs' build argument 'cmake_clean_cache' from command line to 'False'
[1.054s] Level 5:colcon.colcon_core.verb:set package 'rob599_hw2_msgs' build argument 'cmake_clean_first' from command line to 'False'
[1.054s] Level 5:colcon.colcon_core.verb:set package 'rob599_hw2_msgs' build argument 'cmake_force_configure' from command line to 'False'
[1.054s] Level 5:colcon.colcon_core.verb:set package 'rob599_hw2_msgs' build argument 'ament_cmake_args' from command line to 'None'
[1.054s] Level 5:colcon.colcon_core.verb:set package 'rob599_hw2_msgs' build argument 'catkin_cmake_args' from command line to 'None'
[1.054s] Level 5:colcon.colcon_core.verb:set package 'rob599_hw2_msgs' build argument 'catkin_skip_building_tests' from command line to 'False'
[1.054s] DEBUG:colcon.colcon_core.verb:Building package 'rob599_hw2_msgs' with the following arguments: {'ament_cmake_args': None, 'build_base': '/home/chelse/ros2_ws/build/rob599_hw2_msgs', 'catkin_cmake_args': None, 'catkin_skip_building_tests': False, 'cmake_args': None, 'cmake_clean_cache': False, 'cmake_clean_first': False, 'cmake_force_configure': False, 'cmake_target': None, 'cmake_target_skip_unavailable': False, 'install_base': '/home/chelse/ros2_ws/install/rob599_hw2_msgs', 'merge_install': False, 'path': '/home/chelse/ros2_ws/src/rob599_hw2_msgs', 'symlink_install': False, 'test_result_base': None}
[1.067s] Level 5:colcon.colcon_core.verb:set package 'rob599_msgs' build argument 'cmake_args' from command line to 'None'
[1.067s] Level 5:colcon.colcon_core.verb:set package 'rob599_msgs' build argument 'cmake_target' from command line to 'None'
[1.067s] Level 5:colcon.colcon_core.verb:set package 'rob599_msgs' build argument 'cmake_target_skip_unavailable' from command line to 'False'
[1.067s] Level 5:colcon.colcon_core.verb:set package 'rob599_msgs' build argument 'cmake_clean_cache' from command line to 'False'
[1.067s] Level 5:colcon.colcon_core.verb:set package 'rob599_msgs' build argument 'cmake_clean_first' from command line to 'False'
[1.067s] Level 5:colcon.colcon_core.verb:set package 'rob599_msgs' build argument 'cmake_force_configure' from command line to 'False'
[1.067s] Level 5:colcon.colcon_core.verb:set package 'rob599_msgs' build argument 'ament_cmake_args' from command line to 'None'
[1.067s] Level 5:colcon.colcon_core.verb:set package 'rob599_msgs' build argument 'catkin_cmake_args' from command line to 'None'
[1.068s] Level 5:colcon.colcon_core.verb:set package 'rob599_msgs' build argument 'catkin_skip_building_tests' from command line to 'False'
[1.068s] DEBUG:colcon.colcon_core.verb:Building package 'rob599_msgs' with the following arguments: {'ament_cmake_args': None, 'build_base': '/home/chelse/ros2_ws/build/rob599_msgs', 'catkin_cmake_args': None, 'catkin_skip_building_tests': False, 'cmake_args': None, 'cmake_clean_cache': False, 'cmake_clean_first': False, 'cmake_force_configure': False, 'cmake_target': None, 'cmake_target_skip_unavailable': False, 'install_base': '/home/chelse/ros2_ws/install/rob599_msgs', 'merge_install': False, 'path': '/home/chelse/ros2_ws/src/rob599r2/rob599_msgs', 'symlink_install': False, 'test_result_base': None}
[1.081s] Level 5:colcon.colcon_core.verb:set package 'turtlesim' build argument 'cmake_args' from command line to 'None'
[1.081s] Level 5:colcon.colcon_core.verb:set package 'turtlesim' build argument 'cmake_target' from command line to 'None'
[1.081s] Level 5:colcon.colcon_core.verb:set package 'turtlesim' build argument 'cmake_target_skip_unavailable' from command line to 'False'
[1.081s] Level 5:colcon.colcon_core.verb:set package 'turtlesim' build argument 'cmake_clean_cache' from command line to 'False'
[1.081s] Level 5:colcon.colcon_core.verb:set package 'turtlesim' build argument 'cmake_clean_first' from command line to 'False'
[1.081s] Level 5:colcon.colcon_core.verb:set package 'turtlesim' build argument 'cmake_force_configure' from command line to 'False'
[1.081s] Level 5:colcon.colcon_core.verb:set package 'turtlesim' build argument 'ament_cmake_args' from command line to 'None'
[1.081s] Level 5:colcon.colcon_core.verb:set package 'turtlesim' build argument 'catkin_cmake_args' from command line to 'None'
[1.081s] Level 5:colcon.colcon_core.verb:set package 'turtlesim' build argument 'catkin_skip_building_tests' from command line to 'False'
[1.081s] DEBUG:colcon.colcon_core.verb:Building package 'turtlesim' with the following arguments: {'ament_cmake_args': None, 'build_base': '/home/chelse/ros2_ws/build/turtlesim', 'catkin_cmake_args': None, 'catkin_skip_building_tests': False, 'cmake_args': None, 'cmake_clean_cache': False, 'cmake_clean_first': False, 'cmake_force_configure': False, 'cmake_target': None, 'cmake_target_skip_unavailable': False, 'install_base': '/home/chelse/ros2_ws/install/turtlesim', 'merge_install': False, 'path': '/home/chelse/ros2_ws/src/ros_tutorials/turtlesim', 'symlink_install': False, 'test_result_base': None}
[1.094s] Level 5:colcon.colcon_core.verb:set package 'rob599_basic' build argument 'cmake_args' from command line to 'None'
[1.094s] Level 5:colcon.colcon_core.verb:set package 'rob599_basic' build argument 'cmake_target' from command line to 'None'
[1.094s] Level 5:colcon.colcon_core.verb:set package 'rob599_basic' build argument 'cmake_target_skip_unavailable' from command line to 'False'
[1.094s] Level 5:colcon.colcon_core.verb:set package 'rob599_basic' build argument 'cmake_clean_cache' from command line to 'False'
[1.094s] Level 5:colcon.colcon_core.verb:set package 'rob599_basic' build argument 'cmake_clean_first' from command line to 'False'
[1.094s] Level 5:colcon.colcon_core.verb:set package 'rob599_basic' build argument 'cmake_force_configure' from command line to 'False'
[1.094s] Level 5:colcon.colcon_core.verb:set package 'rob599_basic' build argument 'ament_cmake_args' from command line to 'None'
[1.094s] Level 5:colcon.colcon_core.verb:set package 'rob599_basic' build argument 'catkin_cmake_args' from command line to 'None'
[1.094s] Level 5:colcon.colcon_core.verb:set package 'rob599_basic' build argument 'catkin_skip_building_tests' from command line to 'False'
[1.094s] DEBUG:colcon.colcon_core.verb:Building package 'rob599_basic' with the following arguments: {'ament_cmake_args': None, 'build_base': '/home/chelse/ros2_ws/build/rob599_basic', 'catkin_cmake_args': None, 'catkin_skip_building_tests': False, 'cmake_args': None, 'cmake_clean_cache': False, 'cmake_clean_first': False, 'cmake_force_configure': False, 'cmake_target': None, 'cmake_target_skip_unavailable': False, 'install_base': '/home/chelse/ros2_ws/install/rob599_basic', 'merge_install': False, 'path': '/home/chelse/ros2_ws/src/rob599r2/rob599_basic', 'symlink_install': False, 'test_result_base': None}
[1.107s] Level 5:colcon.colcon_core.verb:set package 'rob599_hw2' build argument 'cmake_args' from command line to 'None'
[1.107s] Level 5:colcon.colcon_core.verb:set package 'rob599_hw2' build argument 'cmake_target' from command line to 'None'
[1.107s] Level 5:colcon.colcon_core.verb:set package 'rob599_hw2' build argument 'cmake_target_skip_unavailable' from command line to 'False'
[1.107s] Level 5:colcon.colcon_core.verb:set package 'rob599_hw2' build argument 'cmake_clean_cache' from command line to 'False'
[1.107s] Level 5:colcon.colcon_core.verb:set package 'rob599_hw2' build argument 'cmake_clean_first' from command line to 'False'
[1.108s] Level 5:colcon.colcon_core.verb:set package 'rob599_hw2' build argument 'cmake_force_configure' from command line to 'False'
[1.108s] Level 5:colcon.colcon_core.verb:set package 'rob599_hw2' build argument 'ament_cmake_args' from command line to 'None'
[1.108s] Level 5:colcon.colcon_core.verb:set package 'rob599_hw2' build argument 'catkin_cmake_args' from command line to 'None'
[1.108s] Level 5:colcon.colcon_core.verb:set package 'rob599_hw2' build argument 'catkin_skip_building_tests' from command line to 'False'
[1.108s] DEBUG:colcon.colcon_core.verb:Building package 'rob599_hw2' with the following arguments: {'ament_cmake_args': None, 'build_base': '/home/chelse/ros2_ws/build/rob599_hw2', 'catkin_cmake_args': None, 'catkin_skip_building_tests': False, 'cmake_args': None, 'cmake_clean_cache': False, 'cmake_clean_first': False, 'cmake_force_configure': False, 'cmake_target': None, 'cmake_target_skip_unavailable': False, 'install_base': '/home/chelse/ros2_ws/install/rob599_hw2', 'merge_install': False, 'path': '/home/chelse/ros2_ws/src/rob599_hw2', 'symlink_install': False, 'test_result_base': None}
[1.121s] INFO:colcon.colcon_core.executor:Executing jobs using 'parallel' executor
[1.134s] DEBUG:colcon.colcon_parallel_executor.executor.parallel:run_until_complete
[1.134s] INFO:colcon.colcon_ros.task.ament_cmake.build:Building ROS package in '/home/chelse/ros2_ws/src/rob599_hw2_msgs' with build type 'ament_cmake'
[1.135s] INFO:colcon.colcon_cmake.task.cmake.build:Building CMake package in '/home/chelse/ros2_ws/src/rob599_hw2_msgs'
[1.150s] INFO:colcon.colcon_core.plugin_system:Skipping extension 'colcon_core.shell.bat': Not used on non-Windows systems
[1.150s] INFO:colcon.colcon_core.shell:Skip shell extension 'powershell' for command environment: Not usable outside of PowerShell
[1.150s] DEBUG:colcon.colcon_core.shell:Skip shell extension 'dsv' for command environment
[1.197s] INFO:colcon.colcon_ros.task.ament_cmake.build:Building ROS package in '/home/chelse/ros2_ws/src/rob599r2/rob599_msgs' with build type 'ament_cmake'
[1.197s] INFO:colcon.colcon_cmake.task.cmake.build:Building CMake package in '/home/chelse/ros2_ws/src/rob599r2/rob599_msgs'
[1.211s] INFO:colcon.colcon_core.shell:Skip shell extension 'powershell' for command environment: Not usable outside of PowerShell
[1.211s] DEBUG:colcon.colcon_core.shell:Skip shell extension 'dsv' for command environment
[1.252s] INFO:colcon.colcon_ros.task.ament_cmake.build:Building ROS package in '/home/chelse/ros2_ws/src/ros_tutorials/turtlesim' with build type 'ament_cmake'
[1.253s] INFO:colcon.colcon_cmake.task.cmake.build:Building CMake package in '/home/chelse/ros2_ws/src/ros_tutorials/turtlesim'
[1.266s] INFO:colcon.colcon_core.shell:Skip shell extension 'powershell' for command environment: Not usable outside of PowerShell
[1.266s] DEBUG:colcon.colcon_core.shell:Skip shell extension 'dsv' for command environment
[1.312s] DEBUG:colcon.colcon_core.event_handler.log_command:Invoking command in '/home/chelse/ros2_ws/build/rob599_hw2_msgs': CMAKE_PREFIX_PATH=${CMAKE_PREFIX_PATH}:/opt/ros/humble:/home/chelse/ros2_ws/install/rob599_basic /usr/bin/cmake --build /home/chelse/ros2_ws/build/rob599_hw2_msgs -- -j12 -l12
[1.314s] DEBUG:colcon.colcon_core.event_handler.log_command:Invoking command in '/home/chelse/ros2_ws/build/rob599_msgs': CMAKE_PREFIX_PATH=${CMAKE_PREFIX_PATH}:/opt/ros/humble:/home/chelse/ros2_ws/install/rob599_basic /usr/bin/cmake --build /home/chelse/ros2_ws/build/rob599_msgs -- -j12 -l12
[1.318s] DEBUG:colcon.colcon_core.event_handler.log_command:Invoking command in '/home/chelse/ros2_ws/build/turtlesim': CMAKE_PREFIX_PATH=${CMAKE_PREFIX_PATH}:/opt/ros/humble:/home/chelse/ros2_ws/install/rob599_basic /usr/bin/cmake --build /home/chelse/ros2_ws/build/turtlesim -- -j12 -l12
[1.754s] DEBUG:colcon.colcon_core.event_handler.log_command:Invoked command in '/home/chelse/ros2_ws/build/turtlesim' returned '0': CMAKE_PREFIX_PATH=${CMAKE_PREFIX_PATH}:/opt/ros/humble:/home/chelse/ros2_ws/install/rob599_basic /usr/bin/cmake --build /home/chelse/ros2_ws/build/turtlesim -- -j12 -l12
[1.782s] DEBUG:colcon.colcon_core.event_handler.log_command:Invoked command in '/home/chelse/ros2_ws/build/rob599_hw2_msgs' returned '0': CMAKE_PREFIX_PATH=${CMAKE_PREFIX_PATH}:/opt/ros/humble:/home/chelse/ros2_ws/install/rob599_basic /usr/bin/cmake --build /home/chelse/ros2_ws/build/rob599_hw2_msgs -- -j12 -l12
[1.784s] DEBUG:colcon.colcon_core.event_handler.log_command:Invoked command in '/home/chelse/ros2_ws/build/rob599_msgs' returned '0': CMAKE_PREFIX_PATH=${CMAKE_PREFIX_PATH}:/opt/ros/humble:/home/chelse/ros2_ws/install/rob599_basic /usr/bin/cmake --build /home/chelse/ros2_ws/build/rob599_msgs -- -j12 -l12
[1.870s] DEBUG:colcon.colcon_core.event_handler.log_command:Invoking command in '/home/chelse/ros2_ws/build/rob599_hw2_msgs': CMAKE_PREFIX_PATH=${CMAKE_PREFIX_PATH}:/opt/ros/humble:/home/chelse/ros2_ws/install/rob599_basic /usr/bin/cmake --install /home/chelse/ros2_ws/build/rob599_hw2_msgs
[1.885s] DEBUG:colcon.colcon_core.event_handler.log_command:Invoking command in '/home/chelse/ros2_ws/build/rob599_msgs': CMAKE_PREFIX_PATH=${CMAKE_PREFIX_PATH}:/opt/ros/humble:/home/chelse/ros2_ws/install/rob599_basic /usr/bin/cmake --install /home/chelse/ros2_ws/build/rob599_msgs
[1.934s] Level 1:colcon.colcon_core.environment:create_environment_scripts_only(rob599_hw2_msgs)
[1.935s] DEBUG:colcon.colcon_core.event_handler.log_command:Invoked command in '/home/chelse/ros2_ws/build/rob599_hw2_msgs' returned '0': CMAKE_PREFIX_PATH=${CMAKE_PREFIX_PATH}:/opt/ros/humble:/home/chelse/ros2_ws/install/rob599_basic /usr/bin/cmake --install /home/chelse/ros2_ws/build/rob599_hw2_msgs
[1.964s] Level 1:colcon.colcon_core.environment:checking '/home/chelse/ros2_ws/install/rob599_hw2_msgs' for CMake module files
[1.965s] Level 1:colcon.colcon_core.environment:checking '/home/chelse/ros2_ws/install/rob599_hw2_msgs' for CMake config files
[1.965s] Level 1:colcon.colcon_core.shell:create_environment_hook('rob599_hw2_msgs', 'cmake_prefix_path')
[1.979s] INFO:colcon.colcon_core.shell:Creating environment hook '/home/chelse/ros2_ws/install/rob599_hw2_msgs/share/rob599_hw2_msgs/hook/cmake_prefix_path.ps1'
[1.980s] INFO:colcon.colcon_core.shell:Creating environment descriptor '/home/chelse/ros2_ws/install/rob599_hw2_msgs/share/rob599_hw2_msgs/hook/cmake_prefix_path.dsv'
[1.980s] INFO:colcon.colcon_core.shell:Creating environment hook '/home/chelse/ros2_ws/install/rob599_hw2_msgs/share/rob599_hw2_msgs/hook/cmake_prefix_path.sh'
[1.981s] Level 1:colcon.colcon_core.environment:checking '/home/chelse/ros2_ws/install/rob599_hw2_msgs/lib'
[1.981s] Level 1:colcon.colcon_core.shell:create_environment_hook('rob599_hw2_msgs', 'ld_library_path_lib')
[1.995s] INFO:colcon.colcon_core.shell:Creating environment hook '/home/chelse/ros2_ws/install/rob599_hw2_msgs/share/rob599_hw2_msgs/hook/ld_library_path_lib.ps1'
[1.995s] INFO:colcon.colcon_core.shell:Creating environment descriptor '/home/chelse/ros2_ws/install/rob599_hw2_msgs/share/rob599_hw2_msgs/hook/ld_library_path_lib.dsv'
[1.995s] INFO:colcon.colcon_core.shell:Creating environment hook '/home/chelse/ros2_ws/install/rob599_hw2_msgs/share/rob599_hw2_msgs/hook/ld_library_path_lib.sh'
[1.996s] Level 1:colcon.colcon_core.environment:checking '/home/chelse/ros2_ws/install/rob599_hw2_msgs/bin'
[1.996s] Level 1:colcon.colcon_core.environment:checking '/home/chelse/ros2_ws/install/rob599_hw2_msgs/lib/pkgconfig/rob599_hw2_msgs.pc'
[1.997s] Level 1:colcon.colcon_core.environment:checking '/home/chelse/ros2_ws/install/rob599_hw2_msgs/lib/python3.10/site-packages'
[1.998s] Level 1:colcon.colcon_core.environment:checking '/home/chelse/ros2_ws/install/rob599_hw2_msgs/bin'
[2.011s] INFO:colcon.colcon_core.shell:Creating package script '/home/chelse/ros2_ws/install/rob599_hw2_msgs/share/rob599_hw2_msgs/package.ps1'
[2.012s] INFO:colcon.colcon_core.shell:Creating package descriptor '/home/chelse/ros2_ws/install/rob599_hw2_msgs/share/rob599_hw2_msgs/package.dsv'
[2.013s] INFO:colcon.colcon_core.shell:Creating package script '/home/chelse/ros2_ws/install/rob599_hw2_msgs/share/rob599_hw2_msgs/package.sh'
[2.013s] INFO:colcon.colcon_core.shell:Creating package script '/home/chelse/ros2_ws/install/rob599_hw2_msgs/share/rob599_hw2_msgs/package.bash'
[2.014s] INFO:colcon.colcon_core.shell:Creating package script '/home/chelse/ros2_ws/install/rob599_hw2_msgs/share/rob599_hw2_msgs/package.zsh'
[2.014s] Level 1:colcon.colcon_core.environment:create_file_with_runtime_dependencies(/home/chelse/ros2_ws/install/rob599_hw2_msgs/share/colcon-core/packages/rob599_hw2_msgs)
[2.017s] DEBUG:colcon.colcon_core.event_handler.log_command:Invoking command in '/home/chelse/ros2_ws/build/turtlesim': CMAKE_PREFIX_PATH=${CMAKE_PREFIX_PATH}:/opt/ros/humble:/home/chelse/ros2_ws/install/rob599_basic /usr/bin/cmake --install /home/chelse/ros2_ws/build/turtlesim
[2.018s] Level 1:colcon.colcon_core.environment:create_environment_scripts_only(rob599_msgs)
[2.018s] DEBUG:colcon.colcon_core.event_handler.log_command:Invoked command in '/home/chelse/ros2_ws/build/rob599_msgs' returned '0': CMAKE_PREFIX_PATH=${CMAKE_PREFIX_PATH}:/opt/ros/humble:/home/chelse/ros2_ws/install/rob599_basic /usr/bin/cmake --install /home/chelse/ros2_ws/build/rob599_msgs
[2.045s] Level 1:colcon.colcon_core.environment:checking '/home/chelse/ros2_ws/install/rob599_msgs' for CMake module files
[2.046s] Level 1:colcon.colcon_core.environment:checking '/home/chelse/ros2_ws/install/rob599_msgs' for CMake config files
[2.048s] Level 1:colcon.colcon_core.shell:create_environment_hook('rob599_msgs', 'cmake_prefix_path')
[2.073s] INFO:colcon.colcon_core.shell:Creating environment hook '/home/chelse/ros2_ws/install/rob599_msgs/share/rob599_msgs/hook/cmake_prefix_path.ps1'
[2.073s] INFO:colcon.colcon_core.shell:Creating environment descriptor '/home/chelse/ros2_ws/install/rob599_msgs/share/rob599_msgs/hook/cmake_prefix_path.dsv'
[2.073s] INFO:colcon.colcon_core.shell:Creating environment hook '/home/chelse/ros2_ws/install/rob599_msgs/share/rob599_msgs/hook/cmake_prefix_path.sh'
[2.074s] Level 1:colcon.colcon_core.environment:checking '/home/chelse/ros2_ws/install/rob599_msgs/lib'
[2.074s] Level 1:colcon.colcon_core.shell:create_environment_hook('rob599_msgs', 'ld_library_path_lib')
[2.099s] INFO:colcon.colcon_core.shell:Creating environment hook '/home/chelse/ros2_ws/install/rob599_msgs/share/rob599_msgs/hook/ld_library_path_lib.ps1'
[2.100s] INFO:colcon.colcon_core.shell:Creating environment descriptor '/home/chelse/ros2_ws/install/rob599_msgs/share/rob599_msgs/hook/ld_library_path_lib.dsv'
[2.100s] INFO:colcon.colcon_core.shell:Creating environment hook '/home/chelse/ros2_ws/install/rob599_msgs/share/rob599_msgs/hook/ld_library_path_lib.sh'
[2.100s] Level 1:colcon.colcon_core.environment:checking '/home/chelse/ros2_ws/install/rob599_msgs/bin'
[2.100s] Level 1:colcon.colcon_core.environment:checking '/home/chelse/ros2_ws/install/rob599_msgs/lib/pkgconfig/rob599_msgs.pc'
[2.101s] Level 1:colcon.colcon_core.environment:checking '/home/chelse/ros2_ws/install/rob599_msgs/lib/python3.10/site-packages'
[2.101s] Level 1:colcon.colcon_core.environment:checking '/home/chelse/ros2_ws/install/rob599_msgs/bin'
[2.117s] INFO:colcon.colcon_core.shell:Creating package script '/home/chelse/ros2_ws/install/rob599_msgs/share/rob599_msgs/package.ps1'
[2.118s] INFO:colcon.colcon_core.shell:Creating package descriptor '/home/chelse/ros2_ws/install/rob599_msgs/share/rob599_msgs/package.dsv'
[2.118s] INFO:colcon.colcon_core.shell:Creating package script '/home/chelse/ros2_ws/install/rob599_msgs/share/rob599_msgs/package.sh'
[2.118s] INFO:colcon.colcon_core.shell:Creating package script '/home/chelse/ros2_ws/install/rob599_msgs/share/rob599_msgs/package.bash'
[2.119s] INFO:colcon.colcon_core.shell:Creating package script '/home/chelse/ros2_ws/install/rob599_msgs/share/rob599_msgs/package.zsh'
[2.119s] Level 1:colcon.colcon_core.environment:create_file_with_runtime_dependencies(/home/chelse/ros2_ws/install/rob599_msgs/share/colcon-core/packages/rob599_msgs)
[2.135s] Level 1:colcon.colcon_core.environment:create_environment_scripts_only(rob599_hw2_msgs)
[2.149s] Level 1:colcon.colcon_core.environment:checking '/home/chelse/ros2_ws/install/rob599_hw2_msgs' for CMake module files
[2.149s] Level 1:colcon.colcon_core.environment:checking '/home/chelse/ros2_ws/install/rob599_hw2_msgs' for CMake config files
[2.150s] Level 1:colcon.colcon_core.shell:create_environment_hook('rob599_hw2_msgs', 'cmake_prefix_path')
[2.168s] INFO:colcon.colcon_core.shell:Creating environment hook '/home/chelse/ros2_ws/install/rob599_hw2_msgs/share/rob599_hw2_msgs/hook/cmake_prefix_path.ps1'
[2.169s] INFO:colcon.colcon_core.shell:Creating environment descriptor '/home/chelse/ros2_ws/install/rob599_hw2_msgs/share/rob599_hw2_msgs/hook/cmake_prefix_path.dsv'
[2.169s] INFO:colcon.colcon_core.shell:Creating environment hook '/home/chelse/ros2_ws/install/rob599_hw2_msgs/share/rob599_hw2_msgs/hook/cmake_prefix_path.sh'
[2.169s] Level 1:colcon.colcon_core.environment:checking '/home/chelse/ros2_ws/install/rob599_hw2_msgs/lib'
[2.169s] Level 1:colcon.colcon_core.shell:create_environment_hook('rob599_hw2_msgs', 'ld_library_path_lib')
[2.183s] INFO:colcon.colcon_core.shell:Creating environment hook '/home/chelse/ros2_ws/install/rob599_hw2_msgs/share/rob599_hw2_msgs/hook/ld_library_path_lib.ps1'
[2.184s] INFO:colcon.colcon_core.shell:Creating environment descriptor '/home/chelse/ros2_ws/install/rob599_hw2_msgs/share/rob599_hw2_msgs/hook/ld_library_path_lib.dsv'
[2.184s] INFO:colcon.colcon_core.shell:Creating environment hook '/home/chelse/ros2_ws/install/rob599_hw2_msgs/share/rob599_hw2_msgs/hook/ld_library_path_lib.sh'
[2.184s] Level 1:colcon.colcon_core.environment:checking '/home/chelse/ros2_ws/install/rob599_hw2_msgs/bin'
[2.184s] Level 1:colcon.colcon_core.environment:checking '/home/chelse/ros2_ws/install/rob599_hw2_msgs/lib/pkgconfig/rob599_hw2_msgs.pc'
[2.184s] Level 1:colcon.colcon_core.environment:checking '/home/chelse/ros2_ws/install/rob599_hw2_msgs/lib/python3.10/site-packages'
[2.185s] Level 1:colcon.colcon_core.environment:checking '/home/chelse/ros2_ws/install/rob599_hw2_msgs/bin'
[2.198s] INFO:colcon.colcon_core.shell:Creating package script '/home/chelse/ros2_ws/install/rob599_hw2_msgs/share/rob599_hw2_msgs/package.ps1'
[2.198s] INFO:colcon.colcon_core.shell:Creating package descriptor '/home/chelse/ros2_ws/install/rob599_hw2_msgs/share/rob599_hw2_msgs/package.dsv'
[2.199s] INFO:colcon.colcon_core.shell:Creating package script '/home/chelse/ros2_ws/install/rob599_hw2_msgs/share/rob599_hw2_msgs/package.sh'
[2.199s] INFO:colcon.colcon_core.shell:Creating package script '/home/chelse/ros2_ws/install/rob599_hw2_msgs/share/rob599_hw2_msgs/package.bash'
[2.200s] INFO:colcon.colcon_core.shell:Creating package script '/home/chelse/ros2_ws/install/rob599_hw2_msgs/share/rob599_hw2_msgs/package.zsh'
[2.200s] Level 1:colcon.colcon_core.environment:create_file_with_runtime_dependencies(/home/chelse/ros2_ws/install/rob599_hw2_msgs/share/colcon-core/packages/rob599_hw2_msgs)
[2.200s] INFO:colcon.colcon_ros.task.ament_python.build:Building ROS package in '/home/chelse/ros2_ws/src/rob599_hw2' with build type 'ament_python'
[2.200s] Level 1:colcon.colcon_core.shell:create_environment_hook('rob599_hw2', 'ament_prefix_path')
[2.217s] INFO:colcon.colcon_core.shell:Creating environment hook '/home/chelse/ros2_ws/install/rob599_hw2/share/rob599_hw2/hook/ament_prefix_path.ps1'
[2.218s] INFO:colcon.colcon_core.shell:Creating environment descriptor '/home/chelse/ros2_ws/install/rob599_hw2/share/rob599_hw2/hook/ament_prefix_path.dsv'
[2.218s] INFO:colcon.colcon_core.shell:Creating environment hook '/home/chelse/ros2_ws/install/rob599_hw2/share/rob599_hw2/hook/ament_prefix_path.sh'
[2.233s] INFO:colcon.colcon_core.shell:Skip shell extension 'powershell' for command environment: Not usable outside of PowerShell
[2.233s] DEBUG:colcon.colcon_core.shell:Skip shell extension 'dsv' for command environment
[2.276s] Level 1:colcon.colcon_core.environment:create_environment_scripts_only(turtlesim)
[2.277s] DEBUG:colcon.colcon_core.event_handler.log_command:Invoked command in '/home/chelse/ros2_ws/build/turtlesim' returned '0': CMAKE_PREFIX_PATH=${CMAKE_PREFIX_PATH}:/opt/ros/humble:/home/chelse/ros2_ws/install/rob599_basic /usr/bin/cmake --install /home/chelse/ros2_ws/build/turtlesim
[2.291s] Level 1:colcon.colcon_core.environment:checking '/home/chelse/ros2_ws/install/turtlesim' for CMake module files
[2.291s] Level 1:colcon.colcon_core.environment:checking '/home/chelse/ros2_ws/install/turtlesim' for CMake config files
[2.292s] Level 1:colcon.colcon_core.shell:create_environment_hook('turtlesim', 'cmake_prefix_path')
[2.306s] INFO:colcon.colcon_core.shell:Creating environment hook '/home/chelse/ros2_ws/install/turtlesim/share/turtlesim/hook/cmake_prefix_path.ps1'
[2.306s] INFO:colcon.colcon_core.shell:Creating environment descriptor '/home/chelse/ros2_ws/install/turtlesim/share/turtlesim/hook/cmake_prefix_path.dsv'
[2.306s] INFO:colcon.colcon_core.shell:Creating environment hook '/home/chelse/ros2_ws/install/turtlesim/share/turtlesim/hook/cmake_prefix_path.sh'
[2.307s] Level 1:colcon.colcon_core.environment:checking '/home/chelse/ros2_ws/install/turtlesim/lib'
[2.307s] Level 1:colcon.colcon_core.shell:create_environment_hook('turtlesim', 'ld_library_path_lib')
[2.320s] INFO:colcon.colcon_core.shell:Creating environment hook '/home/chelse/ros2_ws/install/turtlesim/share/turtlesim/hook/ld_library_path_lib.ps1'
[2.320s] INFO:colcon.colcon_core.shell:Creating environment descriptor '/home/chelse/ros2_ws/install/turtlesim/share/turtlesim/hook/ld_library_path_lib.dsv'
[2.321s] INFO:colcon.colcon_core.shell:Creating environment hook '/home/chelse/ros2_ws/install/turtlesim/share/turtlesim/hook/ld_library_path_lib.sh'
[2.321s] Level 1:colcon.colcon_core.environment:checking '/home/chelse/ros2_ws/install/turtlesim/bin'
[2.321s] Level 1:colcon.colcon_core.environment:checking '/home/chelse/ros2_ws/install/turtlesim/lib/pkgconfig/turtlesim.pc'
[2.321s] Level 1:colcon.colcon_core.environment:checking '/home/chelse/ros2_ws/install/turtlesim/lib/python3.10/site-packages'
[2.322s] Level 1:colcon.colcon_core.environment:checking '/home/chelse/ros2_ws/install/turtlesim/bin'
[2.335s] INFO:colcon.colcon_core.shell:Creating package script '/home/chelse/ros2_ws/install/turtlesim/share/turtlesim/package.ps1'
[2.335s] INFO:colcon.colcon_core.shell:Creating package descriptor '/home/chelse/ros2_ws/install/turtlesim/share/turtlesim/package.dsv'
[2.336s] INFO:colcon.colcon_core.shell:Creating package script '/home/chelse/ros2_ws/install/turtlesim/share/turtlesim/package.sh'
[2.336s] INFO:colcon.colcon_core.shell:Creating package script '/home/chelse/ros2_ws/install/turtlesim/share/turtlesim/package.bash'
[2.337s] INFO:colcon.colcon_core.shell:Creating package script '/home/chelse/ros2_ws/install/turtlesim/share/turtlesim/package.zsh'
[2.337s] Level 1:colcon.colcon_core.environment:create_file_with_runtime_dependencies(/home/chelse/ros2_ws/install/turtlesim/share/colcon-core/packages/turtlesim)
[2.352s] Level 1:colcon.colcon_core.environment:create_environment_scripts_only(rob599_msgs)
[2.365s] Level 1:colcon.colcon_core.environment:checking '/home/chelse/ros2_ws/install/rob599_msgs' for CMake module files
[2.366s] Level 1:colcon.colcon_core.environment:checking '/home/chelse/ros2_ws/install/rob599_msgs' for CMake config files
[2.366s] Level 1:colcon.colcon_core.shell:create_environment_hook('rob599_msgs', 'cmake_prefix_path')
[2.380s] INFO:colcon.colcon_core.shell:Creating environment hook '/home/chelse/ros2_ws/install/rob599_msgs/share/rob599_msgs/hook/cmake_prefix_path.ps1'
[2.380s] INFO:colcon.colcon_core.shell:Creating environment descriptor '/home/chelse/ros2_ws/install/rob599_msgs/share/rob599_msgs/hook/cmake_prefix_path.dsv'
[2.381s] INFO:colcon.colcon_core.shell:Creating environment hook '/home/chelse/ros2_ws/install/rob599_msgs/share/rob599_msgs/hook/cmake_prefix_path.sh'
[2.381s] Level 1:colcon.colcon_core.environment:checking '/home/chelse/ros2_ws/install/rob599_msgs/lib'
[2.381s] Level 1:colcon.colcon_core.shell:create_environment_hook('rob599_msgs', 'ld_library_path_lib')
[2.395s] INFO:colcon.colcon_core.shell:Creating environment hook '/home/chelse/ros2_ws/install/rob599_msgs/share/rob599_msgs/hook/ld_library_path_lib.ps1'
[2.395s] INFO:colcon.colcon_core.shell:Creating environment descriptor '/home/chelse/ros2_ws/install/rob599_msgs/share/rob599_msgs/hook/ld_library_path_lib.dsv'
[2.395s] INFO:colcon.colcon_core.shell:Creating environment hook '/home/chelse/ros2_ws/install/rob599_msgs/share/rob599_msgs/hook/ld_library_path_lib.sh'
[2.396s] Level 1:colcon.colcon_core.environment:checking '/home/chelse/ros2_ws/install/rob599_msgs/bin'
[2.396s] Level 1:colcon.colcon_core.environment:checking '/home/chelse/ros2_ws/install/rob599_msgs/lib/pkgconfig/rob599_msgs.pc'
[2.396s] Level 1:colcon.colcon_core.environment:checking '/home/chelse/ros2_ws/install/rob599_msgs/lib/python3.10/site-packages'
[2.396s] Level 1:colcon.colcon_core.environment:checking '/home/chelse/ros2_ws/install/rob599_msgs/bin'
[2.410s] INFO:colcon.colcon_core.shell:Creating package script '/home/chelse/ros2_ws/install/rob599_msgs/share/rob599_msgs/package.ps1'
[2.411s] INFO:colcon.colcon_core.shell:Creating package descriptor '/home/chelse/ros2_ws/install/rob599_msgs/share/rob599_msgs/package.dsv'
[2.411s] INFO:colcon.colcon_core.shell:Creating package script '/home/chelse/ros2_ws/install/rob599_msgs/share/rob599_msgs/package.sh'
[2.411s] INFO:colcon.colcon_core.shell:Creating package script '/home/chelse/ros2_ws/install/rob599_msgs/share/rob599_msgs/package.bash'
[2.412s] INFO:colcon.colcon_core.shell:Creating package script '/home/chelse/ros2_ws/install/rob599_msgs/share/rob599_msgs/package.zsh'
[2.412s] Level 1:colcon.colcon_core.environment:create_file_with_runtime_dependencies(/home/chelse/ros2_ws/install/rob599_msgs/share/colcon-core/packages/rob599_msgs)
[2.639s] INFO:colcon.colcon_core.task.python.build:Building Python package in '/home/chelse/ros2_ws/src/rob599_hw2'
[2.653s] INFO:colcon.colcon_core.shell:Skip shell extension 'powershell' for command environment: Not usable outside of PowerShell
[2.653s] DEBUG:colcon.colcon_core.shell:Skip shell extension 'dsv' for command environment
[2.696s] INFO:colcon.colcon_ros.task.ament_python.build:Building ROS package in '/home/chelse/ros2_ws/src/rob599r2/rob599_basic' with build type 'ament_python'
[2.696s] Level 1:colcon.colcon_core.shell:create_environment_hook('rob599_basic', 'ament_prefix_path')
[2.710s] INFO:colcon.colcon_core.shell:Creating environment hook '/home/chelse/ros2_ws/install/rob599_basic/share/rob599_basic/hook/ament_prefix_path.ps1'
[2.710s] INFO:colcon.colcon_core.shell:Creating environment descriptor '/home/chelse/ros2_ws/install/rob599_basic/share/rob599_basic/hook/ament_prefix_path.dsv'
[2.710s] INFO:colcon.colcon_core.shell:Creating environment hook '/home/chelse/ros2_ws/install/rob599_basic/share/rob599_basic/hook/ament_prefix_path.sh'
[2.725s] INFO:colcon.colcon_core.shell:Skip shell extension 'powershell' for command environment: Not usable outside of PowerShell
[2.725s] DEBUG:colcon.colcon_core.shell:Skip shell extension 'dsv' for command environment
[2.782s] Level 1:colcon.colcon_core.environment:create_environment_scripts_only(turtlesim)
[2.796s] Level 1:colcon.colcon_core.environment:checking '/home/chelse/ros2_ws/install/turtlesim' for CMake module files
[2.796s] Level 1:colcon.colcon_core.environment:checking '/home/chelse/ros2_ws/install/turtlesim' for CMake config files
[2.797s] Level 1:colcon.colcon_core.shell:create_environment_hook('turtlesim', 'cmake_prefix_path')
[2.821s] INFO:colcon.colcon_core.shell:Creating environment hook '/home/chelse/ros2_ws/install/turtlesim/share/turtlesim/hook/cmake_prefix_path.ps1'
[2.821s] INFO:colcon.colcon_core.shell:Creating environment descriptor '/home/chelse/ros2_ws/install/turtlesim/share/turtlesim/hook/cmake_prefix_path.dsv'
[2.822s] INFO:colcon.colcon_core.shell:Creating environment hook '/home/chelse/ros2_ws/install/turtlesim/share/turtlesim/hook/cmake_prefix_path.sh'
[2.822s] Level 1:colcon.colcon_core.environment:checking '/home/chelse/ros2_ws/install/turtlesim/lib'
[2.822s] Level 1:colcon.colcon_core.shell:create_environment_hook('turtlesim', 'ld_library_path_lib')
[2.836s] INFO:colcon.colcon_core.shell:Creating environment hook '/home/chelse/ros2_ws/install/turtlesim/share/turtlesim/hook/ld_library_path_lib.ps1'
[2.836s] INFO:colcon.colcon_core.shell:Creating environment descriptor '/home/chelse/ros2_ws/install/turtlesim/share/turtlesim/hook/ld_library_path_lib.dsv'
[2.836s] INFO:colcon.colcon_core.shell:Creating environment hook '/home/chelse/ros2_ws/install/turtlesim/share/turtlesim/hook/ld_library_path_lib.sh'
[2.837s] Level 1:colcon.colcon_core.environment:checking '/home/chelse/ros2_ws/install/turtlesim/bin'
[2.837s] Level 1:colcon.colcon_core.environment:checking '/home/chelse/ros2_ws/install/turtlesim/lib/pkgconfig/turtlesim.pc'
[2.837s] Level 1:colcon.colcon_core.environment:checking '/home/chelse/ros2_ws/install/turtlesim/lib/python3.10/site-packages'
[2.837s] Level 1:colcon.colcon_core.environment:checking '/home/chelse/ros2_ws/install/turtlesim/bin'
[2.851s] INFO:colcon.colcon_core.shell:Creating package script '/home/chelse/ros2_ws/install/turtlesim/share/turtlesim/package.ps1'
[2.852s] INFO:colcon.colcon_core.shell:Creating package descriptor '/home/chelse/ros2_ws/install/turtlesim/share/turtlesim/package.dsv'
[2.852s] INFO:colcon.colcon_core.shell:Creating package script '/home/chelse/ros2_ws/install/turtlesim/share/turtlesim/package.sh'
[2.853s] INFO:colcon.colcon_core.shell:Creating package script '/home/chelse/ros2_ws/install/turtlesim/share/turtlesim/package.bash'
[2.853s] INFO:colcon.colcon_core.shell:Creating package script '/home/chelse/ros2_ws/install/turtlesim/share/turtlesim/package.zsh'
[2.854s] Level 1:colcon.colcon_core.environment:create_file_with_runtime_dependencies(/home/chelse/ros2_ws/install/turtlesim/share/colcon-core/packages/turtlesim)
[3.111s] INFO:colcon.colcon_core.task.python.build:Building Python package in '/home/chelse/ros2_ws/src/rob599r2/rob599_basic'
[3.125s] INFO:colcon.colcon_core.shell:Skip shell extension 'powershell' for command environment: Not usable outside of PowerShell
[3.125s] DEBUG:colcon.colcon_core.shell:Skip shell extension 'dsv' for command environment
[3.170s] DEBUG:colcon.colcon_core.event_handler.log_command:Invoking command in '/home/chelse/ros2_ws/src/rob599_hw2': CMAKE_PREFIX_PATH=/home/chelse/ros2_ws/install/rob599_hw2_msgs:/home/chelse/ros2_ws/install/turtlesim:/home/chelse/ros2_ws/install/rob599_msgs:/home/chelse/ros2_ws/install/rob599_hw2 PYTHONPATH=/home/chelse/ros2_ws/build/rob599_hw2/prefix_override:/home/chelse/ros2_ws/install/rob599_hw2/lib/python3.10/site-packages:${PYTHONPATH} /usr/bin/python3 setup.py egg_info --egg-base ../../build/rob599_hw2 build --build-base /home/chelse/ros2_ws/build/rob599_hw2/build install --record /home/chelse/ros2_ws/build/rob599_hw2/install.log --single-version-externally-managed
[3.432s] DEBUG:colcon.colcon_core.event_handler.log_command:Invoked command in '/home/chelse/ros2_ws/src/rob599_hw2' returned '0': CMAKE_PREFIX_PATH=/home/chelse/ros2_ws/install/rob599_hw2_msgs:/home/chelse/ros2_ws/install/turtlesim:/home/chelse/ros2_ws/install/rob599_msgs:/home/chelse/ros2_ws/install/rob599_hw2 PYTHONPATH=/home/chelse/ros2_ws/build/rob599_hw2/prefix_override:/home/chelse/ros2_ws/install/rob599_hw2/lib/python3.10/site-packages:${PYTHONPATH} /usr/bin/python3 setup.py egg_info --egg-base ../../build/rob599_hw2 build --build-base /home/chelse/ros2_ws/build/rob599_hw2/build install --record /home/chelse/ros2_ws/build/rob599_hw2/install.log --single-version-externally-managed
[3.449s] Level 1:colcon.colcon_core.environment:checking '/home/chelse/ros2_ws/install/rob599_hw2' for CMake module files
[3.449s] Level 1:colcon.colcon_core.environment:checking '/home/chelse/ros2_ws/install/rob599_hw2' for CMake config files
[3.450s] Level 1:colcon.colcon_core.shell:create_environment_hook('rob599_hw2', 'cmake_prefix_path')
[3.464s] INFO:colcon.colcon_core.shell:Creating environment hook '/home/chelse/ros2_ws/install/rob599_hw2/share/rob599_hw2/hook/cmake_prefix_path.ps1'
[3.464s] INFO:colcon.colcon_core.shell:Creating environment descriptor '/home/chelse/ros2_ws/install/rob599_hw2/share/rob599_hw2/hook/cmake_prefix_path.dsv'
[3.465s] INFO:colcon.colcon_core.shell:Creating environment hook '/home/chelse/ros2_ws/install/rob599_hw2/share/rob599_hw2/hook/cmake_prefix_path.sh'
[3.465s] Level 1:colcon.colcon_core.environment:checking '/home/chelse/ros2_ws/install/rob599_hw2/lib'
[3.465s] Level 1:colcon.colcon_core.environment:checking '/home/chelse/ros2_ws/install/rob599_hw2/bin'
[3.465s] Level 1:colcon.colcon_core.environment:checking '/home/chelse/ros2_ws/install/rob599_hw2/lib/pkgconfig/rob599_hw2.pc'
[3.465s] Level 1:colcon.colcon_core.environment:checking '/home/chelse/ros2_ws/install/rob599_hw2/lib/python3.10/site-packages'
[3.465s] Level 1:colcon.colcon_core.shell:create_environment_hook('rob599_hw2', 'pythonpath')
[3.479s] INFO:colcon.colcon_core.shell:Creating environment hook '/home/chelse/ros2_ws/install/rob599_hw2/share/rob599_hw2/hook/pythonpath.ps1'
[3.479s] INFO:colcon.colcon_core.shell:Creating environment descriptor '/home/chelse/ros2_ws/install/rob599_hw2/share/rob599_hw2/hook/pythonpath.dsv'
[3.480s] INFO:colcon.colcon_core.shell:Creating environment hook '/home/chelse/ros2_ws/install/rob599_hw2/share/rob599_hw2/hook/pythonpath.sh'
[3.480s] Level 1:colcon.colcon_core.environment:checking '/home/chelse/ros2_ws/install/rob599_hw2/bin'
[3.480s] Level 1:colcon.colcon_core.environment:create_environment_scripts_only(rob599_hw2)
[3.494s] INFO:colcon.colcon_core.shell:Creating package script '/home/chelse/ros2_ws/install/rob599_hw2/share/rob599_hw2/package.ps1'
[3.494s] INFO:colcon.colcon_core.shell:Creating package descriptor '/home/chelse/ros2_ws/install/rob599_hw2/share/rob599_hw2/package.dsv'
[3.495s] INFO:colcon.colcon_core.shell:Creating package script '/home/chelse/ros2_ws/install/rob599_hw2/share/rob599_hw2/package.sh'
[3.495s] INFO:colcon.colcon_core.shell:Creating package script '/home/chelse/ros2_ws/install/rob599_hw2/share/rob599_hw2/package.bash'
[3.495s] INFO:colcon.colcon_core.shell:Creating package script '/home/chelse/ros2_ws/install/rob599_hw2/share/rob599_hw2/package.zsh'
[3.495s] Level 1:colcon.colcon_core.environment:create_file_with_runtime_dependencies(/home/chelse/ros2_ws/install/rob599_hw2/share/colcon-core/packages/rob599_hw2)
[3.499s] DEBUG:colcon.colcon_core.event_handler.log_command:Invoking command in '/home/chelse/ros2_ws/src/rob599r2/rob599_basic': CMAKE_PREFIX_PATH=/home/chelse/ros2_ws/install/rob599_msgs:/home/chelse/ros2_ws/install/turtlesim:/home/chelse/ros2_ws/install/rob599_hw2_msgs:/home/chelse/ros2_ws/install/rob599_hw2 LD_LIBRARY_PATH=/home/chelse/ros2_ws/install/rob599_msgs/lib:/home/chelse/ros2_ws/install/rob599_hw2_msgs/lib:/opt/ros/humble/opt/rviz_ogre_vendor/lib:/opt/ros/humble/lib/x86_64-linux-gnu:/opt/ros/humble/lib:/home/chelse/ros2_ws/install/turtlesim/lib PYTHONPATH=/home/chelse/ros2_ws/build/rob599_basic/prefix_override:/home/chelse/ros2_ws/install/rob599_basic/lib/python3.10/site-packages:${PYTHONPATH} /usr/bin/python3 setup.py egg_info --egg-base ../../../build/rob599_basic build --build-base /home/chelse/ros2_ws/build/rob599_basic/build install --record /home/chelse/ros2_ws/build/rob599_basic/install.log --install-scripts $base/lib/rob599_basic --single-version-externally-managed
[3.934s] DEBUG:colcon.colcon_core.event_handler.log_command:Invoked command in '/home/chelse/ros2_ws/src/rob599r2/rob599_basic' returned '0': CMAKE_PREFIX_PATH=/home/chelse/ros2_ws/install/rob599_msgs:/home/chelse/ros2_ws/install/turtlesim:/home/chelse/ros2_ws/install/rob599_hw2_msgs:/home/chelse/ros2_ws/install/rob599_hw2 LD_LIBRARY_PATH=/home/chelse/ros2_ws/install/rob599_msgs/lib:/home/chelse/ros2_ws/install/rob599_hw2_msgs/lib:/opt/ros/humble/opt/rviz_ogre_vendor/lib:/opt/ros/humble/lib/x86_64-linux-gnu:/opt/ros/humble/lib:/home/chelse/ros2_ws/install/turtlesim/lib PYTHONPATH=/home/chelse/ros2_ws/build/rob599_basic/prefix_override:/home/chelse/ros2_ws/install/rob599_basic/lib/python3.10/site-packages:${PYTHONPATH} /usr/bin/python3 setup.py egg_info --egg-base ../../../build/rob599_basic build --build-base /home/chelse/ros2_ws/build/rob599_basic/build install --record /home/chelse/ros2_ws/build/rob599_basic/install.log --install-scripts $base/lib/rob599_basic --single-version-externally-managed
[3.948s] Level 1:colcon.colcon_core.environment:checking '/home/chelse/ros2_ws/install/rob599_basic' for CMake module files
[3.949s] Level 1:colcon.colcon_core.environment:checking '/home/chelse/ros2_ws/install/rob599_basic' for CMake config files
[3.949s] Level 1:colcon.colcon_core.environment:checking '/home/chelse/ros2_ws/install/rob599_basic/lib'
[3.949s] Level 1:colcon.colcon_core.environment:checking '/home/chelse/ros2_ws/install/rob599_basic/bin'
[3.949s] Level 1:colcon.colcon_core.environment:checking '/home/chelse/ros2_ws/install/rob599_basic/lib/pkgconfig/rob599_basic.pc'
[3.949s] Level 1:colcon.colcon_core.environment:checking '/home/chelse/ros2_ws/install/rob599_basic/lib/python3.10/site-packages'
[3.950s] Level 1:colcon.colcon_core.shell:create_environment_hook('rob599_basic', 'pythonpath')
[3.963s] INFO:colcon.colcon_core.shell:Creating environment hook '/home/chelse/ros2_ws/install/rob599_basic/share/rob599_basic/hook/pythonpath.ps1'
[3.964s] INFO:colcon.colcon_core.shell:Creating environment descriptor '/home/chelse/ros2_ws/install/rob599_basic/share/rob599_basic/hook/pythonpath.dsv'
[3.964s] INFO:colcon.colcon_core.shell:Creating environment hook '/home/chelse/ros2_ws/install/rob599_basic/share/rob599_basic/hook/pythonpath.sh'
[3.964s] Level 1:colcon.colcon_core.environment:checking '/home/chelse/ros2_ws/install/rob599_basic/bin'
[3.964s] Level 1:colcon.colcon_core.environment:create_environment_scripts_only(rob599_basic)
[3.979s] INFO:colcon.colcon_core.shell:Creating package script '/home/chelse/ros2_ws/install/rob599_basic/share/rob599_basic/package.ps1'
[3.979s] INFO:colcon.colcon_core.shell:Creating package descriptor '/home/chelse/ros2_ws/install/rob599_basic/share/rob599_basic/package.dsv'
[3.980s] INFO:colcon.colcon_core.shell:Creating package script '/home/chelse/ros2_ws/install/rob599_basic/share/rob599_basic/package.sh'
[3.980s] INFO:colcon.colcon_core.shell:Creating package script '/home/chelse/ros2_ws/install/rob599_basic/share/rob599_basic/package.bash'
[3.981s] INFO:colcon.colcon_core.shell:Creating package script '/home/chelse/ros2_ws/install/rob599_basic/share/rob599_basic/package.zsh'
[3.981s] Level 1:colcon.colcon_core.environment:create_file_with_runtime_dependencies(/home/chelse/ros2_ws/install/rob599_basic/share/colcon-core/packages/rob599_basic)
[3.981s] DEBUG:colcon.colcon_parallel_executor.executor.parallel:closing loop
[3.981s] DEBUG:colcon.colcon_parallel_executor.executor.parallel:loop closed
[3.982s] DEBUG:colcon.colcon_parallel_executor.executor.parallel:run_until_complete finished with '0'
[3.982s] DEBUG:colcon.colcon_core.event_reactor:joining thread
[4.012s] INFO:colcon.colcon_core.plugin_system:Skipping extension 'colcon_notification.desktop_notification.terminal_notifier': Not used on non-Darwin systems
[4.012s] INFO:colcon.colcon_core.plugin_system:Skipping extension 'colcon_notification.desktop_notification.win32': Not used on non-Windows systems
[4.012s] INFO:colcon.colcon_notification.desktop_notification:Sending desktop notification using 'notify2'
[4.025s] DEBUG:colcon.colcon_core.event_reactor:joined thread
[4.042s] INFO:colcon.colcon_core.shell:Creating prefix script '/home/chelse/ros2_ws/install/local_setup.ps1'
[4.043s] INFO:colcon.colcon_core.shell:Creating prefix util module '/home/chelse/ros2_ws/install/_local_setup_util_ps1.py'
[4.045s] INFO:colcon.colcon_core.shell:Creating prefix chain script '/home/chelse/ros2_ws/install/setup.ps1'
[4.062s] INFO:colcon.colcon_core.shell:Creating prefix script '/home/chelse/ros2_ws/install/local_setup.sh'
[4.063s] INFO:colcon.colcon_core.shell:Creating prefix util module '/home/chelse/ros2_ws/install/_local_setup_util_sh.py'
[4.063s] INFO:colcon.colcon_core.shell:Creating prefix chain script '/home/chelse/ros2_ws/install/setup.sh'
[4.079s] INFO:colcon.colcon_core.shell:Creating prefix script '/home/chelse/ros2_ws/install/local_setup.bash'
[4.079s] INFO:colcon.colcon_core.shell:Creating prefix chain script '/home/chelse/ros2_ws/install/setup.bash'
[4.096s] INFO:colcon.colcon_core.shell:Creating prefix script '/home/chelse/ros2_ws/install/local_setup.zsh'
[4.097s] INFO:colcon.colcon_core.shell:Creating prefix chain script '/home/chelse/ros2_ws/install/setup.zsh'
