[0.320s] Invoking command in '/home/chelse/ros2_ws/build/rob599_hw2_msgs': CMAKE_PREFIX_PATH=${CMAKE_PREFIX_PATH}:/home/chelse/ros2_ws/install/rob599_hw3:/home/chelse/ros2_ws/install/rob599_hw2:/opt/ros/humble /usr/bin/cmake --build /home/chelse/ros2_ws/build/rob599_hw2_msgs -- -j12 -l12
[0.428s] [  1%] Built target rob599_hw2_msgs__cpp
[0.433s] [ 12%] Built target rob599_hw2_msgs__rosidl_generator_c
[0.458s] [ 12%] Built target ament_cmake_python_copy_rob599_hw2_msgs
[0.508s] [ 23%] Built target rob599_hw2_msgs__rosidl_typesupport_c
[0.509s] [ 45%] Built target rob599_hw2_msgs__rosidl_typesupport_introspection_c
[0.510s] [ 45%] Built target rob599_hw2_msgs__rosidl_typesupport_introspection_cpp
[0.510s] [ 56%] Built target rob599_hw2_msgs__rosidl_typesupport_cpp
[0.513s] [ 67%] Built target rob599_hw2_msgs__rosidl_typesupport_fastrtps_cpp
[0.516s] [ 78%] Built target rob599_hw2_msgs__rosidl_typesupport_fastrtps_c
[0.562s] [ 78%] Built target rob599_hw2_msgs
[0.608s] [ 80%] Built target rob599_hw2_msgs__py
[0.661s] [ 89%] Built target rob599_hw2_msgs__rosidl_generator_py
[0.715s] [ 92%] Built target rob599_hw2_msgs__rosidl_typesupport_introspection_c__pyext
[0.716s] [ 96%] Built target rob599_hw2_msgs__rosidl_typesupport_c__pyext
[0.729s] [100%] Built target rob599_hw2_msgs__rosidl_typesupport_fastrtps_c__pyext
[1.049s] running egg_info
[1.050s] writing rob599_hw2_msgs.egg-info/PKG-INFO
[1.050s] writing dependency_links to rob599_hw2_msgs.egg-info/dependency_links.txt
[1.051s] writing top-level names to rob599_hw2_msgs.egg-info/top_level.txt
[1.056s] reading manifest file 'rob599_hw2_msgs.egg-info/SOURCES.txt'
[1.058s] writing manifest file 'rob599_hw2_msgs.egg-info/SOURCES.txt'
[1.107s] [100%] Built target ament_cmake_python_build_rob599_hw2_msgs_egg
[1.132s] Invoked command in '/home/chelse/ros2_ws/build/rob599_hw2_msgs' returned '0': CMAKE_PREFIX_PATH=${CMAKE_PREFIX_PATH}:/home/chelse/ros2_ws/install/rob599_hw3:/home/chelse/ros2_ws/install/rob599_hw2:/opt/ros/humble /usr/bin/cmake --build /home/chelse/ros2_ws/build/rob599_hw2_msgs -- -j12 -l12
[1.441s] Invoking command in '/home/chelse/ros2_ws/build/rob599_hw2_msgs': CMAKE_PREFIX_PATH=${CMAKE_PREFIX_PATH}:/home/chelse/ros2_ws/install/rob599_hw3:/home/chelse/ros2_ws/install/rob599_hw2:/opt/ros/humble /usr/bin/cmake --install /home/chelse/ros2_ws/build/rob599_hw2_msgs
[1.458s] -- Install configuration: ""
[1.459s] -- Up-to-date: /home/chelse/ros2_ws/install/rob599_hw2_msgs/share/ament_index/resource_index/rosidl_interfaces/rob599_hw2_msgs
[1.460s] -- Up-to-date: /home/chelse/ros2_ws/install/rob599_hw2_msgs/include/rob599_hw2_msgs/rob599_hw2_msgs
[1.460s] -- Up-to-date: /home/chelse/ros2_ws/install/rob599_hw2_msgs/include/rob599_hw2_msgs/rob599_hw2_msgs/action
[1.460s] -- Up-to-date: /home/chelse/ros2_ws/install/rob599_hw2_msgs/include/rob599_hw2_msgs/rob599_hw2_msgs/action/detail
[1.461s] -- Up-to-date: /home/chelse/ros2_ws/install/rob599_hw2_msgs/include/rob599_hw2_msgs/rob599_hw2_msgs/action/detail/launch_rocket__functions.h
[1.461s] -- Up-to-date: /home/chelse/ros2_ws/install/rob599_hw2_msgs/include/rob599_hw2_msgs/rob599_hw2_msgs/action/detail/launch_rocket__struct.h
[1.462s] -- Up-to-date: /home/chelse/ros2_ws/install/rob599_hw2_msgs/include/rob599_hw2_msgs/rob599_hw2_msgs/action/detail/launch_rocket__functions.c
[1.462s] -- Up-to-date: /home/chelse/ros2_ws/install/rob599_hw2_msgs/include/rob599_hw2_msgs/rob599_hw2_msgs/action/detail/launch_rocket__type_support.h
[1.462s] -- Up-to-date: /home/chelse/ros2_ws/install/rob599_hw2_msgs/include/rob599_hw2_msgs/rob599_hw2_msgs/action/launch_rocket.h
[1.463s] -- Up-to-date: /home/chelse/ros2_ws/install/rob599_hw2_msgs/include/rob599_hw2_msgs/rob599_hw2_msgs/msg
[1.463s] -- Up-to-date: /home/chelse/ros2_ws/install/rob599_hw2_msgs/include/rob599_hw2_msgs/rob599_hw2_msgs/msg/rosidl_generator_c__visibility_control.h
[1.464s] -- Up-to-date: /home/chelse/ros2_ws/install/rob599_hw2_msgs/include/rob599_hw2_msgs/rob599_hw2_msgs/srv
[1.464s] -- Up-to-date: /home/chelse/ros2_ws/install/rob599_hw2_msgs/include/rob599_hw2_msgs/rob599_hw2_msgs/srv/clear_positions.h
[1.464s] -- Up-to-date: /home/chelse/ros2_ws/install/rob599_hw2_msgs/include/rob599_hw2_msgs/rob599_hw2_msgs/srv/detail
[1.464s] -- Up-to-date: /home/chelse/ros2_ws/install/rob599_hw2_msgs/include/rob599_hw2_msgs/rob599_hw2_msgs/srv/detail/clear_positions__type_support.h
[1.465s] -- Up-to-date: /home/chelse/ros2_ws/install/rob599_hw2_msgs/include/rob599_hw2_msgs/rob599_hw2_msgs/srv/detail/apply_brakes__type_support.h
[1.465s] -- Up-to-date: /home/chelse/ros2_ws/install/rob599_hw2_msgs/include/rob599_hw2_msgs/rob599_hw2_msgs/srv/detail/clear_positions__struct.h
[1.466s] -- Up-to-date: /home/chelse/ros2_ws/install/rob599_hw2_msgs/include/rob599_hw2_msgs/rob599_hw2_msgs/srv/detail/memorize_position__functions.c
[1.466s] -- Up-to-date: /home/chelse/ros2_ws/install/rob599_hw2_msgs/include/rob599_hw2_msgs/rob599_hw2_msgs/srv/detail/apply_brakes__struct.h
[1.467s] -- Up-to-date: /home/chelse/ros2_ws/install/rob599_hw2_msgs/include/rob599_hw2_msgs/rob599_hw2_msgs/srv/detail/clear_positions__functions.h
[1.467s] -- Up-to-date: /home/chelse/ros2_ws/install/rob599_hw2_msgs/include/rob599_hw2_msgs/rob599_hw2_msgs/srv/detail/apply_brakes__functions.c
[1.468s] -- Up-to-date: /home/chelse/ros2_ws/install/rob599_hw2_msgs/include/rob599_hw2_msgs/rob599_hw2_msgs/srv/detail/memorize_position__type_support.h
[1.468s] -- Up-to-date: /home/chelse/ros2_ws/install/rob599_hw2_msgs/include/rob599_hw2_msgs/rob599_hw2_msgs/srv/detail/apply_brakes__functions.h
[1.469s] -- Up-to-date: /home/chelse/ros2_ws/install/rob599_hw2_msgs/include/rob599_hw2_msgs/rob599_hw2_msgs/srv/detail/clear_positions__functions.c
[1.469s] -- Up-to-date: /home/chelse/ros2_ws/install/rob599_hw2_msgs/include/rob599_hw2_msgs/rob599_hw2_msgs/srv/detail/memorize_position__functions.h
[1.470s] -- Up-to-date: /home/chelse/ros2_ws/install/rob599_hw2_msgs/include/rob599_hw2_msgs/rob599_hw2_msgs/srv/detail/memorize_position__struct.h
[1.470s] -- Up-to-date: /home/chelse/ros2_ws/install/rob599_hw2_msgs/include/rob599_hw2_msgs/rob599_hw2_msgs/srv/memorize_position.h
[1.470s] -- Up-to-date: /home/chelse/ros2_ws/install/rob599_hw2_msgs/include/rob599_hw2_msgs/rob599_hw2_msgs/srv/apply_brakes.h
[1.471s] -- Up-to-date: /home/chelse/ros2_ws/install/rob599_hw2_msgs/share/rob599_hw2_msgs/environment/library_path.sh
[1.471s] -- Up-to-date: /home/chelse/ros2_ws/install/rob599_hw2_msgs/share/rob599_hw2_msgs/environment/library_path.dsv
[1.471s] -- Up-to-date: /home/chelse/ros2_ws/install/rob599_hw2_msgs/lib/librob599_hw2_msgs__rosidl_generator_c.so
[1.472s] -- Up-to-date: /home/chelse/ros2_ws/install/rob599_hw2_msgs/include/rob599_hw2_msgs/rob599_hw2_msgs
[1.472s] -- Up-to-date: /home/chelse/ros2_ws/install/rob599_hw2_msgs/include/rob599_hw2_msgs/rob599_hw2_msgs/action
[1.472s] -- Up-to-date: /home/chelse/ros2_ws/install/rob599_hw2_msgs/include/rob599_hw2_msgs/rob599_hw2_msgs/action/detail
[1.473s] -- Up-to-date: /home/chelse/ros2_ws/install/rob599_hw2_msgs/include/rob599_hw2_msgs/rob599_hw2_msgs/action/detail/launch_rocket__rosidl_typesupport_fastrtps_c.h
[1.473s] -- Up-to-date: /home/chelse/ros2_ws/install/rob599_hw2_msgs/include/rob599_hw2_msgs/rob599_hw2_msgs/msg
[1.473s] -- Up-to-date: /home/chelse/ros2_ws/install/rob599_hw2_msgs/include/rob599_hw2_msgs/rob599_hw2_msgs/msg/rosidl_typesupport_fastrtps_c__visibility_control.h
[1.474s] -- Up-to-date: /home/chelse/ros2_ws/install/rob599_hw2_msgs/include/rob599_hw2_msgs/rob599_hw2_msgs/srv
[1.474s] -- Up-to-date: /home/chelse/ros2_ws/install/rob599_hw2_msgs/include/rob599_hw2_msgs/rob599_hw2_msgs/srv/detail
[1.475s] -- Up-to-date: /home/chelse/ros2_ws/install/rob599_hw2_msgs/include/rob599_hw2_msgs/rob599_hw2_msgs/srv/detail/clear_positions__rosidl_typesupport_fastrtps_c.h
[1.475s] -- Up-to-date: /home/chelse/ros2_ws/install/rob599_hw2_msgs/include/rob599_hw2_msgs/rob599_hw2_msgs/srv/detail/apply_brakes__rosidl_typesupport_fastrtps_c.h
[1.476s] -- Up-to-date: /home/chelse/ros2_ws/install/rob599_hw2_msgs/include/rob599_hw2_msgs/rob599_hw2_msgs/srv/detail/memorize_position__rosidl_typesupport_fastrtps_c.h
[1.476s] -- Up-to-date: /home/chelse/ros2_ws/install/rob599_hw2_msgs/lib/librob599_hw2_msgs__rosidl_typesupport_fastrtps_c.so
[1.476s] -- Up-to-date: /home/chelse/ros2_ws/install/rob599_hw2_msgs/include/rob599_hw2_msgs/rob599_hw2_msgs
[1.476s] -- Up-to-date: /home/chelse/ros2_ws/install/rob599_hw2_msgs/include/rob599_hw2_msgs/rob599_hw2_msgs/action
[1.477s] -- Up-to-date: /home/chelse/ros2_ws/install/rob599_hw2_msgs/include/rob599_hw2_msgs/rob599_hw2_msgs/action/detail
[1.477s] -- Up-to-date: /home/chelse/ros2_ws/install/rob599_hw2_msgs/include/rob599_hw2_msgs/rob599_hw2_msgs/action/detail/launch_rocket__type_support.c
[1.477s] -- Up-to-date: /home/chelse/ros2_ws/install/rob599_hw2_msgs/include/rob599_hw2_msgs/rob599_hw2_msgs/action/detail/launch_rocket__rosidl_typesupport_introspection_c.h
[1.478s] -- Up-to-date: /home/chelse/ros2_ws/install/rob599_hw2_msgs/include/rob599_hw2_msgs/rob599_hw2_msgs/msg
[1.478s] -- Up-to-date: /home/chelse/ros2_ws/install/rob599_hw2_msgs/include/rob599_hw2_msgs/rob599_hw2_msgs/msg/rosidl_typesupport_introspection_c__visibility_control.h
[1.478s] -- Up-to-date: /home/chelse/ros2_ws/install/rob599_hw2_msgs/include/rob599_hw2_msgs/rob599_hw2_msgs/srv
[1.478s] -- Up-to-date: /home/chelse/ros2_ws/install/rob599_hw2_msgs/include/rob599_hw2_msgs/rob599_hw2_msgs/srv/detail
[1.479s] -- Up-to-date: /home/chelse/ros2_ws/install/rob599_hw2_msgs/include/rob599_hw2_msgs/rob599_hw2_msgs/srv/detail/clear_positions__type_support.c
[1.479s] -- Up-to-date: /home/chelse/ros2_ws/install/rob599_hw2_msgs/include/rob599_hw2_msgs/rob599_hw2_msgs/srv/detail/memorize_position__type_support.c
[1.479s] -- Up-to-date: /home/chelse/ros2_ws/install/rob599_hw2_msgs/include/rob599_hw2_msgs/rob599_hw2_msgs/srv/detail/clear_positions__rosidl_typesupport_introspection_c.h
[1.480s] -- Up-to-date: /home/chelse/ros2_ws/install/rob599_hw2_msgs/include/rob599_hw2_msgs/rob599_hw2_msgs/srv/detail/memorize_position__rosidl_typesupport_introspection_c.h
[1.480s] -- Up-to-date: /home/chelse/ros2_ws/install/rob599_hw2_msgs/include/rob599_hw2_msgs/rob599_hw2_msgs/srv/detail/apply_brakes__rosidl_typesupport_introspection_c.h
[1.480s] -- Up-to-date: /home/chelse/ros2_ws/install/rob599_hw2_msgs/include/rob599_hw2_msgs/rob599_hw2_msgs/srv/detail/apply_brakes__type_support.c
[1.480s] -- Up-to-date: /home/chelse/ros2_ws/install/rob599_hw2_msgs/lib/librob599_hw2_msgs__rosidl_typesupport_introspection_c.so
[1.481s] -- Up-to-date: /home/chelse/ros2_ws/install/rob599_hw2_msgs/lib/librob599_hw2_msgs__rosidl_typesupport_c.so
[1.481s] -- Up-to-date: /home/chelse/ros2_ws/install/rob599_hw2_msgs/include/rob599_hw2_msgs/rob599_hw2_msgs
[1.481s] -- Up-to-date: /home/chelse/ros2_ws/install/rob599_hw2_msgs/include/rob599_hw2_msgs/rob599_hw2_msgs/action
[1.482s] -- Up-to-date: /home/chelse/ros2_ws/install/rob599_hw2_msgs/include/rob599_hw2_msgs/rob599_hw2_msgs/action/detail
[1.482s] -- Up-to-date: /home/chelse/ros2_ws/install/rob599_hw2_msgs/include/rob599_hw2_msgs/rob599_hw2_msgs/action/detail/launch_rocket__traits.hpp
[1.482s] -- Up-to-date: /home/chelse/ros2_ws/install/rob599_hw2_msgs/include/rob599_hw2_msgs/rob599_hw2_msgs/action/detail/launch_rocket__builder.hpp
[1.483s] -- Up-to-date: /home/chelse/ros2_ws/install/rob599_hw2_msgs/include/rob599_hw2_msgs/rob599_hw2_msgs/action/detail/launch_rocket__struct.hpp
[1.483s] -- Up-to-date: /home/chelse/ros2_ws/install/rob599_hw2_msgs/include/rob599_hw2_msgs/rob599_hw2_msgs/action/launch_rocket.hpp
[1.483s] -- Up-to-date: /home/chelse/ros2_ws/install/rob599_hw2_msgs/include/rob599_hw2_msgs/rob599_hw2_msgs/srv
[1.483s] -- Up-to-date: /home/chelse/ros2_ws/install/rob599_hw2_msgs/include/rob599_hw2_msgs/rob599_hw2_msgs/srv/memorize_position.hpp
[1.484s] -- Up-to-date: /home/chelse/ros2_ws/install/rob599_hw2_msgs/include/rob599_hw2_msgs/rob599_hw2_msgs/srv/clear_positions.hpp
[1.484s] -- Up-to-date: /home/chelse/ros2_ws/install/rob599_hw2_msgs/include/rob599_hw2_msgs/rob599_hw2_msgs/srv/detail
[1.484s] -- Up-to-date: /home/chelse/ros2_ws/install/rob599_hw2_msgs/include/rob599_hw2_msgs/rob599_hw2_msgs/srv/detail/clear_positions__builder.hpp
[1.485s] -- Up-to-date: /home/chelse/ros2_ws/install/rob599_hw2_msgs/include/rob599_hw2_msgs/rob599_hw2_msgs/srv/detail/apply_brakes__struct.hpp
[1.485s] -- Up-to-date: /home/chelse/ros2_ws/install/rob599_hw2_msgs/include/rob599_hw2_msgs/rob599_hw2_msgs/srv/detail/apply_brakes__traits.hpp
[1.485s] -- Up-to-date: /home/chelse/ros2_ws/install/rob599_hw2_msgs/include/rob599_hw2_msgs/rob599_hw2_msgs/srv/detail/clear_positions__struct.hpp
[1.486s] -- Up-to-date: /home/chelse/ros2_ws/install/rob599_hw2_msgs/include/rob599_hw2_msgs/rob599_hw2_msgs/srv/detail/apply_brakes__builder.hpp
[1.486s] -- Up-to-date: /home/chelse/ros2_ws/install/rob599_hw2_msgs/include/rob599_hw2_msgs/rob599_hw2_msgs/srv/detail/memorize_position__builder.hpp
[1.486s] -- Up-to-date: /home/chelse/ros2_ws/install/rob599_hw2_msgs/include/rob599_hw2_msgs/rob599_hw2_msgs/srv/detail/memorize_position__traits.hpp
[1.486s] -- Up-to-date: /home/chelse/ros2_ws/install/rob599_hw2_msgs/include/rob599_hw2_msgs/rob599_hw2_msgs/srv/detail/clear_positions__traits.hpp
[1.487s] -- Up-to-date: /home/chelse/ros2_ws/install/rob599_hw2_msgs/include/rob599_hw2_msgs/rob599_hw2_msgs/srv/detail/memorize_position__struct.hpp
[1.487s] -- Up-to-date: /home/chelse/ros2_ws/install/rob599_hw2_msgs/include/rob599_hw2_msgs/rob599_hw2_msgs/srv/apply_brakes.hpp
[1.487s] -- Up-to-date: /home/chelse/ros2_ws/install/rob599_hw2_msgs/include/rob599_hw2_msgs/rob599_hw2_msgs
[1.488s] -- Up-to-date: /home/chelse/ros2_ws/install/rob599_hw2_msgs/include/rob599_hw2_msgs/rob599_hw2_msgs/action
[1.488s] -- Up-to-date: /home/chelse/ros2_ws/install/rob599_hw2_msgs/include/rob599_hw2_msgs/rob599_hw2_msgs/action/detail
[1.488s] -- Up-to-date: /home/chelse/ros2_ws/install/rob599_hw2_msgs/include/rob599_hw2_msgs/rob599_hw2_msgs/action/detail/dds_fastrtps
[1.489s] -- Up-to-date: /home/chelse/ros2_ws/install/rob599_hw2_msgs/include/rob599_hw2_msgs/rob599_hw2_msgs/action/detail/launch_rocket__rosidl_typesupport_fastrtps_cpp.hpp
[1.489s] -- Up-to-date: /home/chelse/ros2_ws/install/rob599_hw2_msgs/include/rob599_hw2_msgs/rob599_hw2_msgs/msg
[1.489s] -- Up-to-date: /home/chelse/ros2_ws/install/rob599_hw2_msgs/include/rob599_hw2_msgs/rob599_hw2_msgs/msg/rosidl_typesupport_fastrtps_cpp__visibility_control.h
[1.489s] -- Up-to-date: /home/chelse/ros2_ws/install/rob599_hw2_msgs/include/rob599_hw2_msgs/rob599_hw2_msgs/srv
[1.490s] -- Up-to-date: /home/chelse/ros2_ws/install/rob599_hw2_msgs/include/rob599_hw2_msgs/rob599_hw2_msgs/srv/detail
[1.490s] -- Up-to-date: /home/chelse/ros2_ws/install/rob599_hw2_msgs/include/rob599_hw2_msgs/rob599_hw2_msgs/srv/detail/memorize_position__rosidl_typesupport_fastrtps_cpp.hpp
[1.490s] -- Up-to-date: /home/chelse/ros2_ws/install/rob599_hw2_msgs/include/rob599_hw2_msgs/rob599_hw2_msgs/srv/detail/apply_brakes__rosidl_typesupport_fastrtps_cpp.hpp
[1.491s] -- Up-to-date: /home/chelse/ros2_ws/install/rob599_hw2_msgs/include/rob599_hw2_msgs/rob599_hw2_msgs/srv/detail/clear_positions__rosidl_typesupport_fastrtps_cpp.hpp
[1.491s] -- Up-to-date: /home/chelse/ros2_ws/install/rob599_hw2_msgs/include/rob599_hw2_msgs/rob599_hw2_msgs/srv/detail/dds_fastrtps
[1.491s] -- Up-to-date: /home/chelse/ros2_ws/install/rob599_hw2_msgs/lib/librob599_hw2_msgs__rosidl_typesupport_fastrtps_cpp.so
[1.492s] -- Up-to-date: /home/chelse/ros2_ws/install/rob599_hw2_msgs/include/rob599_hw2_msgs/rob599_hw2_msgs
[1.492s] -- Up-to-date: /home/chelse/ros2_ws/install/rob599_hw2_msgs/include/rob599_hw2_msgs/rob599_hw2_msgs/action
[1.492s] -- Up-to-date: /home/chelse/ros2_ws/install/rob599_hw2_msgs/include/rob599_hw2_msgs/rob599_hw2_msgs/action/detail
[1.493s] -- Up-to-date: /home/chelse/ros2_ws/install/rob599_hw2_msgs/include/rob599_hw2_msgs/rob599_hw2_msgs/action/detail/launch_rocket__type_support.cpp
[1.493s] -- Up-to-date: /home/chelse/ros2_ws/install/rob599_hw2_msgs/include/rob599_hw2_msgs/rob599_hw2_msgs/action/detail/launch_rocket__rosidl_typesupport_introspection_cpp.hpp
[1.493s] -- Up-to-date: /home/chelse/ros2_ws/install/rob599_hw2_msgs/include/rob599_hw2_msgs/rob599_hw2_msgs/srv
[1.493s] -- Up-to-date: /home/chelse/ros2_ws/install/rob599_hw2_msgs/include/rob599_hw2_msgs/rob599_hw2_msgs/srv/detail
[1.494s] -- Up-to-date: /home/chelse/ros2_ws/install/rob599_hw2_msgs/include/rob599_hw2_msgs/rob599_hw2_msgs/srv/detail/clear_positions__rosidl_typesupport_introspection_cpp.hpp
[1.494s] -- Up-to-date: /home/chelse/ros2_ws/install/rob599_hw2_msgs/include/rob599_hw2_msgs/rob599_hw2_msgs/srv/detail/apply_brakes__rosidl_typesupport_introspection_cpp.hpp
[1.494s] -- Up-to-date: /home/chelse/ros2_ws/install/rob599_hw2_msgs/include/rob599_hw2_msgs/rob599_hw2_msgs/srv/detail/clear_positions__type_support.cpp
[1.495s] -- Up-to-date: /home/chelse/ros2_ws/install/rob599_hw2_msgs/include/rob599_hw2_msgs/rob599_hw2_msgs/srv/detail/memorize_position__type_support.cpp
[1.495s] -- Up-to-date: /home/chelse/ros2_ws/install/rob599_hw2_msgs/include/rob599_hw2_msgs/rob599_hw2_msgs/srv/detail/memorize_position__rosidl_typesupport_introspection_cpp.hpp
[1.495s] -- Up-to-date: /home/chelse/ros2_ws/install/rob599_hw2_msgs/include/rob599_hw2_msgs/rob599_hw2_msgs/srv/detail/apply_brakes__type_support.cpp
[1.496s] -- Up-to-date: /home/chelse/ros2_ws/install/rob599_hw2_msgs/lib/librob599_hw2_msgs__rosidl_typesupport_introspection_cpp.so
[1.496s] -- Up-to-date: /home/chelse/ros2_ws/install/rob599_hw2_msgs/lib/librob599_hw2_msgs__rosidl_typesupport_cpp.so
[1.496s] -- Up-to-date: /home/chelse/ros2_ws/install/rob599_hw2_msgs/share/rob599_hw2_msgs/environment/pythonpath.sh
[1.496s] -- Up-to-date: /home/chelse/ros2_ws/install/rob599_hw2_msgs/share/rob599_hw2_msgs/environment/pythonpath.dsv
[1.497s] -- Up-to-date: /home/chelse/ros2_ws/install/rob599_hw2_msgs/local/lib/python3.10/dist-packages/rob599_hw2_msgs-0.0.0-py3.10.egg-info
[1.497s] -- Installing: /home/chelse/ros2_ws/install/rob599_hw2_msgs/local/lib/python3.10/dist-packages/rob599_hw2_msgs-0.0.0-py3.10.egg-info/SOURCES.txt
[1.497s] -- Installing: /home/chelse/ros2_ws/install/rob599_hw2_msgs/local/lib/python3.10/dist-packages/rob599_hw2_msgs-0.0.0-py3.10.egg-info/PKG-INFO
[1.498s] -- Installing: /home/chelse/ros2_ws/install/rob599_hw2_msgs/local/lib/python3.10/dist-packages/rob599_hw2_msgs-0.0.0-py3.10.egg-info/top_level.txt
[1.498s] -- Installing: /home/chelse/ros2_ws/install/rob599_hw2_msgs/local/lib/python3.10/dist-packages/rob599_hw2_msgs-0.0.0-py3.10.egg-info/dependency_links.txt
[1.498s] -- Up-to-date: /home/chelse/ros2_ws/install/rob599_hw2_msgs/local/lib/python3.10/dist-packages/rob599_hw2_msgs
[1.498s] -- Up-to-date: /home/chelse/ros2_ws/install/rob599_hw2_msgs/local/lib/python3.10/dist-packages/rob599_hw2_msgs/rob599_hw2_msgs_s__rosidl_typesupport_c.cpython-310-x86_64-linux-gnu.so
[1.499s] -- Up-to-date: /home/chelse/ros2_ws/install/rob599_hw2_msgs/local/lib/python3.10/dist-packages/rob599_hw2_msgs/action
[1.499s] -- Up-to-date: /home/chelse/ros2_ws/install/rob599_hw2_msgs/local/lib/python3.10/dist-packages/rob599_hw2_msgs/action/__init__.py
[1.499s] -- Up-to-date: /home/chelse/ros2_ws/install/rob599_hw2_msgs/local/lib/python3.10/dist-packages/rob599_hw2_msgs/action/_launch_rocket.py
[1.500s] -- Up-to-date: /home/chelse/ros2_ws/install/rob599_hw2_msgs/local/lib/python3.10/dist-packages/rob599_hw2_msgs/action/_launch_rocket_s.c
[1.500s] -- Up-to-date: /home/chelse/ros2_ws/install/rob599_hw2_msgs/local/lib/python3.10/dist-packages/rob599_hw2_msgs/_rob599_hw2_msgs_s.ep.rosidl_typesupport_introspection_c.c
[1.500s] -- Up-to-date: /home/chelse/ros2_ws/install/rob599_hw2_msgs/local/lib/python3.10/dist-packages/rob599_hw2_msgs/__init__.py
[1.500s] -- Up-to-date: /home/chelse/ros2_ws/install/rob599_hw2_msgs/local/lib/python3.10/dist-packages/rob599_hw2_msgs/rob599_hw2_msgs_s__rosidl_typesupport_introspection_c.cpython-310-x86_64-linux-gnu.so
[1.501s] -- Up-to-date: /home/chelse/ros2_ws/install/rob599_hw2_msgs/local/lib/python3.10/dist-packages/rob599_hw2_msgs/librob599_hw2_msgs__rosidl_generator_py.so
[1.501s] -- Up-to-date: /home/chelse/ros2_ws/install/rob599_hw2_msgs/local/lib/python3.10/dist-packages/rob599_hw2_msgs/_rob599_hw2_msgs_s.ep.rosidl_typesupport_fastrtps_c.c
[1.501s] -- Up-to-date: /home/chelse/ros2_ws/install/rob599_hw2_msgs/local/lib/python3.10/dist-packages/rob599_hw2_msgs/rob599_hw2_msgs_s__rosidl_typesupport_fastrtps_c.cpython-310-x86_64-linux-gnu.so
[1.502s] -- Up-to-date: /home/chelse/ros2_ws/install/rob599_hw2_msgs/local/lib/python3.10/dist-packages/rob599_hw2_msgs/srv
[1.502s] -- Up-to-date: /home/chelse/ros2_ws/install/rob599_hw2_msgs/local/lib/python3.10/dist-packages/rob599_hw2_msgs/srv/_clear_positions.py
[1.502s] -- Up-to-date: /home/chelse/ros2_ws/install/rob599_hw2_msgs/local/lib/python3.10/dist-packages/rob599_hw2_msgs/srv/_apply_brakes_s.c
[1.502s] -- Up-to-date: /home/chelse/ros2_ws/install/rob599_hw2_msgs/local/lib/python3.10/dist-packages/rob599_hw2_msgs/srv/__init__.py
[1.503s] -- Up-to-date: /home/chelse/ros2_ws/install/rob599_hw2_msgs/local/lib/python3.10/dist-packages/rob599_hw2_msgs/srv/_memorize_position.py
[1.503s] -- Up-to-date: /home/chelse/ros2_ws/install/rob599_hw2_msgs/local/lib/python3.10/dist-packages/rob599_hw2_msgs/srv/_clear_positions_s.c
[1.504s] -- Up-to-date: /home/chelse/ros2_ws/install/rob599_hw2_msgs/local/lib/python3.10/dist-packages/rob599_hw2_msgs/srv/_memorize_position_s.c
[1.504s] -- Up-to-date: /home/chelse/ros2_ws/install/rob599_hw2_msgs/local/lib/python3.10/dist-packages/rob599_hw2_msgs/srv/_apply_brakes.py
[1.504s] -- Up-to-date: /home/chelse/ros2_ws/install/rob599_hw2_msgs/local/lib/python3.10/dist-packages/rob599_hw2_msgs/_rob599_hw2_msgs_s.ep.rosidl_typesupport_c.c
[1.550s] Listing '/home/chelse/ros2_ws/install/rob599_hw2_msgs/local/lib/python3.10/dist-packages/rob599_hw2_msgs'...
[1.551s] Listing '/home/chelse/ros2_ws/install/rob599_hw2_msgs/local/lib/python3.10/dist-packages/rob599_hw2_msgs/action'...
[1.551s] Listing '/home/chelse/ros2_ws/install/rob599_hw2_msgs/local/lib/python3.10/dist-packages/rob599_hw2_msgs/srv'...
[1.561s] -- Up-to-date: /home/chelse/ros2_ws/install/rob599_hw2_msgs/local/lib/python3.10/dist-packages/rob599_hw2_msgs/rob599_hw2_msgs_s__rosidl_typesupport_fastrtps_c.cpython-310-x86_64-linux-gnu.so
[1.562s] -- Up-to-date: /home/chelse/ros2_ws/install/rob599_hw2_msgs/local/lib/python3.10/dist-packages/rob599_hw2_msgs/rob599_hw2_msgs_s__rosidl_typesupport_introspection_c.cpython-310-x86_64-linux-gnu.so
[1.563s] -- Up-to-date: /home/chelse/ros2_ws/install/rob599_hw2_msgs/local/lib/python3.10/dist-packages/rob599_hw2_msgs/rob599_hw2_msgs_s__rosidl_typesupport_c.cpython-310-x86_64-linux-gnu.so
[1.564s] -- Up-to-date: /home/chelse/ros2_ws/install/rob599_hw2_msgs/lib/librob599_hw2_msgs__rosidl_generator_py.so
[1.565s] -- Up-to-date: /home/chelse/ros2_ws/install/rob599_hw2_msgs/share/rob599_hw2_msgs/srv/ApplyBrakes.idl
[1.565s] -- Up-to-date: /home/chelse/ros2_ws/install/rob599_hw2_msgs/share/rob599_hw2_msgs/srv/MemorizePosition.idl
[1.565s] -- Up-to-date: /home/chelse/ros2_ws/install/rob599_hw2_msgs/share/rob599_hw2_msgs/srv/ClearPositions.idl
[1.566s] -- Up-to-date: /home/chelse/ros2_ws/install/rob599_hw2_msgs/share/rob599_hw2_msgs/action/LaunchRocket.idl
[1.566s] -- Up-to-date: /home/chelse/ros2_ws/install/rob599_hw2_msgs/share/rob599_hw2_msgs/srv/ApplyBrakes.srv
[1.566s] -- Up-to-date: /home/chelse/ros2_ws/install/rob599_hw2_msgs/share/rob599_hw2_msgs/srv/ApplyBrakes_Request.msg
[1.566s] -- Up-to-date: /home/chelse/ros2_ws/install/rob599_hw2_msgs/share/rob599_hw2_msgs/srv/ApplyBrakes_Response.msg
[1.567s] -- Up-to-date: /home/chelse/ros2_ws/install/rob599_hw2_msgs/share/rob599_hw2_msgs/srv/MemorizePosition.srv
[1.567s] -- Up-to-date: /home/chelse/ros2_ws/install/rob599_hw2_msgs/share/rob599_hw2_msgs/srv/MemorizePosition_Request.msg
[1.567s] -- Up-to-date: /home/chelse/ros2_ws/install/rob599_hw2_msgs/share/rob599_hw2_msgs/srv/MemorizePosition_Response.msg
[1.568s] -- Up-to-date: /home/chelse/ros2_ws/install/rob599_hw2_msgs/share/rob599_hw2_msgs/srv/ClearPositions.srv
[1.568s] -- Up-to-date: /home/chelse/ros2_ws/install/rob599_hw2_msgs/share/rob599_hw2_msgs/srv/ClearPositions_Request.msg
[1.568s] -- Up-to-date: /home/chelse/ros2_ws/install/rob599_hw2_msgs/share/rob599_hw2_msgs/srv/ClearPositions_Response.msg
[1.569s] -- Up-to-date: /home/chelse/ros2_ws/install/rob599_hw2_msgs/share/rob599_hw2_msgs/action/LaunchRocket.action
[1.569s] -- Up-to-date: /home/chelse/ros2_ws/install/rob599_hw2_msgs/share/ament_index/resource_index/package_run_dependencies/rob599_hw2_msgs
[1.570s] -- Up-to-date: /home/chelse/ros2_ws/install/rob599_hw2_msgs/share/ament_index/resource_index/parent_prefix_path/rob599_hw2_msgs
[1.570s] -- Up-to-date: /home/chelse/ros2_ws/install/rob599_hw2_msgs/share/rob599_hw2_msgs/environment/ament_prefix_path.sh
[1.571s] -- Up-to-date: /home/chelse/ros2_ws/install/rob599_hw2_msgs/share/rob599_hw2_msgs/environment/ament_prefix_path.dsv
[1.571s] -- Up-to-date: /home/chelse/ros2_ws/install/rob599_hw2_msgs/share/rob599_hw2_msgs/environment/path.sh
[1.571s] -- Up-to-date: /home/chelse/ros2_ws/install/rob599_hw2_msgs/share/rob599_hw2_msgs/environment/path.dsv
[1.572s] -- Up-to-date: /home/chelse/ros2_ws/install/rob599_hw2_msgs/share/rob599_hw2_msgs/local_setup.bash
[1.572s] -- Up-to-date: /home/chelse/ros2_ws/install/rob599_hw2_msgs/share/rob599_hw2_msgs/local_setup.sh
[1.573s] -- Up-to-date: /home/chelse/ros2_ws/install/rob599_hw2_msgs/share/rob599_hw2_msgs/local_setup.zsh
[1.573s] -- Up-to-date: /home/chelse/ros2_ws/install/rob599_hw2_msgs/share/rob599_hw2_msgs/local_setup.dsv
[1.573s] -- Installing: /home/chelse/ros2_ws/install/rob599_hw2_msgs/share/rob599_hw2_msgs/package.dsv
[1.574s] -- Up-to-date: /home/chelse/ros2_ws/install/rob599_hw2_msgs/share/ament_index/resource_index/packages/rob599_hw2_msgs
[1.574s] -- Up-to-date: /home/chelse/ros2_ws/install/rob599_hw2_msgs/share/rob599_hw2_msgs/cmake/export_rob599_hw2_msgs__rosidl_generator_cExport.cmake
[1.575s] -- Up-to-date: /home/chelse/ros2_ws/install/rob599_hw2_msgs/share/rob599_hw2_msgs/cmake/export_rob599_hw2_msgs__rosidl_generator_cExport-noconfig.cmake
[1.575s] -- Up-to-date: /home/chelse/ros2_ws/install/rob599_hw2_msgs/share/rob599_hw2_msgs/cmake/export_rob599_hw2_msgs__rosidl_typesupport_fastrtps_cExport.cmake
[1.575s] -- Up-to-date: /home/chelse/ros2_ws/install/rob599_hw2_msgs/share/rob599_hw2_msgs/cmake/export_rob599_hw2_msgs__rosidl_typesupport_fastrtps_cExport-noconfig.cmake
[1.576s] -- Up-to-date: /home/chelse/ros2_ws/install/rob599_hw2_msgs/share/rob599_hw2_msgs/cmake/rob599_hw2_msgs__rosidl_typesupport_introspection_cExport.cmake
[1.576s] -- Up-to-date: /home/chelse/ros2_ws/install/rob599_hw2_msgs/share/rob599_hw2_msgs/cmake/rob599_hw2_msgs__rosidl_typesupport_introspection_cExport-noconfig.cmake
[1.576s] -- Up-to-date: /home/chelse/ros2_ws/install/rob599_hw2_msgs/share/rob599_hw2_msgs/cmake/rob599_hw2_msgs__rosidl_typesupport_cExport.cmake
[1.577s] -- Up-to-date: /home/chelse/ros2_ws/install/rob599_hw2_msgs/share/rob599_hw2_msgs/cmake/rob599_hw2_msgs__rosidl_typesupport_cExport-noconfig.cmake
[1.577s] -- Up-to-date: /home/chelse/ros2_ws/install/rob599_hw2_msgs/share/rob599_hw2_msgs/cmake/export_rob599_hw2_msgs__rosidl_generator_cppExport.cmake
[1.577s] -- Up-to-date: /home/chelse/ros2_ws/install/rob599_hw2_msgs/share/rob599_hw2_msgs/cmake/export_rob599_hw2_msgs__rosidl_typesupport_fastrtps_cppExport.cmake
[1.578s] -- Up-to-date: /home/chelse/ros2_ws/install/rob599_hw2_msgs/share/rob599_hw2_msgs/cmake/export_rob599_hw2_msgs__rosidl_typesupport_fastrtps_cppExport-noconfig.cmake
[1.578s] -- Up-to-date: /home/chelse/ros2_ws/install/rob599_hw2_msgs/share/rob599_hw2_msgs/cmake/rob599_hw2_msgs__rosidl_typesupport_introspection_cppExport.cmake
[1.578s] -- Up-to-date: /home/chelse/ros2_ws/install/rob599_hw2_msgs/share/rob599_hw2_msgs/cmake/rob599_hw2_msgs__rosidl_typesupport_introspection_cppExport-noconfig.cmake
[1.579s] -- Up-to-date: /home/chelse/ros2_ws/install/rob599_hw2_msgs/share/rob599_hw2_msgs/cmake/rob599_hw2_msgs__rosidl_typesupport_cppExport.cmake
[1.581s] -- Up-to-date: /home/chelse/ros2_ws/install/rob599_hw2_msgs/share/rob599_hw2_msgs/cmake/rob599_hw2_msgs__rosidl_typesupport_cppExport-noconfig.cmake
[1.581s] -- Up-to-date: /home/chelse/ros2_ws/install/rob599_hw2_msgs/share/rob599_hw2_msgs/cmake/export_rob599_hw2_msgs__rosidl_generator_pyExport.cmake
[1.582s] -- Up-to-date: /home/chelse/ros2_ws/install/rob599_hw2_msgs/share/rob599_hw2_msgs/cmake/export_rob599_hw2_msgs__rosidl_generator_pyExport-noconfig.cmake
[1.582s] -- Up-to-date: /home/chelse/ros2_ws/install/rob599_hw2_msgs/share/rob599_hw2_msgs/cmake/rosidl_cmake-extras.cmake
[1.583s] -- Up-to-date: /home/chelse/ros2_ws/install/rob599_hw2_msgs/share/rob599_hw2_msgs/cmake/ament_cmake_export_dependencies-extras.cmake
[1.584s] -- Up-to-date: /home/chelse/ros2_ws/install/rob599_hw2_msgs/share/rob599_hw2_msgs/cmake/ament_cmake_export_include_directories-extras.cmake
[1.584s] -- Up-to-date: /home/chelse/ros2_ws/install/rob599_hw2_msgs/share/rob599_hw2_msgs/cmake/ament_cmake_export_libraries-extras.cmake
[1.585s] -- Up-to-date: /home/chelse/ros2_ws/install/rob599_hw2_msgs/share/rob599_hw2_msgs/cmake/ament_cmake_export_targets-extras.cmake
[1.586s] -- Up-to-date: /home/chelse/ros2_ws/install/rob599_hw2_msgs/share/rob599_hw2_msgs/cmake/rosidl_cmake_export_typesupport_targets-extras.cmake
[1.586s] -- Up-to-date: /home/chelse/ros2_ws/install/rob599_hw2_msgs/share/rob599_hw2_msgs/cmake/rosidl_cmake_export_typesupport_libraries-extras.cmake
[1.586s] -- Up-to-date: /home/chelse/ros2_ws/install/rob599_hw2_msgs/share/rob599_hw2_msgs/cmake/rob599_hw2_msgsConfig.cmake
[1.587s] -- Up-to-date: /home/chelse/ros2_ws/install/rob599_hw2_msgs/share/rob599_hw2_msgs/cmake/rob599_hw2_msgsConfig-version.cmake
[1.588s] -- Up-to-date: /home/chelse/ros2_ws/install/rob599_hw2_msgs/share/rob599_hw2_msgs/package.xml
[1.588s] Invoked command in '/home/chelse/ros2_ws/build/rob599_hw2_msgs' returned '0': CMAKE_PREFIX_PATH=${CMAKE_PREFIX_PATH}:/home/chelse/ros2_ws/install/rob599_hw3:/home/chelse/ros2_ws/install/rob599_hw2:/opt/ros/humble /usr/bin/cmake --install /home/chelse/ros2_ws/build/rob599_hw2_msgs
